info|2019-10-25 16:56:15.825907|[INITIALIZER][initGlobalConfig],enableCompress=true,compatibilityVersion=2.1.0,versionNumber=33619968,chainId=1
info|2019-10-25 16:56:16.000544|[NETWORK][Host]Connecting to node,endpoint=127.0.0.1:30300
info|2019-10-25 16:56:16.018773|[NETWORK][Host]Connecting to node,endpoint=127.0.0.1:30301
info|2019-10-25 16:56:16.018838|[NETWORK][Host]Connecting to node,endpoint=127.0.0.1:30302
info|2019-10-25 16:56:16.018873|[NETWORK][Host]Connecting to node,endpoint=127.0.0.1:30303
info|2019-10-25 16:56:16.018904|[P2P][Service] heartBeat,connected count=0
info|2019-10-25 16:56:16.019270|[NETWORK][Host]P2P StartAccept,Host=0.0.0.0:30300
info|2019-10-25 16:56:16.020211|[CHANNEL]ChannelRPCServer started
info|2019-10-25 16:56:16.020228|[INITIALIZER][RPCInitializer]ChannelRPCHttpServer started.
info|2019-10-25 16:56:16.020242|[LedgerInitializer],groupConfigPath=conf/
info|2019-10-25 16:56:16.020368|[INITIALIZER][initSingleLedger] [GroupId]:  1
info|2019-10-25 16:56:16.020421|[g:1][LEDGER]LedgerConstructor,configPath=conf/group.1.genesis,baseDir=data//group1
info|2019-10-25 16:56:16.020429|[g:1][LEDGER][initGenesisConfig]initConsensusConfig/initDBConfig/initTxConfig,configFile=conf/group.1.genesis
info|2019-10-25 16:56:16.020662|[g:1][LEDGER][initConsensusConfig],it.first=6ca4e4357f23c00305438a231da700dcbe1a73f0153100973f897df746d8c1a215b9abd1167614a8cb5f88b7e9d4c3ed8fa9c08b4e72983d5704f052e0f07171
info|2019-10-25 16:56:16.020681|[g:1][LEDGER][initConsensusConfig],it.first=ce7667d22f36b9bc46dab2299a164ede5fc6a3de01a73c3b1807a90cf3c9e84690d252027d83fd4f273a8a633de0cdd72107110583e60cfc86ca72d2540893c2
info|2019-10-25 16:56:16.020693|[g:1][LEDGER][initConsensusConfig],it.first=b32aa73000f5e5a6559141802600f32092eadd9aed3437f6a786a2aee8189c58ccc527068d6c26d96c36208dcaa98d513791c045394ed2da0a3d41a156d19b5f
info|2019-10-25 16:56:16.020706|[g:1][LEDGER][initConsensusConfig],it.first=65ad87829ed327829d55d9a8c98ac955418c90bb5ea732ccddfd9a3f2d56c17d70ea59e799fd4330aac747b3aa9c52f66747f67f399dcb68bc2ed4f20d8832fd
info|2019-10-25 16:56:16.020762|[g:1][LEDGER][initIniConfig]initTxPoolConfig/initSyncConfig/initTxExecuteConfig,configFile=conf/group.1.ini
info|2019-10-25 16:56:16.020953|[g:1][LEDGER][initLedger][DBInitializer]
info|2019-10-25 16:56:16.020962|[g:1][DBINITIALIZER] [initRocksDBStorage]
info|2019-10-25 16:56:16.021076|[NETWORK][ASIO]asyncResolveConnect,endpoint=127.0.0.1:30300
info|2019-10-25 16:56:16.021150|[NETWORK][ASIO]asyncResolveConnect,endpoint=127.0.0.1:30301
info|2019-10-25 16:56:16.021183|[NETWORK][ASIO]asyncResolveConnect,endpoint=127.0.0.1:30302
info|2019-10-25 16:56:16.021217|[NETWORK][ASIO]asyncResolveConnect,endpoint=127.0.0.1:30303
info|2019-10-25 16:56:16.021405|[NETWORK][Host]P2P Recv Connect, From=127.0.0.1:56908
info|2019-10-25 16:56:16.021603|[g:1][ROCKSDB]open rocksDB handler
info|2019-10-25 16:56:16.021708|[NETWORK][Host]P2P StartAccept,Host=0.0.0.0:30300
warning|2019-10-25 16:56:16.021764|[NETWORK][Host]TCP Connection refused by node,endpoint=127.0.0.1:30301,message=拒绝连接
warning|2019-10-25 16:56:16.021807|[P2P][Service] onConnect,errorCode=5,what=Connect failed
warning|2019-10-25 16:56:16.021829|[NETWORK][Host]TCP Connection refused by node,endpoint=127.0.0.1:30302,message=拒绝连接
warning|2019-10-25 16:56:16.021859|[P2P][Service] onConnect,errorCode=5,what=Connect failed
warning|2019-10-25 16:56:16.021879|[NETWORK][Host]TCP Connection refused by node,endpoint=127.0.0.1:30303,message=拒绝连接
warning|2019-10-25 16:56:16.021908|[P2P][Service] onConnect,errorCode=5,what=Connect failed
info|2019-10-25 16:56:16.064235|[NETWORK][Host]startPeerSession, From=127.0.0.1:56908,nodeID=6ca4e435...
info|2019-10-25 16:56:16.064442|[NETWORK][Host]startPeerSession, From=127.0.0.1:30300,nodeID=6ca4e435...
info|2019-10-25 16:56:16.066319|[g:1][g:0][STORAGE][CachedStorage]Init flushStorage thread
info|2019-10-25 16:56:16.069778|[g:1][BLOCKCHAIN][#checkAndBuildGenesisBlock]Already have the 0th block, 0th groupMark is equal to file groupMark.
info|2019-10-25 16:56:16.071202|[g:1][CONSENSUS][PBFT]Register handler for PBFTEngine
info|2019-10-25 16:56:16.085969|[g:1][CONSENSUS][PBFT],minBlockGenerationTime=500
info|2019-10-25 16:56:16.086001|[LedgerInitializer init group succ],groupID=1
info|2019-10-25 16:56:16.086220|[INITIALIZER][RPCInitializer]JsonrpcHttpServer started.
info|2019-10-25 16:56:16.086229|[g:1][LEDGER]startAll...
info|2019-10-25 16:56:16.091339|[g:1][CONSENSUS][PBFT]^^^^^^^^Report,num=4,sealerIdx=1,hash=28ab0f72...,next=5,tx=1,nodeIdx=1
info|2019-10-25 16:56:16.092295|[NETWORK][Host]P2P Recv Connect, From=127.0.0.1:56916
info|2019-10-25 16:56:16.092335|[NETWORK][Host]P2P StartAccept,Host=0.0.0.0:30300
info|2019-10-25 16:56:16.121019|[P2P][Service] Connection established,nodeID=ce7667d2...,endpoint=127.0.0.1:56916
info|2019-10-25 16:56:16.121037|[NETWORK][Host]startPeerSession, From=127.0.0.1:56916,nodeID=ce7667d2...
info|2019-10-25 16:56:16.121742|[NETWORK][Host]P2P Recv Connect, From=127.0.0.1:56924
info|2019-10-25 16:56:16.121767|[NETWORK][Host]P2P StartAccept,Host=0.0.0.0:30300
info|2019-10-25 16:56:16.166647|[g:1][CONSENSUS][PBFT][PBFT init env successfully]
info|2019-10-25 16:56:16.166667|[g:1][CONSENSUS][ConsensusEngine][Start ConsensusEngineBase]
info|2019-10-25 16:56:16.170739|[g:1][CONSENSUS][PBFT][Start PBFTEngine...]
info|2019-10-25 16:56:16.170781|[g:1][CONSENSUS][SEALER][Start sealer module]
info|2019-10-25 16:56:16.173669|[g:1][EVENT][EventLogFilterManager]start,m_maxBlockRange=0,m_maxBlockPerLoopFilter=3
info|2019-10-25 16:56:16.224123|[P2P][Service] Connection established,nodeID=b32aa730...,endpoint=127.0.0.1:56924
info|2019-10-25 16:56:16.224675|[NETWORK][Host]startPeerSession, From=127.0.0.1:56924,nodeID=b32aa730...
info|2019-10-25 16:56:16.263673|[NETWORK][Host]P2P Recv Connect, From=127.0.0.1:56932
info|2019-10-25 16:56:16.263736|[NETWORK][Host]P2P StartAccept,Host=0.0.0.0:30300
info|2019-10-25 16:56:16.279160|[P2P][Service] Connection established,nodeID=65ad8782...,endpoint=127.0.0.1:56932
info|2019-10-25 16:56:16.279208|[NETWORK][Host]startPeerSession, From=127.0.0.1:56932,nodeID=65ad8782...
warning|2019-10-25 16:56:16.343166|[SYNC][id:6ca4e435...][Status]Peer data not found,nodeId=65ad8782...
info|2019-10-25 16:56:17.350013|[g:1][CONSENSUS]addRawPrepare,height=5,reqIdx=0,hash=51983633...
info|2019-10-25 16:56:17.350382|[g:1][CONSENSUS][PBFT]checkTimeout Succ,view=0,toView=1,nodeIdx=1,changeCycle=0,myNode=6ca4e435...,timecost=0.247
info|2019-10-25 16:56:17.358189|[g:1][CONSENSUS][PBFT]checkAndChangeView: Reach consensus,org_view=0,org_changeCycle=0,cur_changeCycle=0,to_view=1
info|2019-10-25 16:56:18.358987|[g:1][CONSENSUS][SEALER]++++++++++++++++ Generating seal on,blkNum=5,tx=0,nodeIdx=1,hash=3d4e4b02...
info|2019-10-25 16:56:18.368471|[g:1][CONSENSUS][PBFT]checkTimeout Succ,view=1,toView=2,nodeIdx=1,changeCycle=0,myNode=6ca4e435...,timecost=0.42
info|2019-10-25 16:56:18.374092|[g:1][CONSENSUS][PBFT]checkAndChangeView: Reach consensus,org_view=1,org_changeCycle=0,cur_changeCycle=0,to_view=2
info|2019-10-25 16:56:19.367444|[g:1][CONSENSUS]addRawPrepare,height=5,reqIdx=2,hash=12197bf4...
info|2019-10-25 16:56:19.367711|[g:1][CONSENSUS][PBFT]checkTimeout Succ,view=2,toView=3,nodeIdx=1,changeCycle=0,myNode=6ca4e435...,timecost=0.24
info|2019-10-25 16:56:19.370011|[g:1][CONSENSUS][PBFT]checkAndChangeView: Reach consensus,org_view=2,org_changeCycle=0,cur_changeCycle=0,to_view=3
info|2019-10-25 16:56:20.374571|[g:1][CONSENSUS]addRawPrepare,height=5,reqIdx=3,hash=80c10a44...
info|2019-10-25 16:56:20.377583|[g:1][CONSENSUS][PBFT]checkTimeout Succ,view=3,toView=4,nodeIdx=1,changeCycle=0,myNode=6ca4e435...,timecost=0.305
info|2019-10-25 16:56:20.378514|[g:1][CONSENSUS][PBFT]checkAndChangeView: Reach consensus,org_view=3,org_changeCycle=0,cur_changeCycle=0,to_view=4
info|2019-10-25 16:56:21.384777|[g:1][CONSENSUS]addRawPrepare,height=5,reqIdx=0,hash=d7f5c17c...
info|2019-10-25 16:56:21.385081|[g:1][CONSENSUS][PBFT]checkTimeout Succ,view=4,toView=5,nodeIdx=1,changeCycle=0,myNode=6ca4e435...,timecost=0.273
info|2019-10-25 16:56:21.387642|[g:1][CONSENSUS][PBFT]checkAndChangeView: Reach consensus,org_view=4,org_changeCycle=0,cur_changeCycle=0,to_view=5
info|2019-10-25 16:56:22.389198|[g:1][CONSENSUS][SEALER]++++++++++++++++ Generating seal on,blkNum=5,tx=0,nodeIdx=1,hash=7e4f193c...
info|2019-10-25 16:56:22.397349|[g:1][CONSENSUS][PBFT]checkTimeout Succ,view=5,toView=6,nodeIdx=1,changeCycle=0,myNode=6ca4e435...,timecost=0.281
info|2019-10-25 16:56:22.398572|[g:1][CONSENSUS][PBFT]checkAndChangeView: Reach consensus,org_view=5,org_changeCycle=0,cur_changeCycle=0,to_view=6
info|2019-10-25 16:56:23.400081|[g:1][CONSENSUS]addRawPrepare,height=5,reqIdx=2,hash=29991336...
info|2019-10-25 16:56:23.400548|[g:1][CONSENSUS][PBFT]checkTimeout Succ,view=6,toView=7,nodeIdx=1,changeCycle=0,myNode=6ca4e435...,timecost=0.418
info|2019-10-25 16:56:23.404271|[g:1][CONSENSUS][PBFT]checkAndChangeView: Reach consensus,org_view=6,org_changeCycle=0,cur_changeCycle=0,to_view=7
info|2019-10-25 16:56:24.410240|[g:1][CONSENSUS]addRawPrepare,height=5,reqIdx=3,hash=4f86e6a3...
info|2019-10-25 16:56:24.410540|[g:1][CONSENSUS][PBFT]checkTimeout Succ,view=7,toView=8,nodeIdx=1,changeCycle=0,myNode=6ca4e435...,timecost=0.267
info|2019-10-25 16:56:24.411180|[g:1][CONSENSUS][PBFT]checkAndChangeView: Reach consensus,org_view=7,org_changeCycle=0,cur_changeCycle=0,to_view=8
info|2019-10-25 16:56:25.419469|[g:1][CONSENSUS]addRawPrepare,height=5,reqIdx=0,hash=0eb67bfc...
info|2019-10-25 16:56:25.422069|[g:1][CONSENSUS][PBFT]checkTimeout Succ,view=8,toView=9,nodeIdx=1,changeCycle=0,myNode=6ca4e435...,timecost=2.538
info|2019-10-25 16:56:25.426565|[g:1][CONSENSUS][PBFT]checkAndChangeView: Reach consensus,org_view=8,org_changeCycle=0,cur_changeCycle=0,to_view=9
info|2019-10-25 16:56:26.018963|[NETWORK][Host]Connecting to node,endpoint=127.0.0.1:30301
info|2019-10-25 16:56:26.019010|[NETWORK][Host]Connecting to node,endpoint=127.0.0.1:30302
info|2019-10-25 16:56:26.019113|[NETWORK][Host]Connecting to node,endpoint=127.0.0.1:30303
info|2019-10-25 16:56:26.019173|[P2P][Service] heartBeat,connected count=3
info|2019-10-25 16:56:26.019299|[NETWORK][ASIO]asyncResolveConnect,endpoint=127.0.0.1:30301
info|2019-10-25 16:56:26.019337|[NETWORK][ASIO]asyncResolveConnect,endpoint=127.0.0.1:30302
info|2019-10-25 16:56:26.019365|[NETWORK][ASIO]asyncResolveConnect,endpoint=127.0.0.1:30303
info|2019-10-25 16:56:26.046129|[NETWORK][Host]startPeerSession, From=127.0.0.1:30301,nodeID=ce7667d2...
info|2019-10-25 16:56:26.046335|[NETWORK][Host]startPeerSession, From=127.0.0.1:30302,nodeID=b32aa730...
info|2019-10-25 16:56:26.046514|[NETWORK][Host]startPeerSession, From=127.0.0.1:30303,nodeID=65ad8782...
info|2019-10-25 16:56:26.430322|[g:1][CONSENSUS][SEALER]++++++++++++++++ Generating seal on,blkNum=5,tx=0,nodeIdx=1,hash=3462059f...
info|2019-10-25 16:56:26.444164|[g:1][CONSENSUS][PBFT]checkTimeout Succ,view=9,toView=10,nodeIdx=1,changeCycle=0,myNode=6ca4e435...,timecost=0.231
info|2019-10-25 16:56:26.445077|[g:1][CONSENSUS][PBFT]checkAndChangeView: Reach consensus,org_view=9,org_changeCycle=0,cur_changeCycle=0,to_view=10
info|2019-10-25 16:56:27.442140|[g:1][CONSENSUS]addRawPrepare,height=5,reqIdx=2,hash=fea601f6...
info|2019-10-25 16:56:27.442450|[g:1][CONSENSUS][PBFT]checkTimeout Succ,view=10,toView=11,nodeIdx=1,changeCycle=0,myNode=6ca4e435...,timecost=0.292
info|2019-10-25 16:56:27.444762|[g:1][CONSENSUS][PBFT]checkAndChangeView: Reach consensus,org_view=10,org_changeCycle=0,cur_changeCycle=0,to_view=11
info|2019-10-25 16:56:28.457548|[g:1][CONSENSUS]addRawPrepare,height=5,reqIdx=3,hash=b30ce4fa...
info|2019-10-25 16:56:28.457881|[g:1][CONSENSUS][PBFT]checkTimeout Succ,view=11,toView=12,nodeIdx=1,changeCycle=0,myNode=6ca4e435...,timecost=0.291
info|2019-10-25 16:56:28.460326|[g:1][CONSENSUS][PBFT]checkAndChangeView: Reach consensus,org_view=11,org_changeCycle=0,cur_changeCycle=0,to_view=12
info|2019-10-25 16:56:29.466112|[g:1][CONSENSUS]addRawPrepare,height=5,reqIdx=0,hash=c232598e...
info|2019-10-25 16:56:29.471501|[g:1][CONSENSUS][PBFT]checkTimeout Succ,view=12,toView=13,nodeIdx=1,changeCycle=0,myNode=6ca4e435...,timecost=4.038
info|2019-10-25 16:56:29.487996|[g:1][CONSENSUS][PBFT]checkAndChangeView: Reach consensus,org_view=12,org_changeCycle=0,cur_changeCycle=0,to_view=13
info|2019-10-25 16:56:30.491332|[g:1][CONSENSUS][SEALER]++++++++++++++++ Generating seal on,blkNum=5,tx=0,nodeIdx=1,hash=8f8360df...
info|2019-10-25 16:56:30.504892|[g:1][CONSENSUS][PBFT]checkTimeout Succ,view=13,toView=14,nodeIdx=1,changeCycle=0,myNode=6ca4e435...,timecost=0.283
info|2019-10-25 16:56:30.506557|[g:1][CONSENSUS][PBFT]checkAndChangeView: Reach consensus,org_view=13,org_changeCycle=0,cur_changeCycle=0,to_view=14
info|2019-10-25 16:56:31.513988|[g:1][CONSENSUS]addRawPrepare,height=5,reqIdx=2,hash=cdc4f716...
info|2019-10-25 16:56:31.514224|[g:1][CONSENSUS][PBFT]checkTimeout Succ,view=14,toView=15,nodeIdx=1,changeCycle=0,myNode=6ca4e435...,timecost=0.21
info|2019-10-25 16:56:31.515621|[g:1][CONSENSUS][PBFT]checkAndChangeView: Reach consensus,org_view=14,org_changeCycle=0,cur_changeCycle=0,to_view=15
info|2019-10-25 16:56:32.520025|[g:1][CONSENSUS]addRawPrepare,height=5,reqIdx=3,hash=0791d519...
info|2019-10-25 16:56:32.520310|[g:1][CONSENSUS][PBFT]checkTimeout Succ,view=15,toView=16,nodeIdx=1,changeCycle=0,myNode=6ca4e435...,timecost=0.257
info|2019-10-25 16:56:32.522106|[g:1][CONSENSUS][PBFT]checkAndChangeView: Reach consensus,org_view=15,org_changeCycle=0,cur_changeCycle=0,to_view=16
info|2019-10-25 16:56:33.528109|[g:1][CONSENSUS]addRawPrepare,height=5,reqIdx=0,hash=ccf6ce7a...
info|2019-10-25 16:56:33.528500|[g:1][CONSENSUS][PBFT]checkTimeout Succ,view=16,toView=17,nodeIdx=1,changeCycle=0,myNode=6ca4e435...,timecost=0.353
info|2019-10-25 16:56:33.530967|[g:1][CONSENSUS][PBFT]checkAndChangeView: Reach consensus,org_view=16,org_changeCycle=0,cur_changeCycle=0,to_view=17
info|2019-10-25 16:56:34.531744|[g:1][CONSENSUS][SEALER]++++++++++++++++ Generating seal on,blkNum=5,tx=0,nodeIdx=1,hash=fdca25e6...
info|2019-10-25 16:56:34.539237|[g:1][CONSENSUS][PBFT]checkTimeout Succ,view=17,toView=18,nodeIdx=1,changeCycle=0,myNode=6ca4e435...,timecost=0.251
info|2019-10-25 16:56:34.540459|[g:1][CONSENSUS][PBFT]checkAndChangeView: Reach consensus,org_view=17,org_changeCycle=0,cur_changeCycle=0,to_view=18
info|2019-10-25 16:56:35.538357|[g:1][CONSENSUS]addRawPrepare,height=5,reqIdx=2,hash=11a3b730...
info|2019-10-25 16:56:35.538658|[g:1][CONSENSUS][PBFT]checkTimeout Succ,view=18,toView=19,nodeIdx=1,changeCycle=0,myNode=6ca4e435...,timecost=0.272
info|2019-10-25 16:56:35.542388|[g:1][CONSENSUS][PBFT]checkAndChangeView: Reach consensus,org_view=18,org_changeCycle=0,cur_changeCycle=0,to_view=19
info|2019-10-25 16:56:36.019227|[P2P][Service] heartBeat,connected count=3
info|2019-10-25 16:56:36.544950|[g:1][CONSENSUS]addRawPrepare,height=5,reqIdx=3,hash=3f00898c...
info|2019-10-25 16:56:36.545230|[g:1][CONSENSUS][PBFT]checkTimeout Succ,view=19,toView=20,nodeIdx=1,changeCycle=0,myNode=6ca4e435...,timecost=0.221
info|2019-10-25 16:56:36.557647|[g:1][CONSENSUS][PBFT]checkAndChangeView: Reach consensus,org_view=19,org_changeCycle=0,cur_changeCycle=0,to_view=20
info|2019-10-25 16:56:37.561676|[g:1][CONSENSUS]addRawPrepare,height=5,reqIdx=0,hash=aa7abfd9...
info|2019-10-25 16:56:37.561942|[g:1][CONSENSUS][PBFT]checkTimeout Succ,view=20,toView=21,nodeIdx=1,changeCycle=0,myNode=6ca4e435...,timecost=0.235
info|2019-10-25 16:56:37.564927|[g:1][CONSENSUS][PBFT]checkAndChangeView: Reach consensus,org_view=20,org_changeCycle=0,cur_changeCycle=0,to_view=21
info|2019-10-25 16:56:38.565747|[g:1][CONSENSUS][SEALER]++++++++++++++++ Generating seal on,blkNum=5,tx=0,nodeIdx=1,hash=dfbbbc58...
info|2019-10-25 16:56:38.580099|[g:1][CONSENSUS][PBFT]checkTimeout Succ,view=21,toView=22,nodeIdx=1,changeCycle=0,myNode=6ca4e435...,timecost=0.648
info|2019-10-25 16:56:38.583206|[g:1][CONSENSUS][PBFT]checkAndChangeView: Reach consensus,org_view=21,org_changeCycle=0,cur_changeCycle=0,to_view=22
info|2019-10-25 16:56:39.579729|[g:1][CONSENSUS]addRawPrepare,height=5,reqIdx=2,hash=9cc535f3...
info|2019-10-25 16:56:39.580109|[g:1][CONSENSUS][PBFT]checkTimeout Succ,view=22,toView=23,nodeIdx=1,changeCycle=0,myNode=6ca4e435...,timecost=0.34
info|2019-10-25 16:56:39.584630|[g:1][CONSENSUS][PBFT]checkAndChangeView: Reach consensus,org_view=22,org_changeCycle=0,cur_changeCycle=0,to_view=23
info|2019-10-25 16:56:40.588030|[g:1][CONSENSUS]addRawPrepare,height=5,reqIdx=3,hash=5616d196...
info|2019-10-25 16:56:40.588236|[g:1][CONSENSUS][PBFT]checkTimeout Succ,view=23,toView=24,nodeIdx=1,changeCycle=0,myNode=6ca4e435...,timecost=0.184
info|2019-10-25 16:56:40.596891|[g:1][CONSENSUS][PBFT]checkAndChangeView: Reach consensus,org_view=23,org_changeCycle=0,cur_changeCycle=0,to_view=24
info|2019-10-25 16:56:41.603926|[g:1][CONSENSUS]addRawPrepare,height=5,reqIdx=0,hash=29f6dd96...
info|2019-10-25 16:56:41.605835|[g:1][CONSENSUS][PBFT]checkTimeout Succ,view=24,toView=25,nodeIdx=1,changeCycle=0,myNode=6ca4e435...,timecost=1.046
info|2019-10-25 16:56:41.606478|[g:1][CONSENSUS][PBFT]checkAndChangeView: Reach consensus,org_view=24,org_changeCycle=0,cur_changeCycle=0,to_view=25
info|2019-10-25 16:56:42.608131|[g:1][CONSENSUS][SEALER]++++++++++++++++ Generating seal on,blkNum=5,tx=0,nodeIdx=1,hash=4b18625d...
info|2019-10-25 16:56:42.618903|[g:1][CONSENSUS][PBFT]checkTimeout Succ,view=25,toView=26,nodeIdx=1,changeCycle=0,myNode=6ca4e435...,timecost=0.19
info|2019-10-25 16:56:42.619800|[g:1][CONSENSUS][PBFT]checkAndChangeView: Reach consensus,org_view=25,org_changeCycle=0,cur_changeCycle=0,to_view=26
info|2019-10-25 16:56:43.619641|[g:1][CONSENSUS]addRawPrepare,height=5,reqIdx=2,hash=a415fb5a...
info|2019-10-25 16:56:43.619883|[g:1][CONSENSUS][PBFT]checkTimeout Succ,view=26,toView=27,nodeIdx=1,changeCycle=0,myNode=6ca4e435...,timecost=0.221
info|2019-10-25 16:56:43.622061|[g:1][CONSENSUS][PBFT]checkAndChangeView: Reach consensus,org_view=26,org_changeCycle=0,cur_changeCycle=0,to_view=27
info|2019-10-25 16:56:44.624265|[g:1][CONSENSUS]addRawPrepare,height=5,reqIdx=3,hash=7da75e24...
info|2019-10-25 16:56:44.624595|[g:1][CONSENSUS][PBFT]checkTimeout Succ,view=27,toView=28,nodeIdx=1,changeCycle=0,myNode=6ca4e435...,timecost=0.299
info|2019-10-25 16:56:44.627351|[g:1][CONSENSUS][PBFT]checkAndChangeView: Reach consensus,org_view=27,org_changeCycle=0,cur_changeCycle=0,to_view=28
info|2019-10-25 16:56:45.632127|[g:1][CONSENSUS]addRawPrepare,height=5,reqIdx=0,hash=1793fb71...
info|2019-10-25 16:56:45.635508|[g:1][CONSENSUS][PBFT]checkTimeout Succ,view=28,toView=29,nodeIdx=1,changeCycle=0,myNode=6ca4e435...,timecost=3.281
info|2019-10-25 16:56:45.638522|[g:1][CONSENSUS][PBFT]checkAndChangeView: Reach consensus,org_view=28,org_changeCycle=0,cur_changeCycle=0,to_view=29
info|2019-10-25 16:56:46.019770|[P2P][Service] heartBeat,connected count=3
info|2019-10-25 16:56:46.640559|[g:1][CONSENSUS][SEALER]++++++++++++++++ Generating seal on,blkNum=5,tx=0,nodeIdx=1,hash=d4186ec8...
info|2019-10-25 16:56:46.648926|[g:1][CONSENSUS][PBFT]checkTimeout Succ,view=29,toView=30,nodeIdx=1,changeCycle=0,myNode=6ca4e435...,timecost=0.292
info|2019-10-25 16:56:46.651134|[g:1][CONSENSUS][PBFT]checkAndChangeView: Reach consensus,org_view=29,org_changeCycle=0,cur_changeCycle=0,to_view=30
info|2019-10-25 16:56:47.649273|[g:1][CONSENSUS]addRawPrepare,height=5,reqIdx=2,hash=2277d58d...
info|2019-10-25 16:56:47.649511|[g:1][CONSENSUS][PBFT]checkTimeout Succ,view=30,toView=31,nodeIdx=1,changeCycle=0,myNode=6ca4e435...,timecost=0.212
info|2019-10-25 16:56:47.652589|[g:1][CONSENSUS][PBFT]checkAndChangeView: Reach consensus,org_view=30,org_changeCycle=0,cur_changeCycle=0,to_view=31
info|2019-10-25 16:56:48.658606|[g:1][CONSENSUS]addRawPrepare,height=5,reqIdx=3,hash=02a5c6dc...
info|2019-10-25 16:56:48.658940|[g:1][CONSENSUS][PBFT]checkTimeout Succ,view=31,toView=32,nodeIdx=1,changeCycle=0,myNode=6ca4e435...,timecost=0.3
info|2019-10-25 16:56:48.661440|[g:1][CONSENSUS][PBFT]checkAndChangeView: Reach consensus,org_view=31,org_changeCycle=0,cur_changeCycle=0,to_view=32
info|2019-10-25 16:56:49.666251|[g:1][CONSENSUS]addRawPrepare,height=5,reqIdx=0,hash=690a8ba7...
info|2019-10-25 16:56:49.666466|[g:1][CONSENSUS][PBFT]checkTimeout Succ,view=32,toView=33,nodeIdx=1,changeCycle=0,myNode=6ca4e435...,timecost=0.193
info|2019-10-25 16:56:49.673181|[g:1][CONSENSUS][PBFT]checkAndChangeView: Reach consensus,org_view=32,org_changeCycle=0,cur_changeCycle=0,to_view=33
info|2019-10-25 16:56:50.673418|[g:1][CONSENSUS][SEALER]++++++++++++++++ Generating seal on,blkNum=5,tx=0,nodeIdx=1,hash=d9c6c285...
info|2019-10-25 16:56:50.680407|[g:1][CONSENSUS][PBFT]checkTimeout Succ,view=33,toView=34,nodeIdx=1,changeCycle=0,myNode=6ca4e435...,timecost=0.191
info|2019-10-25 16:56:50.681295|[g:1][CONSENSUS][PBFT]checkAndChangeView: Reach consensus,org_view=33,org_changeCycle=0,cur_changeCycle=0,to_view=34
info|2019-10-25 16:56:51.681850|[g:1][CONSENSUS]addRawPrepare,height=5,reqIdx=2,hash=f0e9b71f...
info|2019-10-25 16:56:51.682199|[g:1][CONSENSUS][PBFT]checkTimeout Succ,view=34,toView=35,nodeIdx=1,changeCycle=0,myNode=6ca4e435...,timecost=0.264
info|2019-10-25 16:56:51.687927|[g:1][CONSENSUS][PBFT]checkAndChangeView: Reach consensus,org_view=34,org_changeCycle=0,cur_changeCycle=0,to_view=35
info|2019-10-25 16:56:52.691011|[g:1][CONSENSUS]addRawPrepare,height=5,reqIdx=3,hash=e9f9f101...
info|2019-10-25 16:56:52.691250|[g:1][CONSENSUS][PBFT]checkTimeout Succ,view=35,toView=36,nodeIdx=1,changeCycle=0,myNode=6ca4e435...,timecost=0.179
info|2019-10-25 16:56:52.695088|[g:1][CONSENSUS][PBFT]checkAndChangeView: Reach consensus,org_view=35,org_changeCycle=0,cur_changeCycle=0,to_view=36
info|2019-10-25 16:56:53.700031|[g:1][CONSENSUS]addRawPrepare,height=5,reqIdx=0,hash=54e3e4fd...
info|2019-10-25 16:56:53.700283|[g:1][CONSENSUS][PBFT]checkTimeout Succ,view=36,toView=37,nodeIdx=1,changeCycle=0,myNode=6ca4e435...,timecost=0.185
info|2019-10-25 16:56:53.704029|[g:1][CONSENSUS][PBFT]checkAndChangeView: Reach consensus,org_view=36,org_changeCycle=0,cur_changeCycle=0,to_view=37
info|2019-10-25 16:56:54.705768|[g:1][CONSENSUS][SEALER]++++++++++++++++ Generating seal on,blkNum=5,tx=0,nodeIdx=1,hash=00ddfdfe...
info|2019-10-25 16:56:54.709181|[g:1][CONSENSUS][PBFT]checkTimeout Succ,view=37,toView=38,nodeIdx=1,changeCycle=0,myNode=6ca4e435...,timecost=0.272
info|2019-10-25 16:56:54.709612|[g:1][CONSENSUS][PBFT]checkAndChangeView: Reach consensus,org_view=37,org_changeCycle=0,cur_changeCycle=0,to_view=38
info|2019-10-25 16:56:55.719100|[g:1][CONSENSUS]addRawPrepare,height=5,reqIdx=2,hash=0e9c4de3...
info|2019-10-25 16:56:55.719308|[g:1][CONSENSUS][PBFT]checkTimeout Succ,view=38,toView=39,nodeIdx=1,changeCycle=0,myNode=6ca4e435...,timecost=0.186
info|2019-10-25 16:56:55.720752|[g:1][CONSENSUS][PBFT]checkAndChangeView: Reach consensus,org_view=38,org_changeCycle=0,cur_changeCycle=0,to_view=39
info|2019-10-25 16:56:56.019899|[P2P][Service] heartBeat,connected count=3
info|2019-10-25 16:56:56.729510|[g:1][CONSENSUS]addRawPrepare,height=5,reqIdx=3,hash=e598c0f2...
info|2019-10-25 16:56:56.729819|[g:1][CONSENSUS][PBFT]checkTimeout Succ,view=39,toView=40,nodeIdx=1,changeCycle=0,myNode=6ca4e435...,timecost=0.25
info|2019-10-25 16:56:56.738586|[g:1][CONSENSUS][PBFT]checkAndChangeView: Reach consensus,org_view=39,org_changeCycle=0,cur_changeCycle=0,to_view=40
info|2019-10-25 16:56:56.955972|[CHANNEL]channel new connect, host=127.0.0.1:44232
info|2019-10-25 16:56:56.956021|[CHANNEL]start receive
info|2019-10-25 16:56:56.963612|[RPC][getClientVersion]request
info|2019-10-25 16:56:57.024175|[CHANNEL]onClientHandshake,ProtocolVersion=2,clientType=java-sdk,endpoint=127.0.0.144232
info|2019-10-25 16:56:57.169361|[RPC][getClientVersion]request
info|2019-10-25 16:56:57.741932|[g:1][CONSENSUS]addRawPrepare,height=5,reqIdx=0,hash=65a88ac3...
info|2019-10-25 16:56:57.742202|[g:1][CONSENSUS][PBFT]checkTimeout Succ,view=40,toView=41,nodeIdx=1,changeCycle=0,myNode=6ca4e435...,timecost=0.205
info|2019-10-25 16:56:57.745269|[g:1][CONSENSUS][PBFT]checkAndChangeView: Reach consensus,org_view=40,org_changeCycle=0,cur_changeCycle=0,to_view=41
info|2019-10-25 16:56:58.746133|[g:1][CONSENSUS][SEALER]++++++++++++++++ Generating seal on,blkNum=5,tx=0,nodeIdx=1,hash=924f945c...
info|2019-10-25 16:56:58.752575|[g:1][CONSENSUS][PBFT]checkTimeout Succ,view=41,toView=42,nodeIdx=1,changeCycle=0,myNode=6ca4e435...,timecost=0.189
info|2019-10-25 16:56:58.753460|[g:1][CONSENSUS][PBFT]checkAndChangeView: Reach consensus,org_view=41,org_changeCycle=0,cur_changeCycle=0,to_view=42
info|2019-10-25 16:56:59.752970|[g:1][CONSENSUS]addRawPrepare,height=5,reqIdx=2,hash=3d65f205...
info|2019-10-25 16:56:59.753197|[g:1][CONSENSUS][PBFT]checkTimeout Succ,view=42,toView=43,nodeIdx=1,changeCycle=0,myNode=6ca4e435...,timecost=0.208
info|2019-10-25 16:56:59.756397|[g:1][CONSENSUS][PBFT]checkAndChangeView: Reach consensus,org_view=42,org_changeCycle=0,cur_changeCycle=0,to_view=43
info|2019-10-25 16:57:00.757251|[g:1][CONSENSUS]addRawPrepare,height=5,reqIdx=3,hash=238095c1...
info|2019-10-25 16:57:00.757593|[g:1][CONSENSUS][PBFT]checkTimeout Succ,view=43,toView=44,nodeIdx=1,changeCycle=0,myNode=6ca4e435...,timecost=0.272
info|2019-10-25 16:57:00.761527|[g:1][CONSENSUS][PBFT]checkAndChangeView: Reach consensus,org_view=43,org_changeCycle=0,cur_changeCycle=0,to_view=44
info|2019-10-25 16:57:01.764107|[g:1][CONSENSUS]addRawPrepare,height=5,reqIdx=0,hash=bd7da2ee...
info|2019-10-25 16:57:01.764375|[g:1][CONSENSUS][PBFT]checkTimeout Succ,view=44,toView=45,nodeIdx=1,changeCycle=0,myNode=6ca4e435...,timecost=0.239
info|2019-10-25 16:57:01.767131|[g:1][CONSENSUS][PBFT]checkAndChangeView: Reach consensus,org_view=44,org_changeCycle=0,cur_changeCycle=0,to_view=45
info|2019-10-25 16:57:02.768435|[g:1][CONSENSUS][SEALER]++++++++++++++++ Generating seal on,blkNum=5,tx=0,nodeIdx=1,hash=5f6c9ee6...
info|2019-10-25 16:57:02.777345|[g:1][CONSENSUS][PBFT]checkTimeout Succ,view=45,toView=46,nodeIdx=1,changeCycle=0,myNode=6ca4e435...,timecost=0.293
info|2019-10-25 16:57:02.778641|[g:1][CONSENSUS][PBFT]checkAndChangeView: Reach consensus,org_view=45,org_changeCycle=0,cur_changeCycle=0,to_view=46
info|2019-10-25 16:57:03.780009|[g:1][CONSENSUS]addRawPrepare,height=5,reqIdx=2,hash=6456bb44...
info|2019-10-25 16:57:03.780272|[g:1][CONSENSUS][PBFT]checkTimeout Succ,view=46,toView=47,nodeIdx=1,changeCycle=0,myNode=6ca4e435...,timecost=0.236
info|2019-10-25 16:57:03.781535|[g:1][CONSENSUS][PBFT]checkAndChangeView: Reach consensus,org_view=46,org_changeCycle=0,cur_changeCycle=0,to_view=47
info|2019-10-25 16:57:04.785506|[g:1][CONSENSUS]addRawPrepare,height=5,reqIdx=3,hash=1da3844b...
info|2019-10-25 16:57:04.785727|[g:1][CONSENSUS][PBFT]checkTimeout Succ,view=47,toView=48,nodeIdx=1,changeCycle=0,myNode=6ca4e435...,timecost=0.199
info|2019-10-25 16:57:04.787758|[g:1][CONSENSUS][PBFT]checkAndChangeView: Reach consensus,org_view=47,org_changeCycle=0,cur_changeCycle=0,to_view=48
info|2019-10-25 16:57:05.811097|[g:1][CONSENSUS]addRawPrepare,height=5,reqIdx=0,hash=e08714fb...
info|2019-10-25 16:57:05.811976|[g:1][CONSENSUS][PBFT]checkTimeout Succ,view=48,toView=49,nodeIdx=1,changeCycle=0,myNode=6ca4e435...,timecost=0.797
info|2019-10-25 16:57:05.813089|[g:1][CONSENSUS][PBFT]checkAndChangeView: Reach consensus,org_view=48,org_changeCycle=0,cur_changeCycle=0,to_view=49
info|2019-10-25 16:57:06.019955|[P2P][Service] heartBeat,connected count=3
info|2019-10-25 16:57:06.813653|[g:1][CONSENSUS][SEALER]++++++++++++++++ Generating seal on,blkNum=5,tx=0,nodeIdx=1,hash=17ba5b3e...
info|2019-10-25 16:57:06.819520|[g:1][CONSENSUS][PBFT]checkTimeout Succ,view=49,toView=50,nodeIdx=1,changeCycle=0,myNode=6ca4e435...,timecost=0.221
info|2019-10-25 16:57:06.820449|[g:1][CONSENSUS][PBFT]checkAndChangeView: Reach consensus,org_view=49,org_changeCycle=0,cur_changeCycle=0,to_view=50
info|2019-10-25 16:57:07.821661|[g:1][CONSENSUS]addRawPrepare,height=5,reqIdx=2,hash=a2afa3ad...
info|2019-10-25 16:57:07.822060|[g:1][CONSENSUS][PBFT]checkTimeout Succ,view=50,toView=51,nodeIdx=1,changeCycle=0,myNode=6ca4e435...,timecost=0.36
info|2019-10-25 16:57:07.825757|[g:1][CONSENSUS][PBFT]checkAndChangeView: Reach consensus,org_view=50,org_changeCycle=0,cur_changeCycle=0,to_view=51
info|2019-10-25 16:57:08.838996|[g:1][CONSENSUS]addRawPrepare,height=5,reqIdx=3,hash=5a8fc62e...
info|2019-10-25 16:57:08.839221|[g:1][CONSENSUS][PBFT]checkTimeout Succ,view=51,toView=52,nodeIdx=1,changeCycle=0,myNode=6ca4e435...,timecost=0.204
info|2019-10-25 16:57:08.841133|[g:1][CONSENSUS][PBFT]checkAndChangeView: Reach consensus,org_view=51,org_changeCycle=0,cur_changeCycle=0,to_view=52
info|2019-10-25 16:57:09.843925|[g:1][CONSENSUS]addRawPrepare,height=5,reqIdx=0,hash=19adc81f...
info|2019-10-25 16:57:09.844858|[g:1][CONSENSUS][PBFT]checkTimeout Succ,view=52,toView=53,nodeIdx=1,changeCycle=0,myNode=6ca4e435...,timecost=0.897
info|2019-10-25 16:57:09.847175|[g:1][CONSENSUS][PBFT]checkAndChangeView: Reach consensus,org_view=52,org_changeCycle=0,cur_changeCycle=0,to_view=53
info|2019-10-25 16:57:10.848231|[g:1][CONSENSUS][SEALER]++++++++++++++++ Generating seal on,blkNum=5,tx=0,nodeIdx=1,hash=7860e57b...
info|2019-10-25 16:57:10.854908|[g:1][CONSENSUS][PBFT]checkTimeout Succ,view=53,toView=54,nodeIdx=1,changeCycle=0,myNode=6ca4e435...,timecost=0.36
info|2019-10-25 16:57:10.855471|[g:1][CONSENSUS][PBFT]checkAndChangeView: Reach consensus,org_view=53,org_changeCycle=0,cur_changeCycle=0,to_view=54
info|2019-10-25 16:57:11.854906|[g:1][CONSENSUS]addRawPrepare,height=5,reqIdx=2,hash=d722e347...
info|2019-10-25 16:57:11.855140|[g:1][CONSENSUS][PBFT]checkTimeout Succ,view=54,toView=55,nodeIdx=1,changeCycle=0,myNode=6ca4e435...,timecost=0.209
info|2019-10-25 16:57:11.858337|[g:1][CONSENSUS][PBFT]checkAndChangeView: Reach consensus,org_view=54,org_changeCycle=0,cur_changeCycle=0,to_view=55
info|2019-10-25 16:57:12.862260|[g:1][CONSENSUS]addRawPrepare,height=5,reqIdx=3,hash=66d8841b...
info|2019-10-25 16:57:12.862522|[g:1][CONSENSUS][PBFT]checkTimeout Succ,view=55,toView=56,nodeIdx=1,changeCycle=0,myNode=6ca4e435...,timecost=0.236
info|2019-10-25 16:57:12.864561|[g:1][CONSENSUS][PBFT]checkAndChangeView: Reach consensus,org_view=55,org_changeCycle=0,cur_changeCycle=0,to_view=56
info|2019-10-25 16:57:13.867421|[g:1][CONSENSUS]addRawPrepare,height=5,reqIdx=0,hash=9fb4dff7...
info|2019-10-25 16:57:13.867626|[g:1][CONSENSUS][PBFT]checkTimeout Succ,view=56,toView=57,nodeIdx=1,changeCycle=0,myNode=6ca4e435...,timecost=0.183
info|2019-10-25 16:57:13.868606|[g:1][CONSENSUS][PBFT]checkAndChangeView: Reach consensus,org_view=56,org_changeCycle=0,cur_changeCycle=0,to_view=57
info|2019-10-25 16:57:14.870691|[g:1][CONSENSUS][SEALER]++++++++++++++++ Generating seal on,blkNum=5,tx=0,nodeIdx=1,hash=e668d437...
info|2019-10-25 16:57:14.877441|[g:1][CONSENSUS][PBFT]checkTimeout Succ,view=57,toView=58,nodeIdx=1,changeCycle=0,myNode=6ca4e435...,timecost=0.219
info|2019-10-25 16:57:14.878216|[g:1][CONSENSUS][PBFT]checkAndChangeView: Reach consensus,org_view=57,org_changeCycle=0,cur_changeCycle=0,to_view=58
info|2019-10-25 16:57:15.878040|[g:1][CONSENSUS]addRawPrepare,height=5,reqIdx=2,hash=032c26f6...
info|2019-10-25 16:57:15.878271|[g:1][CONSENSUS][PBFT]checkTimeout Succ,view=58,toView=59,nodeIdx=1,changeCycle=0,myNode=6ca4e435...,timecost=0.186
info|2019-10-25 16:57:15.880991|[g:1][CONSENSUS][PBFT]checkAndChangeView: Reach consensus,org_view=58,org_changeCycle=0,cur_changeCycle=0,to_view=59
info|2019-10-25 16:57:16.020288|[P2P][Service] heartBeat,connected count=3
info|2019-10-25 16:57:16.885642|[g:1][CONSENSUS]addRawPrepare,height=5,reqIdx=3,hash=9f2c1cec...
info|2019-10-25 16:57:16.885988|[g:1][CONSENSUS][PBFT]checkTimeout Succ,view=59,toView=60,nodeIdx=1,changeCycle=0,myNode=6ca4e435...,timecost=0.228
info|2019-10-25 16:57:16.890100|[g:1][CONSENSUS][PBFT]checkAndChangeView: Reach consensus,org_view=59,org_changeCycle=0,cur_changeCycle=0,to_view=60
info|2019-10-25 16:57:17.893938|[g:1][CONSENSUS]addRawPrepare,height=5,reqIdx=0,hash=7b96a43a...
info|2019-10-25 16:57:17.894200|[g:1][CONSENSUS][PBFT]checkTimeout Succ,view=60,toView=61,nodeIdx=1,changeCycle=0,myNode=6ca4e435...,timecost=0.211
info|2019-10-25 16:57:17.898107|[g:1][CONSENSUS][PBFT]checkAndChangeView: Reach consensus,org_view=60,org_changeCycle=0,cur_changeCycle=0,to_view=61
info|2019-10-25 16:57:18.899779|[g:1][CONSENSUS][SEALER]++++++++++++++++ Generating seal on,blkNum=5,tx=0,nodeIdx=1,hash=7e503e52...
info|2019-10-25 16:57:18.914900|[g:1][CONSENSUS][PBFT]checkTimeout Succ,view=61,toView=62,nodeIdx=1,changeCycle=0,myNode=6ca4e435...,timecost=0.627
info|2019-10-25 16:57:18.917637|[g:1][CONSENSUS][PBFT]checkAndChangeView: Reach consensus,org_view=61,org_changeCycle=0,cur_changeCycle=0,to_view=62
info|2019-10-25 16:57:19.914548|[g:1][CONSENSUS]addRawPrepare,height=5,reqIdx=2,hash=29709df3...
info|2019-10-25 16:57:19.914791|[g:1][CONSENSUS][PBFT]checkTimeout Succ,view=62,toView=63,nodeIdx=1,changeCycle=0,myNode=6ca4e435...,timecost=0.222
info|2019-10-25 16:57:19.916715|[g:1][CONSENSUS][PBFT]checkAndChangeView: Reach consensus,org_view=62,org_changeCycle=0,cur_changeCycle=0,to_view=63
info|2019-10-25 16:57:20.924145|[g:1][CONSENSUS]addRawPrepare,height=5,reqIdx=3,hash=5e6fae2f...
info|2019-10-25 16:57:20.928573|[g:1][CONSENSUS][PBFT]checkTimeout Succ,view=63,toView=64,nodeIdx=1,changeCycle=0,myNode=6ca4e435...,timecost=4.357
info|2019-10-25 16:57:20.933599|[g:1][CONSENSUS][PBFT]checkAndChangeView: Reach consensus,org_view=63,org_changeCycle=0,cur_changeCycle=0,to_view=64
info|2019-10-25 16:57:21.935621|[g:1][CONSENSUS]addRawPrepare,height=5,reqIdx=0,hash=55ac1867...
info|2019-10-25 16:57:21.935828|[g:1][CONSENSUS][PBFT]checkTimeout Succ,view=64,toView=65,nodeIdx=1,changeCycle=0,myNode=6ca4e435...,timecost=0.186
info|2019-10-25 16:57:21.937486|[g:1][CONSENSUS][PBFT]checkAndChangeView: Reach consensus,org_view=64,org_changeCycle=0,cur_changeCycle=0,to_view=65
info|2019-10-25 16:57:22.937162|[g:1][CONSENSUS][SEALER]++++++++++++++++ Generating seal on,blkNum=5,tx=0,nodeIdx=1,hash=38436ca0...
info|2019-10-25 16:57:22.954134|[g:1][CONSENSUS][PBFT]checkTimeout Succ,view=65,toView=66,nodeIdx=1,changeCycle=0,myNode=6ca4e435...,timecost=1.85
info|2019-10-25 16:57:22.956504|[g:1][CONSENSUS][PBFT]checkAndChangeView: Reach consensus,org_view=65,org_changeCycle=0,cur_changeCycle=0,to_view=66
info|2019-10-25 16:57:23.948550|[g:1][CONSENSUS]addRawPrepare,height=5,reqIdx=2,hash=4ea275ea...
info|2019-10-25 16:57:23.948824|[g:1][CONSENSUS][PBFT]checkTimeout Succ,view=66,toView=67,nodeIdx=1,changeCycle=0,myNode=6ca4e435...,timecost=0.232
info|2019-10-25 16:57:23.952313|[g:1][CONSENSUS][PBFT]checkAndChangeView: Reach consensus,org_view=66,org_changeCycle=0,cur_changeCycle=0,to_view=67
info|2019-10-25 16:57:24.954729|[g:1][CONSENSUS]addRawPrepare,height=5,reqIdx=3,hash=2a2d7904...
info|2019-10-25 16:57:24.954940|[g:1][CONSENSUS][PBFT]checkTimeout Succ,view=67,toView=68,nodeIdx=1,changeCycle=0,myNode=6ca4e435...,timecost=0.189
info|2019-10-25 16:57:24.958696|[g:1][CONSENSUS][PBFT]checkAndChangeView: Reach consensus,org_view=67,org_changeCycle=0,cur_changeCycle=0,to_view=68
info|2019-10-25 16:57:25.962291|[g:1][CONSENSUS]addRawPrepare,height=5,reqIdx=0,hash=cc5de200...
info|2019-10-25 16:57:25.962491|[g:1][CONSENSUS][PBFT]checkTimeout Succ,view=68,toView=69,nodeIdx=1,changeCycle=0,myNode=6ca4e435...,timecost=0.18
info|2019-10-25 16:57:25.964803|[g:1][CONSENSUS][PBFT]checkAndChangeView: Reach consensus,org_view=68,org_changeCycle=0,cur_changeCycle=0,to_view=69
info|2019-10-25 16:57:26.020625|[P2P][Service] heartBeat,connected count=3
info|2019-10-25 16:57:26.966569|[g:1][CONSENSUS][SEALER]++++++++++++++++ Generating seal on,blkNum=5,tx=0,nodeIdx=1,hash=31ae7fa8...
info|2019-10-25 16:57:26.974862|[g:1][CONSENSUS][PBFT]checkTimeout Succ,view=69,toView=70,nodeIdx=1,changeCycle=0,myNode=6ca4e435...,timecost=0.299
info|2019-10-25 16:57:26.976206|[g:1][CONSENSUS][PBFT]checkAndChangeView: Reach consensus,org_view=69,org_changeCycle=0,cur_changeCycle=0,to_view=70
info|2019-10-25 16:57:27.975171|[g:1][CONSENSUS]addRawPrepare,height=5,reqIdx=2,hash=8b18dd1a...
info|2019-10-25 16:57:27.975467|[g:1][CONSENSUS][PBFT]checkTimeout Succ,view=70,toView=71,nodeIdx=1,changeCycle=0,myNode=6ca4e435...,timecost=0.269
info|2019-10-25 16:57:27.979066|[g:1][CONSENSUS][PBFT]checkAndChangeView: Reach consensus,org_view=70,org_changeCycle=0,cur_changeCycle=0,to_view=71
info|2019-10-25 16:57:28.983651|[g:1][CONSENSUS]addRawPrepare,height=5,reqIdx=3,hash=ef5a56fc...
info|2019-10-25 16:57:28.983951|[g:1][CONSENSUS][PBFT]checkTimeout Succ,view=71,toView=72,nodeIdx=1,changeCycle=0,myNode=6ca4e435...,timecost=0.271
info|2019-10-25 16:57:28.984761|[g:1][CONSENSUS][PBFT]checkAndChangeView: Reach consensus,org_view=71,org_changeCycle=0,cur_changeCycle=0,to_view=72
info|2019-10-25 16:57:29.990386|[g:1][CONSENSUS]addRawPrepare,height=5,reqIdx=0,hash=f33a7562...
info|2019-10-25 16:57:29.990613|[g:1][CONSENSUS][PBFT]checkTimeout Succ,view=72,toView=73,nodeIdx=1,changeCycle=0,myNode=6ca4e435...,timecost=0.204
info|2019-10-25 16:57:29.991792|[g:1][CONSENSUS][PBFT]checkAndChangeView: Reach consensus,org_view=72,org_changeCycle=0,cur_changeCycle=0,to_view=73
info|2019-10-25 16:57:30.993385|[g:1][CONSENSUS][SEALER]++++++++++++++++ Generating seal on,blkNum=5,tx=0,nodeIdx=1,hash=8708fbfd...
info|2019-10-25 16:57:31.003980|[g:1][CONSENSUS][PBFT]checkTimeout Succ,view=73,toView=74,nodeIdx=1,changeCycle=0,myNode=6ca4e435...,timecost=0.327
info|2019-10-25 16:57:31.005551|[g:1][CONSENSUS][PBFT]checkAndChangeView: Reach consensus,org_view=73,org_changeCycle=0,cur_changeCycle=0,to_view=74
info|2019-10-25 16:57:32.006357|[g:1][CONSENSUS]addRawPrepare,height=5,reqIdx=2,hash=33a14ad1...
info|2019-10-25 16:57:32.006560|[g:1][CONSENSUS][PBFT]checkTimeout Succ,view=74,toView=75,nodeIdx=1,changeCycle=0,myNode=6ca4e435...,timecost=0.183
info|2019-10-25 16:57:32.007679|[g:1][CONSENSUS][PBFT]checkAndChangeView: Reach consensus,org_view=74,org_changeCycle=0,cur_changeCycle=0,to_view=75
info|2019-10-25 16:57:33.012154|[g:1][CONSENSUS]addRawPrepare,height=5,reqIdx=3,hash=037e51e4...
info|2019-10-25 16:57:33.012379|[g:1][CONSENSUS][PBFT]checkTimeout Succ,view=75,toView=76,nodeIdx=1,changeCycle=0,myNode=6ca4e435...,timecost=0.206
info|2019-10-25 16:57:33.013370|[g:1][CONSENSUS][PBFT]checkAndChangeView: Reach consensus,org_view=75,org_changeCycle=0,cur_changeCycle=0,to_view=76
info|2019-10-25 16:57:34.018081|[g:1][CONSENSUS]addRawPrepare,height=5,reqIdx=0,hash=500c909b...
info|2019-10-25 16:57:34.018433|[g:1][CONSENSUS][PBFT]checkTimeout Succ,view=76,toView=77,nodeIdx=1,changeCycle=0,myNode=6ca4e435...,timecost=0.319
info|2019-10-25 16:57:34.019676|[g:1][CONSENSUS][PBFT]checkAndChangeView: Reach consensus,org_view=76,org_changeCycle=0,cur_changeCycle=0,to_view=77
info|2019-10-25 16:57:35.022567|[g:1][CONSENSUS][SEALER]++++++++++++++++ Generating seal on,blkNum=5,tx=0,nodeIdx=1,hash=b36d6f8c...
info|2019-10-25 16:57:35.029632|[g:1][CONSENSUS][PBFT]checkTimeout Succ,view=77,toView=78,nodeIdx=1,changeCycle=0,myNode=6ca4e435...,timecost=0.229
info|2019-10-25 16:57:35.030619|[g:1][CONSENSUS][PBFT]checkAndChangeView: Reach consensus,org_view=77,org_changeCycle=0,cur_changeCycle=0,to_view=78
info|2019-10-25 16:57:36.020695|[P2P][Service] heartBeat,connected count=3
info|2019-10-25 16:57:36.029809|[g:1][CONSENSUS]addRawPrepare,height=5,reqIdx=2,hash=8b1eb5ec...
info|2019-10-25 16:57:36.030063|[g:1][CONSENSUS][PBFT]checkTimeout Succ,view=78,toView=79,nodeIdx=1,changeCycle=0,myNode=6ca4e435...,timecost=0.232
info|2019-10-25 16:57:36.032404|[g:1][CONSENSUS][PBFT]checkAndChangeView: Reach consensus,org_view=78,org_changeCycle=0,cur_changeCycle=0,to_view=79
info|2019-10-25 16:57:37.038447|[g:1][CONSENSUS]addRawPrepare,height=5,reqIdx=3,hash=db2f8dd2...
info|2019-10-25 16:57:37.038878|[g:1][CONSENSUS][PBFT]checkTimeout Succ,view=79,toView=80,nodeIdx=1,changeCycle=0,myNode=6ca4e435...,timecost=0.391
info|2019-10-25 16:57:37.047136|[g:1][CONSENSUS][PBFT]checkAndChangeView: Reach consensus,org_view=79,org_changeCycle=0,cur_changeCycle=0,to_view=80
info|2019-10-25 16:57:38.050520|[g:1][CONSENSUS]addRawPrepare,height=5,reqIdx=0,hash=55586d51...
info|2019-10-25 16:57:38.050727|[g:1][CONSENSUS][PBFT]checkTimeout Succ,view=80,toView=81,nodeIdx=1,changeCycle=0,myNode=6ca4e435...,timecost=0.184
info|2019-10-25 16:57:38.052648|[g:1][CONSENSUS][PBFT]checkAndChangeView: Reach consensus,org_view=80,org_changeCycle=0,cur_changeCycle=0,to_view=81
info|2019-10-25 16:57:39.055473|[g:1][CONSENSUS][SEALER]++++++++++++++++ Generating seal on,blkNum=5,tx=0,nodeIdx=1,hash=e1bfe3ae...
info|2019-10-25 16:57:39.064309|[g:1][CONSENSUS][PBFT]checkTimeout Succ,view=81,toView=82,nodeIdx=1,changeCycle=0,myNode=6ca4e435...,timecost=0.376
info|2019-10-25 16:57:39.065590|[g:1][CONSENSUS][PBFT]checkAndChangeView: Reach consensus,org_view=81,org_changeCycle=0,cur_changeCycle=0,to_view=82
info|2019-10-25 16:57:40.065285|[g:1][CONSENSUS]addRawPrepare,height=5,reqIdx=2,hash=c9a0a655...
info|2019-10-25 16:57:40.065550|[g:1][CONSENSUS][PBFT]checkTimeout Succ,view=82,toView=83,nodeIdx=1,changeCycle=0,myNode=6ca4e435...,timecost=0.237
info|2019-10-25 16:57:40.068290|[g:1][CONSENSUS][PBFT]checkAndChangeView: Reach consensus,org_view=82,org_changeCycle=0,cur_changeCycle=0,to_view=83
info|2019-10-25 16:57:41.072228|[g:1][CONSENSUS]addRawPrepare,height=5,reqIdx=3,hash=81f02f03...
info|2019-10-25 16:57:41.072455|[g:1][CONSENSUS][PBFT]checkTimeout Succ,view=83,toView=84,nodeIdx=1,changeCycle=0,myNode=6ca4e435...,timecost=0.2
info|2019-10-25 16:57:41.074547|[g:1][CONSENSUS][PBFT]checkAndChangeView: Reach consensus,org_view=83,org_changeCycle=0,cur_changeCycle=0,to_view=84
info|2019-10-25 16:57:42.081520|[g:1][CONSENSUS]addRawPrepare,height=5,reqIdx=0,hash=51fd121b...
info|2019-10-25 16:57:42.081789|[g:1][CONSENSUS][PBFT]checkTimeout Succ,view=84,toView=85,nodeIdx=1,changeCycle=0,myNode=6ca4e435...,timecost=0.245
info|2019-10-25 16:57:42.082307|[g:1][CONSENSUS][PBFT]checkAndChangeView: Reach consensus,org_view=84,org_changeCycle=0,cur_changeCycle=0,to_view=85
info|2019-10-25 16:57:43.084927|[g:1][CONSENSUS][SEALER]++++++++++++++++ Generating seal on,blkNum=5,tx=0,nodeIdx=1,hash=1478cee9...
info|2019-10-25 16:57:43.090457|[g:1][CONSENSUS][PBFT]checkTimeout Succ,view=85,toView=86,nodeIdx=1,changeCycle=0,myNode=6ca4e435...,timecost=0.201
info|2019-10-25 16:57:43.091296|[g:1][CONSENSUS][PBFT]checkAndChangeView: Reach consensus,org_view=85,org_changeCycle=0,cur_changeCycle=0,to_view=86
info|2019-10-25 16:57:44.091910|[g:1][CONSENSUS]addRawPrepare,height=5,reqIdx=2,hash=eba798c2...
info|2019-10-25 16:57:44.092146|[g:1][CONSENSUS][PBFT]checkTimeout Succ,view=86,toView=87,nodeIdx=1,changeCycle=0,myNode=6ca4e435...,timecost=0.174
info|2019-10-25 16:57:44.096527|[g:1][CONSENSUS][PBFT]checkAndChangeView: Reach consensus,org_view=86,org_changeCycle=0,cur_changeCycle=0,to_view=87
info|2019-10-25 16:57:45.098938|[g:1][CONSENSUS]addRawPrepare,height=5,reqIdx=3,hash=2422485f...
info|2019-10-25 16:57:45.099209|[g:1][CONSENSUS][PBFT]checkTimeout Succ,view=87,toView=88,nodeIdx=1,changeCycle=0,myNode=6ca4e435...,timecost=0.252
info|2019-10-25 16:57:45.101342|[g:1][CONSENSUS][PBFT]checkAndChangeView: Reach consensus,org_view=87,org_changeCycle=0,cur_changeCycle=0,to_view=88
info|2019-10-25 16:57:46.020762|[P2P][Service] heartBeat,connected count=3
info|2019-10-25 16:57:46.103956|[g:1][CONSENSUS]addRawPrepare,height=5,reqIdx=0,hash=26852945...
info|2019-10-25 16:57:46.104211|[g:1][CONSENSUS][PBFT]checkTimeout Succ,view=88,toView=89,nodeIdx=1,changeCycle=0,myNode=6ca4e435...,timecost=0.208
info|2019-10-25 16:57:46.105393|[g:1][CONSENSUS][PBFT]checkAndChangeView: Reach consensus,org_view=88,org_changeCycle=0,cur_changeCycle=0,to_view=89
info|2019-10-25 16:57:47.107010|[g:1][CONSENSUS][SEALER]++++++++++++++++ Generating seal on,blkNum=5,tx=0,nodeIdx=1,hash=018d8ee9...
info|2019-10-25 16:57:47.115246|[g:1][CONSENSUS][PBFT]checkTimeout Succ,view=89,toView=90,nodeIdx=1,changeCycle=0,myNode=6ca4e435...,timecost=0.337
info|2019-10-25 16:57:47.116744|[g:1][CONSENSUS][PBFT]checkAndChangeView: Reach consensus,org_view=89,org_changeCycle=0,cur_changeCycle=0,to_view=90
info|2019-10-25 16:57:48.116600|[g:1][CONSENSUS]addRawPrepare,height=5,reqIdx=2,hash=a88262cb...
info|2019-10-25 16:57:48.116906|[g:1][CONSENSUS][PBFT]checkTimeout Succ,view=90,toView=91,nodeIdx=1,changeCycle=0,myNode=6ca4e435...,timecost=0.233
info|2019-10-25 16:57:48.119232|[g:1][CONSENSUS][PBFT]checkAndChangeView: Reach consensus,org_view=90,org_changeCycle=0,cur_changeCycle=0,to_view=91
info|2019-10-25 16:57:49.125989|[g:1][CONSENSUS]addRawPrepare,height=5,reqIdx=3,hash=dd7ddea8...
info|2019-10-25 16:57:49.126307|[g:1][CONSENSUS][PBFT]checkTimeout Succ,view=91,toView=92,nodeIdx=1,changeCycle=0,myNode=6ca4e435...,timecost=0.288
info|2019-10-25 16:57:49.129080|[g:1][CONSENSUS][PBFT]checkAndChangeView: Reach consensus,org_view=91,org_changeCycle=0,cur_changeCycle=0,to_view=92
info|2019-10-25 16:57:50.130841|[g:1][CONSENSUS]addRawPrepare,height=5,reqIdx=0,hash=77010cbd...
info|2019-10-25 16:57:50.131173|[g:1][CONSENSUS][PBFT]checkTimeout Succ,view=92,toView=93,nodeIdx=1,changeCycle=0,myNode=6ca4e435...,timecost=0.265
info|2019-10-25 16:57:50.132107|[g:1][CONSENSUS][PBFT]checkAndChangeView: Reach consensus,org_view=92,org_changeCycle=0,cur_changeCycle=0,to_view=93
info|2019-10-25 16:57:51.134222|[g:1][CONSENSUS][SEALER]++++++++++++++++ Generating seal on,blkNum=5,tx=0,nodeIdx=1,hash=97f77897...
info|2019-10-25 16:57:51.149360|[g:1][CONSENSUS][PBFT]checkTimeout Succ,view=93,toView=94,nodeIdx=1,changeCycle=0,myNode=6ca4e435...,timecost=0.243
info|2019-10-25 16:57:51.151400|[g:1][CONSENSUS][PBFT]checkAndChangeView: Reach consensus,org_view=93,org_changeCycle=0,cur_changeCycle=0,to_view=94
info|2019-10-25 16:57:52.155562|[g:1][CONSENSUS]addRawPrepare,height=5,reqIdx=2,hash=97dd6166...
info|2019-10-25 16:57:52.155879|[g:1][CONSENSUS][PBFT]checkTimeout Succ,view=94,toView=95,nodeIdx=1,changeCycle=0,myNode=6ca4e435...,timecost=0.272
info|2019-10-25 16:57:52.158485|[g:1][CONSENSUS][PBFT]checkAndChangeView: Reach consensus,org_view=94,org_changeCycle=0,cur_changeCycle=0,to_view=95
info|2019-10-25 16:57:53.161009|[g:1][CONSENSUS]addRawPrepare,height=5,reqIdx=3,hash=9600a125...
info|2019-10-25 16:57:53.161388|[g:1][CONSENSUS][PBFT]checkTimeout Succ,view=95,toView=96,nodeIdx=1,changeCycle=0,myNode=6ca4e435...,timecost=0.351
info|2019-10-25 16:57:53.166239|[g:1][CONSENSUS][PBFT]checkAndChangeView: Reach consensus,org_view=95,org_changeCycle=0,cur_changeCycle=0,to_view=96
info|2019-10-25 16:57:54.173363|[g:1][CONSENSUS]addRawPrepare,height=5,reqIdx=0,hash=c7c7af38...
info|2019-10-25 16:57:54.176558|[g:1][CONSENSUS][PBFT]checkTimeout Succ,view=96,toView=97,nodeIdx=1,changeCycle=0,myNode=6ca4e435...,timecost=3.139
info|2019-10-25 16:57:54.193057|[g:1][CONSENSUS][PBFT]checkAndChangeView: Reach consensus,org_view=96,org_changeCycle=0,cur_changeCycle=0,to_view=97
info|2019-10-25 16:57:55.204399|[g:1][CONSENSUS][SEALER]++++++++++++++++ Generating seal on,blkNum=5,tx=0,nodeIdx=1,hash=7eff0293...
info|2019-10-25 16:57:55.205220|[g:1][CONSENSUS][PBFT]checkTimeout Succ,view=97,toView=98,nodeIdx=1,changeCycle=0,myNode=6ca4e435...,timecost=0.296
info|2019-10-25 16:57:55.209496|[g:1][CONSENSUS][PBFT]checkAndChangeView: Reach consensus,org_view=97,org_changeCycle=0,cur_changeCycle=0,to_view=98
info|2019-10-25 16:57:56.020866|[P2P][Service] heartBeat,connected count=3
info|2019-10-25 16:57:56.214577|[g:1][CONSENSUS]addRawPrepare,height=5,reqIdx=2,hash=dfcd78ae...
info|2019-10-25 16:57:56.214799|[g:1][CONSENSUS][PBFT]checkTimeout Succ,view=98,toView=99,nodeIdx=1,changeCycle=0,myNode=6ca4e435...,timecost=0.2
info|2019-10-25 16:57:56.218109|[g:1][CONSENSUS][PBFT]checkAndChangeView: Reach consensus,org_view=98,org_changeCycle=0,cur_changeCycle=0,to_view=99
info|2019-10-25 16:57:57.220093|[g:1][CONSENSUS]addRawPrepare,height=5,reqIdx=3,hash=fc234747...
info|2019-10-25 16:57:57.220576|[g:1][CONSENSUS][PBFT]checkTimeout Succ,view=99,toView=100,nodeIdx=1,changeCycle=0,myNode=6ca4e435...,timecost=0.436
info|2019-10-25 16:57:57.225640|[g:1][CONSENSUS][PBFT]checkAndChangeView: Reach consensus,org_view=99,org_changeCycle=0,cur_changeCycle=0,to_view=100
info|2019-10-25 16:57:58.229052|[g:1][CONSENSUS]addRawPrepare,height=5,reqIdx=0,hash=4f5b2e93...
info|2019-10-25 16:57:58.229321|[g:1][CONSENSUS][PBFT]checkTimeout Succ,view=100,toView=101,nodeIdx=1,changeCycle=0,myNode=6ca4e435...,timecost=0.246
info|2019-10-25 16:57:58.230605|[g:1][CONSENSUS][PBFT]checkAndChangeView: Reach consensus,org_view=100,org_changeCycle=0,cur_changeCycle=0,to_view=101
info|2019-10-25 16:57:59.233764|[g:1][CONSENSUS][SEALER]++++++++++++++++ Generating seal on,blkNum=5,tx=0,nodeIdx=1,hash=685a9202...
info|2019-10-25 16:57:59.241725|[g:1][CONSENSUS][PBFT]checkTimeout Succ,view=101,toView=102,nodeIdx=1,changeCycle=0,myNode=6ca4e435...,timecost=0.258
info|2019-10-25 16:57:59.242624|[g:1][CONSENSUS][PBFT]checkAndChangeView: Reach consensus,org_view=101,org_changeCycle=0,cur_changeCycle=0,to_view=102
info|2019-10-25 16:58:00.243093|[g:1][CONSENSUS]addRawPrepare,height=5,reqIdx=2,hash=b64326fe...
info|2019-10-25 16:58:00.243489|[g:1][CONSENSUS][PBFT]checkTimeout Succ,view=102,toView=103,nodeIdx=1,changeCycle=0,myNode=6ca4e435...,timecost=0.355
info|2019-10-25 16:58:00.248170|[g:1][CONSENSUS][PBFT]checkAndChangeView: Reach consensus,org_view=102,org_changeCycle=0,cur_changeCycle=0,to_view=103
info|2019-10-25 16:58:01.250625|[g:1][CONSENSUS]addRawPrepare,height=5,reqIdx=3,hash=2badf209...
info|2019-10-25 16:58:01.250828|[g:1][CONSENSUS][PBFT]checkTimeout Succ,view=103,toView=104,nodeIdx=1,changeCycle=0,myNode=6ca4e435...,timecost=0.183
info|2019-10-25 16:58:01.251842|[g:1][CONSENSUS][PBFT]checkAndChangeView: Reach consensus,org_view=103,org_changeCycle=0,cur_changeCycle=0,to_view=104
info|2019-10-25 16:58:02.258062|[g:1][CONSENSUS]addRawPrepare,height=5,reqIdx=0,hash=e37a6528...
info|2019-10-25 16:58:02.258362|[g:1][CONSENSUS][PBFT]checkTimeout Succ,view=104,toView=105,nodeIdx=1,changeCycle=0,myNode=6ca4e435...,timecost=0.279
info|2019-10-25 16:58:02.259094|[g:1][CONSENSUS][PBFT]checkAndChangeView: Reach consensus,org_view=104,org_changeCycle=0,cur_changeCycle=0,to_view=105
info|2019-10-25 16:58:03.269863|[g:1][CONSENSUS][SEALER]++++++++++++++++ Generating seal on,blkNum=5,tx=0,nodeIdx=1,hash=bbba6252...
info|2019-10-25 16:58:03.277189|[g:1][CONSENSUS][PBFT]checkTimeout Succ,view=105,toView=106,nodeIdx=1,changeCycle=0,myNode=6ca4e435...,timecost=0.212
info|2019-10-25 16:58:03.278054|[g:1][CONSENSUS][PBFT]checkAndChangeView: Reach consensus,org_view=105,org_changeCycle=0,cur_changeCycle=0,to_view=106
info|2019-10-25 16:58:04.277263|[g:1][CONSENSUS]addRawPrepare,height=5,reqIdx=2,hash=20a5bbd3...
info|2019-10-25 16:58:04.277496|[g:1][CONSENSUS][PBFT]checkTimeout Succ,view=106,toView=107,nodeIdx=1,changeCycle=0,myNode=6ca4e435...,timecost=0.213
info|2019-10-25 16:58:04.280214|[g:1][CONSENSUS][PBFT]checkAndChangeView: Reach consensus,org_view=106,org_changeCycle=0,cur_changeCycle=0,to_view=107
info|2019-10-25 16:58:05.281766|[g:1][CONSENSUS]addRawPrepare,height=5,reqIdx=3,hash=8831e9f1...
info|2019-10-25 16:58:05.281968|[g:1][CONSENSUS][PBFT]checkTimeout Succ,view=107,toView=108,nodeIdx=1,changeCycle=0,myNode=6ca4e435...,timecost=0.181
info|2019-10-25 16:58:05.286528|[g:1][CONSENSUS][PBFT]checkAndChangeView: Reach consensus,org_view=107,org_changeCycle=0,cur_changeCycle=0,to_view=108
info|2019-10-25 16:58:06.020939|[P2P][Service] heartBeat,connected count=3
info|2019-10-25 16:58:06.288633|[g:1][CONSENSUS]addRawPrepare,height=5,reqIdx=0,hash=f5ea55f8...
info|2019-10-25 16:58:06.289025|[g:1][CONSENSUS][PBFT]checkTimeout Succ,view=108,toView=109,nodeIdx=1,changeCycle=0,myNode=6ca4e435...,timecost=0.265
info|2019-10-25 16:58:06.292428|[g:1][CONSENSUS][PBFT]checkAndChangeView: Reach consensus,org_view=108,org_changeCycle=0,cur_changeCycle=0,to_view=109
info|2019-10-25 16:58:07.294882|[g:1][CONSENSUS][SEALER]++++++++++++++++ Generating seal on,blkNum=5,tx=0,nodeIdx=1,hash=59251048...
info|2019-10-25 16:58:07.301403|[g:1][CONSENSUS][PBFT]checkTimeout Succ,view=109,toView=110,nodeIdx=1,changeCycle=0,myNode=6ca4e435...,timecost=0.206
info|2019-10-25 16:58:07.302290|[g:1][CONSENSUS][PBFT]checkAndChangeView: Reach consensus,org_view=109,org_changeCycle=0,cur_changeCycle=0,to_view=110
info|2019-10-25 16:58:08.304470|[g:1][CONSENSUS]addRawPrepare,height=5,reqIdx=2,hash=a6d1b21e...
info|2019-10-25 16:58:08.304705|[g:1][CONSENSUS][PBFT]checkTimeout Succ,view=110,toView=111,nodeIdx=1,changeCycle=0,myNode=6ca4e435...,timecost=0.209
info|2019-10-25 16:58:08.307013|[g:1][CONSENSUS][PBFT]checkAndChangeView: Reach consensus,org_view=110,org_changeCycle=0,cur_changeCycle=0,to_view=111
info|2019-10-25 16:58:09.312034|[g:1][CONSENSUS]addRawPrepare,height=5,reqIdx=3,hash=fca95278...
info|2019-10-25 16:58:09.312255|[g:1][CONSENSUS][PBFT]checkTimeout Succ,view=111,toView=112,nodeIdx=1,changeCycle=0,myNode=6ca4e435...,timecost=0.199
info|2019-10-25 16:58:09.314957|[g:1][CONSENSUS][PBFT]checkAndChangeView: Reach consensus,org_view=111,org_changeCycle=0,cur_changeCycle=0,to_view=112
info|2019-10-25 16:58:10.318557|[g:1][CONSENSUS]addRawPrepare,height=5,reqIdx=0,hash=cb900a4a...
info|2019-10-25 16:58:10.318809|[g:1][CONSENSUS][PBFT]checkTimeout Succ,view=112,toView=113,nodeIdx=1,changeCycle=0,myNode=6ca4e435...,timecost=0.23
info|2019-10-25 16:58:10.319785|[g:1][CONSENSUS][PBFT]checkAndChangeView: Reach consensus,org_view=112,org_changeCycle=0,cur_changeCycle=0,to_view=113
info|2019-10-25 16:58:11.320839|[g:1][CONSENSUS][SEALER]++++++++++++++++ Generating seal on,blkNum=5,tx=0,nodeIdx=1,hash=695b8193...
info|2019-10-25 16:58:11.325944|[g:1][CONSENSUS][PBFT]checkTimeout Succ,view=113,toView=114,nodeIdx=1,changeCycle=0,myNode=6ca4e435...,timecost=0.274
info|2019-10-25 16:58:11.328631|[g:1][CONSENSUS][PBFT]checkAndChangeView: Reach consensus,org_view=113,org_changeCycle=0,cur_changeCycle=0,to_view=114
info|2019-10-25 16:58:12.331246|[g:1][CONSENSUS]addRawPrepare,height=5,reqIdx=2,hash=89514f35...
info|2019-10-25 16:58:12.331573|[g:1][CONSENSUS][PBFT]checkTimeout Succ,view=114,toView=115,nodeIdx=1,changeCycle=0,myNode=6ca4e435...,timecost=0.292
info|2019-10-25 16:58:12.333965|[g:1][CONSENSUS][PBFT]checkAndChangeView: Reach consensus,org_view=114,org_changeCycle=0,cur_changeCycle=0,to_view=115
info|2019-10-25 16:58:13.338847|[g:1][CONSENSUS]addRawPrepare,height=5,reqIdx=3,hash=90c772d1...
info|2019-10-25 16:58:13.339242|[g:1][CONSENSUS][PBFT]checkTimeout Succ,view=115,toView=116,nodeIdx=1,changeCycle=0,myNode=6ca4e435...,timecost=0.317
info|2019-10-25 16:58:13.341947|[g:1][CONSENSUS][PBFT]checkAndChangeView: Reach consensus,org_view=115,org_changeCycle=0,cur_changeCycle=0,to_view=116
info|2019-10-25 16:58:14.345007|[g:1][CONSENSUS]addRawPrepare,height=5,reqIdx=0,hash=dcdbaca6...
info|2019-10-25 16:58:14.345208|[g:1][CONSENSUS][PBFT]checkTimeout Succ,view=116,toView=117,nodeIdx=1,changeCycle=0,myNode=6ca4e435...,timecost=0.182
info|2019-10-25 16:58:14.348035|[g:1][CONSENSUS][PBFT]checkAndChangeView: Reach consensus,org_view=116,org_changeCycle=0,cur_changeCycle=0,to_view=117
info|2019-10-25 16:58:15.348130|[g:1][CONSENSUS][SEALER]++++++++++++++++ Generating seal on,blkNum=5,tx=0,nodeIdx=1,hash=4488bcb8...
info|2019-10-25 16:58:15.354712|[g:1][CONSENSUS][PBFT]checkTimeout Succ,view=117,toView=118,nodeIdx=1,changeCycle=0,myNode=6ca4e435...,timecost=0.222
info|2019-10-25 16:58:15.355526|[g:1][CONSENSUS][PBFT]checkAndChangeView: Reach consensus,org_view=117,org_changeCycle=0,cur_changeCycle=0,to_view=118
info|2019-10-25 16:58:16.021397|[P2P][Service] heartBeat,connected count=3
info|2019-10-25 16:58:16.357860|[g:1][CONSENSUS]addRawPrepare,height=5,reqIdx=2,hash=0996611a...
info|2019-10-25 16:58:16.358218|[g:1][CONSENSUS][PBFT]checkTimeout Succ,view=118,toView=119,nodeIdx=1,changeCycle=0,myNode=6ca4e435...,timecost=0.311
info|2019-10-25 16:58:16.370892|[g:1][CONSENSUS][PBFT]checkAndChangeView: Reach consensus,org_view=118,org_changeCycle=0,cur_changeCycle=0,to_view=119
info|2019-10-25 16:58:17.371050|[g:1][CONSENSUS]addRawPrepare,height=5,reqIdx=3,hash=20ad7287...
info|2019-10-25 16:58:17.371255|[g:1][CONSENSUS][PBFT]checkTimeout Succ,view=119,toView=120,nodeIdx=1,changeCycle=0,myNode=6ca4e435...,timecost=0.18
info|2019-10-25 16:58:17.372348|[g:1][CONSENSUS][PBFT]checkAndChangeView: Reach consensus,org_view=119,org_changeCycle=0,cur_changeCycle=0,to_view=120
info|2019-10-25 16:58:18.376789|[g:1][CONSENSUS]addRawPrepare,height=5,reqIdx=0,hash=0d9578b8...
info|2019-10-25 16:58:18.377028|[g:1][CONSENSUS][PBFT]checkTimeout Succ,view=120,toView=121,nodeIdx=1,changeCycle=0,myNode=6ca4e435...,timecost=0.22
info|2019-10-25 16:58:18.379829|[g:1][CONSENSUS][PBFT]checkAndChangeView: Reach consensus,org_view=120,org_changeCycle=0,cur_changeCycle=0,to_view=121
info|2019-10-25 16:58:19.380810|[g:1][CONSENSUS][SEALER]++++++++++++++++ Generating seal on,blkNum=5,tx=0,nodeIdx=1,hash=a1a95909...
info|2019-10-25 16:58:19.387914|[g:1][CONSENSUS][PBFT]checkTimeout Succ,view=121,toView=122,nodeIdx=1,changeCycle=0,myNode=6ca4e435...,timecost=0.214
info|2019-10-25 16:58:19.388931|[g:1][CONSENSUS][PBFT]checkAndChangeView: Reach consensus,org_view=121,org_changeCycle=0,cur_changeCycle=0,to_view=122
info|2019-10-25 16:58:20.389041|[g:1][CONSENSUS]addRawPrepare,height=5,reqIdx=2,hash=8220a54c...
info|2019-10-25 16:58:20.389361|[g:1][CONSENSUS][PBFT]checkTimeout Succ,view=122,toView=123,nodeIdx=1,changeCycle=0,myNode=6ca4e435...,timecost=0.286
info|2019-10-25 16:58:20.393487|[g:1][CONSENSUS][PBFT]checkAndChangeView: Reach consensus,org_view=122,org_changeCycle=0,cur_changeCycle=0,to_view=123
info|2019-10-25 16:58:21.400889|[g:1][CONSENSUS]addRawPrepare,height=5,reqIdx=3,hash=25943cec...
info|2019-10-25 16:58:21.401092|[g:1][CONSENSUS][PBFT]checkTimeout Succ,view=123,toView=124,nodeIdx=1,changeCycle=0,myNode=6ca4e435...,timecost=0.183
info|2019-10-25 16:58:21.401353|[g:1][CONSENSUS][PBFT]checkAndChangeView: Reach consensus,org_view=123,org_changeCycle=0,cur_changeCycle=0,to_view=124
info|2019-10-25 16:58:22.406353|[g:1][CONSENSUS]addRawPrepare,height=5,reqIdx=0,hash=e64b3343...
info|2019-10-25 16:58:22.407285|[g:1][CONSENSUS][PBFT]checkTimeout Succ,view=124,toView=125,nodeIdx=1,changeCycle=0,myNode=6ca4e435...,timecost=0.192
info|2019-10-25 16:58:22.407836|[g:1][CONSENSUS][PBFT]checkAndChangeView: Reach consensus,org_view=124,org_changeCycle=0,cur_changeCycle=0,to_view=125
info|2019-10-25 16:58:23.407378|[g:1][CONSENSUS][SEALER]++++++++++++++++ Generating seal on,blkNum=5,tx=0,nodeIdx=1,hash=8d55ae8e...
info|2019-10-25 16:58:23.415535|[g:1][CONSENSUS][PBFT]checkTimeout Succ,view=125,toView=126,nodeIdx=1,changeCycle=0,myNode=6ca4e435...,timecost=0.19
info|2019-10-25 16:58:23.416331|[g:1][CONSENSUS][PBFT]checkAndChangeView: Reach consensus,org_view=125,org_changeCycle=0,cur_changeCycle=0,to_view=126
info|2019-10-25 16:58:24.416670|[g:1][CONSENSUS]addRawPrepare,height=5,reqIdx=2,hash=34eb0db2...
info|2019-10-25 16:58:24.416911|[g:1][CONSENSUS][PBFT]checkTimeout Succ,view=126,toView=127,nodeIdx=1,changeCycle=0,myNode=6ca4e435...,timecost=0.215
info|2019-10-25 16:58:24.419293|[g:1][CONSENSUS][PBFT]checkAndChangeView: Reach consensus,org_view=126,org_changeCycle=0,cur_changeCycle=0,to_view=127
info|2019-10-25 16:58:25.423482|[g:1][CONSENSUS]addRawPrepare,height=5,reqIdx=3,hash=77c6e95d...
info|2019-10-25 16:58:25.423705|[g:1][CONSENSUS][PBFT]checkTimeout Succ,view=127,toView=128,nodeIdx=1,changeCycle=0,myNode=6ca4e435...,timecost=0.198
info|2019-10-25 16:58:25.425948|[g:1][CONSENSUS][PBFT]checkAndChangeView: Reach consensus,org_view=127,org_changeCycle=0,cur_changeCycle=0,to_view=128
info|2019-10-25 16:58:26.021995|[P2P][Service] heartBeat,connected count=3
info|2019-10-25 16:58:26.428823|[g:1][CONSENSUS]addRawPrepare,height=5,reqIdx=0,hash=31a1705c...
info|2019-10-25 16:58:26.429051|[g:1][CONSENSUS][PBFT]checkTimeout Succ,view=128,toView=129,nodeIdx=1,changeCycle=0,myNode=6ca4e435...,timecost=0.197
info|2019-10-25 16:58:26.431123|[g:1][CONSENSUS][PBFT]checkAndChangeView: Reach consensus,org_view=128,org_changeCycle=0,cur_changeCycle=0,to_view=129
info|2019-10-25 16:58:27.431808|[g:1][CONSENSUS][SEALER]++++++++++++++++ Generating seal on,blkNum=5,tx=0,nodeIdx=1,hash=a5aa7657...
info|2019-10-25 16:58:27.446078|[g:1][CONSENSUS][PBFT]checkTimeout Succ,view=129,toView=130,nodeIdx=1,changeCycle=0,myNode=6ca4e435...,timecost=0.444
info|2019-10-25 16:58:27.453391|[g:1][CONSENSUS][PBFT]checkAndChangeView: Reach consensus,org_view=129,org_changeCycle=0,cur_changeCycle=0,to_view=130
info|2019-10-25 16:58:28.445662|[g:1][CONSENSUS]addRawPrepare,height=5,reqIdx=2,hash=30fd024b...
info|2019-10-25 16:58:28.445989|[g:1][CONSENSUS][PBFT]checkTimeout Succ,view=130,toView=131,nodeIdx=1,changeCycle=0,myNode=6ca4e435...,timecost=0.294
info|2019-10-25 16:58:28.451498|[g:1][CONSENSUS][PBFT]checkAndChangeView: Reach consensus,org_view=130,org_changeCycle=0,cur_changeCycle=0,to_view=131
info|2019-10-25 16:58:29.461303|[g:1][CONSENSUS]addRawPrepare,height=5,reqIdx=3,hash=7429a243...
info|2019-10-25 16:58:29.461626|[g:1][CONSENSUS][PBFT]checkTimeout Succ,view=131,toView=132,nodeIdx=1,changeCycle=0,myNode=6ca4e435...,timecost=0.301
info|2019-10-25 16:58:29.467535|[g:1][CONSENSUS][PBFT]checkAndChangeView: Reach consensus,org_view=131,org_changeCycle=0,cur_changeCycle=0,to_view=132
info|2019-10-25 16:58:30.476316|[g:1][CONSENSUS]addRawPrepare,height=5,reqIdx=0,hash=2999833d...
info|2019-10-25 16:58:30.476651|[g:1][CONSENSUS][PBFT]checkTimeout Succ,view=132,toView=133,nodeIdx=1,changeCycle=0,myNode=6ca4e435...,timecost=0.297
info|2019-10-25 16:58:30.480224|[g:1][CONSENSUS][PBFT]checkAndChangeView: Reach consensus,org_view=132,org_changeCycle=0,cur_changeCycle=0,to_view=133
info|2019-10-25 16:58:31.482324|[g:1][CONSENSUS][SEALER]++++++++++++++++ Generating seal on,blkNum=5,tx=0,nodeIdx=1,hash=01fb0e63...
info|2019-10-25 16:58:31.491592|[g:1][CONSENSUS][PBFT]checkTimeout Succ,view=133,toView=134,nodeIdx=1,changeCycle=0,myNode=6ca4e435...,timecost=0.279
info|2019-10-25 16:58:31.492690|[g:1][CONSENSUS][PBFT]checkAndChangeView: Reach consensus,org_view=133,org_changeCycle=0,cur_changeCycle=0,to_view=134
info|2019-10-25 16:58:32.532700|[g:1][CONSENSUS][PBFT]Trigger fast-viewchange,view=134,toView=134,minView=135,INFO=,reqNum=4,curNum=4,GenIdx=0,Cview=135,view=134,fromIdx=3,fromNode=ce7667d2...,fromIp=127.0.0.1:56916,hash=28ab0f72...,nodeIdx=1,myNode=6ca4e435...
info|2019-10-25 16:58:32.533009|[g:1][CONSENSUS][PBFT]checkAndChangeView: Reach consensus,org_view=134,org_changeCycle=0,cur_changeCycle=0,to_view=135
info|2019-10-25 16:58:32.533019|[g:1][CONSENSUS][PBFT]checkTimeout Succ,view=135,toView=135,nodeIdx=1,changeCycle=0,myNode=6ca4e435...,timecost=0.301
info|2019-10-25 16:58:33.506470|[g:1][CONSENSUS][PBFT]Trigger fast-viewchange,view=135,toView=135,minView=136,INFO=,reqNum=4,curNum=4,GenIdx=2,Cview=136,view=135,fromIdx=2,fromNode=b32aa730...,fromIp=127.0.0.1:56924,hash=28ab0f72...,nodeIdx=1,myNode=6ca4e435...
info|2019-10-25 16:58:33.507083|[g:1][CONSENSUS][PBFT]checkAndChangeView: Reach consensus,org_view=135,org_changeCycle=0,cur_changeCycle=0,to_view=136
info|2019-10-25 16:58:33.508553|[g:1][CONSENSUS][PBFT]checkTimeout Succ,view=136,toView=136,nodeIdx=1,changeCycle=0,myNode=6ca4e435...,timecost=2.012
info|2019-10-25 16:58:34.513638|[g:1][CONSENSUS]addRawPrepare,height=5,reqIdx=0,hash=1d94f4b5...
info|2019-10-25 16:58:34.513940|[g:1][CONSENSUS][PBFT]checkTimeout Succ,view=136,toView=137,nodeIdx=1,changeCycle=0,myNode=6ca4e435...,timecost=0.275
info|2019-10-25 16:58:34.515254|[g:1][CONSENSUS][PBFT]checkAndChangeView: Reach consensus,org_view=136,org_changeCycle=0,cur_changeCycle=0,to_view=137
info|2019-10-25 16:58:35.518157|[g:1][CONSENSUS][SEALER]++++++++++++++++ Generating seal on,blkNum=5,tx=0,nodeIdx=1,hash=01c6bc81...
info|2019-10-25 16:58:35.535854|[g:1][CONSENSUS][PBFT]checkTimeout Succ,view=137,toView=138,nodeIdx=1,changeCycle=0,myNode=6ca4e435...,timecost=0.23
info|2019-10-25 16:58:35.536763|[g:1][CONSENSUS][PBFT]checkAndChangeView: Reach consensus,org_view=137,org_changeCycle=0,cur_changeCycle=0,to_view=138
info|2019-10-25 16:58:36.022949|[P2P][Service] heartBeat,connected count=3
info|2019-10-25 16:58:36.534605|[g:1][CONSENSUS]addRawPrepare,height=5,reqIdx=2,hash=5ffbcec8...
info|2019-10-25 16:58:36.534922|[g:1][CONSENSUS][PBFT]checkTimeout Succ,view=138,toView=139,nodeIdx=1,changeCycle=0,myNode=6ca4e435...,timecost=0.281
info|2019-10-25 16:58:36.542780|[g:1][CONSENSUS][PBFT]checkAndChangeView: Reach consensus,org_view=138,org_changeCycle=0,cur_changeCycle=0,to_view=139
info|2019-10-25 16:58:37.547503|[g:1][CONSENSUS]addRawPrepare,height=5,reqIdx=3,hash=d7d1fd2c...
info|2019-10-25 16:58:37.547870|[g:1][CONSENSUS][PBFT]checkTimeout Succ,view=139,toView=140,nodeIdx=1,changeCycle=0,myNode=6ca4e435...,timecost=0.312
info|2019-10-25 16:58:37.552322|[g:1][CONSENSUS][PBFT]checkAndChangeView: Reach consensus,org_view=139,org_changeCycle=0,cur_changeCycle=0,to_view=140
info|2019-10-25 16:58:38.556687|[g:1][CONSENSUS]addRawPrepare,height=5,reqIdx=0,hash=2673b042...
info|2019-10-25 16:58:38.557012|[g:1][CONSENSUS][PBFT]checkTimeout Succ,view=140,toView=141,nodeIdx=1,changeCycle=0,myNode=6ca4e435...,timecost=0.323
info|2019-10-25 16:58:38.559295|[g:1][CONSENSUS][PBFT]checkAndChangeView: Reach consensus,org_view=140,org_changeCycle=0,cur_changeCycle=0,to_view=141
info|2019-10-25 16:58:39.562151|[g:1][CONSENSUS][SEALER]++++++++++++++++ Generating seal on,blkNum=5,tx=0,nodeIdx=1,hash=7d90f778...
info|2019-10-25 16:58:39.568673|[g:1][CONSENSUS][PBFT]checkTimeout Succ,view=141,toView=142,nodeIdx=1,changeCycle=0,myNode=6ca4e435...,timecost=0.187
info|2019-10-25 16:58:39.569644|[g:1][CONSENSUS][PBFT]checkAndChangeView: Reach consensus,org_view=141,org_changeCycle=0,cur_changeCycle=0,to_view=142
info|2019-10-25 16:58:40.569010|[g:1][CONSENSUS]addRawPrepare,height=5,reqIdx=2,hash=71824e0d...
info|2019-10-25 16:58:40.569246|[g:1][CONSENSUS][PBFT]checkTimeout Succ,view=142,toView=143,nodeIdx=1,changeCycle=0,myNode=6ca4e435...,timecost=0.216
info|2019-10-25 16:58:40.571730|[g:1][CONSENSUS][PBFT]checkAndChangeView: Reach consensus,org_view=142,org_changeCycle=0,cur_changeCycle=0,to_view=143
info|2019-10-25 16:58:41.573315|[g:1][CONSENSUS]addRawPrepare,height=5,reqIdx=3,hash=dbd5549c...
info|2019-10-25 16:58:41.573538|[g:1][CONSENSUS][PBFT]checkTimeout Succ,view=143,toView=144,nodeIdx=1,changeCycle=0,myNode=6ca4e435...,timecost=0.197
info|2019-10-25 16:58:41.576789|[g:1][CONSENSUS][PBFT]checkAndChangeView: Reach consensus,org_view=143,org_changeCycle=0,cur_changeCycle=0,to_view=144
info|2019-10-25 16:58:42.582494|[g:1][CONSENSUS]addRawPrepare,height=5,reqIdx=0,hash=a881251d...
info|2019-10-25 16:58:42.582904|[g:1][CONSENSUS][PBFT]checkTimeout Succ,view=144,toView=145,nodeIdx=1,changeCycle=0,myNode=6ca4e435...,timecost=0.379
info|2019-10-25 16:58:42.586772|[g:1][CONSENSUS][PBFT]checkAndChangeView: Reach consensus,org_view=144,org_changeCycle=0,cur_changeCycle=0,to_view=145
info|2019-10-25 16:58:43.588153|[g:1][CONSENSUS][SEALER]++++++++++++++++ Generating seal on,blkNum=5,tx=0,nodeIdx=1,hash=84c56eee...
info|2019-10-25 16:58:43.595977|[g:1][CONSENSUS][PBFT]checkTimeout Succ,view=145,toView=146,nodeIdx=1,changeCycle=0,myNode=6ca4e435...,timecost=0.229
info|2019-10-25 16:58:43.596953|[g:1][CONSENSUS][PBFT]checkAndChangeView: Reach consensus,org_view=145,org_changeCycle=0,cur_changeCycle=0,to_view=146
info|2019-10-25 16:58:44.607860|[g:1][CONSENSUS]addRawPrepare,height=5,reqIdx=2,hash=4763b987...
info|2019-10-25 16:58:44.608415|[g:1][CONSENSUS][PBFT]checkTimeout Succ,view=146,toView=147,nodeIdx=1,changeCycle=0,myNode=6ca4e435...,timecost=0.469
info|2019-10-25 16:58:44.613607|[g:1][CONSENSUS][PBFT]checkAndChangeView: Reach consensus,org_view=146,org_changeCycle=0,cur_changeCycle=0,to_view=147
info|2019-10-25 16:58:45.618976|[g:1][CONSENSUS]addRawPrepare,height=5,reqIdx=3,hash=1770ddf2...
info|2019-10-25 16:58:45.619213|[g:1][CONSENSUS][PBFT]checkTimeout Succ,view=147,toView=148,nodeIdx=1,changeCycle=0,myNode=6ca4e435...,timecost=0.217
info|2019-10-25 16:58:45.621847|[g:1][CONSENSUS][PBFT]checkAndChangeView: Reach consensus,org_view=147,org_changeCycle=0,cur_changeCycle=0,to_view=148
info|2019-10-25 16:58:46.023181|[P2P][Service] heartBeat,connected count=3
info|2019-10-25 16:58:46.625258|[g:1][CONSENSUS]addRawPrepare,height=5,reqIdx=0,hash=283a9670...
info|2019-10-25 16:58:46.625658|[g:1][CONSENSUS][PBFT]checkTimeout Succ,view=148,toView=149,nodeIdx=1,changeCycle=0,myNode=6ca4e435...,timecost=0.362
info|2019-10-25 16:58:46.630100|[g:1][CONSENSUS][PBFT]checkAndChangeView: Reach consensus,org_view=148,org_changeCycle=0,cur_changeCycle=0,to_view=149
info|2019-10-25 16:58:47.631226|[g:1][CONSENSUS][SEALER]++++++++++++++++ Generating seal on,blkNum=5,tx=0,nodeIdx=1,hash=9ea7a0c6...
info|2019-10-25 16:58:47.639149|[g:1][CONSENSUS][PBFT]checkTimeout Succ,view=149,toView=150,nodeIdx=1,changeCycle=0,myNode=6ca4e435...,timecost=0.197
info|2019-10-25 16:58:47.640012|[g:1][CONSENSUS][PBFT]checkAndChangeView: Reach consensus,org_view=149,org_changeCycle=0,cur_changeCycle=0,to_view=150
info|2019-10-25 16:58:48.643434|[g:1][CONSENSUS]addRawPrepare,height=5,reqIdx=2,hash=c2df84ee...
info|2019-10-25 16:58:48.643687|[g:1][CONSENSUS][PBFT]checkTimeout Succ,view=150,toView=151,nodeIdx=1,changeCycle=0,myNode=6ca4e435...,timecost=0.226
info|2019-10-25 16:58:48.646346|[g:1][CONSENSUS][PBFT]checkAndChangeView: Reach consensus,org_view=150,org_changeCycle=0,cur_changeCycle=0,to_view=151
info|2019-10-25 16:58:49.650128|[g:1][CONSENSUS]addRawPrepare,height=5,reqIdx=3,hash=13e209ca...
info|2019-10-25 16:58:49.650454|[g:1][CONSENSUS][PBFT]checkTimeout Succ,view=151,toView=152,nodeIdx=1,changeCycle=0,myNode=6ca4e435...,timecost=0.29
info|2019-10-25 16:58:49.652384|[g:1][CONSENSUS][PBFT]checkAndChangeView: Reach consensus,org_view=151,org_changeCycle=0,cur_changeCycle=0,to_view=152
info|2019-10-25 16:58:50.655446|[g:1][CONSENSUS]addRawPrepare,height=5,reqIdx=0,hash=21308ce8...
info|2019-10-25 16:58:50.655659|[g:1][CONSENSUS][PBFT]checkTimeout Succ,view=152,toView=153,nodeIdx=1,changeCycle=0,myNode=6ca4e435...,timecost=0.192
info|2019-10-25 16:58:50.658314|[g:1][CONSENSUS][PBFT]checkAndChangeView: Reach consensus,org_view=152,org_changeCycle=0,cur_changeCycle=0,to_view=153
info|2019-10-25 16:58:51.659721|[g:1][CONSENSUS][SEALER]++++++++++++++++ Generating seal on,blkNum=5,tx=0,nodeIdx=1,hash=5e16b6c6...
info|2019-10-25 16:58:51.672669|[g:1][CONSENSUS][PBFT]checkTimeout Succ,view=153,toView=154,nodeIdx=1,changeCycle=0,myNode=6ca4e435...,timecost=0.281
info|2019-10-25 16:58:51.674247|[g:1][CONSENSUS][PBFT]checkAndChangeView: Reach consensus,org_view=153,org_changeCycle=0,cur_changeCycle=0,to_view=154
info|2019-10-25 16:58:52.712738|[g:1][CONSENSUS]addRawPrepare,height=5,reqIdx=2,hash=531b0af7...
info|2019-10-25 16:58:52.712979|[g:1][CONSENSUS][PBFT]checkTimeout Succ,view=154,toView=155,nodeIdx=1,changeCycle=0,myNode=6ca4e435...,timecost=0.21
info|2019-10-25 16:58:52.713292|[g:1][CONSENSUS][PBFT]checkAndChangeView: Reach consensus,org_view=154,org_changeCycle=0,cur_changeCycle=0,to_view=155
info|2019-10-25 16:58:53.717425|[g:1][CONSENSUS]addRawPrepare,height=5,reqIdx=3,hash=65e20c20...
info|2019-10-25 16:58:53.717783|[g:1][CONSENSUS][PBFT]checkTimeout Succ,view=155,toView=156,nodeIdx=1,changeCycle=0,myNode=6ca4e435...,timecost=0.317
info|2019-10-25 16:58:53.722310|[g:1][CONSENSUS][PBFT]checkAndChangeView: Reach consensus,org_view=155,org_changeCycle=0,cur_changeCycle=0,to_view=156
info|2019-10-25 16:58:54.725734|[g:1][CONSENSUS]addRawPrepare,height=5,reqIdx=0,hash=c6ccc9eb...
info|2019-10-25 16:58:54.726129|[g:1][CONSENSUS][PBFT]checkTimeout Succ,view=156,toView=157,nodeIdx=1,changeCycle=0,myNode=6ca4e435...,timecost=0.363
info|2019-10-25 16:58:54.728331|[g:1][CONSENSUS][PBFT]checkAndChangeView: Reach consensus,org_view=156,org_changeCycle=0,cur_changeCycle=0,to_view=157
info|2019-10-25 16:58:55.730999|[g:1][CONSENSUS][SEALER]++++++++++++++++ Generating seal on,blkNum=5,tx=0,nodeIdx=1,hash=33abca66...
info|2019-10-25 16:58:55.737112|[g:1][CONSENSUS][PBFT]checkTimeout Succ,view=157,toView=158,nodeIdx=1,changeCycle=0,myNode=6ca4e435...,timecost=0.205
info|2019-10-25 16:58:55.737955|[g:1][CONSENSUS][PBFT]checkAndChangeView: Reach consensus,org_view=157,org_changeCycle=0,cur_changeCycle=0,to_view=158
info|2019-10-25 16:58:56.023263|[P2P][Service] heartBeat,connected count=3
info|2019-10-25 16:58:56.738914|[g:1][CONSENSUS][PBFT]Trigger fast-viewchange,view=158,toView=158,minView=159,INFO=,reqNum=4,curNum=4,GenIdx=3,Cview=159,view=158,fromIdx=3,fromNode=ce7667d2...,fromIp=127.0.0.1:56916,hash=28ab0f72...,nodeIdx=1,myNode=6ca4e435...
info|2019-10-25 16:58:56.739139|[g:1][CONSENSUS][PBFT]checkAndChangeView: Reach consensus,org_view=158,org_changeCycle=0,cur_changeCycle=0,to_view=159
info|2019-10-25 16:58:56.739150|[g:1][CONSENSUS][PBFT]checkTimeout Succ,view=159,toView=159,nodeIdx=1,changeCycle=0,myNode=6ca4e435...,timecost=0.196
info|2019-10-25 16:58:57.744825|[g:1][CONSENSUS]addRawPrepare,height=5,reqIdx=3,hash=0ae57076...
info|2019-10-25 16:58:57.745063|[g:1][CONSENSUS][PBFT]checkTimeout Succ,view=159,toView=160,nodeIdx=1,changeCycle=0,myNode=6ca4e435...,timecost=0.212
info|2019-10-25 16:58:57.747276|[g:1][CONSENSUS][PBFT]checkAndChangeView: Reach consensus,org_view=159,org_changeCycle=0,cur_changeCycle=0,to_view=160
info|2019-10-25 16:58:58.752987|[g:1][CONSENSUS]addRawPrepare,height=5,reqIdx=0,hash=d1208ccc...
info|2019-10-25 16:58:58.753342|[g:1][CONSENSUS][PBFT]checkTimeout Succ,view=160,toView=161,nodeIdx=1,changeCycle=0,myNode=6ca4e435...,timecost=0.317
info|2019-10-25 16:58:58.762449|[g:1][CONSENSUS][PBFT]checkAndChangeView: Reach consensus,org_view=160,org_changeCycle=0,cur_changeCycle=0,to_view=161
info|2019-10-25 16:58:59.763382|[g:1][CONSENSUS][SEALER]++++++++++++++++ Generating seal on,blkNum=5,tx=0,nodeIdx=1,hash=f28614cb...
info|2019-10-25 16:58:59.769921|[g:1][CONSENSUS][PBFT]checkTimeout Succ,view=161,toView=162,nodeIdx=1,changeCycle=0,myNode=6ca4e435...,timecost=0.304
info|2019-10-25 16:58:59.771163|[g:1][CONSENSUS][PBFT]checkAndChangeView: Reach consensus,org_view=161,org_changeCycle=0,cur_changeCycle=0,to_view=162
info|2019-10-25 16:59:00.770464|[g:1][CONSENSUS]addRawPrepare,height=5,reqIdx=2,hash=a27c9474...
info|2019-10-25 16:59:00.770827|[g:1][CONSENSUS][PBFT]checkTimeout Succ,view=162,toView=163,nodeIdx=1,changeCycle=0,myNode=6ca4e435...,timecost=0.331
info|2019-10-25 16:59:00.773469|[g:1][CONSENSUS][PBFT]checkAndChangeView: Reach consensus,org_view=162,org_changeCycle=0,cur_changeCycle=0,to_view=163
info|2019-10-25 16:59:01.779142|[g:1][CONSENSUS]addRawPrepare,height=5,reqIdx=3,hash=7130ff4c...
info|2019-10-25 16:59:01.779413|[g:1][CONSENSUS][PBFT]checkTimeout Succ,view=163,toView=164,nodeIdx=1,changeCycle=0,myNode=6ca4e435...,timecost=0.241
info|2019-10-25 16:59:01.779907|[g:1][CONSENSUS][PBFT]checkAndChangeView: Reach consensus,org_view=163,org_changeCycle=0,cur_changeCycle=0,to_view=164
info|2019-10-25 16:59:02.787118|[g:1][CONSENSUS]addRawPrepare,height=5,reqIdx=0,hash=9083e1e8...
info|2019-10-25 16:59:02.787388|[g:1][CONSENSUS][PBFT]checkTimeout Succ,view=164,toView=165,nodeIdx=1,changeCycle=0,myNode=6ca4e435...,timecost=0.247
info|2019-10-25 16:59:02.832278|[g:1][CONSENSUS][PBFT]checkAndChangeView: Reach consensus,org_view=164,org_changeCycle=0,cur_changeCycle=0,to_view=165
info|2019-10-25 16:59:03.832359|[g:1][CONSENSUS][SEALER]++++++++++++++++ Generating seal on,blkNum=5,tx=0,nodeIdx=1,hash=e71bae80...
info|2019-10-25 16:59:03.848413|[g:1][CONSENSUS][PBFT]checkTimeout Succ,view=165,toView=166,nodeIdx=1,changeCycle=0,myNode=6ca4e435...,timecost=0.287
info|2019-10-25 16:59:03.849631|[g:1][CONSENSUS][PBFT]checkAndChangeView: Reach consensus,org_view=165,org_changeCycle=0,cur_changeCycle=0,to_view=166
info|2019-10-25 16:59:04.848565|[g:1][CONSENSUS]addRawPrepare,height=5,reqIdx=2,hash=188a74c6...
info|2019-10-25 16:59:04.848928|[g:1][CONSENSUS][PBFT]checkTimeout Succ,view=166,toView=167,nodeIdx=1,changeCycle=0,myNode=6ca4e435...,timecost=0.322
info|2019-10-25 16:59:04.851617|[g:1][CONSENSUS][PBFT]checkAndChangeView: Reach consensus,org_view=166,org_changeCycle=0,cur_changeCycle=0,to_view=167
info|2019-10-25 16:59:05.857634|[g:1][CONSENSUS]addRawPrepare,height=5,reqIdx=3,hash=8ddc2b5e...
info|2019-10-25 16:59:05.857899|[g:1][CONSENSUS][PBFT]checkTimeout Succ,view=167,toView=168,nodeIdx=1,changeCycle=0,myNode=6ca4e435...,timecost=0.234
info|2019-10-25 16:59:05.859731|[g:1][CONSENSUS][PBFT]checkAndChangeView: Reach consensus,org_view=167,org_changeCycle=0,cur_changeCycle=0,to_view=168
info|2019-10-25 16:59:06.023363|[P2P][Service] heartBeat,connected count=3
info|2019-10-25 16:59:06.867482|[g:1][CONSENSUS]addRawPrepare,height=5,reqIdx=0,hash=623ced2b...
info|2019-10-25 16:59:06.868232|[g:1][CONSENSUS][PBFT]checkTimeout Succ,view=168,toView=169,nodeIdx=1,changeCycle=0,myNode=6ca4e435...,timecost=0.724
info|2019-10-25 16:59:06.868874|[g:1][CONSENSUS][PBFT]checkAndChangeView: Reach consensus,org_view=168,org_changeCycle=0,cur_changeCycle=0,to_view=169
info|2019-10-25 16:59:07.870602|[g:1][CONSENSUS][SEALER]++++++++++++++++ Generating seal on,blkNum=5,tx=0,nodeIdx=1,hash=dfa697ce...
info|2019-10-25 16:59:07.878034|[g:1][CONSENSUS][PBFT]checkTimeout Succ,view=169,toView=170,nodeIdx=1,changeCycle=0,myNode=6ca4e435...,timecost=0.275
info|2019-10-25 16:59:07.879358|[g:1][CONSENSUS][PBFT]checkAndChangeView: Reach consensus,org_view=169,org_changeCycle=0,cur_changeCycle=0,to_view=170
info|2019-10-25 16:59:08.879054|[g:1][CONSENSUS]addRawPrepare,height=5,reqIdx=2,hash=dddd8fd0...
info|2019-10-25 16:59:08.879259|[g:1][CONSENSUS][PBFT]checkTimeout Succ,view=170,toView=171,nodeIdx=1,changeCycle=0,myNode=6ca4e435...,timecost=0.184
info|2019-10-25 16:59:08.882468|[g:1][CONSENSUS][PBFT]checkAndChangeView: Reach consensus,org_view=170,org_changeCycle=0,cur_changeCycle=0,to_view=171
info|2019-10-25 16:59:09.884056|[g:1][CONSENSUS]addRawPrepare,height=5,reqIdx=3,hash=9a9f36df...
info|2019-10-25 16:59:09.884294|[g:1][CONSENSUS][PBFT]checkTimeout Succ,view=171,toView=172,nodeIdx=1,changeCycle=0,myNode=6ca4e435...,timecost=0.218
info|2019-10-25 16:59:09.885901|[g:1][CONSENSUS][PBFT]checkAndChangeView: Reach consensus,org_view=171,org_changeCycle=0,cur_changeCycle=0,to_view=172
info|2019-10-25 16:59:10.891235|[g:1][CONSENSUS]addRawPrepare,height=5,reqIdx=0,hash=1434fa09...
info|2019-10-25 16:59:10.891648|[g:1][CONSENSUS][PBFT]checkTimeout Succ,view=172,toView=173,nodeIdx=1,changeCycle=0,myNode=6ca4e435...,timecost=0.367
info|2019-10-25 16:59:10.896115|[g:1][CONSENSUS][PBFT]checkAndChangeView: Reach consensus,org_view=172,org_changeCycle=0,cur_changeCycle=0,to_view=173
info|2019-10-25 16:59:11.899324|[g:1][CONSENSUS][SEALER]++++++++++++++++ Generating seal on,blkNum=5,tx=0,nodeIdx=1,hash=96f9b037...
info|2019-10-25 16:59:11.907162|[g:1][CONSENSUS][PBFT]checkTimeout Succ,view=173,toView=174,nodeIdx=1,changeCycle=0,myNode=6ca4e435...,timecost=0.278
info|2019-10-25 16:59:11.908476|[g:1][CONSENSUS][PBFT]checkAndChangeView: Reach consensus,org_view=173,org_changeCycle=0,cur_changeCycle=0,to_view=174
info|2019-10-25 16:59:12.907112|[g:1][CONSENSUS]addRawPrepare,height=5,reqIdx=2,hash=9eb75209...
info|2019-10-25 16:59:12.907322|[g:1][CONSENSUS][PBFT]checkTimeout Succ,view=174,toView=175,nodeIdx=1,changeCycle=0,myNode=6ca4e435...,timecost=0.187
info|2019-10-25 16:59:12.909839|[g:1][CONSENSUS][PBFT]checkAndChangeView: Reach consensus,org_view=174,org_changeCycle=0,cur_changeCycle=0,to_view=175
info|2019-10-25 16:59:13.913282|[g:1][CONSENSUS]addRawPrepare,height=5,reqIdx=3,hash=65240c1e...
info|2019-10-25 16:59:13.913604|[g:1][CONSENSUS][PBFT]checkTimeout Succ,view=175,toView=176,nodeIdx=1,changeCycle=0,myNode=6ca4e435...,timecost=0.292
info|2019-10-25 16:59:13.917195|[g:1][CONSENSUS][PBFT]checkAndChangeView: Reach consensus,org_view=175,org_changeCycle=0,cur_changeCycle=0,to_view=176
info|2019-10-25 16:59:14.920605|[g:1][CONSENSUS]addRawPrepare,height=5,reqIdx=0,hash=aabf790f...
info|2019-10-25 16:59:14.920840|[g:1][CONSENSUS][PBFT]checkTimeout Succ,view=176,toView=177,nodeIdx=1,changeCycle=0,myNode=6ca4e435...,timecost=0.208
info|2019-10-25 16:59:14.922789|[g:1][CONSENSUS][PBFT]checkAndChangeView: Reach consensus,org_view=176,org_changeCycle=0,cur_changeCycle=0,to_view=177
info|2019-10-25 16:59:15.924204|[g:1][CONSENSUS][SEALER]++++++++++++++++ Generating seal on,blkNum=5,tx=0,nodeIdx=1,hash=9aef869d...
info|2019-10-25 16:59:15.929732|[g:1][CONSENSUS][PBFT]checkTimeout Succ,view=177,toView=178,nodeIdx=1,changeCycle=0,myNode=6ca4e435...,timecost=0.19
info|2019-10-25 16:59:15.930696|[g:1][CONSENSUS][PBFT]checkAndChangeView: Reach consensus,org_view=177,org_changeCycle=0,cur_changeCycle=0,to_view=178
info|2019-10-25 16:59:16.023438|[P2P][Service] heartBeat,connected count=3
info|2019-10-25 16:59:16.935917|[g:1][CONSENSUS]addRawPrepare,height=5,reqIdx=2,hash=436c521f...
info|2019-10-25 16:59:16.936205|[g:1][CONSENSUS][PBFT]checkTimeout Succ,view=178,toView=179,nodeIdx=1,changeCycle=0,myNode=6ca4e435...,timecost=0.269
info|2019-10-25 16:59:16.938863|[g:1][CONSENSUS][PBFT]checkAndChangeView: Reach consensus,org_view=178,org_changeCycle=0,cur_changeCycle=0,to_view=179
info|2019-10-25 16:59:17.944166|[g:1][CONSENSUS]addRawPrepare,height=5,reqIdx=3,hash=a1b09dde...
info|2019-10-25 16:59:17.944491|[g:1][CONSENSUS][PBFT]checkTimeout Succ,view=179,toView=180,nodeIdx=1,changeCycle=0,myNode=6ca4e435...,timecost=0.287
info|2019-10-25 16:59:17.948097|[g:1][CONSENSUS][PBFT]checkAndChangeView: Reach consensus,org_view=179,org_changeCycle=0,cur_changeCycle=0,to_view=180
info|2019-10-25 16:59:18.952542|[g:1][CONSENSUS]addRawPrepare,height=5,reqIdx=0,hash=5cb06ea8...
info|2019-10-25 16:59:18.952880|[g:1][CONSENSUS][PBFT]checkTimeout Succ,view=180,toView=181,nodeIdx=1,changeCycle=0,myNode=6ca4e435...,timecost=0.304
info|2019-10-25 16:59:18.957294|[g:1][CONSENSUS][PBFT]checkAndChangeView: Reach consensus,org_view=180,org_changeCycle=0,cur_changeCycle=0,to_view=181
info|2019-10-25 16:59:19.957507|[g:1][CONSENSUS][SEALER]++++++++++++++++ Generating seal on,blkNum=5,tx=0,nodeIdx=1,hash=5e61fbf7...
info|2019-10-25 16:59:19.961191|[g:1][CONSENSUS][PBFT]checkTimeout Succ,view=181,toView=182,nodeIdx=1,changeCycle=0,myNode=6ca4e435...,timecost=0.256
info|2019-10-25 16:59:19.963716|[g:1][CONSENSUS][PBFT]checkAndChangeView: Reach consensus,org_view=181,org_changeCycle=0,cur_changeCycle=0,to_view=182
info|2019-10-25 16:59:20.970309|[g:1][CONSENSUS]addRawPrepare,height=5,reqIdx=2,hash=b7a2fa8b...
info|2019-10-25 16:59:20.970559|[g:1][CONSENSUS][PBFT]checkTimeout Succ,view=182,toView=183,nodeIdx=1,changeCycle=0,myNode=6ca4e435...,timecost=0.228
info|2019-10-25 16:59:20.973208|[g:1][CONSENSUS][PBFT]checkAndChangeView: Reach consensus,org_view=182,org_changeCycle=0,cur_changeCycle=0,to_view=183
info|2019-10-25 16:59:21.978370|[g:1][CONSENSUS]addRawPrepare,height=5,reqIdx=3,hash=6b5f02be...
info|2019-10-25 16:59:21.978579|[g:1][CONSENSUS][PBFT]checkTimeout Succ,view=183,toView=184,nodeIdx=1,changeCycle=0,myNode=6ca4e435...,timecost=0.188
info|2019-10-25 16:59:21.979679|[g:1][CONSENSUS][PBFT]checkAndChangeView: Reach consensus,org_view=183,org_changeCycle=0,cur_changeCycle=0,to_view=184
info|2019-10-25 16:59:22.983852|[g:1][CONSENSUS]addRawPrepare,height=5,reqIdx=0,hash=56c1c6fa...
info|2019-10-25 16:59:22.984153|[g:1][CONSENSUS][PBFT]checkTimeout Succ,view=184,toView=185,nodeIdx=1,changeCycle=0,myNode=6ca4e435...,timecost=0.273
info|2019-10-25 16:59:22.986960|[g:1][CONSENSUS][PBFT]checkAndChangeView: Reach consensus,org_view=184,org_changeCycle=0,cur_changeCycle=0,to_view=185
info|2019-10-25 16:59:23.987847|[g:1][CONSENSUS][SEALER]++++++++++++++++ Generating seal on,blkNum=5,tx=0,nodeIdx=1,hash=3e79c082...
info|2019-10-25 16:59:23.995690|[g:1][CONSENSUS][PBFT]checkTimeout Succ,view=185,toView=186,nodeIdx=1,changeCycle=0,myNode=6ca4e435...,timecost=0.34
info|2019-10-25 16:59:23.997109|[g:1][CONSENSUS][PBFT]checkAndChangeView: Reach consensus,org_view=185,org_changeCycle=0,cur_changeCycle=0,to_view=186
info|2019-10-25 16:59:24.996928|[g:1][CONSENSUS]addRawPrepare,height=5,reqIdx=2,hash=4344d1f7...
info|2019-10-25 16:59:24.997302|[g:1][CONSENSUS][PBFT]checkTimeout Succ,view=186,toView=187,nodeIdx=1,changeCycle=0,myNode=6ca4e435...,timecost=0.342
info|2019-10-25 16:59:25.001235|[g:1][CONSENSUS][PBFT]checkAndChangeView: Reach consensus,org_view=186,org_changeCycle=0,cur_changeCycle=0,to_view=187
info|2019-10-25 16:59:26.006678|[g:1][CONSENSUS]addRawPrepare,height=5,reqIdx=3,hash=64313600...
info|2019-10-25 16:59:26.006971|[g:1][CONSENSUS][PBFT]checkTimeout Succ,view=187,toView=188,nodeIdx=1,changeCycle=0,myNode=6ca4e435...,timecost=0.264
info|2019-10-25 16:59:26.009726|[g:1][CONSENSUS][PBFT]checkAndChangeView: Reach consensus,org_view=187,org_changeCycle=0,cur_changeCycle=0,to_view=188
info|2019-10-25 16:59:26.023507|[P2P][Service] heartBeat,connected count=3
info|2019-10-25 16:59:27.021078|[g:1][CONSENSUS]addRawPrepare,height=5,reqIdx=0,hash=c87574f4...
info|2019-10-25 16:59:27.021328|[g:1][CONSENSUS][PBFT]checkTimeout Succ,view=188,toView=189,nodeIdx=1,changeCycle=0,myNode=6ca4e435...,timecost=0.227
info|2019-10-25 16:59:27.025378|[g:1][CONSENSUS][PBFT]checkAndChangeView: Reach consensus,org_view=188,org_changeCycle=0,cur_changeCycle=0,to_view=189
info|2019-10-25 16:59:28.025562|[g:1][CONSENSUS][SEALER]++++++++++++++++ Generating seal on,blkNum=5,tx=0,nodeIdx=1,hash=3ed83095...
info|2019-10-25 16:59:28.033680|[g:1][CONSENSUS][PBFT]checkTimeout Succ,view=189,toView=190,nodeIdx=1,changeCycle=0,myNode=6ca4e435...,timecost=0.242
info|2019-10-25 16:59:28.034794|[g:1][CONSENSUS][PBFT]checkAndChangeView: Reach consensus,org_view=189,org_changeCycle=0,cur_changeCycle=0,to_view=190
info|2019-10-25 16:59:29.033243|[g:1][CONSENSUS]addRawPrepare,height=5,reqIdx=2,hash=9ec4dadd...
info|2019-10-25 16:59:29.033509|[g:1][CONSENSUS][PBFT]checkTimeout Succ,view=190,toView=191,nodeIdx=1,changeCycle=0,myNode=6ca4e435...,timecost=0.237
info|2019-10-25 16:59:29.037245|[g:1][CONSENSUS][PBFT]checkAndChangeView: Reach consensus,org_view=190,org_changeCycle=0,cur_changeCycle=0,to_view=191
info|2019-10-25 16:59:30.040243|[g:1][CONSENSUS]addRawPrepare,height=5,reqIdx=3,hash=1bfaf9a0...
info|2019-10-25 16:59:30.040444|[g:1][CONSENSUS][PBFT]checkTimeout Succ,view=191,toView=192,nodeIdx=1,changeCycle=0,myNode=6ca4e435...,timecost=0.181
info|2019-10-25 16:59:30.043252|[g:1][CONSENSUS][PBFT]checkAndChangeView: Reach consensus,org_view=191,org_changeCycle=0,cur_changeCycle=0,to_view=192
info|2019-10-25 16:59:31.045564|[g:1][CONSENSUS]addRawPrepare,height=5,reqIdx=0,hash=f913f431...
info|2019-10-25 16:59:31.045915|[g:1][CONSENSUS][PBFT]checkTimeout Succ,view=192,toView=193,nodeIdx=1,changeCycle=0,myNode=6ca4e435...,timecost=0.353
info|2019-10-25 16:59:31.049711|[g:1][CONSENSUS][PBFT]checkAndChangeView: Reach consensus,org_view=192,org_changeCycle=0,cur_changeCycle=0,to_view=193
info|2019-10-25 16:59:32.051114|[g:1][CONSENSUS][SEALER]++++++++++++++++ Generating seal on,blkNum=5,tx=0,nodeIdx=1,hash=db1aa2fc...
info|2019-10-25 16:59:32.056852|[g:1][CONSENSUS][PBFT]checkTimeout Succ,view=193,toView=194,nodeIdx=1,changeCycle=0,myNode=6ca4e435...,timecost=0.19
info|2019-10-25 16:59:32.057759|[g:1][CONSENSUS][PBFT]checkAndChangeView: Reach consensus,org_view=193,org_changeCycle=0,cur_changeCycle=0,to_view=194
info|2019-10-25 16:59:33.056428|[g:1][CONSENSUS]addRawPrepare,height=5,reqIdx=2,hash=a60caa0a...
info|2019-10-25 16:59:33.056640|[g:1][CONSENSUS][PBFT]checkTimeout Succ,view=194,toView=195,nodeIdx=1,changeCycle=0,myNode=6ca4e435...,timecost=0.193
info|2019-10-25 16:59:33.058652|[g:1][CONSENSUS][PBFT]checkAndChangeView: Reach consensus,org_view=194,org_changeCycle=0,cur_changeCycle=0,to_view=195
info|2019-10-25 16:59:34.061406|[g:1][CONSENSUS]addRawPrepare,height=5,reqIdx=3,hash=6a559cba...
info|2019-10-25 16:59:34.061672|[g:1][CONSENSUS][PBFT]checkTimeout Succ,view=195,toView=196,nodeIdx=1,changeCycle=0,myNode=6ca4e435...,timecost=0.242
info|2019-10-25 16:59:34.062249|[g:1][CONSENSUS][PBFT]checkAndChangeView: Reach consensus,org_view=195,org_changeCycle=0,cur_changeCycle=0,to_view=196
info|2019-10-25 16:59:35.066981|[g:1][CONSENSUS]addRawPrepare,height=5,reqIdx=0,hash=af0a157e...
info|2019-10-25 16:59:35.067263|[g:1][CONSENSUS][PBFT]checkTimeout Succ,view=196,toView=197,nodeIdx=1,changeCycle=0,myNode=6ca4e435...,timecost=0.249
info|2019-10-25 16:59:35.069627|[g:1][CONSENSUS][PBFT]checkAndChangeView: Reach consensus,org_view=196,org_changeCycle=0,cur_changeCycle=0,to_view=197
info|2019-10-25 16:59:36.036487|[P2P][Service] heartBeat,connected count=3
info|2019-10-25 16:59:36.069632|[g:1][CONSENSUS][SEALER]++++++++++++++++ Generating seal on,blkNum=5,tx=0,nodeIdx=1,hash=d01521ff...
info|2019-10-25 16:59:36.077567|[g:1][CONSENSUS][PBFT]checkTimeout Succ,view=197,toView=198,nodeIdx=1,changeCycle=0,myNode=6ca4e435...,timecost=0.189
info|2019-10-25 16:59:36.078372|[g:1][CONSENSUS][PBFT]checkAndChangeView: Reach consensus,org_view=197,org_changeCycle=0,cur_changeCycle=0,to_view=198
info|2019-10-25 16:59:37.080445|[g:1][CONSENSUS]addRawPrepare,height=5,reqIdx=2,hash=eb8703ea...
info|2019-10-25 16:59:37.080869|[g:1][CONSENSUS][PBFT]checkTimeout Succ,view=198,toView=199,nodeIdx=1,changeCycle=0,myNode=6ca4e435...,timecost=0.377
info|2019-10-25 16:59:37.084512|[g:1][CONSENSUS][PBFT]checkAndChangeView: Reach consensus,org_view=198,org_changeCycle=0,cur_changeCycle=0,to_view=199
info|2019-10-25 16:59:38.086630|[g:1][CONSENSUS]addRawPrepare,height=5,reqIdx=3,hash=fdefb03b...
info|2019-10-25 16:59:38.087063|[g:1][CONSENSUS][PBFT]checkTimeout Succ,view=199,toView=200,nodeIdx=1,changeCycle=0,myNode=6ca4e435...,timecost=0.401
info|2019-10-25 16:59:38.092456|[g:1][CONSENSUS][PBFT]checkAndChangeView: Reach consensus,org_view=199,org_changeCycle=0,cur_changeCycle=0,to_view=200
info|2019-10-25 16:59:39.096061|[g:1][CONSENSUS][PBFT]Trigger fast-viewchange,view=200,toView=200,minView=201,INFO=,reqNum=4,curNum=4,GenIdx=3,Cview=201,view=200,fromIdx=3,fromNode=ce7667d2...,fromIp=127.0.0.1:56916,hash=28ab0f72...,nodeIdx=1,myNode=6ca4e435...
info|2019-10-25 16:59:39.096280|[g:1][CONSENSUS][PBFT]checkAndChangeView: Reach consensus,org_view=200,org_changeCycle=0,cur_changeCycle=0,to_view=201
info|2019-10-25 16:59:39.096286|[g:1][CONSENSUS][PBFT]checkTimeout Succ,view=201,toView=201,nodeIdx=1,changeCycle=0,myNode=6ca4e435...,timecost=0.185
info|2019-10-25 16:59:40.097975|[g:1][CONSENSUS][SEALER]++++++++++++++++ Generating seal on,blkNum=5,tx=0,nodeIdx=1,hash=a2fbbdf1...
info|2019-10-25 16:59:40.111910|[g:1][CONSENSUS][PBFT]checkTimeout Succ,view=201,toView=202,nodeIdx=1,changeCycle=0,myNode=6ca4e435...,timecost=0.366
info|2019-10-25 16:59:40.113969|[g:1][CONSENSUS][PBFT]checkAndChangeView: Reach consensus,org_view=201,org_changeCycle=0,cur_changeCycle=0,to_view=202
info|2019-10-25 16:59:41.112175|[g:1][CONSENSUS]addRawPrepare,height=5,reqIdx=2,hash=1764e516...
info|2019-10-25 16:59:41.112495|[g:1][CONSENSUS][PBFT]checkTimeout Succ,view=202,toView=203,nodeIdx=1,changeCycle=0,myNode=6ca4e435...,timecost=0.291
info|2019-10-25 16:59:41.115040|[g:1][CONSENSUS][PBFT]checkAndChangeView: Reach consensus,org_view=202,org_changeCycle=0,cur_changeCycle=0,to_view=203
info|2019-10-25 16:59:42.118107|[g:1][CONSENSUS]addRawPrepare,height=5,reqIdx=3,hash=33e149a1...
info|2019-10-25 16:59:42.118309|[g:1][CONSENSUS][PBFT]checkTimeout Succ,view=203,toView=204,nodeIdx=1,changeCycle=0,myNode=6ca4e435...,timecost=0.182
info|2019-10-25 16:59:42.119263|[g:1][CONSENSUS][PBFT]checkAndChangeView: Reach consensus,org_view=203,org_changeCycle=0,cur_changeCycle=0,to_view=204
info|2019-10-25 16:59:43.123992|[g:1][CONSENSUS]addRawPrepare,height=5,reqIdx=0,hash=f139112c...
info|2019-10-25 16:59:43.124252|[g:1][CONSENSUS][PBFT]checkTimeout Succ,view=204,toView=205,nodeIdx=1,changeCycle=0,myNode=6ca4e435...,timecost=0.23
info|2019-10-25 16:59:43.128057|[g:1][CONSENSUS][PBFT]checkAndChangeView: Reach consensus,org_view=204,org_changeCycle=0,cur_changeCycle=0,to_view=205
info|2019-10-25 16:59:44.128582|[g:1][CONSENSUS][SEALER]++++++++++++++++ Generating seal on,blkNum=5,tx=0,nodeIdx=1,hash=76f72acd...
info|2019-10-25 16:59:44.136983|[g:1][CONSENSUS][PBFT]checkTimeout Succ,view=205,toView=206,nodeIdx=1,changeCycle=0,myNode=6ca4e435...,timecost=0.29
info|2019-10-25 16:59:44.137855|[g:1][CONSENSUS][PBFT]checkAndChangeView: Reach consensus,org_view=205,org_changeCycle=0,cur_changeCycle=0,to_view=206
info|2019-10-25 16:59:45.137838|[g:1][CONSENSUS]addRawPrepare,height=5,reqIdx=2,hash=3b714f1d...
info|2019-10-25 16:59:45.138046|[g:1][CONSENSUS][PBFT]checkTimeout Succ,view=206,toView=207,nodeIdx=1,changeCycle=0,myNode=6ca4e435...,timecost=0.185
info|2019-10-25 16:59:45.144037|[g:1][CONSENSUS][PBFT]checkAndChangeView: Reach consensus,org_view=206,org_changeCycle=0,cur_changeCycle=0,to_view=207
info|2019-10-25 16:59:46.036560|[P2P][Service] heartBeat,connected count=3
info|2019-10-25 16:59:46.146908|[g:1][CONSENSUS]addRawPrepare,height=5,reqIdx=3,hash=b19adf31...
info|2019-10-25 16:59:46.147116|[g:1][CONSENSUS][PBFT]checkTimeout Succ,view=207,toView=208,nodeIdx=1,changeCycle=0,myNode=6ca4e435...,timecost=0.186
info|2019-10-25 16:59:46.149449|[g:1][CONSENSUS][PBFT]checkAndChangeView: Reach consensus,org_view=207,org_changeCycle=0,cur_changeCycle=0,to_view=208
info|2019-10-25 16:59:47.152746|[g:1][CONSENSUS]addRawPrepare,height=5,reqIdx=0,hash=69b05a0d...
info|2019-10-25 16:59:47.154564|[g:1][CONSENSUS][PBFT]checkTimeout Succ,view=208,toView=209,nodeIdx=1,changeCycle=0,myNode=6ca4e435...,timecost=1.763
info|2019-10-25 16:59:47.155165|[g:1][CONSENSUS][PBFT]checkAndChangeView: Reach consensus,org_view=208,org_changeCycle=0,cur_changeCycle=0,to_view=209
info|2019-10-25 16:59:48.156031|[g:1][CONSENSUS][SEALER]++++++++++++++++ Generating seal on,blkNum=5,tx=0,nodeIdx=1,hash=dff84aa4...
info|2019-10-25 16:59:48.161395|[g:1][CONSENSUS][PBFT]checkTimeout Succ,view=209,toView=210,nodeIdx=1,changeCycle=0,myNode=6ca4e435...,timecost=0.275
info|2019-10-25 16:59:48.162985|[g:1][CONSENSUS][PBFT]checkAndChangeView: Reach consensus,org_view=209,org_changeCycle=0,cur_changeCycle=0,to_view=210
info|2019-10-25 16:59:49.169727|[g:1][CONSENSUS]addRawPrepare,height=5,reqIdx=2,hash=7c6d3575...
info|2019-10-25 16:59:49.169969|[g:1][CONSENSUS][PBFT]checkTimeout Succ,view=210,toView=211,nodeIdx=1,changeCycle=0,myNode=6ca4e435...,timecost=0.236
info|2019-10-25 16:59:49.172845|[g:1][CONSENSUS][PBFT]checkAndChangeView: Reach consensus,org_view=210,org_changeCycle=0,cur_changeCycle=0,to_view=211
info|2019-10-25 16:59:50.175392|[g:1][CONSENSUS]addRawPrepare,height=5,reqIdx=3,hash=6328c900...
info|2019-10-25 16:59:50.175603|[g:1][CONSENSUS][PBFT]checkTimeout Succ,view=211,toView=212,nodeIdx=1,changeCycle=0,myNode=6ca4e435...,timecost=0.189
info|2019-10-25 16:59:50.178790|[g:1][CONSENSUS][PBFT]checkAndChangeView: Reach consensus,org_view=211,org_changeCycle=0,cur_changeCycle=0,to_view=212
info|2019-10-25 16:59:51.184931|[g:1][CONSENSUS]addRawPrepare,height=5,reqIdx=0,hash=927afa5c...
info|2019-10-25 16:59:51.185295|[g:1][CONSENSUS][PBFT]checkTimeout Succ,view=212,toView=213,nodeIdx=1,changeCycle=0,myNode=6ca4e435...,timecost=0.33
info|2019-10-25 16:59:51.188578|[g:1][CONSENSUS][PBFT]checkAndChangeView: Reach consensus,org_view=212,org_changeCycle=0,cur_changeCycle=0,to_view=213
info|2019-10-25 16:59:52.189359|[g:1][CONSENSUS][SEALER]++++++++++++++++ Generating seal on,blkNum=5,tx=0,nodeIdx=1,hash=2aa58eb3...
info|2019-10-25 16:59:52.195389|[g:1][CONSENSUS][PBFT]checkTimeout Succ,view=213,toView=214,nodeIdx=1,changeCycle=0,myNode=6ca4e435...,timecost=0.19
info|2019-10-25 16:59:52.196372|[g:1][CONSENSUS][PBFT]checkAndChangeView: Reach consensus,org_view=213,org_changeCycle=0,cur_changeCycle=0,to_view=214
info|2019-10-25 16:59:53.195703|[g:1][CONSENSUS]addRawPrepare,height=5,reqIdx=2,hash=17a632d9...
info|2019-10-25 16:59:53.196069|[g:1][CONSENSUS][PBFT]checkTimeout Succ,view=214,toView=215,nodeIdx=1,changeCycle=0,myNode=6ca4e435...,timecost=0.332
info|2019-10-25 16:59:53.202194|[g:1][CONSENSUS][PBFT]checkAndChangeView: Reach consensus,org_view=214,org_changeCycle=0,cur_changeCycle=0,to_view=215
info|2019-10-25 16:59:54.206807|[g:1][CONSENSUS]addRawPrepare,height=5,reqIdx=3,hash=77d308da...
info|2019-10-25 16:59:54.208247|[g:1][CONSENSUS][PBFT]checkTimeout Succ,view=215,toView=216,nodeIdx=1,changeCycle=0,myNode=6ca4e435...,timecost=1.412
info|2019-10-25 16:59:54.209010|[g:1][CONSENSUS][PBFT]checkAndChangeView: Reach consensus,org_view=215,org_changeCycle=0,cur_changeCycle=0,to_view=216
info|2019-10-25 16:59:55.212123|[g:1][CONSENSUS]addRawPrepare,height=5,reqIdx=0,hash=536021ac...
info|2019-10-25 16:59:55.212351|[g:1][CONSENSUS][PBFT]checkTimeout Succ,view=216,toView=217,nodeIdx=1,changeCycle=0,myNode=6ca4e435...,timecost=0.208
info|2019-10-25 16:59:55.213377|[g:1][CONSENSUS][PBFT]checkAndChangeView: Reach consensus,org_view=216,org_changeCycle=0,cur_changeCycle=0,to_view=217
info|2019-10-25 16:59:56.036632|[P2P][Service] heartBeat,connected count=3
info|2019-10-25 16:59:56.213882|[g:1][CONSENSUS][SEALER]++++++++++++++++ Generating seal on,blkNum=5,tx=0,nodeIdx=1,hash=87bbb6ef...
info|2019-10-25 16:59:56.220651|[g:1][CONSENSUS][PBFT]checkTimeout Succ,view=217,toView=218,nodeIdx=1,changeCycle=0,myNode=6ca4e435...,timecost=0.309
info|2019-10-25 16:59:56.221496|[g:1][CONSENSUS][PBFT]checkAndChangeView: Reach consensus,org_view=217,org_changeCycle=0,cur_changeCycle=0,to_view=218
info|2019-10-25 16:59:57.221707|[g:1][CONSENSUS]addRawPrepare,height=5,reqIdx=2,hash=f728e30a...
info|2019-10-25 16:59:57.221919|[g:1][CONSENSUS][PBFT]checkTimeout Succ,view=218,toView=219,nodeIdx=1,changeCycle=0,myNode=6ca4e435...,timecost=0.191
info|2019-10-25 16:59:57.222954|[g:1][CONSENSUS][PBFT]checkAndChangeView: Reach consensus,org_view=218,org_changeCycle=0,cur_changeCycle=0,to_view=219
info|2019-10-25 16:59:58.226914|[g:1][CONSENSUS]addRawPrepare,height=5,reqIdx=3,hash=c570c811...
info|2019-10-25 16:59:58.227146|[g:1][CONSENSUS][PBFT]checkTimeout Succ,view=219,toView=220,nodeIdx=1,changeCycle=0,myNode=6ca4e435...,timecost=0.212
info|2019-10-25 16:59:58.228325|[g:1][CONSENSUS][PBFT]checkAndChangeView: Reach consensus,org_view=219,org_changeCycle=0,cur_changeCycle=0,to_view=220
info|2019-10-25 16:59:59.232235|[g:1][CONSENSUS][PBFT]Trigger fast-viewchange,view=220,toView=220,minView=221,INFO=,reqNum=4,curNum=4,GenIdx=3,Cview=221,view=220,fromIdx=3,fromNode=ce7667d2...,fromIp=127.0.0.1:56916,hash=28ab0f72...,nodeIdx=1,myNode=6ca4e435...
info|2019-10-25 16:59:59.234020|[g:1][CONSENSUS][PBFT]checkAndChangeView: Reach consensus,org_view=220,org_changeCycle=0,cur_changeCycle=0,to_view=221
info|2019-10-25 16:59:59.234035|[g:1][CONSENSUS][PBFT]checkTimeout Succ,view=221,toView=221,nodeIdx=1,changeCycle=0,myNode=6ca4e435...,timecost=1.749
