info|2019-10-25 16:56:15.825257|[INITIALIZER][initGlobalConfig],enableCompress=true,compatibilityVersion=2.1.0,versionNumber=33619968,chainId=1
info|2019-10-25 16:56:16.086999|[NETWORK][Host]Connecting to node,endpoint=127.0.0.1:30300
info|2019-10-25 16:56:16.087100|[NETWORK][Host]Connecting to node,endpoint=127.0.0.1:30301
info|2019-10-25 16:56:16.087149|[NETWORK][Host]Connecting to node,endpoint=127.0.0.1:30302
info|2019-10-25 16:56:16.087191|[NETWORK][Host]Connecting to node,endpoint=127.0.0.1:30303
info|2019-10-25 16:56:16.087230|[P2P][Service] heartBeat,connected count=0
info|2019-10-25 16:56:16.091836|[NETWORK][Host]P2P StartAccept,Host=0.0.0.0:30301
info|2019-10-25 16:56:16.092391|[NETWORK][ASIO]asyncResolveConnect,endpoint=127.0.0.1:30300
info|2019-10-25 16:56:16.092461|[NETWORK][ASIO]asyncResolveConnect,endpoint=127.0.0.1:30301
info|2019-10-25 16:56:16.092498|[NETWORK][ASIO]asyncResolveConnect,endpoint=127.0.0.1:30302
info|2019-10-25 16:56:16.092537|[NETWORK][ASIO]asyncResolveConnect,endpoint=127.0.0.1:30303
info|2019-10-25 16:56:16.094608|[NETWORK][Host]P2P Recv Connect, From=127.0.0.1:36234
info|2019-10-25 16:56:16.094637|[NETWORK][Host]P2P StartAccept,Host=0.0.0.0:30301
warning|2019-10-25 16:56:16.094724|[NETWORK][Host]TCP Connection refused by node,endpoint=127.0.0.1:30303,message=拒绝连接
warning|2019-10-25 16:56:16.094867|[P2P][Service] onConnect,errorCode=5,what=Connect failed
info|2019-10-25 16:56:16.095144|[CHANNEL]ChannelRPCServer started
info|2019-10-25 16:56:16.095150|[INITIALIZER][RPCInitializer]ChannelRPCHttpServer started.
info|2019-10-25 16:56:16.095159|[LedgerInitializer],groupConfigPath=conf/
info|2019-10-25 16:56:16.095251|[INITIALIZER][initSingleLedger] [GroupId]:  1
info|2019-10-25 16:56:16.095260|[g:1][LEDGER]LedgerConstructor,configPath=conf/group.1.genesis,baseDir=data//group1
info|2019-10-25 16:56:16.095264|[g:1][LEDGER][initGenesisConfig]initConsensusConfig/initDBConfig/initTxConfig,configFile=conf/group.1.genesis
info|2019-10-25 16:56:16.095362|[g:1][LEDGER][initConsensusConfig],it.first=6ca4e4357f23c00305438a231da700dcbe1a73f0153100973f897df746d8c1a215b9abd1167614a8cb5f88b7e9d4c3ed8fa9c08b4e72983d5704f052e0f07171
info|2019-10-25 16:56:16.095377|[g:1][LEDGER][initConsensusConfig],it.first=ce7667d22f36b9bc46dab2299a164ede5fc6a3de01a73c3b1807a90cf3c9e84690d252027d83fd4f273a8a633de0cdd72107110583e60cfc86ca72d2540893c2
info|2019-10-25 16:56:16.095389|[g:1][LEDGER][initConsensusConfig],it.first=b32aa73000f5e5a6559141802600f32092eadd9aed3437f6a786a2aee8189c58ccc527068d6c26d96c36208dcaa98d513791c045394ed2da0a3d41a156d19b5f
info|2019-10-25 16:56:16.095405|[g:1][LEDGER][initConsensusConfig],it.first=65ad87829ed327829d55d9a8c98ac955418c90bb5ea732ccddfd9a3f2d56c17d70ea59e799fd4330aac747b3aa9c52f66747f67f399dcb68bc2ed4f20d8832fd
info|2019-10-25 16:56:16.095434|[g:1][LEDGER][initIniConfig]initTxPoolConfig/initSyncConfig/initTxExecuteConfig,configFile=conf/group.1.ini
info|2019-10-25 16:56:16.095524|[g:1][LEDGER][initLedger][DBInitializer]
info|2019-10-25 16:56:16.095533|[g:1][DBINITIALIZER] [initRocksDBStorage]
info|2019-10-25 16:56:16.095566|[g:1][ROCKSDB]open rocksDB handler
info|2019-10-25 16:56:16.146956|[NETWORK][Host]P2P Recv Connect, From=127.0.0.1:36242
info|2019-10-25 16:56:16.146993|[NETWORK][Host]P2P StartAccept,Host=0.0.0.0:30301
info|2019-10-25 16:56:16.169879|[P2P][Service] Connection established,nodeID=6ca4e435...,endpoint=127.0.0.1:30300
info|2019-10-25 16:56:16.173862|[NETWORK][Host]startPeerSession, From=127.0.0.1:30300,nodeID=6ca4e435...
info|2019-10-25 16:56:16.178872|[NETWORK][Host]startPeerSession, From=127.0.0.1:36234,nodeID=ce7667d2...
info|2019-10-25 16:56:16.198166|[NETWORK][Host]startPeerSession, From=127.0.0.1:30301,nodeID=ce7667d2...
info|2019-10-25 16:56:16.227595|[g:1][g:0][STORAGE][CachedStorage]Init flushStorage thread
info|2019-10-25 16:56:16.227983|[g:1][BLOCKCHAIN][#checkAndBuildGenesisBlock]Already have the 0th block, 0th groupMark is equal to file groupMark.
info|2019-10-25 16:56:16.228603|[g:1][CONSENSUS][PBFT]Register handler for PBFTEngine
info|2019-10-25 16:56:16.228670|[g:1][CONSENSUS][PBFT],minBlockGenerationTime=500
info|2019-10-25 16:56:16.228700|[LedgerInitializer init group succ],groupID=1
info|2019-10-25 16:56:16.228868|[INITIALIZER][RPCInitializer]JsonrpcHttpServer started.
info|2019-10-25 16:56:16.228886|[g:1][LEDGER]startAll...
info|2019-10-25 16:56:16.229305|[NETWORK][Host]startPeerSession, From=127.0.0.1:30302,nodeID=b32aa730...
info|2019-10-25 16:56:16.229357|[P2P][Service] Connection established,nodeID=b32aa730...,endpoint=127.0.0.1:30302
info|2019-10-25 16:56:16.231244|[g:1][CONSENSUS][PBFT]^^^^^^^^Report,num=4,sealerIdx=1,hash=28ab0f72...,next=5,tx=1,nodeIdx=3
info|2019-10-25 16:56:16.234981|[g:1][CONSENSUS][PBFT][PBFT init env successfully]
info|2019-10-25 16:56:16.234993|[g:1][CONSENSUS][ConsensusEngine][Start ConsensusEngineBase]
info|2019-10-25 16:56:16.238572|[NETWORK][Host]startPeerSession, From=127.0.0.1:36242,nodeID=b32aa730...
info|2019-10-25 16:56:16.238691|[g:1][CONSENSUS][PBFT][Start PBFTEngine...]
info|2019-10-25 16:56:16.238698|[g:1][CONSENSUS][SEALER][Start sealer module]
info|2019-10-25 16:56:16.244202|[g:1][EVENT][EventLogFilterManager]start,m_maxBlockRange=0,m_maxBlockPerLoopFilter=3
info|2019-10-25 16:56:16.263899|[NETWORK][Host]P2P Recv Connect, From=127.0.0.1:36250
info|2019-10-25 16:56:16.263933|[NETWORK][Host]P2P StartAccept,Host=0.0.0.0:30301
info|2019-10-25 16:56:16.286634|[P2P][Service] Connection established,nodeID=65ad8782...,endpoint=127.0.0.1:36250
info|2019-10-25 16:56:16.286668|[NETWORK][Host]startPeerSession, From=127.0.0.1:36250,nodeID=65ad8782...
warning|2019-10-25 16:56:16.343223|[SYNC][id:ce7667d2...][Status]Peer data not found,nodeId=65ad8782...
warning|2019-10-25 16:56:16.382927|[SYNC][id:ce7667d2...][Status]Peer data not found,nodeId=65ad8782...
info|2019-10-25 16:56:17.355586|[g:1][CONSENSUS]addRawPrepare,height=5,reqIdx=0,hash=51983633...
info|2019-10-25 16:56:17.355876|[g:1][CONSENSUS][PBFT]checkTimeout Succ,view=0,toView=1,nodeIdx=3,changeCycle=0,myNode=ce7667d2...,timecost=0.192
info|2019-10-25 16:56:17.356425|[g:1][CONSENSUS][PBFT]checkAndChangeView: Reach consensus,org_view=0,org_changeCycle=0,cur_changeCycle=0,to_view=1
info|2019-10-25 16:56:18.360867|[g:1][CONSENSUS]addRawPrepare,height=5,reqIdx=1,hash=3d4e4b02...
info|2019-10-25 16:56:18.361222|[g:1][CONSENSUS][PBFT]checkTimeout Succ,view=1,toView=2,nodeIdx=3,changeCycle=0,myNode=ce7667d2...,timecost=0.331
info|2019-10-25 16:56:18.364904|[g:1][CONSENSUS][PBFT]checkAndChangeView: Reach consensus,org_view=1,org_changeCycle=0,cur_changeCycle=0,to_view=2
info|2019-10-25 16:56:19.368092|[g:1][CONSENSUS]addRawPrepare,height=5,reqIdx=2,hash=12197bf4...
info|2019-10-25 16:56:19.368359|[g:1][CONSENSUS][PBFT]checkTimeout Succ,view=2,toView=3,nodeIdx=3,changeCycle=0,myNode=ce7667d2...,timecost=0.238
info|2019-10-25 16:56:19.371158|[g:1][CONSENSUS][PBFT]checkAndChangeView: Reach consensus,org_view=2,org_changeCycle=0,cur_changeCycle=0,to_view=3
info|2019-10-25 16:56:20.371507|[g:1][CONSENSUS][SEALER]++++++++++++++++ Generating seal on,blkNum=5,tx=0,nodeIdx=3,hash=80c10a44...
info|2019-10-25 16:56:20.382599|[g:1][CONSENSUS][PBFT]checkTimeout Succ,view=3,toView=4,nodeIdx=3,changeCycle=0,myNode=ce7667d2...,timecost=0.276
info|2019-10-25 16:56:20.383935|[g:1][CONSENSUS][PBFT]checkAndChangeView: Reach consensus,org_view=3,org_changeCycle=0,cur_changeCycle=0,to_view=4
info|2019-10-25 16:56:21.385913|[g:1][CONSENSUS]addRawPrepare,height=5,reqIdx=0,hash=d7f5c17c...
info|2019-10-25 16:56:21.386247|[g:1][CONSENSUS][PBFT]checkTimeout Succ,view=4,toView=5,nodeIdx=3,changeCycle=0,myNode=ce7667d2...,timecost=0.306
info|2019-10-25 16:56:21.386926|[g:1][CONSENSUS][PBFT]checkAndChangeView: Reach consensus,org_view=4,org_changeCycle=0,cur_changeCycle=0,to_view=5
info|2019-10-25 16:56:22.391740|[g:1][CONSENSUS]addRawPrepare,height=5,reqIdx=1,hash=7e4f193c...
info|2019-10-25 16:56:22.392079|[g:1][CONSENSUS][PBFT]checkTimeout Succ,view=5,toView=6,nodeIdx=3,changeCycle=0,myNode=ce7667d2...,timecost=0.276
info|2019-10-25 16:56:22.394448|[g:1][CONSENSUS][PBFT]checkAndChangeView: Reach consensus,org_view=5,org_changeCycle=0,cur_changeCycle=0,to_view=6
info|2019-10-25 16:56:23.398793|[g:1][CONSENSUS]addRawPrepare,height=5,reqIdx=2,hash=29991336...
info|2019-10-25 16:56:23.399326|[g:1][CONSENSUS][PBFT]checkTimeout Succ,view=6,toView=7,nodeIdx=3,changeCycle=0,myNode=ce7667d2...,timecost=0.487
info|2019-10-25 16:56:23.405117|[g:1][CONSENSUS][PBFT]checkAndChangeView: Reach consensus,org_view=6,org_changeCycle=0,cur_changeCycle=0,to_view=7
info|2019-10-25 16:56:24.406494|[g:1][CONSENSUS][SEALER]++++++++++++++++ Generating seal on,blkNum=5,tx=0,nodeIdx=3,hash=4f86e6a3...
info|2019-10-25 16:56:24.414945|[g:1][CONSENSUS][PBFT]checkTimeout Succ,view=7,toView=8,nodeIdx=3,changeCycle=0,myNode=ce7667d2...,timecost=0.279
info|2019-10-25 16:56:24.416304|[g:1][CONSENSUS][PBFT]checkAndChangeView: Reach consensus,org_view=7,org_changeCycle=0,cur_changeCycle=0,to_view=8
info|2019-10-25 16:56:25.417517|[g:1][CONSENSUS]addRawPrepare,height=5,reqIdx=0,hash=0eb67bfc...
info|2019-10-25 16:56:25.421957|[g:1][CONSENSUS][PBFT]checkTimeout Succ,view=8,toView=9,nodeIdx=3,changeCycle=0,myNode=ce7667d2...,timecost=4.375
info|2019-10-25 16:56:25.425956|[g:1][CONSENSUS][PBFT]checkAndChangeView: Reach consensus,org_view=8,org_changeCycle=0,cur_changeCycle=0,to_view=9
info|2019-10-25 16:56:26.019630|[NETWORK][Host]P2P Recv Connect, From=127.0.0.1:36256
info|2019-10-25 16:56:26.019662|[NETWORK][Host]P2P StartAccept,Host=0.0.0.0:30301
info|2019-10-25 16:56:26.031601|[NETWORK][Host]startPeerSession, From=127.0.0.1:36256,nodeID=6ca4e435...
info|2019-10-25 16:56:26.087308|[NETWORK][Host]Connecting to node,endpoint=127.0.0.1:30303
info|2019-10-25 16:56:26.087367|[P2P][Service] heartBeat,connected count=3
info|2019-10-25 16:56:26.087545|[NETWORK][ASIO]asyncResolveConnect,endpoint=127.0.0.1:30303
info|2019-10-25 16:56:26.095399|[NETWORK][Host]startPeerSession, From=127.0.0.1:30303,nodeID=65ad8782...
info|2019-10-25 16:56:26.433073|[g:1][CONSENSUS]addRawPrepare,height=5,reqIdx=1,hash=3462059f...
info|2019-10-25 16:56:26.433473|[g:1][CONSENSUS][PBFT]checkTimeout Succ,view=9,toView=10,nodeIdx=3,changeCycle=0,myNode=ce7667d2...,timecost=0.366
info|2019-10-25 16:56:26.442565|[g:1][CONSENSUS][PBFT]checkAndChangeView: Reach consensus,org_view=9,org_changeCycle=0,cur_changeCycle=0,to_view=10
info|2019-10-25 16:56:27.442914|[g:1][CONSENSUS]addRawPrepare,height=5,reqIdx=2,hash=fea601f6...
info|2019-10-25 16:56:27.443258|[g:1][CONSENSUS][PBFT]checkTimeout Succ,view=10,toView=11,nodeIdx=3,changeCycle=0,myNode=ce7667d2...,timecost=0.313
info|2019-10-25 16:56:27.446221|[g:1][CONSENSUS][PBFT]checkAndChangeView: Reach consensus,org_view=10,org_changeCycle=0,cur_changeCycle=0,to_view=11
info|2019-10-25 16:56:28.449293|[g:1][CONSENSUS][SEALER]++++++++++++++++ Generating seal on,blkNum=5,tx=0,nodeIdx=3,hash=b30ce4fa...
info|2019-10-25 16:56:28.466507|[g:1][CONSENSUS][PBFT]checkTimeout Succ,view=11,toView=12,nodeIdx=3,changeCycle=0,myNode=ce7667d2...,timecost=0.2
info|2019-10-25 16:56:28.467507|[g:1][CONSENSUS][PBFT]checkAndChangeView: Reach consensus,org_view=11,org_changeCycle=0,cur_changeCycle=0,to_view=12
info|2019-10-25 16:56:29.467286|[g:1][CONSENSUS]addRawPrepare,height=5,reqIdx=0,hash=c232598e...
info|2019-10-25 16:56:29.470256|[g:1][CONSENSUS][PBFT]checkTimeout Succ,view=12,toView=13,nodeIdx=3,changeCycle=0,myNode=ce7667d2...,timecost=2.084
info|2019-10-25 16:56:29.482186|[g:1][CONSENSUS][PBFT]checkAndChangeView: Reach consensus,org_view=12,org_changeCycle=0,cur_changeCycle=0,to_view=13
info|2019-10-25 16:56:30.499278|[g:1][CONSENSUS]addRawPrepare,height=5,reqIdx=1,hash=8f8360df...
info|2019-10-25 16:56:30.499614|[g:1][CONSENSUS][PBFT]checkTimeout Succ,view=13,toView=14,nodeIdx=3,changeCycle=0,myNode=ce7667d2...,timecost=0.288
info|2019-10-25 16:56:30.502578|[g:1][CONSENSUS][PBFT]checkAndChangeView: Reach consensus,org_view=13,org_changeCycle=0,cur_changeCycle=0,to_view=14
info|2019-10-25 16:56:31.512441|[g:1][CONSENSUS]addRawPrepare,height=5,reqIdx=2,hash=cdc4f716...
info|2019-10-25 16:56:31.512845|[g:1][CONSENSUS][PBFT]checkTimeout Succ,view=14,toView=15,nodeIdx=3,changeCycle=0,myNode=ce7667d2...,timecost=0.357
info|2019-10-25 16:56:31.515984|[g:1][CONSENSUS][PBFT]checkAndChangeView: Reach consensus,org_view=14,org_changeCycle=0,cur_changeCycle=0,to_view=15
info|2019-10-25 16:56:32.516307|[g:1][CONSENSUS][SEALER]++++++++++++++++ Generating seal on,blkNum=5,tx=0,nodeIdx=3,hash=0791d519...
info|2019-10-25 16:56:32.525071|[g:1][CONSENSUS][PBFT]checkTimeout Succ,view=15,toView=16,nodeIdx=3,changeCycle=0,myNode=ce7667d2...,timecost=0.292
info|2019-10-25 16:56:32.526017|[g:1][CONSENSUS][PBFT]checkAndChangeView: Reach consensus,org_view=15,org_changeCycle=0,cur_changeCycle=0,to_view=16
info|2019-10-25 16:56:33.526799|[g:1][CONSENSUS]addRawPrepare,height=5,reqIdx=0,hash=ccf6ce7a...
info|2019-10-25 16:56:33.527135|[g:1][CONSENSUS][PBFT]checkTimeout Succ,view=16,toView=17,nodeIdx=3,changeCycle=0,myNode=ce7667d2...,timecost=0.301
info|2019-10-25 16:56:33.530481|[g:1][CONSENSUS][PBFT]checkAndChangeView: Reach consensus,org_view=16,org_changeCycle=0,cur_changeCycle=0,to_view=17
info|2019-10-25 16:56:34.534742|[g:1][CONSENSUS]addRawPrepare,height=5,reqIdx=1,hash=fdca25e6...
info|2019-10-25 16:56:34.535049|[g:1][CONSENSUS][PBFT]checkTimeout Succ,view=17,toView=18,nodeIdx=3,changeCycle=0,myNode=ce7667d2...,timecost=0.28
info|2019-10-25 16:56:34.537053|[g:1][CONSENSUS][PBFT]checkAndChangeView: Reach consensus,org_view=17,org_changeCycle=0,cur_changeCycle=0,to_view=18
info|2019-10-25 16:56:35.539984|[g:1][CONSENSUS]addRawPrepare,height=5,reqIdx=2,hash=11a3b730...
info|2019-10-25 16:56:35.540288|[g:1][CONSENSUS][PBFT]checkTimeout Succ,view=18,toView=19,nodeIdx=3,changeCycle=0,myNode=ce7667d2...,timecost=0.271
info|2019-10-25 16:56:35.541133|[g:1][CONSENSUS][PBFT]checkAndChangeView: Reach consensus,org_view=18,org_changeCycle=0,cur_changeCycle=0,to_view=19
info|2019-10-25 16:56:36.087438|[P2P][Service] heartBeat,connected count=3
info|2019-10-25 16:56:36.543346|[g:1][CONSENSUS][SEALER]++++++++++++++++ Generating seal on,blkNum=5,tx=0,nodeIdx=3,hash=3f00898c...
info|2019-10-25 16:56:36.557212|[g:1][CONSENSUS][PBFT]checkTimeout Succ,view=19,toView=20,nodeIdx=3,changeCycle=0,myNode=ce7667d2...,timecost=0.196
info|2019-10-25 16:56:36.559382|[g:1][CONSENSUS][PBFT]checkAndChangeView: Reach consensus,org_view=19,org_changeCycle=0,cur_changeCycle=0,to_view=20
info|2019-10-25 16:56:37.562942|[g:1][CONSENSUS]addRawPrepare,height=5,reqIdx=0,hash=aa7abfd9...
info|2019-10-25 16:56:37.563672|[g:1][CONSENSUS][PBFT]checkTimeout Succ,view=20,toView=21,nodeIdx=3,changeCycle=0,myNode=ce7667d2...,timecost=0.704
info|2019-10-25 16:56:37.564041|[g:1][CONSENSUS][PBFT]checkAndChangeView: Reach consensus,org_view=20,org_changeCycle=0,cur_changeCycle=0,to_view=21
info|2019-10-25 16:56:38.569259|[g:1][CONSENSUS]addRawPrepare,height=5,reqIdx=1,hash=dfbbbc58...
info|2019-10-25 16:56:38.569731|[g:1][CONSENSUS][PBFT]checkTimeout Succ,view=21,toView=22,nodeIdx=3,changeCycle=0,myNode=ce7667d2...,timecost=0.429
info|2019-10-25 16:56:38.574486|[g:1][CONSENSUS][PBFT]checkAndChangeView: Reach consensus,org_view=21,org_changeCycle=0,cur_changeCycle=0,to_view=22
info|2019-10-25 16:56:39.582311|[g:1][CONSENSUS]addRawPrepare,height=5,reqIdx=2,hash=9cc535f3...
info|2019-10-25 16:56:39.583582|[g:1][CONSENSUS][PBFT]checkTimeout Succ,view=22,toView=23,nodeIdx=3,changeCycle=0,myNode=ce7667d2...,timecost=1.23
info|2019-10-25 16:56:39.584316|[g:1][CONSENSUS][PBFT]checkAndChangeView: Reach consensus,org_view=22,org_changeCycle=0,cur_changeCycle=0,to_view=23
info|2019-10-25 16:56:40.586578|[g:1][CONSENSUS][SEALER]++++++++++++++++ Generating seal on,blkNum=5,tx=0,nodeIdx=3,hash=5616d196...
info|2019-10-25 16:56:40.600910|[g:1][CONSENSUS][PBFT]checkTimeout Succ,view=23,toView=24,nodeIdx=3,changeCycle=0,myNode=ce7667d2...,timecost=0.195
info|2019-10-25 16:56:40.602213|[g:1][CONSENSUS][PBFT]checkAndChangeView: Reach consensus,org_view=23,org_changeCycle=0,cur_changeCycle=0,to_view=24
info|2019-10-25 16:56:41.602245|[g:1][CONSENSUS]addRawPrepare,height=5,reqIdx=0,hash=29f6dd96...
info|2019-10-25 16:56:41.602650|[g:1][CONSENSUS][PBFT]checkTimeout Succ,view=24,toView=25,nodeIdx=3,changeCycle=0,myNode=ce7667d2...,timecost=0.333
info|2019-10-25 16:56:41.607284|[g:1][CONSENSUS][PBFT]checkAndChangeView: Reach consensus,org_view=24,org_changeCycle=0,cur_changeCycle=0,to_view=25
info|2019-10-25 16:56:42.614036|[g:1][CONSENSUS]addRawPrepare,height=5,reqIdx=1,hash=4b18625d...
info|2019-10-25 16:56:42.616483|[g:1][CONSENSUS][PBFT]checkTimeout Succ,view=25,toView=26,nodeIdx=3,changeCycle=0,myNode=ce7667d2...,timecost=0.186
info|2019-10-25 16:56:42.617646|[g:1][CONSENSUS][PBFT]checkAndChangeView: Reach consensus,org_view=25,org_changeCycle=0,cur_changeCycle=0,to_view=26
info|2019-10-25 16:56:43.620169|[g:1][CONSENSUS]addRawPrepare,height=5,reqIdx=2,hash=a415fb5a...
info|2019-10-25 16:56:43.620377|[g:1][CONSENSUS][PBFT]checkTimeout Succ,view=26,toView=27,nodeIdx=3,changeCycle=0,myNode=ce7667d2...,timecost=0.187
info|2019-10-25 16:56:43.621361|[g:1][CONSENSUS][PBFT]checkAndChangeView: Reach consensus,org_view=26,org_changeCycle=0,cur_changeCycle=0,to_view=27
info|2019-10-25 16:56:44.622240|[g:1][CONSENSUS][SEALER]++++++++++++++++ Generating seal on,blkNum=5,tx=0,nodeIdx=3,hash=7da75e24...
info|2019-10-25 16:56:44.638064|[g:1][CONSENSUS][PBFT]checkTimeout Succ,view=27,toView=28,nodeIdx=3,changeCycle=0,myNode=ce7667d2...,timecost=7.855
info|2019-10-25 16:56:44.638792|[g:1][CONSENSUS][PBFT]checkAndChangeView: Reach consensus,org_view=27,org_changeCycle=0,cur_changeCycle=0,to_view=28
info|2019-10-25 16:56:45.630910|[g:1][CONSENSUS]addRawPrepare,height=5,reqIdx=0,hash=1793fb71...
info|2019-10-25 16:56:45.631417|[g:1][CONSENSUS][PBFT]checkTimeout Succ,view=28,toView=29,nodeIdx=3,changeCycle=0,myNode=ce7667d2...,timecost=0.465
info|2019-10-25 16:56:45.637581|[g:1][CONSENSUS][PBFT]checkAndChangeView: Reach consensus,org_view=28,org_changeCycle=0,cur_changeCycle=0,to_view=29
info|2019-10-25 16:56:46.087511|[P2P][Service] heartBeat,connected count=3
info|2019-10-25 16:56:46.642831|[g:1][CONSENSUS]addRawPrepare,height=5,reqIdx=1,hash=d4186ec8...
info|2019-10-25 16:56:46.644434|[g:1][CONSENSUS][PBFT]checkTimeout Succ,view=29,toView=30,nodeIdx=3,changeCycle=0,myNode=ce7667d2...,timecost=0.235
info|2019-10-25 16:56:46.646530|[g:1][CONSENSUS][PBFT]checkAndChangeView: Reach consensus,org_view=29,org_changeCycle=0,cur_changeCycle=0,to_view=30
info|2019-10-25 16:56:47.649879|[g:1][CONSENSUS]addRawPrepare,height=5,reqIdx=2,hash=2277d58d...
info|2019-10-25 16:56:47.651240|[g:1][CONSENSUS][PBFT]checkTimeout Succ,view=30,toView=31,nodeIdx=3,changeCycle=0,myNode=ce7667d2...,timecost=1.316
info|2019-10-25 16:56:47.654028|[g:1][CONSENSUS][PBFT]checkAndChangeView: Reach consensus,org_view=30,org_changeCycle=0,cur_changeCycle=0,to_view=31
info|2019-10-25 16:56:48.655085|[g:1][CONSENSUS][SEALER]++++++++++++++++ Generating seal on,blkNum=5,tx=0,nodeIdx=3,hash=02a5c6dc...
info|2019-10-25 16:56:48.664757|[g:1][CONSENSUS][PBFT]checkTimeout Succ,view=31,toView=32,nodeIdx=3,changeCycle=0,myNode=ce7667d2...,timecost=0.282
info|2019-10-25 16:56:48.666028|[g:1][CONSENSUS][PBFT]checkAndChangeView: Reach consensus,org_view=31,org_changeCycle=0,cur_changeCycle=0,to_view=32
info|2019-10-25 16:56:49.665718|[g:1][CONSENSUS]addRawPrepare,height=5,reqIdx=0,hash=690a8ba7...
info|2019-10-25 16:56:49.665922|[g:1][CONSENSUS][PBFT]checkTimeout Succ,view=32,toView=33,nodeIdx=3,changeCycle=0,myNode=ce7667d2...,timecost=0.183
info|2019-10-25 16:56:49.667756|[g:1][CONSENSUS][PBFT]checkAndChangeView: Reach consensus,org_view=32,org_changeCycle=0,cur_changeCycle=0,to_view=33
info|2019-10-25 16:56:50.675438|[g:1][CONSENSUS]addRawPrepare,height=5,reqIdx=1,hash=d9c6c285...
info|2019-10-25 16:56:50.675674|[g:1][CONSENSUS][PBFT]checkTimeout Succ,view=33,toView=34,nodeIdx=3,changeCycle=0,myNode=ce7667d2...,timecost=0.193
info|2019-10-25 16:56:50.677894|[g:1][CONSENSUS][PBFT]checkAndChangeView: Reach consensus,org_view=33,org_changeCycle=0,cur_changeCycle=0,to_view=34
info|2019-10-25 16:56:51.681026|[g:1][CONSENSUS]addRawPrepare,height=5,reqIdx=2,hash=f0e9b71f...
info|2019-10-25 16:56:51.681395|[g:1][CONSENSUS][PBFT]checkTimeout Succ,view=34,toView=35,nodeIdx=3,changeCycle=0,myNode=ce7667d2...,timecost=0.266
info|2019-10-25 16:56:51.686859|[g:1][CONSENSUS][PBFT]checkAndChangeView: Reach consensus,org_view=34,org_changeCycle=0,cur_changeCycle=0,to_view=35
info|2019-10-25 16:56:52.689259|[g:1][CONSENSUS][SEALER]++++++++++++++++ Generating seal on,blkNum=5,tx=0,nodeIdx=3,hash=e9f9f101...
info|2019-10-25 16:56:52.692582|[g:1][CONSENSUS][PBFT]checkTimeout Succ,view=35,toView=36,nodeIdx=3,changeCycle=0,myNode=ce7667d2...,timecost=0.188
info|2019-10-25 16:56:52.693117|[g:1][CONSENSUS][PBFT]checkAndChangeView: Reach consensus,org_view=35,org_changeCycle=0,cur_changeCycle=0,to_view=36
info|2019-10-25 16:56:53.698692|[g:1][CONSENSUS]addRawPrepare,height=5,reqIdx=0,hash=54e3e4fd...
info|2019-10-25 16:56:53.699048|[g:1][CONSENSUS][PBFT]checkTimeout Succ,view=36,toView=37,nodeIdx=3,changeCycle=0,myNode=ce7667d2...,timecost=0.226
info|2019-10-25 16:56:53.705111|[g:1][CONSENSUS][PBFT]checkAndChangeView: Reach consensus,org_view=36,org_changeCycle=0,cur_changeCycle=0,to_view=37
info|2019-10-25 16:56:54.707167|[g:1][CONSENSUS]addRawPrepare,height=5,reqIdx=1,hash=00ddfdfe...
info|2019-10-25 16:56:54.707408|[g:1][CONSENSUS][PBFT]checkTimeout Succ,view=37,toView=38,nodeIdx=3,changeCycle=0,myNode=ce7667d2...,timecost=0.183
info|2019-10-25 16:56:54.710832|[g:1][CONSENSUS][PBFT]checkAndChangeView: Reach consensus,org_view=37,org_changeCycle=0,cur_changeCycle=0,to_view=38
info|2019-10-25 16:56:55.716071|[g:1][CONSENSUS]addRawPrepare,height=5,reqIdx=2,hash=0e9c4de3...
info|2019-10-25 16:56:55.716455|[g:1][CONSENSUS][PBFT]checkTimeout Succ,view=38,toView=39,nodeIdx=3,changeCycle=0,myNode=ce7667d2...,timecost=0.276
info|2019-10-25 16:56:55.727682|[g:1][CONSENSUS][PBFT]checkAndChangeView: Reach consensus,org_view=38,org_changeCycle=0,cur_changeCycle=0,to_view=39
info|2019-10-25 16:56:56.088130|[P2P][Service] heartBeat,connected count=3
info|2019-10-25 16:56:56.728572|[g:1][CONSENSUS][SEALER]++++++++++++++++ Generating seal on,blkNum=5,tx=0,nodeIdx=3,hash=e598c0f2...
info|2019-10-25 16:56:56.731926|[g:1][CONSENSUS][PBFT]checkTimeout Succ,view=39,toView=40,nodeIdx=3,changeCycle=0,myNode=ce7667d2...,timecost=0.283
info|2019-10-25 16:56:56.736392|[g:1][CONSENSUS][PBFT]checkAndChangeView: Reach consensus,org_view=39,org_changeCycle=0,cur_changeCycle=0,to_view=40
info|2019-10-25 16:56:57.742519|[g:1][CONSENSUS]addRawPrepare,height=5,reqIdx=0,hash=65a88ac3...
info|2019-10-25 16:56:57.742886|[g:1][CONSENSUS][PBFT]checkTimeout Succ,view=40,toView=41,nodeIdx=3,changeCycle=0,myNode=ce7667d2...,timecost=0.306
info|2019-10-25 16:56:57.746149|[g:1][CONSENSUS][PBFT]checkAndChangeView: Reach consensus,org_view=40,org_changeCycle=0,cur_changeCycle=0,to_view=41
info|2019-10-25 16:56:58.747741|[g:1][CONSENSUS]addRawPrepare,height=5,reqIdx=1,hash=924f945c...
info|2019-10-25 16:56:58.749180|[g:1][CONSENSUS][PBFT]checkTimeout Succ,view=41,toView=42,nodeIdx=3,changeCycle=0,myNode=ce7667d2...,timecost=1.417
info|2019-10-25 16:56:58.751707|[g:1][CONSENSUS][PBFT]checkAndChangeView: Reach consensus,org_view=41,org_changeCycle=0,cur_changeCycle=0,to_view=42
info|2019-10-25 16:56:59.753470|[g:1][CONSENSUS]addRawPrepare,height=5,reqIdx=2,hash=3d65f205...
info|2019-10-25 16:56:59.753720|[g:1][CONSENSUS][PBFT]checkTimeout Succ,view=42,toView=43,nodeIdx=3,changeCycle=0,myNode=ce7667d2...,timecost=0.23
info|2019-10-25 16:56:59.755453|[g:1][CONSENSUS][PBFT]checkAndChangeView: Reach consensus,org_view=42,org_changeCycle=0,cur_changeCycle=0,to_view=43
info|2019-10-25 16:57:00.755517|[g:1][CONSENSUS][SEALER]++++++++++++++++ Generating seal on,blkNum=5,tx=0,nodeIdx=3,hash=238095c1...
info|2019-10-25 16:57:00.763097|[g:1][CONSENSUS][PBFT]checkTimeout Succ,view=43,toView=44,nodeIdx=3,changeCycle=0,myNode=ce7667d2...,timecost=0.242
info|2019-10-25 16:57:00.764051|[g:1][CONSENSUS][PBFT]checkAndChangeView: Reach consensus,org_view=43,org_changeCycle=0,cur_changeCycle=0,to_view=44
info|2019-10-25 16:57:01.126226|[NETWORK][Session]Received topic: [1	_block_notify_1] from 6ca4e4357f23c00305438a231da700dcbe1a73f0153100973f897df746d8c1a215b9abd1167614a8cb5f88b7e9d4c3ed8fa9c08b4e72983d5704f052e0f07171
info|2019-10-25 16:57:01.764942|[g:1][CONSENSUS]addRawPrepare,height=5,reqIdx=0,hash=bd7da2ee...
info|2019-10-25 16:57:01.765209|[g:1][CONSENSUS][PBFT]checkTimeout Succ,view=44,toView=45,nodeIdx=3,changeCycle=0,myNode=ce7667d2...,timecost=0.239
info|2019-10-25 16:57:01.766444|[g:1][CONSENSUS][PBFT]checkAndChangeView: Reach consensus,org_view=44,org_changeCycle=0,cur_changeCycle=0,to_view=45
info|2019-10-25 16:57:02.772688|[g:1][CONSENSUS]addRawPrepare,height=5,reqIdx=1,hash=5f6c9ee6...
info|2019-10-25 16:57:02.772994|[g:1][CONSENSUS][PBFT]checkTimeout Succ,view=45,toView=46,nodeIdx=3,changeCycle=0,myNode=ce7667d2...,timecost=0.271
info|2019-10-25 16:57:02.775320|[g:1][CONSENSUS][PBFT]checkAndChangeView: Reach consensus,org_view=45,org_changeCycle=0,cur_changeCycle=0,to_view=46
info|2019-10-25 16:57:03.779302|[g:1][CONSENSUS]addRawPrepare,height=5,reqIdx=2,hash=6456bb44...
info|2019-10-25 16:57:03.779619|[g:1][CONSENSUS][PBFT]checkTimeout Succ,view=46,toView=47,nodeIdx=3,changeCycle=0,myNode=ce7667d2...,timecost=0.291
info|2019-10-25 16:57:03.782160|[g:1][CONSENSUS][PBFT]checkAndChangeView: Reach consensus,org_view=46,org_changeCycle=0,cur_changeCycle=0,to_view=47
info|2019-10-25 16:57:04.782631|[g:1][CONSENSUS][SEALER]++++++++++++++++ Generating seal on,blkNum=5,tx=0,nodeIdx=3,hash=1da3844b...
info|2019-10-25 16:57:04.789922|[g:1][CONSENSUS][PBFT]checkTimeout Succ,view=47,toView=48,nodeIdx=3,changeCycle=0,myNode=ce7667d2...,timecost=0.368
info|2019-10-25 16:57:04.791133|[g:1][CONSENSUS][PBFT]checkAndChangeView: Reach consensus,org_view=47,org_changeCycle=0,cur_changeCycle=0,to_view=48
info|2019-10-25 16:57:05.790951|[g:1][CONSENSUS]addRawPrepare,height=5,reqIdx=0,hash=e08714fb...
info|2019-10-25 16:57:05.809523|[g:1][CONSENSUS][PBFT]checkTimeout Succ,view=48,toView=49,nodeIdx=3,changeCycle=0,myNode=ce7667d2...,timecost=18.547
info|2019-10-25 16:57:05.810626|[g:1][CONSENSUS][PBFT]checkAndChangeView: Reach consensus,org_view=48,org_changeCycle=0,cur_changeCycle=0,to_view=49
info|2019-10-25 16:57:06.088210|[P2P][Service] heartBeat,connected count=3
info|2019-10-25 16:57:06.815837|[g:1][CONSENSUS]addRawPrepare,height=5,reqIdx=1,hash=17ba5b3e...
info|2019-10-25 16:57:06.816117|[g:1][CONSENSUS][PBFT]checkTimeout Succ,view=49,toView=50,nodeIdx=3,changeCycle=0,myNode=ce7667d2...,timecost=0.248
info|2019-10-25 16:57:06.818162|[g:1][CONSENSUS][PBFT]checkAndChangeView: Reach consensus,org_view=49,org_changeCycle=0,cur_changeCycle=0,to_view=50
info|2019-10-25 16:57:07.820916|[g:1][CONSENSUS]addRawPrepare,height=5,reqIdx=2,hash=a2afa3ad...
info|2019-10-25 16:57:07.821153|[g:1][CONSENSUS][PBFT]checkTimeout Succ,view=50,toView=51,nodeIdx=3,changeCycle=0,myNode=ce7667d2...,timecost=0.213
info|2019-10-25 16:57:07.825126|[g:1][CONSENSUS][PBFT]checkAndChangeView: Reach consensus,org_view=50,org_changeCycle=0,cur_changeCycle=0,to_view=51
info|2019-10-25 16:57:08.836639|[g:1][CONSENSUS][SEALER]++++++++++++++++ Generating seal on,blkNum=5,tx=0,nodeIdx=3,hash=5a8fc62e...
info|2019-10-25 16:57:08.842133|[g:1][CONSENSUS][PBFT]checkTimeout Succ,view=51,toView=52,nodeIdx=3,changeCycle=0,myNode=ce7667d2...,timecost=0.212
info|2019-10-25 16:57:08.843107|[g:1][CONSENSUS][PBFT]checkAndChangeView: Reach consensus,org_view=51,org_changeCycle=0,cur_changeCycle=0,to_view=52
info|2019-10-25 16:57:09.843352|[g:1][CONSENSUS]addRawPrepare,height=5,reqIdx=0,hash=19adc81f...
info|2019-10-25 16:57:09.843588|[g:1][CONSENSUS][PBFT]checkTimeout Succ,view=52,toView=53,nodeIdx=3,changeCycle=0,myNode=ce7667d2...,timecost=0.21
info|2019-10-25 16:57:09.845932|[g:1][CONSENSUS][PBFT]checkAndChangeView: Reach consensus,org_view=52,org_changeCycle=0,cur_changeCycle=0,to_view=53
info|2019-10-25 16:57:10.850588|[g:1][CONSENSUS]addRawPrepare,height=5,reqIdx=1,hash=7860e57b...
info|2019-10-25 16:57:10.850823|[g:1][CONSENSUS][PBFT]checkTimeout Succ,view=53,toView=54,nodeIdx=3,changeCycle=0,myNode=ce7667d2...,timecost=0.211
info|2019-10-25 16:57:10.852959|[g:1][CONSENSUS][PBFT]checkAndChangeView: Reach consensus,org_view=53,org_changeCycle=0,cur_changeCycle=0,to_view=54
info|2019-10-25 16:57:11.855864|[g:1][CONSENSUS]addRawPrepare,height=5,reqIdx=2,hash=d722e347...
info|2019-10-25 16:57:11.856092|[g:1][CONSENSUS][PBFT]checkTimeout Succ,view=54,toView=55,nodeIdx=3,changeCycle=0,myNode=ce7667d2...,timecost=0.206
info|2019-10-25 16:57:11.857065|[g:1][CONSENSUS][PBFT]checkAndChangeView: Reach consensus,org_view=54,org_changeCycle=0,cur_changeCycle=0,to_view=55
info|2019-10-25 16:57:12.859099|[g:1][CONSENSUS][SEALER]++++++++++++++++ Generating seal on,blkNum=5,tx=0,nodeIdx=3,hash=66d8841b...
info|2019-10-25 16:57:12.866601|[g:1][CONSENSUS][PBFT]checkTimeout Succ,view=55,toView=56,nodeIdx=3,changeCycle=0,myNode=ce7667d2...,timecost=0.266
info|2019-10-25 16:57:12.867783|[g:1][CONSENSUS][PBFT]checkAndChangeView: Reach consensus,org_view=55,org_changeCycle=0,cur_changeCycle=0,to_view=56
info|2019-10-25 16:57:13.866835|[g:1][CONSENSUS]addRawPrepare,height=5,reqIdx=0,hash=9fb4dff7...
info|2019-10-25 16:57:13.867042|[g:1][CONSENSUS][PBFT]checkTimeout Succ,view=56,toView=57,nodeIdx=3,changeCycle=0,myNode=ce7667d2...,timecost=0.184
info|2019-10-25 16:57:13.869199|[g:1][CONSENSUS][PBFT]checkAndChangeView: Reach consensus,org_view=56,org_changeCycle=0,cur_changeCycle=0,to_view=57
info|2019-10-25 16:57:14.874155|[g:1][CONSENSUS]addRawPrepare,height=5,reqIdx=1,hash=e668d437...
info|2019-10-25 16:57:14.874432|[g:1][CONSENSUS][PBFT]checkTimeout Succ,view=57,toView=58,nodeIdx=3,changeCycle=0,myNode=ce7667d2...,timecost=0.25
info|2019-10-25 16:57:14.876219|[g:1][CONSENSUS][PBFT]checkAndChangeView: Reach consensus,org_view=57,org_changeCycle=0,cur_changeCycle=0,to_view=58
info|2019-10-25 16:57:15.878946|[g:1][CONSENSUS]addRawPrepare,height=5,reqIdx=2,hash=032c26f6...
info|2019-10-25 16:57:15.879275|[g:1][CONSENSUS][PBFT]checkTimeout Succ,view=58,toView=59,nodeIdx=3,changeCycle=0,myNode=ce7667d2...,timecost=0.296
info|2019-10-25 16:57:15.882381|[g:1][CONSENSUS][PBFT]checkAndChangeView: Reach consensus,org_view=58,org_changeCycle=0,cur_changeCycle=0,to_view=59
info|2019-10-25 16:57:16.088271|[P2P][Service] heartBeat,connected count=3
info|2019-10-25 16:57:16.884539|[g:1][CONSENSUS][SEALER]++++++++++++++++ Generating seal on,blkNum=5,tx=0,nodeIdx=3,hash=9f2c1cec...
info|2019-10-25 16:57:16.892178|[g:1][CONSENSUS][PBFT]checkTimeout Succ,view=59,toView=60,nodeIdx=3,changeCycle=0,myNode=ce7667d2...,timecost=0.224
info|2019-10-25 16:57:16.893162|[g:1][CONSENSUS][PBFT]checkAndChangeView: Reach consensus,org_view=59,org_changeCycle=0,cur_changeCycle=0,to_view=60
info|2019-10-25 16:57:17.893340|[g:1][CONSENSUS]addRawPrepare,height=5,reqIdx=0,hash=7b96a43a...
info|2019-10-25 16:57:17.893598|[g:1][CONSENSUS][PBFT]checkTimeout Succ,view=60,toView=61,nodeIdx=3,changeCycle=0,myNode=ce7667d2...,timecost=0.233
info|2019-10-25 16:57:17.896942|[g:1][CONSENSUS][PBFT]checkAndChangeView: Reach consensus,org_view=60,org_changeCycle=0,cur_changeCycle=0,to_view=61
info|2019-10-25 16:57:18.906777|[g:1][CONSENSUS]addRawPrepare,height=5,reqIdx=1,hash=7e503e52...
info|2019-10-25 16:57:18.915561|[g:1][CONSENSUS][PBFT]checkTimeout Succ,view=61,toView=62,nodeIdx=3,changeCycle=0,myNode=ce7667d2...,timecost=7
info|2019-10-25 16:57:18.918845|[g:1][CONSENSUS][PBFT]checkAndChangeView: Reach consensus,org_view=61,org_changeCycle=0,cur_changeCycle=0,to_view=62
info|2019-10-25 16:57:19.915604|[g:1][CONSENSUS]addRawPrepare,height=5,reqIdx=2,hash=29709df3...
info|2019-10-25 16:57:19.915816|[g:1][CONSENSUS][PBFT]checkTimeout Succ,view=62,toView=63,nodeIdx=3,changeCycle=0,myNode=ce7667d2...,timecost=0.189
info|2019-10-25 16:57:19.917483|[g:1][CONSENSUS][PBFT]checkAndChangeView: Reach consensus,org_view=62,org_changeCycle=0,cur_changeCycle=0,to_view=63
info|2019-10-25 16:57:20.919129|[g:1][CONSENSUS][SEALER]++++++++++++++++ Generating seal on,blkNum=5,tx=0,nodeIdx=3,hash=5e6fae2f...
info|2019-10-25 16:57:20.935368|[g:1][CONSENSUS][PBFT]checkTimeout Succ,view=63,toView=64,nodeIdx=3,changeCycle=0,myNode=ce7667d2...,timecost=0.556
info|2019-10-25 16:57:20.940009|[g:1][CONSENSUS][PBFT]checkAndChangeView: Reach consensus,org_view=63,org_changeCycle=0,cur_changeCycle=0,to_view=64
info|2019-10-25 16:57:21.936296|[g:1][CONSENSUS]addRawPrepare,height=5,reqIdx=0,hash=55ac1867...
info|2019-10-25 16:57:21.936509|[g:1][CONSENSUS][PBFT]checkTimeout Succ,view=64,toView=65,nodeIdx=3,changeCycle=0,myNode=ce7667d2...,timecost=0.193
info|2019-10-25 16:57:21.938237|[g:1][CONSENSUS][PBFT]checkAndChangeView: Reach consensus,org_view=64,org_changeCycle=0,cur_changeCycle=0,to_view=65
info|2019-10-25 16:57:22.942271|[g:1][CONSENSUS]addRawPrepare,height=5,reqIdx=1,hash=38436ca0...
info|2019-10-25 16:57:22.943957|[g:1][CONSENSUS][PBFT]checkTimeout Succ,view=65,toView=66,nodeIdx=3,changeCycle=0,myNode=ce7667d2...,timecost=1.652
info|2019-10-25 16:57:22.944913|[g:1][CONSENSUS][PBFT]checkAndChangeView: Reach consensus,org_view=65,org_changeCycle=0,cur_changeCycle=0,to_view=66
info|2019-10-25 16:57:23.949130|[g:1][CONSENSUS]addRawPrepare,height=5,reqIdx=2,hash=4ea275ea...
info|2019-10-25 16:57:23.949397|[g:1][CONSENSUS][PBFT]checkTimeout Succ,view=66,toView=67,nodeIdx=3,changeCycle=0,myNode=ce7667d2...,timecost=0.245
info|2019-10-25 16:57:23.950903|[g:1][CONSENSUS][PBFT]checkAndChangeView: Reach consensus,org_view=66,org_changeCycle=0,cur_changeCycle=0,to_view=67
info|2019-10-25 16:57:24.952504|[g:1][CONSENSUS][SEALER]++++++++++++++++ Generating seal on,blkNum=5,tx=0,nodeIdx=3,hash=2a2d7904...
info|2019-10-25 16:57:24.964529|[g:1][CONSENSUS][PBFT]checkTimeout Succ,view=67,toView=68,nodeIdx=3,changeCycle=0,myNode=ce7667d2...,timecost=0.209
info|2019-10-25 16:57:24.965434|[g:1][CONSENSUS][PBFT]checkAndChangeView: Reach consensus,org_view=67,org_changeCycle=0,cur_changeCycle=0,to_view=68
info|2019-10-25 16:57:25.961709|[g:1][CONSENSUS]addRawPrepare,height=5,reqIdx=0,hash=cc5de200...
info|2019-10-25 16:57:25.961945|[g:1][CONSENSUS][PBFT]checkTimeout Succ,view=68,toView=69,nodeIdx=3,changeCycle=0,myNode=ce7667d2...,timecost=0.215
info|2019-10-25 16:57:25.963734|[g:1][CONSENSUS][PBFT]checkAndChangeView: Reach consensus,org_view=68,org_changeCycle=0,cur_changeCycle=0,to_view=69
info|2019-10-25 16:57:26.089028|[P2P][Service] heartBeat,connected count=3
info|2019-10-25 16:57:26.968812|[g:1][CONSENSUS]addRawPrepare,height=5,reqIdx=1,hash=31ae7fa8...
info|2019-10-25 16:57:26.969128|[g:1][CONSENSUS][PBFT]checkTimeout Succ,view=69,toView=70,nodeIdx=3,changeCycle=0,myNode=ce7667d2...,timecost=0.28
info|2019-10-25 16:57:26.973149|[g:1][CONSENSUS][PBFT]checkAndChangeView: Reach consensus,org_view=69,org_changeCycle=0,cur_changeCycle=0,to_view=70
info|2019-10-25 16:57:27.976059|[g:1][CONSENSUS]addRawPrepare,height=5,reqIdx=2,hash=8b18dd1a...
info|2019-10-25 16:57:27.976480|[g:1][CONSENSUS][PBFT]checkTimeout Succ,view=70,toView=71,nodeIdx=3,changeCycle=0,myNode=ce7667d2...,timecost=0.379
info|2019-10-25 16:57:27.979430|[g:1][CONSENSUS][PBFT]checkAndChangeView: Reach consensus,org_view=70,org_changeCycle=0,cur_changeCycle=0,to_view=71
info|2019-10-25 16:57:28.980029|[g:1][CONSENSUS][SEALER]++++++++++++++++ Generating seal on,blkNum=5,tx=0,nodeIdx=3,hash=ef5a56fc...
info|2019-10-25 16:57:28.988430|[g:1][CONSENSUS][PBFT]checkTimeout Succ,view=71,toView=72,nodeIdx=3,changeCycle=0,myNode=ce7667d2...,timecost=0.275
info|2019-10-25 16:57:28.989673|[g:1][CONSENSUS][PBFT]checkAndChangeView: Reach consensus,org_view=71,org_changeCycle=0,cur_changeCycle=0,to_view=72
info|2019-10-25 16:57:29.989843|[g:1][CONSENSUS]addRawPrepare,height=5,reqIdx=0,hash=f33a7562...
info|2019-10-25 16:57:29.990076|[g:1][CONSENSUS][PBFT]checkTimeout Succ,view=72,toView=73,nodeIdx=3,changeCycle=0,myNode=ce7667d2...,timecost=0.208
info|2019-10-25 16:57:29.992343|[g:1][CONSENSUS][PBFT]checkAndChangeView: Reach consensus,org_view=72,org_changeCycle=0,cur_changeCycle=0,to_view=73
info|2019-10-25 16:57:30.996105|[g:1][CONSENSUS]addRawPrepare,height=5,reqIdx=1,hash=8708fbfd...
info|2019-10-25 16:57:30.996491|[g:1][CONSENSUS][PBFT]checkTimeout Succ,view=73,toView=74,nodeIdx=3,changeCycle=0,myNode=ce7667d2...,timecost=0.347
info|2019-10-25 16:57:31.001285|[g:1][CONSENSUS][PBFT]checkAndChangeView: Reach consensus,org_view=73,org_changeCycle=0,cur_changeCycle=0,to_view=74
info|2019-10-25 16:57:32.005627|[g:1][CONSENSUS]addRawPrepare,height=5,reqIdx=2,hash=33a14ad1...
info|2019-10-25 16:57:32.005862|[g:1][CONSENSUS][PBFT]checkTimeout Succ,view=74,toView=75,nodeIdx=3,changeCycle=0,myNode=ce7667d2...,timecost=0.209
info|2019-10-25 16:57:32.007935|[g:1][CONSENSUS][PBFT]checkAndChangeView: Reach consensus,org_view=74,org_changeCycle=0,cur_changeCycle=0,to_view=75
info|2019-10-25 16:57:33.010253|[g:1][CONSENSUS][SEALER]++++++++++++++++ Generating seal on,blkNum=5,tx=0,nodeIdx=3,hash=037e51e4...
info|2019-10-25 16:57:33.015746|[g:1][CONSENSUS][PBFT]checkTimeout Succ,view=75,toView=76,nodeIdx=3,changeCycle=0,myNode=ce7667d2...,timecost=0.211
info|2019-10-25 16:57:33.016628|[g:1][CONSENSUS][PBFT]checkAndChangeView: Reach consensus,org_view=75,org_changeCycle=0,cur_changeCycle=0,to_view=76
info|2019-10-25 16:57:34.016813|[g:1][CONSENSUS]addRawPrepare,height=5,reqIdx=0,hash=500c909b...
info|2019-10-25 16:57:34.017083|[g:1][CONSENSUS][PBFT]checkTimeout Succ,view=76,toView=77,nodeIdx=3,changeCycle=0,myNode=ce7667d2...,timecost=0.238
info|2019-10-25 16:57:34.021626|[g:1][CONSENSUS][PBFT]checkAndChangeView: Reach consensus,org_view=76,org_changeCycle=0,cur_changeCycle=0,to_view=77
info|2019-10-25 16:57:35.025758|[g:1][CONSENSUS]addRawPrepare,height=5,reqIdx=1,hash=b36d6f8c...
info|2019-10-25 16:57:35.026012|[g:1][CONSENSUS][PBFT]checkTimeout Succ,view=77,toView=78,nodeIdx=3,changeCycle=0,myNode=ce7667d2...,timecost=0.227
info|2019-10-25 16:57:35.028012|[g:1][CONSENSUS][PBFT]checkAndChangeView: Reach consensus,org_view=77,org_changeCycle=0,cur_changeCycle=0,to_view=78
info|2019-10-25 16:57:36.030348|[g:1][CONSENSUS]addRawPrepare,height=5,reqIdx=2,hash=8b1eb5ec...
info|2019-10-25 16:57:36.030588|[g:1][CONSENSUS][PBFT]checkTimeout Succ,view=78,toView=79,nodeIdx=3,changeCycle=0,myNode=ce7667d2...,timecost=0.22
info|2019-10-25 16:57:36.031771|[g:1][CONSENSUS][PBFT]checkAndChangeView: Reach consensus,org_view=78,org_changeCycle=0,cur_changeCycle=0,to_view=79
info|2019-10-25 16:57:36.089364|[P2P][Service] heartBeat,connected count=3
info|2019-10-25 16:57:37.034391|[g:1][CONSENSUS][SEALER]++++++++++++++++ Generating seal on,blkNum=5,tx=0,nodeIdx=3,hash=db2f8dd2...
info|2019-10-25 16:57:37.049198|[g:1][CONSENSUS][PBFT]checkTimeout Succ,view=79,toView=80,nodeIdx=3,changeCycle=0,myNode=ce7667d2...,timecost=0.249
info|2019-10-25 16:57:37.050218|[g:1][CONSENSUS][PBFT]checkAndChangeView: Reach consensus,org_view=79,org_changeCycle=0,cur_changeCycle=0,to_view=80
info|2019-10-25 16:57:38.049997|[g:1][CONSENSUS]addRawPrepare,height=5,reqIdx=0,hash=55586d51...
info|2019-10-25 16:57:38.050202|[g:1][CONSENSUS][PBFT]checkTimeout Succ,view=80,toView=81,nodeIdx=3,changeCycle=0,myNode=ce7667d2...,timecost=0.184
info|2019-10-25 16:57:38.052033|[g:1][CONSENSUS][PBFT]checkAndChangeView: Reach consensus,org_view=80,org_changeCycle=0,cur_changeCycle=0,to_view=81
info|2019-10-25 16:57:39.060162|[g:1][CONSENSUS][PBFT]Trigger fast-viewchange,view=81,toView=81,minView=82,INFO=,reqNum=4,curNum=4,GenIdx=2,Cview=82,view=81,fromIdx=2,fromNode=b32aa730...,fromIp=127.0.0.1:30302,hash=28ab0f72...,nodeIdx=3,myNode=ce7667d2...
info|2019-10-25 16:57:39.060471|[g:1][CONSENSUS][PBFT]checkAndChangeView: Reach consensus,org_view=81,org_changeCycle=0,cur_changeCycle=0,to_view=82
info|2019-10-25 16:57:39.060480|[g:1][CONSENSUS][PBFT]checkTimeout Succ,view=82,toView=82,nodeIdx=3,changeCycle=0,myNode=ce7667d2...,timecost=0.24
info|2019-10-25 16:57:40.065908|[g:1][CONSENSUS]addRawPrepare,height=5,reqIdx=2,hash=c9a0a655...
info|2019-10-25 16:57:40.066158|[g:1][CONSENSUS][PBFT]checkTimeout Succ,view=82,toView=83,nodeIdx=3,changeCycle=0,myNode=ce7667d2...,timecost=0.228
info|2019-10-25 16:57:40.067297|[g:1][CONSENSUS][PBFT]checkAndChangeView: Reach consensus,org_view=82,org_changeCycle=0,cur_changeCycle=0,to_view=83
info|2019-10-25 16:57:41.068997|[g:1][CONSENSUS][SEALER]++++++++++++++++ Generating seal on,blkNum=5,tx=0,nodeIdx=3,hash=81f02f03...
info|2019-10-25 16:57:41.076186|[g:1][CONSENSUS][PBFT]checkTimeout Succ,view=83,toView=84,nodeIdx=3,changeCycle=0,myNode=ce7667d2...,timecost=0.192
info|2019-10-25 16:57:41.077063|[g:1][CONSENSUS][PBFT]checkAndChangeView: Reach consensus,org_view=83,org_changeCycle=0,cur_changeCycle=0,to_view=84
info|2019-10-25 16:57:42.079690|[g:1][CONSENSUS]addRawPrepare,height=5,reqIdx=0,hash=51fd121b...
info|2019-10-25 16:57:42.079953|[g:1][CONSENSUS][PBFT]checkTimeout Succ,view=84,toView=85,nodeIdx=3,changeCycle=0,myNode=ce7667d2...,timecost=0.235
info|2019-10-25 16:57:42.084021|[g:1][CONSENSUS][PBFT]checkAndChangeView: Reach consensus,org_view=84,org_changeCycle=0,cur_changeCycle=0,to_view=85
info|2019-10-25 16:57:43.087315|[g:1][CONSENSUS]addRawPrepare,height=5,reqIdx=1,hash=1478cee9...
info|2019-10-25 16:57:43.087531|[g:1][CONSENSUS][PBFT]checkTimeout Succ,view=85,toView=86,nodeIdx=3,changeCycle=0,myNode=ce7667d2...,timecost=0.196
info|2019-10-25 16:57:43.089440|[g:1][CONSENSUS][PBFT]checkAndChangeView: Reach consensus,org_view=85,org_changeCycle=0,cur_changeCycle=0,to_view=86
info|2019-10-25 16:57:44.091399|[g:1][CONSENSUS]addRawPrepare,height=5,reqIdx=2,hash=eba798c2...
info|2019-10-25 16:57:44.091633|[g:1][CONSENSUS][PBFT]checkTimeout Succ,view=86,toView=87,nodeIdx=3,changeCycle=0,myNode=ce7667d2...,timecost=0.174
info|2019-10-25 16:57:44.095169|[g:1][CONSENSUS][PBFT]checkAndChangeView: Reach consensus,org_view=86,org_changeCycle=0,cur_changeCycle=0,to_view=87
info|2019-10-25 16:57:45.097014|[g:1][CONSENSUS][SEALER]++++++++++++++++ Generating seal on,blkNum=5,tx=0,nodeIdx=3,hash=2422485f...
info|2019-10-25 16:57:45.102632|[g:1][CONSENSUS][PBFT]checkTimeout Succ,view=87,toView=88,nodeIdx=3,changeCycle=0,myNode=ce7667d2...,timecost=0.205
info|2019-10-25 16:57:45.103278|[g:1][CONSENSUS][PBFT]checkAndChangeView: Reach consensus,org_view=87,org_changeCycle=0,cur_changeCycle=0,to_view=88
info|2019-10-25 16:57:46.089423|[P2P][Service] heartBeat,connected count=3
info|2019-10-25 16:57:46.103284|[g:1][CONSENSUS]addRawPrepare,height=5,reqIdx=0,hash=26852945...
info|2019-10-25 16:57:46.103570|[g:1][CONSENSUS][PBFT]checkTimeout Succ,view=88,toView=89,nodeIdx=3,changeCycle=0,myNode=ce7667d2...,timecost=0.259
info|2019-10-25 16:57:46.107110|[g:1][CONSENSUS][PBFT]checkAndChangeView: Reach consensus,org_view=88,org_changeCycle=0,cur_changeCycle=0,to_view=89
info|2019-10-25 16:57:47.109565|[g:1][CONSENSUS]addRawPrepare,height=5,reqIdx=1,hash=018d8ee9...
info|2019-10-25 16:57:47.109819|[g:1][CONSENSUS][PBFT]checkTimeout Succ,view=89,toView=90,nodeIdx=3,changeCycle=0,myNode=ce7667d2...,timecost=0.228
info|2019-10-25 16:57:47.113508|[g:1][CONSENSUS][PBFT]checkAndChangeView: Reach consensus,org_view=89,org_changeCycle=0,cur_changeCycle=0,to_view=90
info|2019-10-25 16:57:48.113972|[g:1][CONSENSUS]addRawPrepare,height=5,reqIdx=2,hash=a88262cb...
info|2019-10-25 16:57:48.114282|[g:1][CONSENSUS][PBFT]checkTimeout Succ,view=90,toView=91,nodeIdx=3,changeCycle=0,myNode=ce7667d2...,timecost=0.229
info|2019-10-25 16:57:48.120005|[g:1][CONSENSUS][PBFT]checkAndChangeView: Reach consensus,org_view=90,org_changeCycle=0,cur_changeCycle=0,to_view=91
info|2019-10-25 16:57:49.121471|[g:1][CONSENSUS][SEALER]++++++++++++++++ Generating seal on,blkNum=5,tx=0,nodeIdx=3,hash=dd7ddea8...
info|2019-10-25 16:57:49.130507|[g:1][CONSENSUS][PBFT]checkTimeout Succ,view=91,toView=92,nodeIdx=3,changeCycle=0,myNode=ce7667d2...,timecost=0.24
info|2019-10-25 16:57:49.131330|[g:1][CONSENSUS][PBFT]checkAndChangeView: Reach consensus,org_view=91,org_changeCycle=0,cur_changeCycle=0,to_view=92
info|2019-10-25 16:57:50.129581|[g:1][CONSENSUS]addRawPrepare,height=5,reqIdx=0,hash=77010cbd...
info|2019-10-25 16:57:50.129787|[g:1][CONSENSUS][PBFT]checkTimeout Succ,view=92,toView=93,nodeIdx=3,changeCycle=0,myNode=ce7667d2...,timecost=0.185
info|2019-10-25 16:57:50.133886|[g:1][CONSENSUS][PBFT]checkAndChangeView: Reach consensus,org_view=92,org_changeCycle=0,cur_changeCycle=0,to_view=93
info|2019-10-25 16:57:51.140320|[g:1][CONSENSUS]addRawPrepare,height=5,reqIdx=1,hash=97f77897...
info|2019-10-25 16:57:51.140534|[g:1][CONSENSUS][PBFT]checkTimeout Succ,view=93,toView=94,nodeIdx=3,changeCycle=0,myNode=ce7667d2...,timecost=0.19
info|2019-10-25 16:57:51.150093|[g:1][CONSENSUS][PBFT]checkAndChangeView: Reach consensus,org_view=93,org_changeCycle=0,cur_changeCycle=0,to_view=94
info|2019-10-25 16:57:52.154617|[g:1][CONSENSUS]addRawPrepare,height=5,reqIdx=2,hash=97dd6166...
info|2019-10-25 16:57:52.154917|[g:1][CONSENSUS][PBFT]checkTimeout Succ,view=94,toView=95,nodeIdx=3,changeCycle=0,myNode=ce7667d2...,timecost=0.267
info|2019-10-25 16:57:52.157559|[g:1][CONSENSUS][PBFT]checkAndChangeView: Reach consensus,org_view=94,org_changeCycle=0,cur_changeCycle=0,to_view=95
info|2019-10-25 16:57:53.158496|[g:1][CONSENSUS][SEALER]++++++++++++++++ Generating seal on,blkNum=5,tx=0,nodeIdx=3,hash=9600a125...
info|2019-10-25 16:57:53.168659|[g:1][CONSENSUS][PBFT]checkTimeout Succ,view=95,toView=96,nodeIdx=3,changeCycle=0,myNode=ce7667d2...,timecost=0.313
info|2019-10-25 16:57:53.170252|[g:1][CONSENSUS][PBFT]checkAndChangeView: Reach consensus,org_view=95,org_changeCycle=0,cur_changeCycle=0,to_view=96
info|2019-10-25 16:57:54.170903|[g:1][CONSENSUS]addRawPrepare,height=5,reqIdx=0,hash=c7c7af38...
info|2019-10-25 16:57:54.178466|[g:1][CONSENSUS][PBFT]checkTimeout Succ,view=96,toView=97,nodeIdx=3,changeCycle=0,myNode=ce7667d2...,timecost=7.394
info|2019-10-25 16:57:54.197342|[g:1][CONSENSUS][PBFT]checkAndChangeView: Reach consensus,org_view=96,org_changeCycle=0,cur_changeCycle=0,to_view=97
info|2019-10-25 16:57:55.206549|[g:1][CONSENSUS]addRawPrepare,height=5,reqIdx=1,hash=7eff0293...
info|2019-10-25 16:57:55.206933|[g:1][CONSENSUS][PBFT]checkTimeout Succ,view=97,toView=98,nodeIdx=3,changeCycle=0,myNode=ce7667d2...,timecost=0.297
info|2019-10-25 16:57:55.210883|[g:1][CONSENSUS][PBFT]checkAndChangeView: Reach consensus,org_view=97,org_changeCycle=0,cur_changeCycle=0,to_view=98
info|2019-10-25 16:57:56.089518|[P2P][Service] heartBeat,connected count=3
info|2019-10-25 16:57:56.216383|[g:1][CONSENSUS][PBFT]Trigger fast-viewchange,view=98,toView=98,minView=99,INFO=,reqNum=4,curNum=4,GenIdx=1,Cview=99,view=98,fromIdx=1,fromNode=6ca4e435...,fromIp=127.0.0.1:30300,hash=28ab0f72...,nodeIdx=3,myNode=ce7667d2...
info|2019-10-25 16:57:56.216728|[g:1][CONSENSUS][PBFT]checkAndChangeView: Reach consensus,org_view=98,org_changeCycle=0,cur_changeCycle=0,to_view=99
info|2019-10-25 16:57:56.216737|[g:1][CONSENSUS][PBFT]checkTimeout Succ,view=99,toView=99,nodeIdx=3,changeCycle=0,myNode=ce7667d2...,timecost=0.297
info|2019-10-25 16:57:57.216282|[g:1][CONSENSUS][SEALER]++++++++++++++++ Generating seal on,blkNum=5,tx=0,nodeIdx=3,hash=fc234747...
info|2019-10-25 16:57:57.228956|[g:1][CONSENSUS][PBFT]checkTimeout Succ,view=99,toView=100,nodeIdx=3,changeCycle=0,myNode=ce7667d2...,timecost=0.437
info|2019-10-25 16:57:57.230695|[g:1][CONSENSUS][PBFT]checkAndChangeView: Reach consensus,org_view=99,org_changeCycle=0,cur_changeCycle=0,to_view=100
info|2019-10-25 16:57:58.228452|[g:1][CONSENSUS]addRawPrepare,height=5,reqIdx=0,hash=4f5b2e93...
info|2019-10-25 16:57:58.228736|[g:1][CONSENSUS][PBFT]checkTimeout Succ,view=100,toView=101,nodeIdx=3,changeCycle=0,myNode=ce7667d2...,timecost=0.25
info|2019-10-25 16:57:58.232375|[g:1][CONSENSUS][PBFT]checkAndChangeView: Reach consensus,org_view=100,org_changeCycle=0,cur_changeCycle=0,to_view=101
info|2019-10-25 16:57:59.237892|[g:1][CONSENSUS]addRawPrepare,height=5,reqIdx=1,hash=685a9202...
info|2019-10-25 16:57:59.238253|[g:1][CONSENSUS][PBFT]checkTimeout Succ,view=101,toView=102,nodeIdx=3,changeCycle=0,myNode=ce7667d2...,timecost=0.333
info|2019-10-25 16:57:59.239258|[g:1][CONSENSUS][PBFT]checkAndChangeView: Reach consensus,org_view=101,org_changeCycle=0,cur_changeCycle=0,to_view=102
info|2019-10-25 16:58:00.244091|[g:1][CONSENSUS]addRawPrepare,height=5,reqIdx=2,hash=b64326fe...
info|2019-10-25 16:58:00.244480|[g:1][CONSENSUS][PBFT]checkTimeout Succ,view=102,toView=103,nodeIdx=3,changeCycle=0,myNode=ce7667d2...,timecost=0.35
info|2019-10-25 16:58:00.247517|[g:1][CONSENSUS][PBFT]checkAndChangeView: Reach consensus,org_view=102,org_changeCycle=0,cur_changeCycle=0,to_view=103
info|2019-10-25 16:58:01.248394|[g:1][CONSENSUS][SEALER]++++++++++++++++ Generating seal on,blkNum=5,tx=0,nodeIdx=3,hash=2badf209...
info|2019-10-25 16:58:01.254502|[g:1][CONSENSUS][PBFT]checkTimeout Succ,view=103,toView=104,nodeIdx=3,changeCycle=0,myNode=ce7667d2...,timecost=0.279
info|2019-10-25 16:58:01.255738|[g:1][CONSENSUS][PBFT]checkAndChangeView: Reach consensus,org_view=103,org_changeCycle=0,cur_changeCycle=0,to_view=104
info|2019-10-25 16:58:02.256210|[g:1][CONSENSUS]addRawPrepare,height=5,reqIdx=0,hash=e37a6528...
info|2019-10-25 16:58:02.256462|[g:1][CONSENSUS][PBFT]checkTimeout Succ,view=104,toView=105,nodeIdx=3,changeCycle=0,myNode=ce7667d2...,timecost=0.231
info|2019-10-25 16:58:02.272609|[g:1][CONSENSUS][PBFT]checkAndChangeView: Reach consensus,org_view=104,org_changeCycle=0,cur_changeCycle=0,to_view=105
info|2019-10-25 16:58:03.272809|[g:1][CONSENSUS]addRawPrepare,height=5,reqIdx=1,hash=bbba6252...
info|2019-10-25 16:58:03.273127|[g:1][CONSENSUS][PBFT]checkTimeout Succ,view=105,toView=106,nodeIdx=3,changeCycle=0,myNode=ce7667d2...,timecost=0.277
info|2019-10-25 16:58:03.275035|[g:1][CONSENSUS][PBFT]checkAndChangeView: Reach consensus,org_view=105,org_changeCycle=0,cur_changeCycle=0,to_view=106
info|2019-10-25 16:58:04.277778|[g:1][CONSENSUS]addRawPrepare,height=5,reqIdx=2,hash=20a5bbd3...
info|2019-10-25 16:58:04.277979|[g:1][CONSENSUS][PBFT]checkTimeout Succ,view=106,toView=107,nodeIdx=3,changeCycle=0,myNode=ce7667d2...,timecost=0.181
info|2019-10-25 16:58:04.279760|[g:1][CONSENSUS][PBFT]checkAndChangeView: Reach consensus,org_view=106,org_changeCycle=0,cur_changeCycle=0,to_view=107
info|2019-10-25 16:58:05.279888|[g:1][CONSENSUS][SEALER]++++++++++++++++ Generating seal on,blkNum=5,tx=0,nodeIdx=3,hash=8831e9f1...
info|2019-10-25 16:58:05.287798|[g:1][CONSENSUS][PBFT]checkTimeout Succ,view=107,toView=108,nodeIdx=3,changeCycle=0,myNode=ce7667d2...,timecost=0.194
info|2019-10-25 16:58:05.288731|[g:1][CONSENSUS][PBFT]checkAndChangeView: Reach consensus,org_view=107,org_changeCycle=0,cur_changeCycle=0,to_view=108
info|2019-10-25 16:58:06.089599|[P2P][Service] heartBeat,connected count=3
info|2019-10-25 16:58:06.289668|[g:1][CONSENSUS]addRawPrepare,height=5,reqIdx=0,hash=f5ea55f8...
info|2019-10-25 16:58:06.289988|[g:1][CONSENSUS][PBFT]checkTimeout Succ,view=108,toView=109,nodeIdx=3,changeCycle=0,myNode=ce7667d2...,timecost=0.294
info|2019-10-25 16:58:06.292788|[g:1][CONSENSUS][PBFT]checkAndChangeView: Reach consensus,org_view=108,org_changeCycle=0,cur_changeCycle=0,to_view=109
info|2019-10-25 16:58:07.296701|[g:1][CONSENSUS]addRawPrepare,height=5,reqIdx=1,hash=59251048...
info|2019-10-25 16:58:07.296927|[g:1][CONSENSUS][PBFT]checkTimeout Succ,view=109,toView=110,nodeIdx=3,changeCycle=0,myNode=ce7667d2...,timecost=0.202
info|2019-10-25 16:58:07.298871|[g:1][CONSENSUS][PBFT]checkAndChangeView: Reach consensus,org_view=109,org_changeCycle=0,cur_changeCycle=0,to_view=110
info|2019-10-25 16:58:08.303871|[g:1][CONSENSUS]addRawPrepare,height=5,reqIdx=2,hash=a6d1b21e...
info|2019-10-25 16:58:08.304107|[g:1][CONSENSUS][PBFT]checkTimeout Succ,view=110,toView=111,nodeIdx=3,changeCycle=0,myNode=ce7667d2...,timecost=0.212
info|2019-10-25 16:58:08.306061|[g:1][CONSENSUS][PBFT]checkAndChangeView: Reach consensus,org_view=110,org_changeCycle=0,cur_changeCycle=0,to_view=111
info|2019-10-25 16:58:09.309028|[g:1][CONSENSUS][SEALER]++++++++++++++++ Generating seal on,blkNum=5,tx=0,nodeIdx=3,hash=fca95278...
info|2019-10-25 16:58:09.316820|[g:1][CONSENSUS][PBFT]checkTimeout Succ,view=111,toView=112,nodeIdx=3,changeCycle=0,myNode=ce7667d2...,timecost=0.2
info|2019-10-25 16:58:09.317632|[g:1][CONSENSUS][PBFT]checkAndChangeView: Reach consensus,org_view=111,org_changeCycle=0,cur_changeCycle=0,to_view=112
info|2019-10-25 16:58:10.317852|[g:1][CONSENSUS]addRawPrepare,height=5,reqIdx=0,hash=cb900a4a...
info|2019-10-25 16:58:10.318080|[g:1][CONSENSUS][PBFT]checkTimeout Succ,view=112,toView=113,nodeIdx=3,changeCycle=0,myNode=ce7667d2...,timecost=0.201
info|2019-10-25 16:58:10.320349|[g:1][CONSENSUS][PBFT]checkAndChangeView: Reach consensus,org_view=112,org_changeCycle=0,cur_changeCycle=0,to_view=113
info|2019-10-25 16:58:11.321772|[g:1][CONSENSUS]addRawPrepare,height=5,reqIdx=1,hash=695b8193...
info|2019-10-25 16:58:11.322183|[g:1][CONSENSUS][PBFT]checkTimeout Succ,view=113,toView=114,nodeIdx=3,changeCycle=0,myNode=ce7667d2...,timecost=0.322
info|2019-10-25 16:58:11.326762|[g:1][CONSENSUS][PBFT]checkAndChangeView: Reach consensus,org_view=113,org_changeCycle=0,cur_changeCycle=0,to_view=114
info|2019-10-25 16:58:12.330305|[g:1][CONSENSUS]addRawPrepare,height=5,reqIdx=2,hash=89514f35...
info|2019-10-25 16:58:12.330540|[g:1][CONSENSUS][PBFT]checkTimeout Succ,view=114,toView=115,nodeIdx=3,changeCycle=0,myNode=ce7667d2...,timecost=0.207
info|2019-10-25 16:58:12.333242|[g:1][CONSENSUS][PBFT]checkAndChangeView: Reach consensus,org_view=114,org_changeCycle=0,cur_changeCycle=0,to_view=115
info|2019-10-25 16:58:13.335307|[g:1][CONSENSUS][SEALER]++++++++++++++++ Generating seal on,blkNum=5,tx=0,nodeIdx=3,hash=90c772d1...
info|2019-10-25 16:58:13.345547|[g:1][CONSENSUS][PBFT]checkTimeout Succ,view=115,toView=116,nodeIdx=3,changeCycle=0,myNode=ce7667d2...,timecost=0.265
info|2019-10-25 16:58:13.346858|[g:1][CONSENSUS][PBFT]checkAndChangeView: Reach consensus,org_view=115,org_changeCycle=0,cur_changeCycle=0,to_view=116
info|2019-10-25 16:58:14.344490|[g:1][CONSENSUS]addRawPrepare,height=5,reqIdx=0,hash=dcdbaca6...
info|2019-10-25 16:58:14.344729|[g:1][CONSENSUS][PBFT]checkTimeout Succ,view=116,toView=117,nodeIdx=3,changeCycle=0,myNode=ce7667d2...,timecost=0.219
info|2019-10-25 16:58:14.346444|[g:1][CONSENSUS][PBFT]checkAndChangeView: Reach consensus,org_view=116,org_changeCycle=0,cur_changeCycle=0,to_view=117
info|2019-10-25 16:58:15.349843|[g:1][CONSENSUS]addRawPrepare,height=5,reqIdx=1,hash=4488bcb8...
info|2019-10-25 16:58:15.350118|[g:1][CONSENSUS][PBFT]checkTimeout Succ,view=117,toView=118,nodeIdx=3,changeCycle=0,myNode=ce7667d2...,timecost=0.25
info|2019-10-25 16:58:15.353444|[g:1][CONSENSUS][PBFT]checkAndChangeView: Reach consensus,org_view=117,org_changeCycle=0,cur_changeCycle=0,to_view=118
info|2019-10-25 16:58:16.090426|[P2P][Service] heartBeat,connected count=3
info|2019-10-25 16:58:16.356617|[g:1][CONSENSUS]addRawPrepare,height=5,reqIdx=2,hash=0996611a...
info|2019-10-25 16:58:16.356929|[g:1][CONSENSUS][PBFT]checkTimeout Succ,view=118,toView=119,nodeIdx=3,changeCycle=0,myNode=ce7667d2...,timecost=0.233
info|2019-10-25 16:58:16.365725|[g:1][CONSENSUS][PBFT]checkAndChangeView: Reach consensus,org_view=118,org_changeCycle=0,cur_changeCycle=0,to_view=119
info|2019-10-25 16:58:17.367240|[g:1][CONSENSUS][SEALER]++++++++++++++++ Generating seal on,blkNum=5,tx=0,nodeIdx=3,hash=20ad7287...
info|2019-10-25 16:58:17.374970|[g:1][CONSENSUS][PBFT]checkTimeout Succ,view=119,toView=120,nodeIdx=3,changeCycle=0,myNode=ce7667d2...,timecost=0.305
info|2019-10-25 16:58:17.376085|[g:1][CONSENSUS][PBFT]checkAndChangeView: Reach consensus,org_view=119,org_changeCycle=0,cur_changeCycle=0,to_view=120
info|2019-10-25 16:58:18.376260|[g:1][CONSENSUS]addRawPrepare,height=5,reqIdx=0,hash=0d9578b8...
info|2019-10-25 16:58:18.376498|[g:1][CONSENSUS][PBFT]checkTimeout Succ,view=120,toView=121,nodeIdx=3,changeCycle=0,myNode=ce7667d2...,timecost=0.218
info|2019-10-25 16:58:18.378704|[g:1][CONSENSUS][PBFT]checkAndChangeView: Reach consensus,org_view=120,org_changeCycle=0,cur_changeCycle=0,to_view=121
info|2019-10-25 16:58:19.384100|[g:1][CONSENSUS]addRawPrepare,height=5,reqIdx=1,hash=a1a95909...
info|2019-10-25 16:58:19.384428|[g:1][CONSENSUS][PBFT]checkTimeout Succ,view=121,toView=122,nodeIdx=3,changeCycle=0,myNode=ce7667d2...,timecost=0.304
info|2019-10-25 16:58:19.385430|[g:1][CONSENSUS][PBFT]checkAndChangeView: Reach consensus,org_view=121,org_changeCycle=0,cur_changeCycle=0,to_view=122
info|2019-10-25 16:58:20.389848|[g:1][CONSENSUS]addRawPrepare,height=5,reqIdx=2,hash=8220a54c...
info|2019-10-25 16:58:20.390154|[g:1][CONSENSUS][PBFT]checkTimeout Succ,view=122,toView=123,nodeIdx=3,changeCycle=0,myNode=ce7667d2...,timecost=0.278
info|2019-10-25 16:58:20.391627|[g:1][CONSENSUS][PBFT]checkAndChangeView: Reach consensus,org_view=122,org_changeCycle=0,cur_changeCycle=0,to_view=123
info|2019-10-25 16:58:21.398271|[g:1][CONSENSUS][SEALER]++++++++++++++++ Generating seal on,blkNum=5,tx=0,nodeIdx=3,hash=25943cec...
info|2019-10-25 16:58:21.403796|[g:1][CONSENSUS][PBFT]checkTimeout Succ,view=123,toView=124,nodeIdx=3,changeCycle=0,myNode=ce7667d2...,timecost=0.207
info|2019-10-25 16:58:21.404636|[g:1][CONSENSUS][PBFT]checkAndChangeView: Reach consensus,org_view=123,org_changeCycle=0,cur_changeCycle=0,to_view=124
info|2019-10-25 16:58:22.405859|[g:1][CONSENSUS]addRawPrepare,height=5,reqIdx=0,hash=e64b3343...
info|2019-10-25 16:58:22.406071|[g:1][CONSENSUS][PBFT]checkTimeout Succ,view=124,toView=125,nodeIdx=3,changeCycle=0,myNode=ce7667d2...,timecost=0.189
info|2019-10-25 16:58:22.408665|[g:1][CONSENSUS][PBFT]checkAndChangeView: Reach consensus,org_view=124,org_changeCycle=0,cur_changeCycle=0,to_view=125
info|2019-10-25 16:58:23.410813|[g:1][CONSENSUS]addRawPrepare,height=5,reqIdx=1,hash=8d55ae8e...
info|2019-10-25 16:58:23.411249|[g:1][CONSENSUS][PBFT]checkTimeout Succ,view=125,toView=126,nodeIdx=3,changeCycle=0,myNode=ce7667d2...,timecost=0.392
info|2019-10-25 16:58:23.414292|[g:1][CONSENSUS][PBFT]checkAndChangeView: Reach consensus,org_view=125,org_changeCycle=0,cur_changeCycle=0,to_view=126
info|2019-10-25 16:58:24.417328|[g:1][CONSENSUS]addRawPrepare,height=5,reqIdx=2,hash=34eb0db2...
info|2019-10-25 16:58:24.417594|[g:1][CONSENSUS][PBFT]checkTimeout Succ,view=126,toView=127,nodeIdx=3,changeCycle=0,myNode=ce7667d2...,timecost=0.232
info|2019-10-25 16:58:24.418633|[g:1][CONSENSUS][PBFT]checkAndChangeView: Reach consensus,org_view=126,org_changeCycle=0,cur_changeCycle=0,to_view=127
info|2019-10-25 16:58:25.420602|[g:1][CONSENSUS][SEALER]++++++++++++++++ Generating seal on,blkNum=5,tx=0,nodeIdx=3,hash=77c6e95d...
info|2019-10-25 16:58:25.428459|[g:1][CONSENSUS][PBFT]checkTimeout Succ,view=127,toView=128,nodeIdx=3,changeCycle=0,myNode=ce7667d2...,timecost=0.473
info|2019-10-25 16:58:25.429633|[g:1][CONSENSUS][PBFT]checkAndChangeView: Reach consensus,org_view=127,org_changeCycle=0,cur_changeCycle=0,to_view=128
info|2019-10-25 16:58:26.090566|[P2P][Service] heartBeat,connected count=3
info|2019-10-25 16:58:26.429824|[g:1][CONSENSUS]addRawPrepare,height=5,reqIdx=0,hash=31a1705c...
info|2019-10-25 16:58:26.430046|[g:1][CONSENSUS][PBFT]checkTimeout Succ,view=128,toView=129,nodeIdx=3,changeCycle=0,myNode=ce7667d2...,timecost=0.199
info|2019-10-25 16:58:26.430855|[g:1][CONSENSUS][PBFT]checkAndChangeView: Reach consensus,org_view=128,org_changeCycle=0,cur_changeCycle=0,to_view=129
info|2019-10-25 16:58:27.439168|[g:1][CONSENSUS]addRawPrepare,height=5,reqIdx=1,hash=a5aa7657...
info|2019-10-25 16:58:27.439496|[g:1][CONSENSUS][PBFT]checkTimeout Succ,view=129,toView=130,nodeIdx=3,changeCycle=0,myNode=ce7667d2...,timecost=0.283
info|2019-10-25 16:58:27.441762|[g:1][CONSENSUS][PBFT]checkAndChangeView: Reach consensus,org_view=129,org_changeCycle=0,cur_changeCycle=0,to_view=130
info|2019-10-25 16:58:28.446486|[g:1][CONSENSUS]addRawPrepare,height=5,reqIdx=2,hash=30fd024b...
info|2019-10-25 16:58:28.451577|[g:1][CONSENSUS][PBFT]checkTimeout Succ,view=130,toView=131,nodeIdx=3,changeCycle=0,myNode=ce7667d2...,timecost=4.652
info|2019-10-25 16:58:28.457436|[g:1][CONSENSUS][PBFT]checkAndChangeView: Reach consensus,org_view=130,org_changeCycle=0,cur_changeCycle=0,to_view=131
info|2019-10-25 16:58:29.458832|[g:1][CONSENSUS][SEALER]++++++++++++++++ Generating seal on,blkNum=5,tx=0,nodeIdx=3,hash=7429a243...
info|2019-10-25 16:58:29.470242|[g:1][CONSENSUS][PBFT]checkTimeout Succ,view=131,toView=132,nodeIdx=3,changeCycle=0,myNode=ce7667d2...,timecost=0.271
info|2019-10-25 16:58:29.471530|[g:1][CONSENSUS][PBFT]checkAndChangeView: Reach consensus,org_view=131,org_changeCycle=0,cur_changeCycle=0,to_view=132
info|2019-10-25 16:58:30.475299|[g:1][CONSENSUS]addRawPrepare,height=5,reqIdx=0,hash=2999833d...
info|2019-10-25 16:58:30.478087|[g:1][CONSENSUS][PBFT]checkTimeout Succ,view=132,toView=133,nodeIdx=3,changeCycle=0,myNode=ce7667d2...,timecost=2.708
info|2019-10-25 16:58:30.481668|[g:1][CONSENSUS][PBFT]checkAndChangeView: Reach consensus,org_view=132,org_changeCycle=0,cur_changeCycle=0,to_view=133
info|2019-10-25 16:58:31.486119|[g:1][CONSENSUS]addRawPrepare,height=5,reqIdx=1,hash=01fb0e63...
info|2019-10-25 16:58:31.486391|[g:1][CONSENSUS][PBFT]checkTimeout Succ,view=133,toView=134,nodeIdx=3,changeCycle=0,myNode=ce7667d2...,timecost=0.247
info|2019-10-25 16:58:31.488569|[g:1][CONSENSUS][PBFT]checkAndChangeView: Reach consensus,org_view=133,org_changeCycle=0,cur_changeCycle=0,to_view=134
info|2019-10-25 16:58:32.496214|[g:1][CONSENSUS]addRawPrepare,height=5,reqIdx=2,hash=1507e66c...
info|2019-10-25 16:58:32.497667|[g:1][CONSENSUS][PBFT]checkTimeout Succ,view=134,toView=135,nodeIdx=3,changeCycle=0,myNode=ce7667d2...,timecost=1.246
info|2019-10-25 16:58:32.500023|[g:1][CONSENSUS][PBFT]checkAndChangeView: Reach consensus,org_view=134,org_changeCycle=0,cur_changeCycle=0,to_view=135
info|2019-10-25 16:58:33.501713|[g:1][CONSENSUS][SEALER]++++++++++++++++ Generating seal on,blkNum=5,tx=0,nodeIdx=3,hash=2ddc9b0d...
info|2019-10-25 16:58:33.511703|[g:1][CONSENSUS][PBFT]checkTimeout Succ,view=135,toView=136,nodeIdx=3,changeCycle=0,myNode=ce7667d2...,timecost=0.293
info|2019-10-25 16:58:33.513088|[g:1][CONSENSUS][PBFT]checkAndChangeView: Reach consensus,org_view=135,org_changeCycle=0,cur_changeCycle=0,to_view=136
info|2019-10-25 16:58:34.512780|[g:1][CONSENSUS]addRawPrepare,height=5,reqIdx=0,hash=1d94f4b5...
info|2019-10-25 16:58:34.513084|[g:1][CONSENSUS][PBFT]checkTimeout Succ,view=136,toView=137,nodeIdx=3,changeCycle=0,myNode=ce7667d2...,timecost=0.274
info|2019-10-25 16:58:34.516133|[g:1][CONSENSUS][PBFT]checkAndChangeView: Reach consensus,org_view=136,org_changeCycle=0,cur_changeCycle=0,to_view=137
info|2019-10-25 16:58:35.520809|[g:1][CONSENSUS]addRawPrepare,height=5,reqIdx=1,hash=01c6bc81...
info|2019-10-25 16:58:35.521145|[g:1][CONSENSUS][PBFT]checkTimeout Succ,view=137,toView=138,nodeIdx=3,changeCycle=0,myNode=ce7667d2...,timecost=0.3
info|2019-10-25 16:58:35.528388|[g:1][CONSENSUS][PBFT]checkAndChangeView: Reach consensus,org_view=137,org_changeCycle=0,cur_changeCycle=0,to_view=138
info|2019-10-25 16:58:36.090865|[P2P][Service] heartBeat,connected count=3
info|2019-10-25 16:58:36.538240|[g:1][CONSENSUS]addRawPrepare,height=5,reqIdx=2,hash=5ffbcec8...
info|2019-10-25 16:58:36.543409|[g:1][CONSENSUS][PBFT]checkTimeout Succ,view=138,toView=139,nodeIdx=3,changeCycle=0,myNode=ce7667d2...,timecost=5.138
info|2019-10-25 16:58:36.544037|[g:1][CONSENSUS][PBFT]checkAndChangeView: Reach consensus,org_view=138,org_changeCycle=0,cur_changeCycle=0,to_view=139
info|2019-10-25 16:58:37.544892|[g:1][CONSENSUS][SEALER]++++++++++++++++ Generating seal on,blkNum=5,tx=0,nodeIdx=3,hash=d7d1fd2c...
info|2019-10-25 16:58:37.559765|[g:1][CONSENSUS][PBFT]checkTimeout Succ,view=139,toView=140,nodeIdx=3,changeCycle=0,myNode=ce7667d2...,timecost=4.506
info|2019-10-25 16:58:37.561628|[g:1][CONSENSUS][PBFT]checkAndChangeView: Reach consensus,org_view=139,org_changeCycle=0,cur_changeCycle=0,to_view=140
info|2019-10-25 16:58:38.557592|[g:1][CONSENSUS]addRawPrepare,height=5,reqIdx=0,hash=2673b042...
info|2019-10-25 16:58:38.557950|[g:1][CONSENSUS][PBFT]checkTimeout Succ,view=140,toView=141,nodeIdx=3,changeCycle=0,myNode=ce7667d2...,timecost=0.321
info|2019-10-25 16:58:38.560868|[g:1][CONSENSUS][PBFT]checkAndChangeView: Reach consensus,org_view=140,org_changeCycle=0,cur_changeCycle=0,to_view=141
info|2019-10-25 16:58:39.565067|[g:1][CONSENSUS]addRawPrepare,height=5,reqIdx=1,hash=7d90f778...
info|2019-10-25 16:58:39.565300|[g:1][CONSENSUS][PBFT]checkTimeout Succ,view=141,toView=142,nodeIdx=3,changeCycle=0,myNode=ce7667d2...,timecost=0.208
info|2019-10-25 16:58:39.567020|[g:1][CONSENSUS][PBFT]checkAndChangeView: Reach consensus,org_view=141,org_changeCycle=0,cur_changeCycle=0,to_view=142
info|2019-10-25 16:58:40.569522|[g:1][CONSENSUS]addRawPrepare,height=5,reqIdx=2,hash=71824e0d...
info|2019-10-25 16:58:40.569725|[g:1][CONSENSUS][PBFT]checkTimeout Succ,view=142,toView=143,nodeIdx=3,changeCycle=0,myNode=ce7667d2...,timecost=0.183
info|2019-10-25 16:58:40.570774|[g:1][CONSENSUS][PBFT]checkAndChangeView: Reach consensus,org_view=142,org_changeCycle=0,cur_changeCycle=0,to_view=143
info|2019-10-25 16:58:41.571514|[g:1][CONSENSUS][SEALER]++++++++++++++++ Generating seal on,blkNum=5,tx=0,nodeIdx=3,hash=dbd5549c...
info|2019-10-25 16:58:41.578571|[g:1][CONSENSUS][PBFT]checkTimeout Succ,view=143,toView=144,nodeIdx=3,changeCycle=0,myNode=ce7667d2...,timecost=0.194
info|2019-10-25 16:58:41.579499|[g:1][CONSENSUS][PBFT]checkAndChangeView: Reach consensus,org_view=143,org_changeCycle=0,cur_changeCycle=0,to_view=144
info|2019-10-25 16:58:42.580356|[g:1][CONSENSUS]addRawPrepare,height=5,reqIdx=0,hash=a881251d...
info|2019-10-25 16:58:42.584279|[g:1][CONSENSUS][PBFT]checkTimeout Succ,view=144,toView=145,nodeIdx=3,changeCycle=0,myNode=ce7667d2...,timecost=3.884
info|2019-10-25 16:58:42.587291|[g:1][CONSENSUS][PBFT]checkAndChangeView: Reach consensus,org_view=144,org_changeCycle=0,cur_changeCycle=0,to_view=145
info|2019-10-25 16:58:43.591786|[g:1][CONSENSUS]addRawPrepare,height=5,reqIdx=1,hash=84c56eee...
info|2019-10-25 16:58:43.592049|[g:1][CONSENSUS][PBFT]checkTimeout Succ,view=145,toView=146,nodeIdx=3,changeCycle=0,myNode=ce7667d2...,timecost=0.235
info|2019-10-25 16:58:43.592397|[g:1][CONSENSUS][PBFT]checkAndChangeView: Reach consensus,org_view=145,org_changeCycle=0,cur_changeCycle=0,to_view=146
info|2019-10-25 16:58:44.609281|[g:1][CONSENSUS]addRawPrepare,height=5,reqIdx=2,hash=4763b987...
info|2019-10-25 16:58:44.610539|[g:1][CONSENSUS][PBFT]checkTimeout Succ,view=146,toView=147,nodeIdx=3,changeCycle=0,myNode=ce7667d2...,timecost=1.208
info|2019-10-25 16:58:44.614437|[g:1][CONSENSUS][PBFT]checkAndChangeView: Reach consensus,org_view=146,org_changeCycle=0,cur_changeCycle=0,to_view=147
info|2019-10-25 16:58:45.617036|[g:1][CONSENSUS][SEALER]++++++++++++++++ Generating seal on,blkNum=5,tx=0,nodeIdx=3,hash=1770ddf2...
info|2019-10-25 16:58:45.623642|[g:1][CONSENSUS][PBFT]checkTimeout Succ,view=147,toView=148,nodeIdx=3,changeCycle=0,myNode=ce7667d2...,timecost=0.316
info|2019-10-25 16:58:45.624958|[g:1][CONSENSUS][PBFT]checkAndChangeView: Reach consensus,org_view=147,org_changeCycle=0,cur_changeCycle=0,to_view=148
info|2019-10-25 16:58:46.092703|[P2P][Service] heartBeat,connected count=3
info|2019-10-25 16:58:46.626949|[g:1][CONSENSUS][PBFT]Trigger fast-viewchange,view=148,toView=148,minView=149,INFO=,reqNum=4,curNum=4,GenIdx=1,Cview=149,view=148,fromIdx=1,fromNode=6ca4e435...,fromIp=127.0.0.1:30300,hash=28ab0f72...,nodeIdx=3,myNode=ce7667d2...
info|2019-10-25 16:58:46.627459|[g:1][CONSENSUS][PBFT]checkAndChangeView: Reach consensus,org_view=148,org_changeCycle=0,cur_changeCycle=0,to_view=149
info|2019-10-25 16:58:46.629324|[g:1][CONSENSUS][PBFT]checkTimeout Succ,view=149,toView=149,nodeIdx=3,changeCycle=0,myNode=ce7667d2...,timecost=2.282
info|2019-10-25 16:58:47.634922|[g:1][CONSENSUS]addRawPrepare,height=5,reqIdx=1,hash=9ea7a0c6...
info|2019-10-25 16:58:47.635271|[g:1][CONSENSUS][PBFT]checkTimeout Succ,view=149,toView=150,nodeIdx=3,changeCycle=0,myNode=ce7667d2...,timecost=0.293
info|2019-10-25 16:58:47.641047|[g:1][CONSENSUS][PBFT]checkAndChangeView: Reach consensus,org_view=149,org_changeCycle=0,cur_changeCycle=0,to_view=150
info|2019-10-25 16:58:48.644182|[g:1][CONSENSUS]addRawPrepare,height=5,reqIdx=2,hash=c2df84ee...
info|2019-10-25 16:58:48.644425|[g:1][CONSENSUS][PBFT]checkTimeout Succ,view=150,toView=151,nodeIdx=3,changeCycle=0,myNode=ce7667d2...,timecost=0.215
info|2019-10-25 16:58:48.645866|[g:1][CONSENSUS][PBFT]checkAndChangeView: Reach consensus,org_view=150,org_changeCycle=0,cur_changeCycle=0,to_view=151
info|2019-10-25 16:58:49.646934|[g:1][CONSENSUS][SEALER]++++++++++++++++ Generating seal on,blkNum=5,tx=0,nodeIdx=3,hash=13e209ca...
info|2019-10-25 16:58:49.654810|[g:1][CONSENSUS][PBFT]checkTimeout Succ,view=151,toView=152,nodeIdx=3,changeCycle=0,myNode=ce7667d2...,timecost=0.296
info|2019-10-25 16:58:49.656097|[g:1][CONSENSUS][PBFT]checkAndChangeView: Reach consensus,org_view=151,org_changeCycle=0,cur_changeCycle=0,to_view=152
info|2019-10-25 16:58:50.654812|[g:1][CONSENSUS]addRawPrepare,height=5,reqIdx=0,hash=21308ce8...
info|2019-10-25 16:58:50.655075|[g:1][CONSENSUS][PBFT]checkTimeout Succ,view=152,toView=153,nodeIdx=3,changeCycle=0,myNode=ce7667d2...,timecost=0.241
info|2019-10-25 16:58:50.656926|[g:1][CONSENSUS][PBFT]checkAndChangeView: Reach consensus,org_view=152,org_changeCycle=0,cur_changeCycle=0,to_view=153
info|2019-10-25 16:58:51.663062|[g:1][CONSENSUS]addRawPrepare,height=5,reqIdx=1,hash=5e16b6c6...
info|2019-10-25 16:58:51.663415|[g:1][CONSENSUS][PBFT]checkTimeout Succ,view=153,toView=154,nodeIdx=3,changeCycle=0,myNode=ce7667d2...,timecost=0.323
info|2019-10-25 16:58:51.664484|[g:1][CONSENSUS][PBFT]checkAndChangeView: Reach consensus,org_view=153,org_changeCycle=0,cur_changeCycle=0,to_view=154
info|2019-10-25 16:58:52.670624|[g:1][CONSENSUS]addRawPrepare,height=5,reqIdx=2,hash=531b0af7...
info|2019-10-25 16:58:52.670840|[g:1][CONSENSUS][PBFT]checkTimeout Succ,view=154,toView=155,nodeIdx=3,changeCycle=0,myNode=ce7667d2...,timecost=0.193
info|2019-10-25 16:58:52.714203|[g:1][CONSENSUS][PBFT]checkAndChangeView: Reach consensus,org_view=154,org_changeCycle=0,cur_changeCycle=0,to_view=155
info|2019-10-25 16:58:53.715030|[g:1][CONSENSUS][SEALER]++++++++++++++++ Generating seal on,blkNum=5,tx=0,nodeIdx=3,hash=65e20c20...
info|2019-10-25 16:58:53.723900|[g:1][CONSENSUS][PBFT]checkTimeout Succ,view=155,toView=156,nodeIdx=3,changeCycle=0,myNode=ce7667d2...,timecost=0.197
info|2019-10-25 16:58:53.724705|[g:1][CONSENSUS][PBFT]checkAndChangeView: Reach consensus,org_view=155,org_changeCycle=0,cur_changeCycle=0,to_view=156
info|2019-10-25 16:58:54.724963|[g:1][CONSENSUS]addRawPrepare,height=5,reqIdx=0,hash=c6ccc9eb...
info|2019-10-25 16:58:54.725292|[g:1][CONSENSUS][PBFT]checkTimeout Succ,view=156,toView=157,nodeIdx=3,changeCycle=0,myNode=ce7667d2...,timecost=0.289
info|2019-10-25 16:58:54.729288|[g:1][CONSENSUS][PBFT]checkAndChangeView: Reach consensus,org_view=156,org_changeCycle=0,cur_changeCycle=0,to_view=157
info|2019-10-25 16:58:55.734412|[g:1][CONSENSUS]addRawPrepare,height=5,reqIdx=1,hash=33abca66...
info|2019-10-25 16:58:55.734674|[g:1][CONSENSUS][PBFT]checkTimeout Succ,view=157,toView=158,nodeIdx=3,changeCycle=0,myNode=ce7667d2...,timecost=0.239
info|2019-10-25 16:58:55.734940|[g:1][CONSENSUS][PBFT]checkAndChangeView: Reach consensus,org_view=157,org_changeCycle=0,cur_changeCycle=0,to_view=158
info|2019-10-25 16:58:56.093425|[P2P][Service] heartBeat,connected count=3
info|2019-10-25 16:58:56.737973|[g:1][CONSENSUS]addRawPrepare,height=5,reqIdx=2,hash=8adb4aa4...
info|2019-10-25 16:58:56.738177|[g:1][CONSENSUS][PBFT]checkTimeout Succ,view=158,toView=159,nodeIdx=3,changeCycle=0,myNode=ce7667d2...,timecost=0.184
info|2019-10-25 16:58:56.740973|[g:1][CONSENSUS][PBFT]checkAndChangeView: Reach consensus,org_view=158,org_changeCycle=0,cur_changeCycle=0,to_view=159
info|2019-10-25 16:58:57.741195|[g:1][CONSENSUS][SEALER]++++++++++++++++ Generating seal on,blkNum=5,tx=0,nodeIdx=3,hash=0ae57076...
info|2019-10-25 16:58:57.749095|[g:1][CONSENSUS][PBFT]checkTimeout Succ,view=159,toView=160,nodeIdx=3,changeCycle=0,myNode=ce7667d2...,timecost=0.239
info|2019-10-25 16:58:57.750023|[g:1][CONSENSUS][PBFT]checkAndChangeView: Reach consensus,org_view=159,org_changeCycle=0,cur_changeCycle=0,to_view=160
info|2019-10-25 16:58:58.751963|[g:1][CONSENSUS]addRawPrepare,height=5,reqIdx=0,hash=d1208ccc...
info|2019-10-25 16:58:58.752353|[g:1][CONSENSUS][PBFT]checkTimeout Succ,view=160,toView=161,nodeIdx=3,changeCycle=0,myNode=ce7667d2...,timecost=0.352
info|2019-10-25 16:58:58.763264|[g:1][CONSENSUS][PBFT]checkAndChangeView: Reach consensus,org_view=160,org_changeCycle=0,cur_changeCycle=0,to_view=161
info|2019-10-25 16:58:59.765012|[g:1][CONSENSUS]addRawPrepare,height=5,reqIdx=1,hash=f28614cb...
info|2019-10-25 16:58:59.765227|[g:1][CONSENSUS][PBFT]checkTimeout Succ,view=161,toView=162,nodeIdx=3,changeCycle=0,myNode=ce7667d2...,timecost=0.186
info|2019-10-25 16:58:59.767423|[g:1][CONSENSUS][PBFT]checkAndChangeView: Reach consensus,org_view=161,org_changeCycle=0,cur_changeCycle=0,to_view=162
info|2019-10-25 16:59:00.771138|[g:1][CONSENSUS]addRawPrepare,height=5,reqIdx=2,hash=a27c9474...
info|2019-10-25 16:59:00.771396|[g:1][CONSENSUS][PBFT]checkTimeout Succ,view=162,toView=163,nodeIdx=3,changeCycle=0,myNode=ce7667d2...,timecost=0.236
info|2019-10-25 16:59:00.772885|[g:1][CONSENSUS][PBFT]checkAndChangeView: Reach consensus,org_view=162,org_changeCycle=0,cur_changeCycle=0,to_view=163
info|2019-10-25 16:59:01.775942|[g:1][CONSENSUS][SEALER]++++++++++++++++ Generating seal on,blkNum=5,tx=0,nodeIdx=3,hash=7130ff4c...
info|2019-10-25 16:59:01.783716|[g:1][CONSENSUS][PBFT]checkTimeout Succ,view=163,toView=164,nodeIdx=3,changeCycle=0,myNode=ce7667d2...,timecost=0.19
info|2019-10-25 16:59:01.784572|[g:1][CONSENSUS][PBFT]checkAndChangeView: Reach consensus,org_view=163,org_changeCycle=0,cur_changeCycle=0,to_view=164
info|2019-10-25 16:59:02.785310|[g:1][CONSENSUS]addRawPrepare,height=5,reqIdx=0,hash=9083e1e8...
info|2019-10-25 16:59:02.786057|[g:1][CONSENSUS][PBFT]checkTimeout Succ,view=164,toView=165,nodeIdx=3,changeCycle=0,myNode=ce7667d2...,timecost=0.727
info|2019-10-25 16:59:02.831807|[g:1][CONSENSUS][PBFT]checkAndChangeView: Reach consensus,org_view=164,org_changeCycle=0,cur_changeCycle=0,to_view=165
info|2019-10-25 16:59:03.836213|[g:1][CONSENSUS]addRawPrepare,height=5,reqIdx=1,hash=e71bae80...
info|2019-10-25 16:59:03.836587|[g:1][CONSENSUS][PBFT]checkTimeout Succ,view=165,toView=166,nodeIdx=3,changeCycle=0,myNode=ce7667d2...,timecost=0.281
info|2019-10-25 16:59:03.844504|[g:1][CONSENSUS][PBFT]checkAndChangeView: Reach consensus,org_view=165,org_changeCycle=0,cur_changeCycle=0,to_view=166
info|2019-10-25 16:59:04.845723|[g:1][CONSENSUS]addRawPrepare,height=5,reqIdx=2,hash=188a74c6...
info|2019-10-25 16:59:04.846123|[g:1][CONSENSUS][PBFT]checkTimeout Succ,view=166,toView=167,nodeIdx=3,changeCycle=0,myNode=ce7667d2...,timecost=0.362
info|2019-10-25 16:59:04.850969|[g:1][CONSENSUS][PBFT]checkAndChangeView: Reach consensus,org_view=166,org_changeCycle=0,cur_changeCycle=0,to_view=167
info|2019-10-25 16:59:05.854915|[g:1][CONSENSUS][SEALER]++++++++++++++++ Generating seal on,blkNum=5,tx=0,nodeIdx=3,hash=8ddc2b5e...
info|2019-10-25 16:59:05.862538|[g:1][CONSENSUS][PBFT]checkTimeout Succ,view=167,toView=168,nodeIdx=3,changeCycle=0,myNode=ce7667d2...,timecost=0.291
info|2019-10-25 16:59:05.863829|[g:1][CONSENSUS][PBFT]checkAndChangeView: Reach consensus,org_view=167,org_changeCycle=0,cur_changeCycle=0,to_view=168
info|2019-10-25 16:59:06.093559|[P2P][Service] heartBeat,connected count=3
info|2019-10-25 16:59:06.866732|[g:1][CONSENSUS]addRawPrepare,height=5,reqIdx=0,hash=623ced2b...
info|2019-10-25 16:59:06.869201|[g:1][CONSENSUS][PBFT]checkTimeout Succ,view=168,toView=169,nodeIdx=3,changeCycle=0,myNode=ce7667d2...,timecost=2.433
info|2019-10-25 16:59:06.869573|[g:1][CONSENSUS][PBFT]checkAndChangeView: Reach consensus,org_view=168,org_changeCycle=0,cur_changeCycle=0,to_view=169
info|2019-10-25 16:59:07.872161|[g:1][CONSENSUS]addRawPrepare,height=5,reqIdx=1,hash=dfa697ce...
info|2019-10-25 16:59:07.872390|[g:1][CONSENSUS][PBFT]checkTimeout Succ,view=169,toView=170,nodeIdx=3,changeCycle=0,myNode=ce7667d2...,timecost=0.209
info|2019-10-25 16:59:07.876444|[g:1][CONSENSUS][PBFT]checkAndChangeView: Reach consensus,org_view=169,org_changeCycle=0,cur_changeCycle=0,to_view=170
info|2019-10-25 16:59:08.879564|[g:1][CONSENSUS]addRawPrepare,height=5,reqIdx=2,hash=dddd8fd0...
info|2019-10-25 16:59:08.880858|[g:1][CONSENSUS][PBFT]checkTimeout Succ,view=170,toView=171,nodeIdx=3,changeCycle=0,myNode=ce7667d2...,timecost=1.272
info|2019-10-25 16:59:08.881400|[g:1][CONSENSUS][PBFT]checkAndChangeView: Reach consensus,org_view=170,org_changeCycle=0,cur_changeCycle=0,to_view=171
info|2019-10-25 16:59:09.881496|[g:1][CONSENSUS][SEALER]++++++++++++++++ Generating seal on,blkNum=5,tx=0,nodeIdx=3,hash=9a9f36df...
info|2019-10-25 16:59:09.887428|[g:1][CONSENSUS][PBFT]checkTimeout Succ,view=171,toView=172,nodeIdx=3,changeCycle=0,myNode=ce7667d2...,timecost=0.189
info|2019-10-25 16:59:09.888270|[g:1][CONSENSUS][PBFT]checkAndChangeView: Reach consensus,org_view=171,org_changeCycle=0,cur_changeCycle=0,to_view=172
info|2019-10-25 16:59:10.890108|[g:1][CONSENSUS]addRawPrepare,height=5,reqIdx=0,hash=1434fa09...
info|2019-10-25 16:59:10.890535|[g:1][CONSENSUS][PBFT]checkTimeout Succ,view=172,toView=173,nodeIdx=3,changeCycle=0,myNode=ce7667d2...,timecost=0.386
info|2019-10-25 16:59:10.895497|[g:1][CONSENSUS][PBFT]checkAndChangeView: Reach consensus,org_view=172,org_changeCycle=0,cur_changeCycle=0,to_view=173
info|2019-10-25 16:59:11.903251|[g:1][CONSENSUS]addRawPrepare,height=5,reqIdx=1,hash=96f9b037...
info|2019-10-25 16:59:11.903565|[g:1][CONSENSUS][PBFT]checkTimeout Succ,view=173,toView=174,nodeIdx=3,changeCycle=0,myNode=ce7667d2...,timecost=0.285
info|2019-10-25 16:59:11.905613|[g:1][CONSENSUS][PBFT]checkAndChangeView: Reach consensus,org_view=173,org_changeCycle=0,cur_changeCycle=0,to_view=174
info|2019-10-25 16:59:12.907627|[g:1][CONSENSUS]addRawPrepare,height=5,reqIdx=2,hash=9eb75209...
info|2019-10-25 16:59:12.907835|[g:1][CONSENSUS][PBFT]checkTimeout Succ,view=174,toView=175,nodeIdx=3,changeCycle=0,myNode=ce7667d2...,timecost=0.186
info|2019-10-25 16:59:12.909133|[g:1][CONSENSUS][PBFT]checkAndChangeView: Reach consensus,org_view=174,org_changeCycle=0,cur_changeCycle=0,to_view=175
info|2019-10-25 16:59:13.909879|[g:1][CONSENSUS][SEALER]++++++++++++++++ Generating seal on,blkNum=5,tx=0,nodeIdx=3,hash=65240c1e...
info|2019-10-25 16:59:13.918510|[g:1][CONSENSUS][PBFT]checkTimeout Succ,view=175,toView=176,nodeIdx=3,changeCycle=0,myNode=ce7667d2...,timecost=0.213
info|2019-10-25 16:59:13.919686|[g:1][CONSENSUS][PBFT]checkAndChangeView: Reach consensus,org_view=175,org_changeCycle=0,cur_changeCycle=0,to_view=176
info|2019-10-25 16:59:14.919877|[g:1][CONSENSUS]addRawPrepare,height=5,reqIdx=0,hash=aabf790f...
info|2019-10-25 16:59:14.920149|[g:1][CONSENSUS][PBFT]checkTimeout Succ,view=176,toView=177,nodeIdx=3,changeCycle=0,myNode=ce7667d2...,timecost=0.254
info|2019-10-25 16:59:14.921979|[g:1][CONSENSUS][PBFT]checkAndChangeView: Reach consensus,org_view=176,org_changeCycle=0,cur_changeCycle=0,to_view=177
info|2019-10-25 16:59:15.925748|[g:1][CONSENSUS]addRawPrepare,height=5,reqIdx=1,hash=9aef869d...
info|2019-10-25 16:59:15.925953|[g:1][CONSENSUS][PBFT]checkTimeout Succ,view=177,toView=178,nodeIdx=3,changeCycle=0,myNode=ce7667d2...,timecost=0.198
info|2019-10-25 16:59:15.928441|[g:1][CONSENSUS][PBFT]checkAndChangeView: Reach consensus,org_view=177,org_changeCycle=0,cur_changeCycle=0,to_view=178
info|2019-10-25 16:59:16.093637|[P2P][Service] heartBeat,connected count=3
info|2019-10-25 16:59:16.936872|[g:1][CONSENSUS]addRawPrepare,height=5,reqIdx=2,hash=436c521f...
info|2019-10-25 16:59:16.937182|[g:1][CONSENSUS][PBFT]checkTimeout Succ,view=178,toView=179,nodeIdx=3,changeCycle=0,myNode=ce7667d2...,timecost=0.282
info|2019-10-25 16:59:16.939189|[g:1][CONSENSUS][PBFT]checkAndChangeView: Reach consensus,org_view=178,org_changeCycle=0,cur_changeCycle=0,to_view=179
info|2019-10-25 16:59:17.940397|[g:1][CONSENSUS][SEALER]++++++++++++++++ Generating seal on,blkNum=5,tx=0,nodeIdx=3,hash=a1b09dde...
info|2019-10-25 16:59:17.951524|[g:1][CONSENSUS][PBFT]checkTimeout Succ,view=179,toView=180,nodeIdx=3,changeCycle=0,myNode=ce7667d2...,timecost=0.43
info|2019-10-25 16:59:17.952971|[g:1][CONSENSUS][PBFT]checkAndChangeView: Reach consensus,org_view=179,org_changeCycle=0,cur_changeCycle=0,to_view=180
info|2019-10-25 16:59:18.951763|[g:1][CONSENSUS]addRawPrepare,height=5,reqIdx=0,hash=5cb06ea8...
info|2019-10-25 16:59:18.952091|[g:1][CONSENSUS][PBFT]checkTimeout Succ,view=180,toView=181,nodeIdx=3,changeCycle=0,myNode=ce7667d2...,timecost=0.293
info|2019-10-25 16:59:18.956539|[g:1][CONSENSUS][PBFT]checkAndChangeView: Reach consensus,org_view=180,org_changeCycle=0,cur_changeCycle=0,to_view=181
info|2019-10-25 16:59:19.961501|[g:1][CONSENSUS]addRawPrepare,height=5,reqIdx=1,hash=5e61fbf7...
info|2019-10-25 16:59:19.961788|[g:1][CONSENSUS][PBFT]checkTimeout Succ,view=181,toView=182,nodeIdx=3,changeCycle=0,myNode=ce7667d2...,timecost=0.224
info|2019-10-25 16:59:19.964693|[g:1][CONSENSUS][PBFT]checkAndChangeView: Reach consensus,org_view=181,org_changeCycle=0,cur_changeCycle=0,to_view=182
info|2019-10-25 16:59:20.971177|[g:1][CONSENSUS]addRawPrepare,height=5,reqIdx=2,hash=b7a2fa8b...
info|2019-10-25 16:59:20.971424|[g:1][CONSENSUS][PBFT]checkTimeout Succ,view=182,toView=183,nodeIdx=3,changeCycle=0,myNode=ce7667d2...,timecost=0.223
info|2019-10-25 16:59:20.973458|[g:1][CONSENSUS][PBFT]checkAndChangeView: Reach consensus,org_view=182,org_changeCycle=0,cur_changeCycle=0,to_view=183
info|2019-10-25 16:59:21.975330|[g:1][CONSENSUS][SEALER]++++++++++++++++ Generating seal on,blkNum=5,tx=0,nodeIdx=3,hash=6b5f02be...
info|2019-10-25 16:59:21.981762|[g:1][CONSENSUS][PBFT]checkTimeout Succ,view=183,toView=184,nodeIdx=3,changeCycle=0,myNode=ce7667d2...,timecost=0.21
info|2019-10-25 16:59:21.982677|[g:1][CONSENSUS][PBFT]checkAndChangeView: Reach consensus,org_view=183,org_changeCycle=0,cur_changeCycle=0,to_view=184
info|2019-10-25 16:59:22.983077|[g:1][CONSENSUS]addRawPrepare,height=5,reqIdx=0,hash=56c1c6fa...
info|2019-10-25 16:59:22.983380|[g:1][CONSENSUS][PBFT]checkTimeout Succ,view=184,toView=185,nodeIdx=3,changeCycle=0,myNode=ce7667d2...,timecost=0.272
info|2019-10-25 16:59:22.985781|[g:1][CONSENSUS][PBFT]checkAndChangeView: Reach consensus,org_view=184,org_changeCycle=0,cur_changeCycle=0,to_view=185
info|2019-10-25 16:59:23.991191|[g:1][CONSENSUS]addRawPrepare,height=5,reqIdx=1,hash=3e79c082...
info|2019-10-25 16:59:23.991464|[g:1][CONSENSUS][PBFT]checkTimeout Succ,view=185,toView=186,nodeIdx=3,changeCycle=0,myNode=ce7667d2...,timecost=0.248
info|2019-10-25 16:59:23.993457|[g:1][CONSENSUS][PBFT]checkAndChangeView: Reach consensus,org_view=185,org_changeCycle=0,cur_changeCycle=0,to_view=186
info|2019-10-25 16:59:24.997822|[g:1][CONSENSUS]addRawPrepare,height=5,reqIdx=2,hash=4344d1f7...
info|2019-10-25 16:59:24.998160|[g:1][CONSENSUS][PBFT]checkTimeout Succ,view=186,toView=187,nodeIdx=3,changeCycle=0,myNode=ce7667d2...,timecost=0.306
info|2019-10-25 16:59:25.000706|[g:1][CONSENSUS][PBFT]checkAndChangeView: Reach consensus,org_view=186,org_changeCycle=0,cur_changeCycle=0,to_view=187
info|2019-10-25 16:59:26.003104|[g:1][CONSENSUS][SEALER]++++++++++++++++ Generating seal on,blkNum=5,tx=0,nodeIdx=3,hash=64313600...
info|2019-10-25 16:59:26.011419|[g:1][CONSENSUS][PBFT]checkTimeout Succ,view=187,toView=188,nodeIdx=3,changeCycle=0,myNode=ce7667d2...,timecost=0.279
info|2019-10-25 16:59:26.012531|[g:1][CONSENSUS][PBFT]checkAndChangeView: Reach consensus,org_view=187,org_changeCycle=0,cur_changeCycle=0,to_view=188
info|2019-10-25 16:59:26.093712|[P2P][Service] heartBeat,connected count=3
info|2019-10-25 16:59:27.016976|[g:1][CONSENSUS]addRawPrepare,height=5,reqIdx=0,hash=c87574f4...
info|2019-10-25 16:59:27.017182|[g:1][CONSENSUS][PBFT]checkTimeout Succ,view=188,toView=189,nodeIdx=3,changeCycle=0,myNode=ce7667d2...,timecost=0.183
info|2019-10-25 16:59:27.022642|[g:1][CONSENSUS][PBFT]checkAndChangeView: Reach consensus,org_view=188,org_changeCycle=0,cur_changeCycle=0,to_view=189
info|2019-10-25 16:59:28.028020|[g:1][CONSENSUS]addRawPrepare,height=5,reqIdx=1,hash=3ed83095...
info|2019-10-25 16:59:28.028323|[g:1][CONSENSUS][PBFT]checkTimeout Succ,view=189,toView=190,nodeIdx=3,changeCycle=0,myNode=ce7667d2...,timecost=0.277
info|2019-10-25 16:59:28.031011|[g:1][CONSENSUS][PBFT]checkAndChangeView: Reach consensus,org_view=189,org_changeCycle=0,cur_changeCycle=0,to_view=190
info|2019-10-25 16:59:29.033906|[g:1][CONSENSUS]addRawPrepare,height=5,reqIdx=2,hash=9ec4dadd...
info|2019-10-25 16:59:29.034690|[g:1][CONSENSUS][PBFT]checkTimeout Succ,view=190,toView=191,nodeIdx=3,changeCycle=0,myNode=ce7667d2...,timecost=0.212
info|2019-10-25 16:59:29.037074|[g:1][CONSENSUS][PBFT]checkAndChangeView: Reach consensus,org_view=190,org_changeCycle=0,cur_changeCycle=0,to_view=191
info|2019-10-25 16:59:30.038208|[g:1][CONSENSUS][SEALER]++++++++++++++++ Generating seal on,blkNum=5,tx=0,nodeIdx=3,hash=1bfaf9a0...
info|2019-10-25 16:59:30.044692|[g:1][CONSENSUS][PBFT]checkTimeout Succ,view=191,toView=192,nodeIdx=3,changeCycle=0,myNode=ce7667d2...,timecost=0.277
info|2019-10-25 16:59:30.045942|[g:1][CONSENSUS][PBFT]checkAndChangeView: Reach consensus,org_view=191,org_changeCycle=0,cur_changeCycle=0,to_view=192
info|2019-10-25 16:59:31.046485|[g:1][CONSENSUS]addRawPrepare,height=5,reqIdx=0,hash=f913f431...
info|2019-10-25 16:59:31.046839|[g:1][CONSENSUS][PBFT]checkTimeout Succ,view=192,toView=193,nodeIdx=3,changeCycle=0,myNode=ce7667d2...,timecost=0.314
info|2019-10-25 16:59:31.049921|[g:1][CONSENSUS][PBFT]checkAndChangeView: Reach consensus,org_view=192,org_changeCycle=0,cur_changeCycle=0,to_view=193
info|2019-10-25 16:59:32.053276|[g:1][CONSENSUS]addRawPrepare,height=5,reqIdx=1,hash=db1aa2fc...
info|2019-10-25 16:59:32.053480|[g:1][CONSENSUS][PBFT]checkTimeout Succ,view=193,toView=194,nodeIdx=3,changeCycle=0,myNode=ce7667d2...,timecost=0.183
info|2019-10-25 16:59:32.055663|[g:1][CONSENSUS][PBFT]checkAndChangeView: Reach consensus,org_view=193,org_changeCycle=0,cur_changeCycle=0,to_view=194
info|2019-10-25 16:59:33.055952|[g:1][CONSENSUS]addRawPrepare,height=5,reqIdx=2,hash=a60caa0a...
info|2019-10-25 16:59:33.057333|[g:1][CONSENSUS][PBFT]checkTimeout Succ,view=194,toView=195,nodeIdx=3,changeCycle=0,myNode=ce7667d2...,timecost=1.358
info|2019-10-25 16:59:33.057845|[g:1][CONSENSUS][PBFT]checkAndChangeView: Reach consensus,org_view=194,org_changeCycle=0,cur_changeCycle=0,to_view=195
info|2019-10-25 16:59:34.057957|[g:1][CONSENSUS][SEALER]++++++++++++++++ Generating seal on,blkNum=5,tx=0,nodeIdx=3,hash=6a559cba...
info|2019-10-25 16:59:34.065206|[g:1][CONSENSUS][PBFT]checkTimeout Succ,view=195,toView=196,nodeIdx=3,changeCycle=0,myNode=ce7667d2...,timecost=0.322
info|2019-10-25 16:59:34.066340|[g:1][CONSENSUS][PBFT]checkAndChangeView: Reach consensus,org_view=195,org_changeCycle=0,cur_changeCycle=0,to_view=196
info|2019-10-25 16:59:35.066336|[g:1][CONSENSUS]addRawPrepare,height=5,reqIdx=0,hash=af0a157e...
info|2019-10-25 16:59:35.066544|[g:1][CONSENSUS][PBFT]checkTimeout Succ,view=196,toView=197,nodeIdx=3,changeCycle=0,myNode=ce7667d2...,timecost=0.188
info|2019-10-25 16:59:35.068376|[g:1][CONSENSUS][PBFT]checkAndChangeView: Reach consensus,org_view=196,org_changeCycle=0,cur_changeCycle=0,to_view=197
info|2019-10-25 16:59:36.072024|[g:1][CONSENSUS]addRawPrepare,height=5,reqIdx=1,hash=d01521ff...
info|2019-10-25 16:59:36.072327|[g:1][CONSENSUS][PBFT]checkTimeout Succ,view=197,toView=198,nodeIdx=3,changeCycle=0,myNode=ce7667d2...,timecost=0.273
info|2019-10-25 16:59:36.075821|[g:1][CONSENSUS][PBFT]checkAndChangeView: Reach consensus,org_view=197,org_changeCycle=0,cur_changeCycle=0,to_view=198
info|2019-10-25 16:59:36.093776|[P2P][Service] heartBeat,connected count=3
info|2019-10-25 16:59:37.079440|[g:1][CONSENSUS]addRawPrepare,height=5,reqIdx=2,hash=eb8703ea...
info|2019-10-25 16:59:37.079809|[g:1][CONSENSUS][PBFT]checkTimeout Succ,view=198,toView=199,nodeIdx=3,changeCycle=0,myNode=ce7667d2...,timecost=0.332
info|2019-10-25 16:59:37.083941|[g:1][CONSENSUS][PBFT]checkAndChangeView: Reach consensus,org_view=198,org_changeCycle=0,cur_changeCycle=0,to_view=199
info|2019-10-25 16:59:38.084279|[g:1][CONSENSUS][SEALER]++++++++++++++++ Generating seal on,blkNum=5,tx=0,nodeIdx=3,hash=fdefb03b...
info|2019-10-25 16:59:38.095326|[g:1][CONSENSUS][PBFT]checkTimeout Succ,view=199,toView=200,nodeIdx=3,changeCycle=0,myNode=ce7667d2...,timecost=0.313
info|2019-10-25 16:59:38.096652|[g:1][CONSENSUS][PBFT]checkAndChangeView: Reach consensus,org_view=199,org_changeCycle=0,cur_changeCycle=0,to_view=200
info|2019-10-25 16:59:39.095091|[g:1][CONSENSUS]addRawPrepare,height=5,reqIdx=0,hash=10e8b1f5...
info|2019-10-25 16:59:39.095303|[g:1][CONSENSUS][PBFT]checkTimeout Succ,view=200,toView=201,nodeIdx=3,changeCycle=0,myNode=ce7667d2...,timecost=0.189
info|2019-10-25 16:59:39.097542|[g:1][CONSENSUS][PBFT]checkAndChangeView: Reach consensus,org_view=200,org_changeCycle=0,cur_changeCycle=0,to_view=201
info|2019-10-25 16:59:40.102739|[g:1][CONSENSUS]addRawPrepare,height=5,reqIdx=1,hash=a2fbbdf1...
info|2019-10-25 16:59:40.103101|[g:1][CONSENSUS][PBFT]checkTimeout Succ,view=201,toView=202,nodeIdx=3,changeCycle=0,myNode=ce7667d2...,timecost=0.325
info|2019-10-25 16:59:40.108833|[g:1][CONSENSUS][PBFT]checkAndChangeView: Reach consensus,org_view=201,org_changeCycle=0,cur_changeCycle=0,to_view=202
info|2019-10-25 16:59:41.112812|[g:1][CONSENSUS]addRawPrepare,height=5,reqIdx=2,hash=1764e516...
info|2019-10-25 16:59:41.113637|[g:1][CONSENSUS][PBFT]checkTimeout Succ,view=202,toView=203,nodeIdx=3,changeCycle=0,myNode=ce7667d2...,timecost=0.803
info|2019-10-25 16:59:41.116175|[g:1][CONSENSUS][PBFT]checkAndChangeView: Reach consensus,org_view=202,org_changeCycle=0,cur_changeCycle=0,to_view=203
info|2019-10-25 16:59:42.116174|[g:1][CONSENSUS][SEALER]++++++++++++++++ Generating seal on,blkNum=5,tx=0,nodeIdx=3,hash=33e149a1...
info|2019-10-25 16:59:42.121248|[g:1][CONSENSUS][PBFT]checkTimeout Succ,view=203,toView=204,nodeIdx=3,changeCycle=0,myNode=ce7667d2...,timecost=0.188
info|2019-10-25 16:59:42.122455|[g:1][CONSENSUS][PBFT]checkAndChangeView: Reach consensus,org_view=203,org_changeCycle=0,cur_changeCycle=0,to_view=204
info|2019-10-25 16:59:43.126243|[g:1][CONSENSUS][PBFT]Trigger fast-viewchange,view=204,toView=204,minView=205,INFO=,reqNum=4,curNum=4,GenIdx=2,Cview=205,view=204,fromIdx=1,fromNode=6ca4e435...,fromIp=127.0.0.1:30300,hash=28ab0f72...,nodeIdx=3,myNode=ce7667d2...
info|2019-10-25 16:59:43.126490|[g:1][CONSENSUS][PBFT]checkAndChangeView: Reach consensus,org_view=204,org_changeCycle=0,cur_changeCycle=0,to_view=205
info|2019-10-25 16:59:43.126498|[g:1][CONSENSUS][PBFT]checkTimeout Succ,view=205,toView=205,nodeIdx=3,changeCycle=0,myNode=ce7667d2...,timecost=0.241
info|2019-10-25 16:59:44.131942|[g:1][CONSENSUS]addRawPrepare,height=5,reqIdx=1,hash=76f72acd...
info|2019-10-25 16:59:44.132249|[g:1][CONSENSUS][PBFT]checkTimeout Succ,view=205,toView=206,nodeIdx=3,changeCycle=0,myNode=ce7667d2...,timecost=0.275
info|2019-10-25 16:59:44.134298|[g:1][CONSENSUS][PBFT]checkAndChangeView: Reach consensus,org_view=205,org_changeCycle=0,cur_changeCycle=0,to_view=206
info|2019-10-25 16:59:45.138344|[g:1][CONSENSUS]addRawPrepare,height=5,reqIdx=2,hash=3b714f1d...
info|2019-10-25 16:59:45.138552|[g:1][CONSENSUS][PBFT]checkTimeout Succ,view=206,toView=207,nodeIdx=3,changeCycle=0,myNode=ce7667d2...,timecost=0.187
info|2019-10-25 16:59:45.144629|[g:1][CONSENSUS][PBFT]checkAndChangeView: Reach consensus,org_view=206,org_changeCycle=0,cur_changeCycle=0,to_view=207
info|2019-10-25 16:59:46.093844|[P2P][Service] heartBeat,connected count=3
info|2019-10-25 16:59:46.144694|[g:1][CONSENSUS][SEALER]++++++++++++++++ Generating seal on,blkNum=5,tx=0,nodeIdx=3,hash=b19adf31...
info|2019-10-25 16:59:46.150553|[g:1][CONSENSUS][PBFT]checkTimeout Succ,view=207,toView=208,nodeIdx=3,changeCycle=0,myNode=ce7667d2...,timecost=0.186
info|2019-10-25 16:59:46.151582|[g:1][CONSENSUS][PBFT]checkAndChangeView: Reach consensus,org_view=207,org_changeCycle=0,cur_changeCycle=0,to_view=208
info|2019-10-25 16:59:47.153503|[g:1][CONSENSUS]addRawPrepare,height=5,reqIdx=0,hash=69b05a0d...
info|2019-10-25 16:59:47.153861|[g:1][CONSENSUS][PBFT]checkTimeout Succ,view=208,toView=209,nodeIdx=3,changeCycle=0,myNode=ce7667d2...,timecost=0.329
info|2019-10-25 16:59:47.156107|[g:1][CONSENSUS][PBFT]checkAndChangeView: Reach consensus,org_view=208,org_changeCycle=0,cur_changeCycle=0,to_view=209
info|2019-10-25 16:59:48.158800|[g:1][CONSENSUS]addRawPrepare,height=5,reqIdx=1,hash=dff84aa4...
info|2019-10-25 16:59:48.159157|[g:1][CONSENSUS][PBFT]checkTimeout Succ,view=209,toView=210,nodeIdx=3,changeCycle=0,myNode=ce7667d2...,timecost=0.278
info|2019-10-25 16:59:48.166391|[g:1][CONSENSUS][PBFT]checkAndChangeView: Reach consensus,org_view=209,org_changeCycle=0,cur_changeCycle=0,to_view=210
info|2019-10-25 16:59:49.170298|[g:1][CONSENSUS]addRawPrepare,height=5,reqIdx=2,hash=7c6d3575...
info|2019-10-25 16:59:49.170527|[g:1][CONSENSUS][PBFT]checkTimeout Succ,view=210,toView=211,nodeIdx=3,changeCycle=0,myNode=ce7667d2...,timecost=0.207
info|2019-10-25 16:59:49.172101|[g:1][CONSENSUS][PBFT]checkAndChangeView: Reach consensus,org_view=210,org_changeCycle=0,cur_changeCycle=0,to_view=211
info|2019-10-25 16:59:50.173369|[g:1][CONSENSUS][SEALER]++++++++++++++++ Generating seal on,blkNum=5,tx=0,nodeIdx=3,hash=6328c900...
info|2019-10-25 16:59:50.180453|[g:1][CONSENSUS][PBFT]checkTimeout Succ,view=211,toView=212,nodeIdx=3,changeCycle=0,myNode=ce7667d2...,timecost=0.193
info|2019-10-25 16:59:50.181328|[g:1][CONSENSUS][PBFT]checkAndChangeView: Reach consensus,org_view=211,org_changeCycle=0,cur_changeCycle=0,to_view=212
info|2019-10-25 16:59:51.185802|[g:1][CONSENSUS]addRawPrepare,height=5,reqIdx=0,hash=927afa5c...
info|2019-10-25 16:59:51.186157|[g:1][CONSENSUS][PBFT]checkTimeout Succ,view=212,toView=213,nodeIdx=3,changeCycle=0,myNode=ce7667d2...,timecost=0.323
info|2019-10-25 16:59:51.189134|[g:1][CONSENSUS][PBFT]checkAndChangeView: Reach consensus,org_view=212,org_changeCycle=0,cur_changeCycle=0,to_view=213
info|2019-10-25 16:59:52.191198|[g:1][CONSENSUS]addRawPrepare,height=5,reqIdx=1,hash=2aa58eb3...
info|2019-10-25 16:59:52.191400|[g:1][CONSENSUS][PBFT]checkTimeout Succ,view=213,toView=214,nodeIdx=3,changeCycle=0,myNode=ce7667d2...,timecost=0.179
info|2019-10-25 16:59:52.194262|[g:1][CONSENSUS][PBFT]checkAndChangeView: Reach consensus,org_view=213,org_changeCycle=0,cur_changeCycle=0,to_view=214
info|2019-10-25 16:59:53.196546|[g:1][CONSENSUS]addRawPrepare,height=5,reqIdx=2,hash=17a632d9...
info|2019-10-25 16:59:53.196894|[g:1][CONSENSUS][PBFT]checkTimeout Succ,view=214,toView=215,nodeIdx=3,changeCycle=0,myNode=ce7667d2...,timecost=0.318
info|2019-10-25 16:59:53.201592|[g:1][CONSENSUS][PBFT]checkAndChangeView: Reach consensus,org_view=214,org_changeCycle=0,cur_changeCycle=0,to_view=215
info|2019-10-25 16:59:54.203141|[g:1][CONSENSUS][SEALER]++++++++++++++++ Generating seal on,blkNum=5,tx=0,nodeIdx=3,hash=77d308da...
info|2019-10-25 16:59:54.210894|[g:1][CONSENSUS][PBFT]checkTimeout Succ,view=215,toView=216,nodeIdx=3,changeCycle=0,myNode=ce7667d2...,timecost=0.216
info|2019-10-25 16:59:54.211780|[g:1][CONSENSUS][PBFT]checkAndChangeView: Reach consensus,org_view=215,org_changeCycle=0,cur_changeCycle=0,to_view=216
info|2019-10-25 16:59:55.211603|[g:1][CONSENSUS]addRawPrepare,height=5,reqIdx=0,hash=536021ac...
info|2019-10-25 16:59:55.211837|[g:1][CONSENSUS][PBFT]checkTimeout Succ,view=216,toView=217,nodeIdx=3,changeCycle=0,myNode=ce7667d2...,timecost=0.213
info|2019-10-25 16:59:55.214066|[g:1][CONSENSUS][PBFT]checkAndChangeView: Reach consensus,org_view=216,org_changeCycle=0,cur_changeCycle=0,to_view=217
info|2019-10-25 16:59:56.093920|[P2P][Service] heartBeat,connected count=3
info|2019-10-25 16:59:56.217037|[g:1][CONSENSUS]addRawPrepare,height=5,reqIdx=1,hash=87bbb6ef...
info|2019-10-25 16:59:56.217379|[g:1][CONSENSUS][PBFT]checkTimeout Succ,view=217,toView=218,nodeIdx=3,changeCycle=0,myNode=ce7667d2...,timecost=0.319
info|2019-10-25 16:59:56.217970|[g:1][CONSENSUS][PBFT]checkAndChangeView: Reach consensus,org_view=217,org_changeCycle=0,cur_changeCycle=0,to_view=218
info|2019-10-25 16:59:57.220932|[g:1][CONSENSUS]addRawPrepare,height=5,reqIdx=2,hash=f728e30a...
info|2019-10-25 16:59:57.221176|[g:1][CONSENSUS][PBFT]checkTimeout Succ,view=218,toView=219,nodeIdx=3,changeCycle=0,myNode=ce7667d2...,timecost=0.223
info|2019-10-25 16:59:57.223938|[g:1][CONSENSUS][PBFT]checkAndChangeView: Reach consensus,org_view=218,org_changeCycle=0,cur_changeCycle=0,to_view=219
info|2019-10-25 16:59:58.224900|[g:1][CONSENSUS][SEALER]++++++++++++++++ Generating seal on,blkNum=5,tx=0,nodeIdx=3,hash=c570c811...
info|2019-10-25 16:59:58.231334|[g:1][CONSENSUS][PBFT]checkTimeout Succ,view=219,toView=220,nodeIdx=3,changeCycle=0,myNode=ce7667d2...,timecost=0.616
info|2019-10-25 16:59:58.232083|[g:1][CONSENSUS][PBFT]checkAndChangeView: Reach consensus,org_view=219,org_changeCycle=0,cur_changeCycle=0,to_view=220
info|2019-10-25 16:59:59.230737|[g:1][CONSENSUS]addRawPrepare,height=5,reqIdx=0,hash=cdcafc60...
info|2019-10-25 16:59:59.231153|[g:1][CONSENSUS][PBFT]checkTimeout Succ,view=220,toView=221,nodeIdx=3,changeCycle=0,myNode=ce7667d2...,timecost=0.369
info|2019-10-25 16:59:59.234586|[g:1][CONSENSUS][PBFT]checkAndChangeView: Reach consensus,org_view=220,org_changeCycle=0,cur_changeCycle=0,to_view=221
