info|2019-10-25 16:56:15.826288|[INITIALIZER][initGlobalConfig],enableCompress=true,compatibilityVersion=2.1.0,versionNumber=33619968,chainId=1
info|2019-10-25 16:56:16.095621|[NETWORK][Host]Connecting to node,endpoint=127.0.0.1:30300
info|2019-10-25 16:56:16.095703|[NETWORK][Host]Connecting to node,endpoint=127.0.0.1:30301
info|2019-10-25 16:56:16.095734|[NETWORK][Host]Connecting to node,endpoint=127.0.0.1:30302
info|2019-10-25 16:56:16.095761|[NETWORK][Host]Connecting to node,endpoint=127.0.0.1:30303
info|2019-10-25 16:56:16.095784|[P2P][Service] heartBeat,connected count=0
info|2019-10-25 16:56:16.096171|[CHANNEL]ChannelRPCServer started
info|2019-10-25 16:56:16.096179|[INITIALIZER][RPCInitializer]ChannelRPCHttpServer started.
info|2019-10-25 16:56:16.096187|[LedgerInitializer],groupConfigPath=conf/
info|2019-10-25 16:56:16.096296|[INITIALIZER][initSingleLedger] [GroupId]:  1
info|2019-10-25 16:56:16.096304|[g:1][LEDGER]LedgerConstructor,configPath=conf/group.1.genesis,baseDir=data//group1
info|2019-10-25 16:56:16.096309|[g:1][LEDGER][initGenesisConfig]initConsensusConfig/initDBConfig/initTxConfig,configFile=conf/group.1.genesis
info|2019-10-25 16:56:16.096379|[g:1][LEDGER][initConsensusConfig],it.first=6ca4e4357f23c00305438a231da700dcbe1a73f0153100973f897df746d8c1a215b9abd1167614a8cb5f88b7e9d4c3ed8fa9c08b4e72983d5704f052e0f07171
info|2019-10-25 16:56:16.096393|[g:1][LEDGER][initConsensusConfig],it.first=ce7667d22f36b9bc46dab2299a164ede5fc6a3de01a73c3b1807a90cf3c9e84690d252027d83fd4f273a8a633de0cdd72107110583e60cfc86ca72d2540893c2
info|2019-10-25 16:56:16.096406|[g:1][LEDGER][initConsensusConfig],it.first=b32aa73000f5e5a6559141802600f32092eadd9aed3437f6a786a2aee8189c58ccc527068d6c26d96c36208dcaa98d513791c045394ed2da0a3d41a156d19b5f
info|2019-10-25 16:56:16.096421|[g:1][LEDGER][initConsensusConfig],it.first=65ad87829ed327829d55d9a8c98ac955418c90bb5ea732ccddfd9a3f2d56c17d70ea59e799fd4330aac747b3aa9c52f66747f67f399dcb68bc2ed4f20d8832fd
info|2019-10-25 16:56:16.096448|[g:1][LEDGER][initIniConfig]initTxPoolConfig/initSyncConfig/initTxExecuteConfig,configFile=conf/group.1.ini
info|2019-10-25 16:56:16.096529|[g:1][LEDGER][initLedger][DBInitializer]
info|2019-10-25 16:56:16.096536|[g:1][DBINITIALIZER] [initRocksDBStorage]
info|2019-10-25 16:56:16.096563|[g:1][ROCKSDB]open rocksDB handler
info|2019-10-25 16:56:16.099345|[NETWORK][Host]P2P StartAccept,Host=0.0.0.0:30302
info|2019-10-25 16:56:16.099402|[NETWORK][Host]P2P Recv Connect, From=127.0.0.1:47342
info|2019-10-25 16:56:16.099440|[NETWORK][Host]P2P StartAccept,Host=0.0.0.0:30302
info|2019-10-25 16:56:16.121175|[NETWORK][ASIO]asyncResolveConnect,endpoint=127.0.0.1:30300
info|2019-10-25 16:56:16.121217|[NETWORK][ASIO]asyncResolveConnect,endpoint=127.0.0.1:30301
info|2019-10-25 16:56:16.121246|[NETWORK][ASIO]asyncResolveConnect,endpoint=127.0.0.1:30302
info|2019-10-25 16:56:16.121271|[NETWORK][ASIO]asyncResolveConnect,endpoint=127.0.0.1:30303
info|2019-10-25 16:56:16.121490|[NETWORK][Host]P2P Recv Connect, From=127.0.0.1:47350
info|2019-10-25 16:56:16.121529|[NETWORK][Host]P2P StartAccept,Host=0.0.0.0:30302
warning|2019-10-25 16:56:16.121648|[NETWORK][Host]TCP Connection refused by node,endpoint=127.0.0.1:30303,message=拒绝连接
warning|2019-10-25 16:56:16.121695|[P2P][Service] onConnect,errorCode=5,what=Connect failed
info|2019-10-25 16:56:16.203311|[g:1][g:0][STORAGE][CachedStorage]Init flushStorage thread
info|2019-10-25 16:56:16.203796|[g:1][BLOCKCHAIN][#checkAndBuildGenesisBlock]Already have the 0th block, 0th groupMark is equal to file groupMark.
info|2019-10-25 16:56:16.204677|[g:1][CONSENSUS][PBFT]Register handler for PBFTEngine
info|2019-10-25 16:56:16.204712|[g:1][CONSENSUS][PBFT],minBlockGenerationTime=500
info|2019-10-25 16:56:16.204745|[LedgerInitializer init group succ],groupID=1
info|2019-10-25 16:56:16.204971|[INITIALIZER][RPCInitializer]JsonrpcHttpServer started.
info|2019-10-25 16:56:16.207179|[g:1][LEDGER]startAll...
info|2019-10-25 16:56:16.208054|[g:1][CONSENSUS][PBFT]^^^^^^^^Report,num=4,sealerIdx=1,hash=28ab0f72...,next=5,tx=1,nodeIdx=2
info|2019-10-25 16:56:16.213646|[g:1][CONSENSUS][PBFT][PBFT init env successfully]
info|2019-10-25 16:56:16.213659|[g:1][CONSENSUS][ConsensusEngine][Start ConsensusEngineBase]
info|2019-10-25 16:56:16.215167|[g:1][CONSENSUS][PBFT][Start PBFTEngine...]
info|2019-10-25 16:56:16.215176|[g:1][CONSENSUS][SEALER][Start sealer module]
info|2019-10-25 16:56:16.217973|[g:1][EVENT][EventLogFilterManager]start,m_maxBlockRange=0,m_maxBlockPerLoopFilter=3
info|2019-10-25 16:56:16.244118|[P2P][Service] Connection established,nodeID=ce7667d2...,endpoint=127.0.0.1:47342
info|2019-10-25 16:56:16.244345|[NETWORK][Host]startPeerSession, From=127.0.0.1:47342,nodeID=ce7667d2...
info|2019-10-25 16:56:16.244431|[NETWORK][Host]startPeerSession, From=127.0.0.1:47350,nodeID=b32aa730...
info|2019-10-25 16:56:16.244633|[NETWORK][Host]startPeerSession, From=127.0.0.1:30302,nodeID=b32aa730...
info|2019-10-25 16:56:16.244788|[P2P][Service] Connection established,nodeID=6ca4e435...,endpoint=127.0.0.1:30300
info|2019-10-25 16:56:16.244819|[NETWORK][Host]startPeerSession, From=127.0.0.1:30300,nodeID=6ca4e435...
info|2019-10-25 16:56:16.245004|[NETWORK][Host]startPeerSession, From=127.0.0.1:30301,nodeID=ce7667d2...
warning|2019-10-25 16:56:16.245321|[SYNC][id:b32aa730...][Status]Peer data not found,nodeId=ce7667d2...
warning|2019-10-25 16:56:16.263306|[SYNC][id:b32aa730...][Status]Peer data not found,nodeId=ce7667d2...
info|2019-10-25 16:56:16.264046|[NETWORK][Host]P2P Recv Connect, From=127.0.0.1:47358
info|2019-10-25 16:56:16.264090|[NETWORK][Host]P2P StartAccept,Host=0.0.0.0:30302
info|2019-10-25 16:56:16.294112|[P2P][Service] Connection established,nodeID=65ad8782...,endpoint=127.0.0.1:47358
info|2019-10-25 16:56:16.294230|[NETWORK][Host]startPeerSession, From=127.0.0.1:47358,nodeID=65ad8782...
warning|2019-10-25 16:56:16.343196|[SYNC][id:b32aa730...][Status]Peer data not found,nodeId=65ad8782...
warning|2019-10-25 16:56:16.371802|[SYNC][id:b32aa730...][Status]Peer data not found,nodeId=6ca4e435...
warning|2019-10-25 16:56:16.383026|[SYNC][id:b32aa730...][Status]Peer data not found,nodeId=65ad8782...
info|2019-10-25 16:56:17.349157|[g:1][CONSENSUS]addRawPrepare,height=5,reqIdx=0,hash=51983633...
info|2019-10-25 16:56:17.349521|[g:1][CONSENSUS][PBFT]checkTimeout Succ,view=0,toView=1,nodeIdx=2,changeCycle=0,myNode=b32aa730...,timecost=0.269
info|2019-10-25 16:56:17.357383|[g:1][CONSENSUS][PBFT]checkAndChangeView: Reach consensus,org_view=0,org_changeCycle=0,cur_changeCycle=0,to_view=1
info|2019-10-25 16:56:18.362254|[g:1][CONSENSUS]addRawPrepare,height=5,reqIdx=1,hash=3d4e4b02...
info|2019-10-25 16:56:18.362528|[g:1][CONSENSUS][PBFT]checkTimeout Succ,view=1,toView=2,nodeIdx=2,changeCycle=0,myNode=b32aa730...,timecost=0.248
info|2019-10-25 16:56:18.365362|[g:1][CONSENSUS][PBFT]checkAndChangeView: Reach consensus,org_view=1,org_changeCycle=0,cur_changeCycle=0,to_view=2
info|2019-10-25 16:56:19.365507|[g:1][CONSENSUS][SEALER]++++++++++++++++ Generating seal on,blkNum=5,tx=0,nodeIdx=2,hash=12197bf4...
info|2019-10-25 16:56:19.372431|[g:1][CONSENSUS][PBFT]checkTimeout Succ,view=2,toView=3,nodeIdx=2,changeCycle=0,myNode=b32aa730...,timecost=0.244
info|2019-10-25 16:56:19.373542|[g:1][CONSENSUS][PBFT]checkAndChangeView: Reach consensus,org_view=2,org_changeCycle=0,cur_changeCycle=0,to_view=3
info|2019-10-25 16:56:20.373769|[g:1][CONSENSUS]addRawPrepare,height=5,reqIdx=3,hash=80c10a44...
info|2019-10-25 16:56:20.374195|[g:1][CONSENSUS][PBFT]checkTimeout Succ,view=3,toView=4,nodeIdx=2,changeCycle=0,myNode=b32aa730...,timecost=0.393
info|2019-10-25 16:56:20.380273|[g:1][CONSENSUS][PBFT]checkAndChangeView: Reach consensus,org_view=3,org_changeCycle=0,cur_changeCycle=0,to_view=4
info|2019-10-25 16:56:21.382746|[g:1][CONSENSUS]addRawPrepare,height=5,reqIdx=0,hash=d7f5c17c...
info|2019-10-25 16:56:21.383256|[g:1][CONSENSUS][PBFT]checkTimeout Succ,view=4,toView=5,nodeIdx=2,changeCycle=0,myNode=b32aa730...,timecost=0.384
info|2019-10-25 16:56:21.388740|[g:1][CONSENSUS][PBFT]checkAndChangeView: Reach consensus,org_view=4,org_changeCycle=0,cur_changeCycle=0,to_view=5
info|2019-10-25 16:56:22.393114|[g:1][CONSENSUS]addRawPrepare,height=5,reqIdx=1,hash=7e4f193c...
info|2019-10-25 16:56:22.393431|[g:1][CONSENSUS][PBFT]checkTimeout Succ,view=5,toView=6,nodeIdx=2,changeCycle=0,myNode=b32aa730...,timecost=0.289
info|2019-10-25 16:56:22.395269|[g:1][CONSENSUS][PBFT]checkAndChangeView: Reach consensus,org_view=5,org_changeCycle=0,cur_changeCycle=0,to_view=6
info|2019-10-25 16:56:23.395418|[g:1][CONSENSUS][SEALER]++++++++++++++++ Generating seal on,blkNum=5,tx=0,nodeIdx=2,hash=29991336...
info|2019-10-25 16:56:23.408815|[g:1][CONSENSUS][PBFT]checkTimeout Succ,view=6,toView=7,nodeIdx=2,changeCycle=0,myNode=b32aa730...,timecost=0.271
info|2019-10-25 16:56:23.410022|[g:1][CONSENSUS][PBFT]checkAndChangeView: Reach consensus,org_view=6,org_changeCycle=0,cur_changeCycle=0,to_view=7
info|2019-10-25 16:56:24.408493|[g:1][CONSENSUS]addRawPrepare,height=5,reqIdx=3,hash=4f86e6a3...
info|2019-10-25 16:56:24.408829|[g:1][CONSENSUS][PBFT]checkTimeout Succ,view=7,toView=8,nodeIdx=2,changeCycle=0,myNode=b32aa730...,timecost=0.307
info|2019-10-25 16:56:24.413178|[g:1][CONSENSUS][PBFT]checkAndChangeView: Reach consensus,org_view=7,org_changeCycle=0,cur_changeCycle=0,to_view=8
info|2019-10-25 16:56:25.416032|[g:1][CONSENSUS]addRawPrepare,height=5,reqIdx=0,hash=0eb67bfc...
info|2019-10-25 16:56:25.424011|[g:1][CONSENSUS][PBFT]checkTimeout Succ,view=8,toView=9,nodeIdx=2,changeCycle=0,myNode=b32aa730...,timecost=3.593
info|2019-10-25 16:56:25.427559|[g:1][CONSENSUS][PBFT]checkAndChangeView: Reach consensus,org_view=8,org_changeCycle=0,cur_changeCycle=0,to_view=9
info|2019-10-25 16:56:26.022920|[NETWORK][Host]P2P Recv Connect, From=127.0.0.1:47364
info|2019-10-25 16:56:26.023002|[NETWORK][Host]P2P StartAccept,Host=0.0.0.0:30302
info|2019-10-25 16:56:26.037852|[NETWORK][Host]startPeerSession, From=127.0.0.1:47364,nodeID=6ca4e435...
info|2019-10-25 16:56:26.095828|[NETWORK][Host]Connecting to node,endpoint=127.0.0.1:30303
info|2019-10-25 16:56:26.095864|[P2P][Service] heartBeat,connected count=3
info|2019-10-25 16:56:26.095935|[NETWORK][ASIO]asyncResolveConnect,endpoint=127.0.0.1:30303
info|2019-10-25 16:56:26.103648|[NETWORK][Host]startPeerSession, From=127.0.0.1:30303,nodeID=65ad8782...
info|2019-10-25 16:56:26.439787|[g:1][CONSENSUS][PBFT]Trigger fast-viewchange,view=9,toView=9,minView=10,INFO=,reqNum=4,curNum=4,GenIdx=0,Cview=10,view=9,fromIdx=3,fromNode=ce7667d2...,fromIp=127.0.0.1:47342,hash=28ab0f72...,nodeIdx=2,myNode=b32aa730...
info|2019-10-25 16:56:26.440156|[g:1][CONSENSUS][PBFT]checkAndChangeView: Reach consensus,org_view=9,org_changeCycle=0,cur_changeCycle=0,to_view=10
info|2019-10-25 16:56:26.440181|[g:1][CONSENSUS][PBFT]checkTimeout Succ,view=10,toView=10,nodeIdx=2,changeCycle=0,myNode=b32aa730...,timecost=0.381
info|2019-10-25 16:56:27.440680|[g:1][CONSENSUS][SEALER]++++++++++++++++ Generating seal on,blkNum=5,tx=0,nodeIdx=2,hash=fea601f6...
info|2019-10-25 16:56:27.448521|[g:1][CONSENSUS][PBFT]checkTimeout Succ,view=10,toView=11,nodeIdx=2,changeCycle=0,myNode=b32aa730...,timecost=0.283
info|2019-10-25 16:56:27.449709|[g:1][CONSENSUS][PBFT]checkAndChangeView: Reach consensus,org_view=10,org_changeCycle=0,cur_changeCycle=0,to_view=11
info|2019-10-25 16:56:28.451963|[g:1][CONSENSUS]addRawPrepare,height=5,reqIdx=3,hash=b30ce4fa...
info|2019-10-25 16:56:28.458909|[g:1][CONSENSUS][PBFT]checkTimeout Succ,view=11,toView=12,nodeIdx=2,changeCycle=0,myNode=b32aa730...,timecost=6.913
info|2019-10-25 16:56:28.461062|[g:1][CONSENSUS][PBFT]checkAndChangeView: Reach consensus,org_view=11,org_changeCycle=0,cur_changeCycle=0,to_view=12
info|2019-10-25 16:56:29.462797|[g:1][CONSENSUS]addRawPrepare,height=5,reqIdx=0,hash=c232598e...
info|2019-10-25 16:56:29.463544|[g:1][CONSENSUS][PBFT]checkTimeout Succ,view=12,toView=13,nodeIdx=2,changeCycle=0,myNode=b32aa730...,timecost=0.487
info|2019-10-25 16:56:29.485311|[g:1][CONSENSUS][PBFT]checkAndChangeView: Reach consensus,org_view=12,org_changeCycle=0,cur_changeCycle=0,to_view=13
info|2019-10-25 16:56:30.498189|[g:1][CONSENSUS]addRawPrepare,height=5,reqIdx=1,hash=8f8360df...
info|2019-10-25 16:56:30.498485|[g:1][CONSENSUS][PBFT]checkTimeout Succ,view=13,toView=14,nodeIdx=2,changeCycle=0,myNode=b32aa730...,timecost=0.259
info|2019-10-25 16:56:30.501593|[g:1][CONSENSUS][PBFT]checkAndChangeView: Reach consensus,org_view=13,org_changeCycle=0,cur_changeCycle=0,to_view=14
info|2019-10-25 16:56:31.507980|[g:1][CONSENSUS][SEALER]++++++++++++++++ Generating seal on,blkNum=5,tx=0,nodeIdx=2,hash=cdc4f716...
info|2019-10-25 16:56:31.518478|[g:1][CONSENSUS][PBFT]checkTimeout Succ,view=14,toView=15,nodeIdx=2,changeCycle=0,myNode=b32aa730...,timecost=0.357
info|2019-10-25 16:56:31.519555|[g:1][CONSENSUS][PBFT]checkAndChangeView: Reach consensus,org_view=14,org_changeCycle=0,cur_changeCycle=0,to_view=15
info|2019-10-25 16:56:32.518637|[g:1][CONSENSUS]addRawPrepare,height=5,reqIdx=3,hash=0791d519...
info|2019-10-25 16:56:32.518988|[g:1][CONSENSUS][PBFT]checkTimeout Succ,view=15,toView=16,nodeIdx=2,changeCycle=0,myNode=b32aa730...,timecost=0.319
info|2019-10-25 16:56:32.522692|[g:1][CONSENSUS][PBFT]checkAndChangeView: Reach consensus,org_view=15,org_changeCycle=0,cur_changeCycle=0,to_view=16
info|2019-10-25 16:56:33.525837|[g:1][CONSENSUS]addRawPrepare,height=5,reqIdx=0,hash=ccf6ce7a...
info|2019-10-25 16:56:33.526112|[g:1][CONSENSUS][PBFT]checkTimeout Succ,view=16,toView=17,nodeIdx=2,changeCycle=0,myNode=b32aa730...,timecost=0.202
info|2019-10-25 16:56:33.529818|[g:1][CONSENSUS][PBFT]checkAndChangeView: Reach consensus,org_view=16,org_changeCycle=0,cur_changeCycle=0,to_view=17
info|2019-10-25 16:56:34.533114|[g:1][CONSENSUS]addRawPrepare,height=5,reqIdx=1,hash=fdca25e6...
info|2019-10-25 16:56:34.533391|[g:1][CONSENSUS][PBFT]checkTimeout Succ,view=17,toView=18,nodeIdx=2,changeCycle=0,myNode=b32aa730...,timecost=0.249
info|2019-10-25 16:56:34.536540|[g:1][CONSENSUS][PBFT]checkAndChangeView: Reach consensus,org_view=17,org_changeCycle=0,cur_changeCycle=0,to_view=18
info|2019-10-25 16:56:35.536274|[g:1][CONSENSUS][SEALER]++++++++++++++++ Generating seal on,blkNum=5,tx=0,nodeIdx=2,hash=11a3b730...
info|2019-10-25 16:56:35.544623|[g:1][CONSENSUS][PBFT]checkTimeout Succ,view=18,toView=19,nodeIdx=2,changeCycle=0,myNode=b32aa730...,timecost=0.275
info|2019-10-25 16:56:35.545921|[g:1][CONSENSUS][PBFT]checkAndChangeView: Reach consensus,org_view=18,org_changeCycle=0,cur_changeCycle=0,to_view=19
info|2019-10-25 16:56:36.096349|[P2P][Service] heartBeat,connected count=3
info|2019-10-25 16:56:36.560617|[g:1][CONSENSUS]addRawPrepare,height=5,reqIdx=3,hash=3f00898c...
info|2019-10-25 16:56:36.561345|[g:1][CONSENSUS][PBFT]checkTimeout Succ,view=19,toView=20,nodeIdx=2,changeCycle=0,myNode=b32aa730...,timecost=0.672
info|2019-10-25 16:56:36.561866|[g:1][CONSENSUS][PBFT]checkAndChangeView: Reach consensus,org_view=19,org_changeCycle=0,cur_changeCycle=0,to_view=20
info|2019-10-25 16:56:37.559976|[g:1][CONSENSUS]addRawPrepare,height=5,reqIdx=0,hash=aa7abfd9...
info|2019-10-25 16:56:37.560387|[g:1][CONSENSUS][PBFT]checkTimeout Succ,view=20,toView=21,nodeIdx=2,changeCycle=0,myNode=b32aa730...,timecost=0.309
info|2019-10-25 16:56:37.565675|[g:1][CONSENSUS][PBFT]checkAndChangeView: Reach consensus,org_view=20,org_changeCycle=0,cur_changeCycle=0,to_view=21
info|2019-10-25 16:56:38.570420|[g:1][CONSENSUS]addRawPrepare,height=5,reqIdx=1,hash=dfbbbc58...
info|2019-10-25 16:56:38.571986|[g:1][CONSENSUS][PBFT]checkTimeout Succ,view=21,toView=22,nodeIdx=2,changeCycle=0,myNode=b32aa730...,timecost=1.52
info|2019-10-25 16:56:38.576018|[g:1][CONSENSUS][PBFT]checkAndChangeView: Reach consensus,org_view=21,org_changeCycle=0,cur_changeCycle=0,to_view=22
info|2019-10-25 16:56:39.576874|[g:1][CONSENSUS][SEALER]++++++++++++++++ Generating seal on,blkNum=5,tx=0,nodeIdx=2,hash=9cc535f3...
info|2019-10-25 16:56:39.586545|[g:1][CONSENSUS][PBFT]checkTimeout Succ,view=22,toView=23,nodeIdx=2,changeCycle=0,myNode=b32aa730...,timecost=0.273
info|2019-10-25 16:56:39.587527|[g:1][CONSENSUS][PBFT]checkAndChangeView: Reach consensus,org_view=22,org_changeCycle=0,cur_changeCycle=0,to_view=23
info|2019-10-25 16:56:40.589196|[g:1][CONSENSUS]addRawPrepare,height=5,reqIdx=3,hash=5616d196...
info|2019-10-25 16:56:40.589512|[g:1][CONSENSUS][PBFT]checkTimeout Succ,view=23,toView=24,nodeIdx=2,changeCycle=0,myNode=b32aa730...,timecost=0.296
info|2019-10-25 16:56:40.597500|[g:1][CONSENSUS][PBFT]checkAndChangeView: Reach consensus,org_view=23,org_changeCycle=0,cur_changeCycle=0,to_view=24
info|2019-10-25 16:56:41.599850|[g:1][CONSENSUS]addRawPrepare,height=5,reqIdx=0,hash=29f6dd96...
info|2019-10-25 16:56:41.600313|[g:1][CONSENSUS][PBFT]checkTimeout Succ,view=24,toView=25,nodeIdx=2,changeCycle=0,myNode=b32aa730...,timecost=0.358
info|2019-10-25 16:56:41.607927|[g:1][CONSENSUS][PBFT]checkAndChangeView: Reach consensus,org_view=24,org_changeCycle=0,cur_changeCycle=0,to_view=25
info|2019-10-25 16:56:42.614666|[g:1][CONSENSUS]addRawPrepare,height=5,reqIdx=1,hash=4b18625d...
info|2019-10-25 16:56:42.615023|[g:1][CONSENSUS][PBFT]checkTimeout Succ,view=25,toView=26,nodeIdx=2,changeCycle=0,myNode=b32aa730...,timecost=0.322
info|2019-10-25 16:56:42.617059|[g:1][CONSENSUS][PBFT]checkAndChangeView: Reach consensus,org_view=25,org_changeCycle=0,cur_changeCycle=0,to_view=26
info|2019-10-25 16:56:43.618142|[g:1][CONSENSUS][SEALER]++++++++++++++++ Generating seal on,blkNum=5,tx=0,nodeIdx=2,hash=a415fb5a...
info|2019-10-25 16:56:43.623839|[g:1][CONSENSUS][PBFT]checkTimeout Succ,view=26,toView=27,nodeIdx=2,changeCycle=0,myNode=b32aa730...,timecost=0.239
info|2019-10-25 16:56:43.624882|[g:1][CONSENSUS][PBFT]checkAndChangeView: Reach consensus,org_view=26,org_changeCycle=0,cur_changeCycle=0,to_view=27
info|2019-10-25 16:56:44.623563|[g:1][CONSENSUS]addRawPrepare,height=5,reqIdx=3,hash=7da75e24...
info|2019-10-25 16:56:44.623766|[g:1][CONSENSUS][PBFT]checkTimeout Succ,view=27,toView=28,nodeIdx=2,changeCycle=0,myNode=b32aa730...,timecost=0.182
info|2019-10-25 16:56:44.626548|[g:1][CONSENSUS][PBFT]checkAndChangeView: Reach consensus,org_view=27,org_changeCycle=0,cur_changeCycle=0,to_view=28
info|2019-10-25 16:56:45.629311|[g:1][CONSENSUS]addRawPrepare,height=5,reqIdx=0,hash=1793fb71...
info|2019-10-25 16:56:45.629845|[g:1][CONSENSUS][PBFT]checkTimeout Succ,view=28,toView=29,nodeIdx=2,changeCycle=0,myNode=b32aa730...,timecost=0.427
info|2019-10-25 16:56:45.636916|[g:1][CONSENSUS][PBFT]checkAndChangeView: Reach consensus,org_view=28,org_changeCycle=0,cur_changeCycle=0,to_view=29
info|2019-10-25 16:56:46.096884|[P2P][Service] heartBeat,connected count=3
info|2019-10-25 16:56:46.643369|[g:1][CONSENSUS]addRawPrepare,height=5,reqIdx=1,hash=d4186ec8...
info|2019-10-25 16:56:46.643748|[g:1][CONSENSUS][PBFT]checkTimeout Succ,view=29,toView=30,nodeIdx=2,changeCycle=0,myNode=b32aa730...,timecost=0.324
info|2019-10-25 16:56:46.646032|[g:1][CONSENSUS][PBFT]checkAndChangeView: Reach consensus,org_view=29,org_changeCycle=0,cur_changeCycle=0,to_view=30
info|2019-10-25 16:56:47.647251|[g:1][CONSENSUS][SEALER]++++++++++++++++ Generating seal on,blkNum=5,tx=0,nodeIdx=2,hash=2277d58d...
info|2019-10-25 16:56:47.655420|[g:1][CONSENSUS][PBFT]checkTimeout Succ,view=30,toView=31,nodeIdx=2,changeCycle=0,myNode=b32aa730...,timecost=0.276
info|2019-10-25 16:56:47.656538|[g:1][CONSENSUS][PBFT]checkAndChangeView: Reach consensus,org_view=30,org_changeCycle=0,cur_changeCycle=0,to_view=31
info|2019-10-25 16:56:48.657594|[g:1][CONSENSUS]addRawPrepare,height=5,reqIdx=3,hash=02a5c6dc...
info|2019-10-25 16:56:48.657969|[g:1][CONSENSUS][PBFT]checkTimeout Succ,view=31,toView=32,nodeIdx=2,changeCycle=0,myNode=b32aa730...,timecost=0.294
info|2019-10-25 16:56:48.662123|[g:1][CONSENSUS][PBFT]checkAndChangeView: Reach consensus,org_view=31,org_changeCycle=0,cur_changeCycle=0,to_view=32
info|2019-10-25 16:56:49.664888|[g:1][CONSENSUS]addRawPrepare,height=5,reqIdx=0,hash=690a8ba7...
info|2019-10-25 16:56:49.665171|[g:1][CONSENSUS][PBFT]checkTimeout Succ,view=32,toView=33,nodeIdx=2,changeCycle=0,myNode=b32aa730...,timecost=0.216
info|2019-10-25 16:56:49.673872|[g:1][CONSENSUS][PBFT]checkAndChangeView: Reach consensus,org_view=32,org_changeCycle=0,cur_changeCycle=0,to_view=33
info|2019-10-25 16:56:50.676447|[g:1][CONSENSUS]addRawPrepare,height=5,reqIdx=1,hash=d9c6c285...
info|2019-10-25 16:56:50.676668|[g:1][CONSENSUS][PBFT]checkTimeout Succ,view=33,toView=34,nodeIdx=2,changeCycle=0,myNode=b32aa730...,timecost=0.203
info|2019-10-25 16:56:50.678202|[g:1][CONSENSUS][PBFT]checkAndChangeView: Reach consensus,org_view=33,org_changeCycle=0,cur_changeCycle=0,to_view=34
info|2019-10-25 16:56:51.679732|[g:1][CONSENSUS][SEALER]++++++++++++++++ Generating seal on,blkNum=5,tx=0,nodeIdx=2,hash=f0e9b71f...
info|2019-10-25 16:56:51.680281|[g:1][CONSENSUS][PBFT]checkTimeout Succ,view=34,toView=35,nodeIdx=2,changeCycle=0,myNode=b32aa730...,timecost=0.185
info|2019-10-25 16:56:51.685873|[g:1][CONSENSUS][PBFT]checkAndChangeView: Reach consensus,org_view=34,org_changeCycle=0,cur_changeCycle=0,to_view=35
info|2019-10-25 16:56:52.691534|[g:1][CONSENSUS]addRawPrepare,height=5,reqIdx=3,hash=e9f9f101...
info|2019-10-25 16:56:52.691785|[g:1][CONSENSUS][PBFT]checkTimeout Succ,view=35,toView=36,nodeIdx=2,changeCycle=0,myNode=b32aa730...,timecost=0.192
info|2019-10-25 16:56:52.694204|[g:1][CONSENSUS][PBFT]checkAndChangeView: Reach consensus,org_view=35,org_changeCycle=0,cur_changeCycle=0,to_view=36
info|2019-10-25 16:56:53.699413|[g:1][CONSENSUS]addRawPrepare,height=5,reqIdx=0,hash=54e3e4fd...
info|2019-10-25 16:56:53.699647|[g:1][CONSENSUS][PBFT]checkTimeout Succ,view=36,toView=37,nodeIdx=2,changeCycle=0,myNode=b32aa730...,timecost=0.175
info|2019-10-25 16:56:53.702959|[g:1][CONSENSUS][PBFT]checkAndChangeView: Reach consensus,org_view=36,org_changeCycle=0,cur_changeCycle=0,to_view=37
info|2019-10-25 16:56:54.707718|[g:1][CONSENSUS]addRawPrepare,height=5,reqIdx=1,hash=00ddfdfe...
info|2019-10-25 16:56:54.707959|[g:1][CONSENSUS][PBFT]checkTimeout Succ,view=37,toView=38,nodeIdx=2,changeCycle=0,myNode=b32aa730...,timecost=0.179
info|2019-10-25 16:56:54.712387|[g:1][CONSENSUS][PBFT]checkAndChangeView: Reach consensus,org_view=37,org_changeCycle=0,cur_changeCycle=0,to_view=38
info|2019-10-25 16:56:55.713882|[g:1][CONSENSUS][SEALER]++++++++++++++++ Generating seal on,blkNum=5,tx=0,nodeIdx=2,hash=0e9c4de3...
info|2019-10-25 16:56:55.718230|[g:1][CONSENSUS][PBFT]checkTimeout Succ,view=38,toView=39,nodeIdx=2,changeCycle=0,myNode=b32aa730...,timecost=0.176
info|2019-10-25 16:56:55.718496|[g:1][CONSENSUS][PBFT]checkAndChangeView: Reach consensus,org_view=38,org_changeCycle=0,cur_changeCycle=0,to_view=39
info|2019-10-25 16:56:56.097815|[P2P][Service] heartBeat,connected count=3
info|2019-10-25 16:56:56.730440|[g:1][CONSENSUS]addRawPrepare,height=5,reqIdx=3,hash=e598c0f2...
info|2019-10-25 16:56:56.730690|[g:1][CONSENSUS][PBFT]checkTimeout Succ,view=39,toView=40,nodeIdx=2,changeCycle=0,myNode=b32aa730...,timecost=0.18
info|2019-10-25 16:56:56.737545|[g:1][CONSENSUS][PBFT]checkAndChangeView: Reach consensus,org_view=39,org_changeCycle=0,cur_changeCycle=0,to_view=40
info|2019-10-25 16:56:57.741262|[g:1][CONSENSUS]addRawPrepare,height=5,reqIdx=0,hash=65a88ac3...
info|2019-10-25 16:56:57.741615|[g:1][CONSENSUS][PBFT]checkTimeout Succ,view=40,toView=41,nodeIdx=2,changeCycle=0,myNode=b32aa730...,timecost=0.265
info|2019-10-25 16:56:57.747311|[g:1][CONSENSUS][PBFT]checkAndChangeView: Reach consensus,org_view=40,org_changeCycle=0,cur_changeCycle=0,to_view=41
info|2019-10-25 16:56:58.748623|[g:1][CONSENSUS]addRawPrepare,height=5,reqIdx=1,hash=924f945c...
info|2019-10-25 16:56:58.748842|[g:1][CONSENSUS][PBFT]checkTimeout Succ,view=41,toView=42,nodeIdx=2,changeCycle=0,myNode=b32aa730...,timecost=0.197
info|2019-10-25 16:56:58.750723|[g:1][CONSENSUS][PBFT]checkAndChangeView: Reach consensus,org_view=41,org_changeCycle=0,cur_changeCycle=0,to_view=42
info|2019-10-25 16:56:59.751303|[g:1][CONSENSUS][SEALER]++++++++++++++++ Generating seal on,blkNum=5,tx=0,nodeIdx=2,hash=3d65f205...
info|2019-10-25 16:56:59.757438|[g:1][CONSENSUS][PBFT]checkTimeout Succ,view=42,toView=43,nodeIdx=2,changeCycle=0,myNode=b32aa730...,timecost=0.22
info|2019-10-25 16:56:59.758705|[g:1][CONSENSUS][PBFT]checkAndChangeView: Reach consensus,org_view=42,org_changeCycle=0,cur_changeCycle=0,to_view=43
info|2019-10-25 16:57:00.759389|[g:1][CONSENSUS]addRawPrepare,height=5,reqIdx=3,hash=238095c1...
info|2019-10-25 16:57:00.759629|[g:1][CONSENSUS][PBFT]checkTimeout Succ,view=43,toView=44,nodeIdx=2,changeCycle=0,myNode=b32aa730...,timecost=0.212
info|2019-10-25 16:57:00.761725|[g:1][CONSENSUS][PBFT]checkAndChangeView: Reach consensus,org_view=43,org_changeCycle=0,cur_changeCycle=0,to_view=44
info|2019-10-25 16:57:01.229204|[NETWORK][Session]Received topic: [1	_block_notify_1] from 6ca4e4357f23c00305438a231da700dcbe1a73f0153100973f897df746d8c1a215b9abd1167614a8cb5f88b7e9d4c3ed8fa9c08b4e72983d5704f052e0f07171
info|2019-10-25 16:57:01.762972|[g:1][CONSENSUS]addRawPrepare,height=5,reqIdx=0,hash=bd7da2ee...
info|2019-10-25 16:57:01.763281|[g:1][CONSENSUS][PBFT]checkTimeout Succ,view=44,toView=45,nodeIdx=2,changeCycle=0,myNode=b32aa730...,timecost=0.227
info|2019-10-25 16:57:01.768057|[g:1][CONSENSUS][PBFT]checkAndChangeView: Reach consensus,org_view=44,org_changeCycle=0,cur_changeCycle=0,to_view=45
info|2019-10-25 16:57:02.771942|[g:1][CONSENSUS]addRawPrepare,height=5,reqIdx=1,hash=5f6c9ee6...
info|2019-10-25 16:57:02.774926|[g:1][CONSENSUS][PBFT]checkTimeout Succ,view=45,toView=46,nodeIdx=2,changeCycle=0,myNode=b32aa730...,timecost=2.932
info|2019-10-25 16:57:02.775704|[g:1][CONSENSUS][PBFT]checkAndChangeView: Reach consensus,org_view=45,org_changeCycle=0,cur_changeCycle=0,to_view=46
info|2019-10-25 16:57:03.776910|[g:1][CONSENSUS][SEALER]++++++++++++++++ Generating seal on,blkNum=5,tx=0,nodeIdx=2,hash=6456bb44...
info|2019-10-25 16:57:03.784557|[g:1][CONSENSUS][PBFT]checkTimeout Succ,view=46,toView=47,nodeIdx=2,changeCycle=0,myNode=b32aa730...,timecost=0.246
info|2019-10-25 16:57:03.785563|[g:1][CONSENSUS][PBFT]checkAndChangeView: Reach consensus,org_view=46,org_changeCycle=0,cur_changeCycle=0,to_view=47
info|2019-10-25 16:57:04.784731|[g:1][CONSENSUS]addRawPrepare,height=5,reqIdx=3,hash=1da3844b...
info|2019-10-25 16:57:04.785154|[g:1][CONSENSUS][PBFT]checkTimeout Succ,view=47,toView=48,nodeIdx=2,changeCycle=0,myNode=b32aa730...,timecost=0.364
info|2019-10-25 16:57:04.788535|[g:1][CONSENSUS][PBFT]checkAndChangeView: Reach consensus,org_view=47,org_changeCycle=0,cur_changeCycle=0,to_view=48
info|2019-10-25 16:57:05.790473|[g:1][CONSENSUS]addRawPrepare,height=5,reqIdx=0,hash=e08714fb...
info|2019-10-25 16:57:05.805523|[g:1][CONSENSUS][PBFT]checkTimeout Succ,view=48,toView=49,nodeIdx=2,changeCycle=0,myNode=b32aa730...,timecost=0.494
info|2019-10-25 16:57:05.809131|[g:1][CONSENSUS][PBFT]checkAndChangeView: Reach consensus,org_view=48,org_changeCycle=0,cur_changeCycle=0,to_view=49
info|2019-10-25 16:57:06.097886|[P2P][Service] heartBeat,connected count=3
info|2019-10-25 16:57:06.814996|[g:1][CONSENSUS]addRawPrepare,height=5,reqIdx=1,hash=17ba5b3e...
info|2019-10-25 16:57:06.815260|[g:1][CONSENSUS][PBFT]checkTimeout Succ,view=49,toView=50,nodeIdx=2,changeCycle=0,myNode=b32aa730...,timecost=0.245
info|2019-10-25 16:57:06.817614|[g:1][CONSENSUS][PBFT]checkAndChangeView: Reach consensus,org_view=49,org_changeCycle=0,cur_changeCycle=0,to_view=50
info|2019-10-25 16:57:07.819435|[g:1][CONSENSUS][SEALER]++++++++++++++++ Generating seal on,blkNum=5,tx=0,nodeIdx=2,hash=a2afa3ad...
info|2019-10-25 16:57:07.827046|[g:1][CONSENSUS][PBFT]checkTimeout Succ,view=50,toView=51,nodeIdx=2,changeCycle=0,myNode=b32aa730...,timecost=0.192
info|2019-10-25 16:57:07.827852|[g:1][CONSENSUS][PBFT]checkAndChangeView: Reach consensus,org_view=50,org_changeCycle=0,cur_changeCycle=0,to_view=51
info|2019-10-25 16:57:08.838128|[g:1][CONSENSUS]addRawPrepare,height=5,reqIdx=3,hash=5a8fc62e...
info|2019-10-25 16:57:08.838337|[g:1][CONSENSUS][PBFT]checkTimeout Succ,view=51,toView=52,nodeIdx=2,changeCycle=0,myNode=b32aa730...,timecost=0.186
info|2019-10-25 16:57:08.840728|[g:1][CONSENSUS][PBFT]checkAndChangeView: Reach consensus,org_view=51,org_changeCycle=0,cur_changeCycle=0,to_view=52
info|2019-10-25 16:57:09.842318|[g:1][CONSENSUS]addRawPrepare,height=5,reqIdx=0,hash=19adc81f...
info|2019-10-25 16:57:09.842592|[g:1][CONSENSUS][PBFT]checkTimeout Succ,view=52,toView=53,nodeIdx=2,changeCycle=0,myNode=b32aa730...,timecost=0.199
info|2019-10-25 16:57:09.846825|[g:1][CONSENSUS][PBFT]checkAndChangeView: Reach consensus,org_view=52,org_changeCycle=0,cur_changeCycle=0,to_view=53
info|2019-10-25 16:57:10.849700|[g:1][CONSENSUS]addRawPrepare,height=5,reqIdx=1,hash=7860e57b...
info|2019-10-25 16:57:10.849950|[g:1][CONSENSUS][PBFT]checkTimeout Succ,view=53,toView=54,nodeIdx=2,changeCycle=0,myNode=b32aa730...,timecost=0.229
info|2019-10-25 16:57:10.852646|[g:1][CONSENSUS][PBFT]checkAndChangeView: Reach consensus,org_view=53,org_changeCycle=0,cur_changeCycle=0,to_view=54
info|2019-10-25 16:57:11.852726|[g:1][CONSENSUS][SEALER]++++++++++++++++ Generating seal on,blkNum=5,tx=0,nodeIdx=2,hash=d722e347...
info|2019-10-25 16:57:11.860337|[g:1][CONSENSUS][PBFT]checkTimeout Succ,view=54,toView=55,nodeIdx=2,changeCycle=0,myNode=b32aa730...,timecost=0.19
info|2019-10-25 16:57:11.861172|[g:1][CONSENSUS][PBFT]checkAndChangeView: Reach consensus,org_view=54,org_changeCycle=0,cur_changeCycle=0,to_view=55
info|2019-10-25 16:57:12.860972|[g:1][CONSENSUS]addRawPrepare,height=5,reqIdx=3,hash=66d8841b...
info|2019-10-25 16:57:12.861299|[g:1][CONSENSUS][PBFT]checkTimeout Succ,view=55,toView=56,nodeIdx=2,changeCycle=0,myNode=b32aa730...,timecost=0.253
info|2019-10-25 16:57:12.864885|[g:1][CONSENSUS][PBFT]checkAndChangeView: Reach consensus,org_view=55,org_changeCycle=0,cur_changeCycle=0,to_view=56
info|2019-10-25 16:57:13.866014|[g:1][CONSENSUS]addRawPrepare,height=5,reqIdx=0,hash=9fb4dff7...
info|2019-10-25 16:57:13.866258|[g:1][CONSENSUS][PBFT]checkTimeout Succ,view=56,toView=57,nodeIdx=2,changeCycle=0,myNode=b32aa730...,timecost=0.204
info|2019-10-25 16:57:13.870355|[g:1][CONSENSUS][PBFT]checkAndChangeView: Reach consensus,org_view=56,org_changeCycle=0,cur_changeCycle=0,to_view=57
info|2019-10-25 16:57:14.872606|[g:1][CONSENSUS]addRawPrepare,height=5,reqIdx=1,hash=e668d437...
info|2019-10-25 16:57:14.872822|[g:1][CONSENSUS][PBFT]checkTimeout Succ,view=57,toView=58,nodeIdx=2,changeCycle=0,myNode=b32aa730...,timecost=0.192
info|2019-10-25 16:57:14.876154|[g:1][CONSENSUS][PBFT]checkAndChangeView: Reach consensus,org_view=57,org_changeCycle=0,cur_changeCycle=0,to_view=58
info|2019-10-25 16:57:15.876626|[g:1][CONSENSUS][SEALER]++++++++++++++++ Generating seal on,blkNum=5,tx=0,nodeIdx=2,hash=032c26f6...
info|2019-10-25 16:57:15.884359|[g:1][CONSENSUS][PBFT]checkTimeout Succ,view=58,toView=59,nodeIdx=2,changeCycle=0,myNode=b32aa730...,timecost=0.228
info|2019-10-25 16:57:15.885231|[g:1][CONSENSUS][PBFT]checkAndChangeView: Reach consensus,org_view=58,org_changeCycle=0,cur_changeCycle=0,to_view=59
info|2019-10-25 16:57:16.097946|[P2P][Service] heartBeat,connected count=3
info|2019-10-25 16:57:16.888334|[g:1][CONSENSUS]addRawPrepare,height=5,reqIdx=3,hash=9f2c1cec...
info|2019-10-25 16:57:16.888617|[g:1][CONSENSUS][PBFT]checkTimeout Succ,view=59,toView=60,nodeIdx=2,changeCycle=0,myNode=b32aa730...,timecost=0.259
info|2019-10-25 16:57:16.890490|[g:1][CONSENSUS][PBFT]checkAndChangeView: Reach consensus,org_view=59,org_changeCycle=0,cur_changeCycle=0,to_view=60
info|2019-10-25 16:57:17.892374|[g:1][CONSENSUS]addRawPrepare,height=5,reqIdx=0,hash=7b96a43a...
info|2019-10-25 16:57:17.892685|[g:1][CONSENSUS][PBFT]checkTimeout Succ,view=60,toView=61,nodeIdx=2,changeCycle=0,myNode=b32aa730...,timecost=0.24
info|2019-10-25 16:57:17.897917|[g:1][CONSENSUS][PBFT]checkAndChangeView: Reach consensus,org_view=60,org_changeCycle=0,cur_changeCycle=0,to_view=61
info|2019-10-25 16:57:18.903343|[g:1][CONSENSUS]addRawPrepare,height=5,reqIdx=1,hash=7e503e52...
info|2019-10-25 16:57:18.903927|[g:1][CONSENSUS][PBFT]checkTimeout Succ,view=61,toView=62,nodeIdx=2,changeCycle=0,myNode=b32aa730...,timecost=0.455
info|2019-10-25 16:57:18.912568|[g:1][CONSENSUS][PBFT]checkAndChangeView: Reach consensus,org_view=61,org_changeCycle=0,cur_changeCycle=0,to_view=62
info|2019-10-25 16:57:19.912572|[g:1][CONSENSUS][SEALER]++++++++++++++++ Generating seal on,blkNum=5,tx=0,nodeIdx=2,hash=29709df3...
info|2019-10-25 16:57:19.919235|[g:1][CONSENSUS][PBFT]checkTimeout Succ,view=62,toView=63,nodeIdx=2,changeCycle=0,myNode=b32aa730...,timecost=0.225
info|2019-10-25 16:57:19.920002|[g:1][CONSENSUS][PBFT]checkAndChangeView: Reach consensus,org_view=62,org_changeCycle=0,cur_changeCycle=0,to_view=63
info|2019-10-25 16:57:20.922877|[g:1][CONSENSUS]addRawPrepare,height=5,reqIdx=3,hash=5e6fae2f...
info|2019-10-25 16:57:20.927457|[g:1][CONSENSUS][PBFT]checkTimeout Succ,view=63,toView=64,nodeIdx=2,changeCycle=0,myNode=b32aa730...,timecost=4.508
info|2019-10-25 16:57:20.932373|[g:1][CONSENSUS][PBFT]checkAndChangeView: Reach consensus,org_view=63,org_changeCycle=0,cur_changeCycle=0,to_view=64
info|2019-10-25 16:57:21.934717|[g:1][CONSENSUS]addRawPrepare,height=5,reqIdx=0,hash=55ac1867...
info|2019-10-25 16:57:21.934956|[g:1][CONSENSUS][PBFT]checkTimeout Succ,view=64,toView=65,nodeIdx=2,changeCycle=0,myNode=b32aa730...,timecost=0.177
info|2019-10-25 16:57:21.943885|[g:1][CONSENSUS][PBFT]checkAndChangeView: Reach consensus,org_view=64,org_changeCycle=0,cur_changeCycle=0,to_view=65
info|2019-10-25 16:57:22.940401|[g:1][CONSENSUS]addRawPrepare,height=5,reqIdx=1,hash=38436ca0...
info|2019-10-25 16:57:22.943996|[g:1][CONSENSUS][PBFT]checkTimeout Succ,view=65,toView=66,nodeIdx=2,changeCycle=0,myNode=b32aa730...,timecost=1.243
info|2019-10-25 16:57:22.944596|[g:1][CONSENSUS][PBFT]checkAndChangeView: Reach consensus,org_view=65,org_changeCycle=0,cur_changeCycle=0,to_view=66
info|2019-10-25 16:57:23.945686|[g:1][CONSENSUS][SEALER]++++++++++++++++ Generating seal on,blkNum=5,tx=0,nodeIdx=2,hash=4ea275ea...
info|2019-10-25 16:57:23.954139|[g:1][CONSENSUS][PBFT]checkTimeout Succ,view=66,toView=67,nodeIdx=2,changeCycle=0,myNode=b32aa730...,timecost=0.213
info|2019-10-25 16:57:23.954957|[g:1][CONSENSUS][PBFT]checkAndChangeView: Reach consensus,org_view=66,org_changeCycle=0,cur_changeCycle=0,to_view=67
info|2019-10-25 16:57:24.954088|[g:1][CONSENSUS]addRawPrepare,height=5,reqIdx=3,hash=2a2d7904...
info|2019-10-25 16:57:24.955875|[g:1][CONSENSUS][PBFT]checkTimeout Succ,view=67,toView=68,nodeIdx=2,changeCycle=0,myNode=b32aa730...,timecost=1.755
info|2019-10-25 16:57:24.960191|[g:1][CONSENSUS][PBFT]checkAndChangeView: Reach consensus,org_view=67,org_changeCycle=0,cur_changeCycle=0,to_view=68
info|2019-10-25 16:57:25.960883|[g:1][CONSENSUS]addRawPrepare,height=5,reqIdx=0,hash=cc5de200...
info|2019-10-25 16:57:25.961146|[g:1][CONSENSUS][PBFT]checkTimeout Succ,view=68,toView=69,nodeIdx=2,changeCycle=0,myNode=b32aa730...,timecost=0.18
info|2019-10-25 16:57:25.964504|[g:1][CONSENSUS][PBFT]checkAndChangeView: Reach consensus,org_view=68,org_changeCycle=0,cur_changeCycle=0,to_view=69
info|2019-10-25 16:57:26.098084|[P2P][Service] heartBeat,connected count=3
info|2019-10-25 16:57:26.970147|[g:1][CONSENSUS]addRawPrepare,height=5,reqIdx=1,hash=31ae7fa8...
info|2019-10-25 16:57:26.970493|[g:1][CONSENSUS][PBFT]checkTimeout Succ,view=69,toView=70,nodeIdx=2,changeCycle=0,myNode=b32aa730...,timecost=0.316
info|2019-10-25 16:57:26.973494|[g:1][CONSENSUS][PBFT]checkAndChangeView: Reach consensus,org_view=69,org_changeCycle=0,cur_changeCycle=0,to_view=70
info|2019-10-25 16:57:27.973374|[g:1][CONSENSUS][SEALER]++++++++++++++++ Generating seal on,blkNum=5,tx=0,nodeIdx=2,hash=8b18dd1a...
info|2019-10-25 16:57:27.980900|[g:1][CONSENSUS][PBFT]checkTimeout Succ,view=70,toView=71,nodeIdx=2,changeCycle=0,myNode=b32aa730...,timecost=0.232
info|2019-10-25 16:57:27.981888|[g:1][CONSENSUS][PBFT]checkAndChangeView: Reach consensus,org_view=70,org_changeCycle=0,cur_changeCycle=0,to_view=71
info|2019-10-25 16:57:28.982352|[g:1][CONSENSUS]addRawPrepare,height=5,reqIdx=3,hash=ef5a56fc...
info|2019-10-25 16:57:28.982735|[g:1][CONSENSUS][PBFT]checkTimeout Succ,view=71,toView=72,nodeIdx=2,changeCycle=0,myNode=b32aa730...,timecost=0.348
info|2019-10-25 16:57:28.986411|[g:1][CONSENSUS][PBFT]checkAndChangeView: Reach consensus,org_view=71,org_changeCycle=0,cur_changeCycle=0,to_view=72
info|2019-10-25 16:57:29.988907|[g:1][CONSENSUS]addRawPrepare,height=5,reqIdx=0,hash=f33a7562...
info|2019-10-25 16:57:29.989202|[g:1][CONSENSUS][PBFT]checkTimeout Succ,view=72,toView=73,nodeIdx=2,changeCycle=0,myNode=b32aa730...,timecost=0.21
info|2019-10-25 16:57:29.992920|[g:1][CONSENSUS][PBFT]checkAndChangeView: Reach consensus,org_view=72,org_changeCycle=0,cur_changeCycle=0,to_view=73
info|2019-10-25 16:57:30.998153|[g:1][CONSENSUS]addRawPrepare,height=5,reqIdx=1,hash=8708fbfd...
info|2019-10-25 16:57:30.998493|[g:1][CONSENSUS][PBFT]checkTimeout Succ,view=73,toView=74,nodeIdx=2,changeCycle=0,myNode=b32aa730...,timecost=0.307
info|2019-10-25 16:57:31.001844|[g:1][CONSENSUS][PBFT]checkAndChangeView: Reach consensus,org_view=73,org_changeCycle=0,cur_changeCycle=0,to_view=74
info|2019-10-25 16:57:32.002250|[g:1][CONSENSUS][SEALER]++++++++++++++++ Generating seal on,blkNum=5,tx=0,nodeIdx=2,hash=33a14ad1...
info|2019-10-25 16:57:32.009449|[g:1][CONSENSUS][PBFT]checkTimeout Succ,view=74,toView=75,nodeIdx=2,changeCycle=0,myNode=b32aa730...,timecost=0.187
info|2019-10-25 16:57:32.010337|[g:1][CONSENSUS][PBFT]checkAndChangeView: Reach consensus,org_view=74,org_changeCycle=0,cur_changeCycle=0,to_view=75
info|2019-10-25 16:57:33.011656|[g:1][CONSENSUS]addRawPrepare,height=5,reqIdx=3,hash=037e51e4...
info|2019-10-25 16:57:33.011879|[g:1][CONSENSUS][PBFT]checkTimeout Succ,view=75,toView=76,nodeIdx=2,changeCycle=0,myNode=b32aa730...,timecost=0.203
info|2019-10-25 16:57:33.014087|[g:1][CONSENSUS][PBFT]checkAndChangeView: Reach consensus,org_view=75,org_changeCycle=0,cur_changeCycle=0,to_view=76
info|2019-10-25 16:57:34.015652|[g:1][CONSENSUS]addRawPrepare,height=5,reqIdx=0,hash=500c909b...
info|2019-10-25 16:57:34.016038|[g:1][CONSENSUS][PBFT]checkTimeout Succ,view=76,toView=77,nodeIdx=2,changeCycle=0,myNode=b32aa730...,timecost=0.242
info|2019-10-25 16:57:34.021158|[g:1][CONSENSUS][PBFT]checkAndChangeView: Reach consensus,org_view=76,org_changeCycle=0,cur_changeCycle=0,to_view=77
info|2019-10-25 16:57:35.024379|[g:1][CONSENSUS]addRawPrepare,height=5,reqIdx=1,hash=b36d6f8c...
info|2019-10-25 16:57:35.024648|[g:1][CONSENSUS][PBFT]checkTimeout Succ,view=77,toView=78,nodeIdx=2,changeCycle=0,myNode=b32aa730...,timecost=0.24
info|2019-10-25 16:57:35.027699|[g:1][CONSENSUS][PBFT]checkAndChangeView: Reach consensus,org_view=77,org_changeCycle=0,cur_changeCycle=0,to_view=78
info|2019-10-25 16:57:36.028292|[g:1][CONSENSUS][SEALER]++++++++++++++++ Generating seal on,blkNum=5,tx=0,nodeIdx=2,hash=8b1eb5ec...
info|2019-10-25 16:57:36.034643|[g:1][CONSENSUS][PBFT]checkTimeout Succ,view=78,toView=79,nodeIdx=2,changeCycle=0,myNode=b32aa730...,timecost=0.305
info|2019-10-25 16:57:36.035986|[g:1][CONSENSUS][PBFT]checkAndChangeView: Reach consensus,org_view=78,org_changeCycle=0,cur_changeCycle=0,to_view=79
info|2019-10-25 16:57:36.098144|[P2P][Service] heartBeat,connected count=3
info|2019-10-25 16:57:37.040209|[g:1][CONSENSUS]addRawPrepare,height=5,reqIdx=3,hash=db2f8dd2...
info|2019-10-25 16:57:37.040808|[g:1][CONSENSUS][PBFT]checkTimeout Succ,view=79,toView=80,nodeIdx=2,changeCycle=0,myNode=b32aa730...,timecost=0.534
info|2019-10-25 16:57:37.046523|[g:1][CONSENSUS][PBFT]checkAndChangeView: Reach consensus,org_view=79,org_changeCycle=0,cur_changeCycle=0,to_view=80
info|2019-10-25 16:57:38.049150|[g:1][CONSENSUS]addRawPrepare,height=5,reqIdx=0,hash=55586d51...
info|2019-10-25 16:57:38.049422|[g:1][CONSENSUS][PBFT]checkTimeout Succ,view=80,toView=81,nodeIdx=2,changeCycle=0,myNode=b32aa730...,timecost=0.212
info|2019-10-25 16:57:38.054553|[g:1][CONSENSUS][PBFT]checkAndChangeView: Reach consensus,org_view=80,org_changeCycle=0,cur_changeCycle=0,to_view=81
info|2019-10-25 16:57:39.057941|[g:1][CONSENSUS]addRawPrepare,height=5,reqIdx=1,hash=e1bfe3ae...
info|2019-10-25 16:57:39.058392|[g:1][CONSENSUS][PBFT]checkTimeout Succ,view=81,toView=82,nodeIdx=2,changeCycle=0,myNode=b32aa730...,timecost=0.412
info|2019-10-25 16:57:39.062967|[g:1][CONSENSUS][PBFT]checkAndChangeView: Reach consensus,org_view=81,org_changeCycle=0,cur_changeCycle=0,to_view=82
info|2019-10-25 16:57:40.063564|[g:1][CONSENSUS][SEALER]++++++++++++++++ Generating seal on,blkNum=5,tx=0,nodeIdx=2,hash=c9a0a655...
info|2019-10-25 16:57:40.071498|[g:1][CONSENSUS][PBFT]checkTimeout Succ,view=82,toView=83,nodeIdx=2,changeCycle=0,myNode=b32aa730...,timecost=0.202
info|2019-10-25 16:57:40.072497|[g:1][CONSENSUS][PBFT]checkAndChangeView: Reach consensus,org_view=82,org_changeCycle=0,cur_changeCycle=0,to_view=83
info|2019-10-25 16:57:41.071122|[g:1][CONSENSUS]addRawPrepare,height=5,reqIdx=3,hash=81f02f03...
info|2019-10-25 16:57:41.071401|[g:1][CONSENSUS][PBFT]checkTimeout Succ,view=83,toView=84,nodeIdx=2,changeCycle=0,myNode=b32aa730...,timecost=0.252
info|2019-10-25 16:57:41.074816|[g:1][CONSENSUS][PBFT]checkAndChangeView: Reach consensus,org_view=83,org_changeCycle=0,cur_changeCycle=0,to_view=84
info|2019-10-25 16:57:42.078689|[g:1][CONSENSUS]addRawPrepare,height=5,reqIdx=0,hash=51fd121b...
info|2019-10-25 16:57:42.078994|[g:1][CONSENSUS][PBFT]checkTimeout Succ,view=84,toView=85,nodeIdx=2,changeCycle=0,myNode=b32aa730...,timecost=0.228
info|2019-10-25 16:57:42.085093|[g:1][CONSENSUS][PBFT]checkAndChangeView: Reach consensus,org_view=84,org_changeCycle=0,cur_changeCycle=0,to_view=85
info|2019-10-25 16:57:43.086558|[g:1][CONSENSUS]addRawPrepare,height=5,reqIdx=1,hash=1478cee9...
info|2019-10-25 16:57:43.086762|[g:1][CONSENSUS][PBFT]checkTimeout Succ,view=85,toView=86,nodeIdx=2,changeCycle=0,myNode=b32aa730...,timecost=0.183
info|2019-10-25 16:57:43.089062|[g:1][CONSENSUS][PBFT]checkAndChangeView: Reach consensus,org_view=85,org_changeCycle=0,cur_changeCycle=0,to_view=86
info|2019-10-25 16:57:44.089581|[g:1][CONSENSUS][SEALER]++++++++++++++++ Generating seal on,blkNum=5,tx=0,nodeIdx=2,hash=eba798c2...
info|2019-10-25 16:57:44.090154|[g:1][CONSENSUS][PBFT]checkTimeout Succ,view=86,toView=87,nodeIdx=2,changeCycle=0,myNode=b32aa730...,timecost=0.183
info|2019-10-25 16:57:44.093744|[g:1][CONSENSUS][PBFT]checkAndChangeView: Reach consensus,org_view=86,org_changeCycle=0,cur_changeCycle=0,to_view=87
info|2019-10-25 16:57:45.098444|[g:1][CONSENSUS]addRawPrepare,height=5,reqIdx=3,hash=2422485f...
info|2019-10-25 16:57:45.098665|[g:1][CONSENSUS][PBFT]checkTimeout Succ,view=87,toView=88,nodeIdx=2,changeCycle=0,myNode=b32aa730...,timecost=0.2
info|2019-10-25 16:57:45.100413|[g:1][CONSENSUS][PBFT]checkAndChangeView: Reach consensus,org_view=87,org_changeCycle=0,cur_changeCycle=0,to_view=88
info|2019-10-25 16:57:46.098210|[P2P][Service] heartBeat,connected count=3
info|2019-10-25 16:57:46.102193|[g:1][CONSENSUS]addRawPrepare,height=5,reqIdx=0,hash=26852945...
info|2019-10-25 16:57:46.102521|[g:1][CONSENSUS][PBFT]checkTimeout Succ,view=88,toView=89,nodeIdx=2,changeCycle=0,myNode=b32aa730...,timecost=0.246
info|2019-10-25 16:57:46.106603|[g:1][CONSENSUS][PBFT]checkAndChangeView: Reach consensus,org_view=88,org_changeCycle=0,cur_changeCycle=0,to_view=89
info|2019-10-25 16:57:47.112084|[g:1][CONSENSUS][PBFT]Trigger fast-viewchange,view=89,toView=89,minView=90,INFO=,reqNum=4,curNum=4,GenIdx=3,Cview=90,view=89,fromIdx=3,fromNode=ce7667d2...,fromIp=127.0.0.1:47342,hash=28ab0f72...,nodeIdx=2,myNode=b32aa730...
info|2019-10-25 16:57:47.112374|[g:1][CONSENSUS][PBFT]checkAndChangeView: Reach consensus,org_view=89,org_changeCycle=0,cur_changeCycle=0,to_view=90
info|2019-10-25 16:57:47.112383|[g:1][CONSENSUS][PBFT]checkTimeout Succ,view=90,toView=90,nodeIdx=2,changeCycle=0,myNode=b32aa730...,timecost=0.24
info|2019-10-25 16:57:48.112886|[g:1][CONSENSUS][SEALER]++++++++++++++++ Generating seal on,blkNum=5,tx=0,nodeIdx=2,hash=a88262cb...
info|2019-10-25 16:57:48.117408|[g:1][CONSENSUS][PBFT]checkTimeout Succ,view=90,toView=91,nodeIdx=2,changeCycle=0,myNode=b32aa730...,timecost=0.23
info|2019-10-25 16:57:48.117986|[g:1][CONSENSUS][PBFT]checkAndChangeView: Reach consensus,org_view=90,org_changeCycle=0,cur_changeCycle=0,to_view=91
info|2019-10-25 16:57:49.125216|[g:1][CONSENSUS]addRawPrepare,height=5,reqIdx=3,hash=dd7ddea8...
info|2019-10-25 16:57:49.125525|[g:1][CONSENSUS][PBFT]checkTimeout Succ,view=91,toView=92,nodeIdx=2,changeCycle=0,myNode=b32aa730...,timecost=0.277
info|2019-10-25 16:57:49.129426|[g:1][CONSENSUS][PBFT]checkAndChangeView: Reach consensus,org_view=91,org_changeCycle=0,cur_changeCycle=0,to_view=92
info|2019-10-25 16:57:50.128744|[g:1][CONSENSUS]addRawPrepare,height=5,reqIdx=0,hash=77010cbd...
info|2019-10-25 16:57:50.129027|[g:1][CONSENSUS][PBFT]checkTimeout Succ,view=92,toView=93,nodeIdx=2,changeCycle=0,myNode=b32aa730...,timecost=0.21
info|2019-10-25 16:57:50.133501|[g:1][CONSENSUS][PBFT]checkAndChangeView: Reach consensus,org_view=92,org_changeCycle=0,cur_changeCycle=0,to_view=93
info|2019-10-25 16:57:51.151711|[g:1][CONSENSUS]addRawPrepare,height=5,reqIdx=1,hash=97f77897...
info|2019-10-25 16:57:51.152281|[g:1][CONSENSUS][PBFT]checkTimeout Succ,view=93,toView=94,nodeIdx=2,changeCycle=0,myNode=b32aa730...,timecost=0.533
info|2019-10-25 16:57:51.152939|[g:1][CONSENSUS][PBFT]checkAndChangeView: Reach consensus,org_view=93,org_changeCycle=0,cur_changeCycle=0,to_view=94
info|2019-10-25 16:57:52.152544|[g:1][CONSENSUS][SEALER]++++++++++++++++ Generating seal on,blkNum=5,tx=0,nodeIdx=2,hash=97dd6166...
info|2019-10-25 16:57:52.160496|[g:1][CONSENSUS][PBFT]checkTimeout Succ,view=94,toView=95,nodeIdx=2,changeCycle=0,myNode=b32aa730...,timecost=0.214
info|2019-10-25 16:57:52.161591|[g:1][CONSENSUS][PBFT]checkAndChangeView: Reach consensus,org_view=94,org_changeCycle=0,cur_changeCycle=0,to_view=95
info|2019-10-25 16:57:53.162012|[g:1][CONSENSUS]addRawPrepare,height=5,reqIdx=3,hash=9600a125...
info|2019-10-25 16:57:53.162345|[g:1][CONSENSUS][PBFT]checkTimeout Succ,view=95,toView=96,nodeIdx=2,changeCycle=0,myNode=b32aa730...,timecost=0.301
info|2019-10-25 16:57:53.165074|[g:1][CONSENSUS][PBFT]checkAndChangeView: Reach consensus,org_view=95,org_changeCycle=0,cur_changeCycle=0,to_view=96
info|2019-10-25 16:57:54.169012|[g:1][CONSENSUS]addRawPrepare,height=5,reqIdx=0,hash=c7c7af38...
info|2019-10-25 16:57:54.183191|[g:1][CONSENSUS][PBFT]checkTimeout Succ,view=96,toView=97,nodeIdx=2,changeCycle=0,myNode=b32aa730...,timecost=8.829
info|2019-10-25 16:57:54.196944|[g:1][CONSENSUS][PBFT]checkAndChangeView: Reach consensus,org_view=96,org_changeCycle=0,cur_changeCycle=0,to_view=97
info|2019-10-25 16:57:55.207439|[g:1][CONSENSUS]addRawPrepare,height=5,reqIdx=1,hash=7eff0293...
info|2019-10-25 16:57:55.207782|[g:1][CONSENSUS][PBFT]checkTimeout Succ,view=97,toView=98,nodeIdx=2,changeCycle=0,myNode=b32aa730...,timecost=0.262
info|2019-10-25 16:57:55.210195|[g:1][CONSENSUS][PBFT]checkAndChangeView: Reach consensus,org_view=97,org_changeCycle=0,cur_changeCycle=0,to_view=98
info|2019-10-25 16:57:56.098273|[P2P][Service] heartBeat,connected count=3
info|2019-10-25 16:57:56.212797|[g:1][CONSENSUS][SEALER]++++++++++++++++ Generating seal on,blkNum=5,tx=0,nodeIdx=2,hash=dfcd78ae...
info|2019-10-25 16:57:56.220998|[g:1][CONSENSUS][PBFT]checkTimeout Succ,view=98,toView=99,nodeIdx=2,changeCycle=0,myNode=b32aa730...,timecost=1.462
info|2019-10-25 16:57:56.221601|[g:1][CONSENSUS][PBFT]checkAndChangeView: Reach consensus,org_view=98,org_changeCycle=0,cur_changeCycle=0,to_view=99
info|2019-10-25 16:57:57.222250|[g:1][CONSENSUS][PBFT]Trigger fast-viewchange,view=99,toView=99,minView=100,INFO=,reqNum=4,curNum=4,GenIdx=1,Cview=100,view=99,fromIdx=1,fromNode=6ca4e435...,fromIp=127.0.0.1:30300,hash=28ab0f72...,nodeIdx=2,myNode=b32aa730...
info|2019-10-25 16:57:57.224231|[g:1][CONSENSUS][PBFT]checkAndChangeView: Reach consensus,org_view=99,org_changeCycle=0,cur_changeCycle=0,to_view=100
info|2019-10-25 16:57:57.224749|[g:1][CONSENSUS][PBFT]checkTimeout Succ,view=100,toView=100,nodeIdx=2,changeCycle=0,myNode=b32aa730...,timecost=2.348
info|2019-10-25 16:57:58.227394|[g:1][CONSENSUS]addRawPrepare,height=5,reqIdx=0,hash=4f5b2e93...
info|2019-10-25 16:57:58.227704|[g:1][CONSENSUS][PBFT]checkTimeout Succ,view=100,toView=101,nodeIdx=2,changeCycle=0,myNode=b32aa730...,timecost=0.23
info|2019-10-25 16:57:58.231963|[g:1][CONSENSUS][PBFT]checkAndChangeView: Reach consensus,org_view=100,org_changeCycle=0,cur_changeCycle=0,to_view=101
info|2019-10-25 16:57:59.235985|[g:1][CONSENSUS]addRawPrepare,height=5,reqIdx=1,hash=685a9202...
info|2019-10-25 16:57:59.236323|[g:1][CONSENSUS][PBFT]checkTimeout Succ,view=101,toView=102,nodeIdx=2,changeCycle=0,myNode=b32aa730...,timecost=0.31
info|2019-10-25 16:57:59.239981|[g:1][CONSENSUS][PBFT]checkAndChangeView: Reach consensus,org_view=101,org_changeCycle=0,cur_changeCycle=0,to_view=102
info|2019-10-25 16:58:00.240378|[g:1][CONSENSUS][SEALER]++++++++++++++++ Generating seal on,blkNum=5,tx=0,nodeIdx=2,hash=b64326fe...
info|2019-10-25 16:58:00.250312|[g:1][CONSENSUS][PBFT]checkTimeout Succ,view=102,toView=103,nodeIdx=2,changeCycle=0,myNode=b32aa730...,timecost=0.224
info|2019-10-25 16:58:00.251292|[g:1][CONSENSUS][PBFT]checkAndChangeView: Reach consensus,org_view=102,org_changeCycle=0,cur_changeCycle=0,to_view=103
info|2019-10-25 16:58:01.250034|[g:1][CONSENSUS]addRawPrepare,height=5,reqIdx=3,hash=2badf209...
info|2019-10-25 16:58:01.250293|[g:1][CONSENSUS][PBFT]checkTimeout Succ,view=103,toView=104,nodeIdx=2,changeCycle=0,myNode=b32aa730...,timecost=0.228
info|2019-10-25 16:58:01.253162|[g:1][CONSENSUS][PBFT]checkAndChangeView: Reach consensus,org_view=103,org_changeCycle=0,cur_changeCycle=0,to_view=104
info|2019-10-25 16:58:02.255320|[g:1][CONSENSUS]addRawPrepare,height=5,reqIdx=0,hash=e37a6528...
info|2019-10-25 16:58:02.255604|[g:1][CONSENSUS][PBFT]checkTimeout Succ,view=104,toView=105,nodeIdx=2,changeCycle=0,myNode=b32aa730...,timecost=0.182
info|2019-10-25 16:58:02.269262|[g:1][CONSENSUS][PBFT]checkAndChangeView: Reach consensus,org_view=104,org_changeCycle=0,cur_changeCycle=0,to_view=105
info|2019-10-25 16:58:03.271745|[g:1][CONSENSUS]addRawPrepare,height=5,reqIdx=1,hash=bbba6252...
info|2019-10-25 16:58:03.272016|[g:1][CONSENSUS][PBFT]checkTimeout Succ,view=105,toView=106,nodeIdx=2,changeCycle=0,myNode=b32aa730...,timecost=0.24
info|2019-10-25 16:58:03.275400|[g:1][CONSENSUS][PBFT]checkAndChangeView: Reach consensus,org_view=105,org_changeCycle=0,cur_changeCycle=0,to_view=106
info|2019-10-25 16:58:04.275797|[g:1][CONSENSUS][SEALER]++++++++++++++++ Generating seal on,blkNum=5,tx=0,nodeIdx=2,hash=20a5bbd3...
info|2019-10-25 16:58:04.281580|[g:1][CONSENSUS][PBFT]checkTimeout Succ,view=106,toView=107,nodeIdx=2,changeCycle=0,myNode=b32aa730...,timecost=0.181
info|2019-10-25 16:58:04.282252|[g:1][CONSENSUS][PBFT]checkAndChangeView: Reach consensus,org_view=106,org_changeCycle=0,cur_changeCycle=0,to_view=107
info|2019-10-25 16:58:05.281270|[g:1][CONSENSUS]addRawPrepare,height=5,reqIdx=3,hash=8831e9f1...
info|2019-10-25 16:58:05.281476|[g:1][CONSENSUS][PBFT]checkTimeout Succ,view=107,toView=108,nodeIdx=2,changeCycle=0,myNode=b32aa730...,timecost=0.184
info|2019-10-25 16:58:05.283241|[g:1][CONSENSUS][PBFT]checkAndChangeView: Reach consensus,org_view=107,org_changeCycle=0,cur_changeCycle=0,to_view=108
info|2019-10-25 16:58:06.100935|[P2P][Service] heartBeat,connected count=3
info|2019-10-25 16:58:06.287518|[g:1][CONSENSUS]addRawPrepare,height=5,reqIdx=0,hash=f5ea55f8...
info|2019-10-25 16:58:06.287834|[g:1][CONSENSUS][PBFT]checkTimeout Succ,view=108,toView=109,nodeIdx=2,changeCycle=0,myNode=b32aa730...,timecost=0.229
info|2019-10-25 16:58:06.291687|[g:1][CONSENSUS][PBFT]checkAndChangeView: Reach consensus,org_view=108,org_changeCycle=0,cur_changeCycle=0,to_view=109
info|2019-10-25 16:58:07.297743|[g:1][CONSENSUS]addRawPrepare,height=5,reqIdx=1,hash=59251048...
info|2019-10-25 16:58:07.297948|[g:1][CONSENSUS][PBFT]checkTimeout Succ,view=109,toView=110,nodeIdx=2,changeCycle=0,myNode=b32aa730...,timecost=0.185
info|2019-10-25 16:58:07.299670|[g:1][CONSENSUS][PBFT]checkAndChangeView: Reach consensus,org_view=109,org_changeCycle=0,cur_changeCycle=0,to_view=110
info|2019-10-25 16:58:08.301684|[g:1][CONSENSUS][SEALER]++++++++++++++++ Generating seal on,blkNum=5,tx=0,nodeIdx=2,hash=a6d1b21e...
info|2019-10-25 16:58:08.309387|[g:1][CONSENSUS][PBFT]checkTimeout Succ,view=110,toView=111,nodeIdx=2,changeCycle=0,myNode=b32aa730...,timecost=0.213
info|2019-10-25 16:58:08.310401|[g:1][CONSENSUS][PBFT]checkAndChangeView: Reach consensus,org_view=110,org_changeCycle=0,cur_changeCycle=0,to_view=111
info|2019-10-25 16:58:09.310830|[g:1][CONSENSUS]addRawPrepare,height=5,reqIdx=3,hash=fca95278...
info|2019-10-25 16:58:09.311096|[g:1][CONSENSUS][PBFT]checkTimeout Succ,view=111,toView=112,nodeIdx=2,changeCycle=0,myNode=b32aa730...,timecost=0.238
info|2019-10-25 16:58:09.315208|[g:1][CONSENSUS][PBFT]checkAndChangeView: Reach consensus,org_view=111,org_changeCycle=0,cur_changeCycle=0,to_view=112
info|2019-10-25 16:58:10.316564|[g:1][CONSENSUS]addRawPrepare,height=5,reqIdx=0,hash=cb900a4a...
info|2019-10-25 16:58:10.316921|[g:1][CONSENSUS][PBFT]checkTimeout Succ,view=112,toView=113,nodeIdx=2,changeCycle=0,myNode=b32aa730...,timecost=0.26
info|2019-10-25 16:58:10.321386|[g:1][CONSENSUS][PBFT]checkAndChangeView: Reach consensus,org_view=112,org_changeCycle=0,cur_changeCycle=0,to_view=113
info|2019-10-25 16:58:11.323089|[g:1][CONSENSUS]addRawPrepare,height=5,reqIdx=1,hash=695b8193...
info|2019-10-25 16:58:11.324293|[g:1][CONSENSUS][PBFT]checkTimeout Succ,view=113,toView=114,nodeIdx=2,changeCycle=0,myNode=b32aa730...,timecost=1.078
info|2019-10-25 16:58:11.327517|[g:1][CONSENSUS][PBFT]checkAndChangeView: Reach consensus,org_view=113,org_changeCycle=0,cur_changeCycle=0,to_view=114
info|2019-10-25 16:58:12.327132|[g:1][CONSENSUS][SEALER]++++++++++++++++ Generating seal on,blkNum=5,tx=0,nodeIdx=2,hash=89514f35...
info|2019-10-25 16:58:12.338942|[g:1][CONSENSUS][PBFT]checkTimeout Succ,view=114,toView=115,nodeIdx=2,changeCycle=0,myNode=b32aa730...,timecost=1.519
info|2019-10-25 16:58:12.340906|[g:1][CONSENSUS][PBFT]checkAndChangeView: Reach consensus,org_view=114,org_changeCycle=0,cur_changeCycle=0,to_view=115
info|2019-10-25 16:58:13.337863|[g:1][CONSENSUS]addRawPrepare,height=5,reqIdx=3,hash=90c772d1...
info|2019-10-25 16:58:13.338272|[g:1][CONSENSUS][PBFT]checkTimeout Succ,view=115,toView=116,nodeIdx=2,changeCycle=0,myNode=b32aa730...,timecost=0.329
info|2019-10-25 16:58:13.342556|[g:1][CONSENSUS][PBFT]checkAndChangeView: Reach consensus,org_view=115,org_changeCycle=0,cur_changeCycle=0,to_view=116
info|2019-10-25 16:58:14.343728|[g:1][CONSENSUS]addRawPrepare,height=5,reqIdx=0,hash=dcdbaca6...
info|2019-10-25 16:58:14.343972|[g:1][CONSENSUS][PBFT]checkTimeout Succ,view=116,toView=117,nodeIdx=2,changeCycle=0,myNode=b32aa730...,timecost=0.178
info|2019-10-25 16:58:14.347591|[g:1][CONSENSUS][PBFT]checkAndChangeView: Reach consensus,org_view=116,org_changeCycle=0,cur_changeCycle=0,to_view=117
info|2019-10-25 16:58:15.351468|[g:1][CONSENSUS]addRawPrepare,height=5,reqIdx=1,hash=4488bcb8...
info|2019-10-25 16:58:15.351741|[g:1][CONSENSUS][PBFT]checkTimeout Succ,view=117,toView=118,nodeIdx=2,changeCycle=0,myNode=b32aa730...,timecost=0.246
info|2019-10-25 16:58:15.353198|[g:1][CONSENSUS][PBFT]checkAndChangeView: Reach consensus,org_view=117,org_changeCycle=0,cur_changeCycle=0,to_view=118
info|2019-10-25 16:58:16.101136|[P2P][Service] heartBeat,connected count=3
info|2019-10-25 16:58:16.353887|[g:1][CONSENSUS][SEALER]++++++++++++++++ Generating seal on,blkNum=5,tx=0,nodeIdx=2,hash=0996611a...
info|2019-10-25 16:58:16.367573|[g:1][CONSENSUS][PBFT]checkTimeout Succ,view=118,toView=119,nodeIdx=2,changeCycle=0,myNode=b32aa730...,timecost=0.28
info|2019-10-25 16:58:16.369817|[g:1][CONSENSUS][PBFT]checkAndChangeView: Reach consensus,org_view=118,org_changeCycle=0,cur_changeCycle=0,to_view=119
info|2019-10-25 16:58:17.369710|[g:1][CONSENSUS]addRawPrepare,height=5,reqIdx=3,hash=20ad7287...
info|2019-10-25 16:58:17.371734|[g:1][CONSENSUS][PBFT]checkTimeout Succ,view=119,toView=120,nodeIdx=2,changeCycle=0,myNode=b32aa730...,timecost=1.989
info|2019-10-25 16:58:17.373064|[g:1][CONSENSUS][PBFT]checkAndChangeView: Reach consensus,org_view=119,org_changeCycle=0,cur_changeCycle=0,to_view=120
info|2019-10-25 16:58:18.375489|[g:1][CONSENSUS]addRawPrepare,height=5,reqIdx=0,hash=0d9578b8...
info|2019-10-25 16:58:18.375739|[g:1][CONSENSUS][PBFT]checkTimeout Succ,view=120,toView=121,nodeIdx=2,changeCycle=0,myNode=b32aa730...,timecost=0.177
info|2019-10-25 16:58:18.379525|[g:1][CONSENSUS][PBFT]checkAndChangeView: Reach consensus,org_view=120,org_changeCycle=0,cur_changeCycle=0,to_view=121
info|2019-10-25 16:58:19.383431|[g:1][CONSENSUS]addRawPrepare,height=5,reqIdx=1,hash=a1a95909...
info|2019-10-25 16:58:19.383693|[g:1][CONSENSUS][PBFT]checkTimeout Succ,view=121,toView=122,nodeIdx=2,changeCycle=0,myNode=b32aa730...,timecost=0.232
info|2019-10-25 16:58:19.386016|[g:1][CONSENSUS][PBFT]checkAndChangeView: Reach consensus,org_view=121,org_changeCycle=0,cur_changeCycle=0,to_view=122
info|2019-10-25 16:58:20.386717|[g:1][CONSENSUS][SEALER]++++++++++++++++ Generating seal on,blkNum=5,tx=0,nodeIdx=2,hash=8220a54c...
info|2019-10-25 16:58:20.395042|[g:1][CONSENSUS][PBFT]checkTimeout Succ,view=122,toView=123,nodeIdx=2,changeCycle=0,myNode=b32aa730...,timecost=0.27
info|2019-10-25 16:58:20.396246|[g:1][CONSENSUS][PBFT]checkAndChangeView: Reach consensus,org_view=122,org_changeCycle=0,cur_changeCycle=0,to_view=123
info|2019-10-25 16:58:21.399822|[g:1][CONSENSUS]addRawPrepare,height=5,reqIdx=3,hash=25943cec...
info|2019-10-25 16:58:21.400028|[g:1][CONSENSUS][PBFT]checkTimeout Succ,view=123,toView=124,nodeIdx=2,changeCycle=0,myNode=b32aa730...,timecost=0.183
info|2019-10-25 16:58:21.402118|[g:1][CONSENSUS][PBFT]checkAndChangeView: Reach consensus,org_view=123,org_changeCycle=0,cur_changeCycle=0,to_view=124
info|2019-10-25 16:58:22.404619|[g:1][CONSENSUS]addRawPrepare,height=5,reqIdx=0,hash=e64b3343...
info|2019-10-25 16:58:22.405023|[g:1][CONSENSUS][PBFT]checkTimeout Succ,view=124,toView=125,nodeIdx=2,changeCycle=0,myNode=b32aa730...,timecost=0.332
info|2019-10-25 16:58:22.409414|[g:1][CONSENSUS][PBFT]checkAndChangeView: Reach consensus,org_view=124,org_changeCycle=0,cur_changeCycle=0,to_view=125
info|2019-10-25 16:58:23.409349|[g:1][CONSENSUS]addRawPrepare,height=5,reqIdx=1,hash=8d55ae8e...
info|2019-10-25 16:58:23.409740|[g:1][CONSENSUS][PBFT]checkTimeout Succ,view=125,toView=126,nodeIdx=2,changeCycle=0,myNode=b32aa730...,timecost=0.354
info|2019-10-25 16:58:23.413959|[g:1][CONSENSUS][PBFT]checkAndChangeView: Reach consensus,org_view=125,org_changeCycle=0,cur_changeCycle=0,to_view=126
info|2019-10-25 16:58:24.414915|[g:1][CONSENSUS][SEALER]++++++++++++++++ Generating seal on,blkNum=5,tx=0,nodeIdx=2,hash=34eb0db2...
info|2019-10-25 16:58:24.422001|[g:1][CONSENSUS][PBFT]checkTimeout Succ,view=126,toView=127,nodeIdx=2,changeCycle=0,myNode=b32aa730...,timecost=0.382
info|2019-10-25 16:58:24.424943|[g:1][CONSENSUS][PBFT]checkAndChangeView: Reach consensus,org_view=126,org_changeCycle=0,cur_changeCycle=0,to_view=127
info|2019-10-25 16:58:25.422706|[g:1][CONSENSUS]addRawPrepare,height=5,reqIdx=3,hash=77c6e95d...
info|2019-10-25 16:58:25.423116|[g:1][CONSENSUS][PBFT]checkTimeout Succ,view=127,toView=128,nodeIdx=2,changeCycle=0,myNode=b32aa730...,timecost=0.373
info|2019-10-25 16:58:25.426489|[g:1][CONSENSUS][PBFT]checkAndChangeView: Reach consensus,org_view=127,org_changeCycle=0,cur_changeCycle=0,to_view=128
info|2019-10-25 16:58:26.101195|[P2P][Service] heartBeat,connected count=3
info|2019-10-25 16:58:26.427315|[g:1][CONSENSUS]addRawPrepare,height=5,reqIdx=0,hash=31a1705c...
info|2019-10-25 16:58:26.427742|[g:1][CONSENSUS][PBFT]checkTimeout Succ,view=128,toView=129,nodeIdx=2,changeCycle=0,myNode=b32aa730...,timecost=0.308
info|2019-10-25 16:58:26.432177|[g:1][CONSENSUS][PBFT]checkAndChangeView: Reach consensus,org_view=128,org_changeCycle=0,cur_changeCycle=0,to_view=129
info|2019-10-25 16:58:27.437927|[g:1][CONSENSUS]addRawPrepare,height=5,reqIdx=1,hash=a5aa7657...
info|2019-10-25 16:58:27.438284|[g:1][CONSENSUS][PBFT]checkTimeout Succ,view=129,toView=130,nodeIdx=2,changeCycle=0,myNode=b32aa730...,timecost=0.319
info|2019-10-25 16:58:27.441470|[g:1][CONSENSUS][PBFT]checkAndChangeView: Reach consensus,org_view=129,org_changeCycle=0,cur_changeCycle=0,to_view=130
info|2019-10-25 16:58:28.443488|[g:1][CONSENSUS][SEALER]++++++++++++++++ Generating seal on,blkNum=5,tx=0,nodeIdx=2,hash=30fd024b...
info|2019-10-25 16:58:28.458975|[g:1][CONSENSUS][PBFT]checkTimeout Succ,view=130,toView=131,nodeIdx=2,changeCycle=0,myNode=b32aa730...,timecost=0.465
info|2019-10-25 16:58:28.460460|[g:1][CONSENSUS][PBFT]checkAndChangeView: Reach consensus,org_view=130,org_changeCycle=0,cur_changeCycle=0,to_view=131
info|2019-10-25 16:58:29.460665|[g:1][CONSENSUS]addRawPrepare,height=5,reqIdx=3,hash=7429a243...
info|2019-10-25 16:58:29.460944|[g:1][CONSENSUS][PBFT]checkTimeout Succ,view=131,toView=132,nodeIdx=2,changeCycle=0,myNode=b32aa730...,timecost=0.25
info|2019-10-25 16:58:29.464281|[g:1][CONSENSUS][PBFT]checkAndChangeView: Reach consensus,org_view=131,org_changeCycle=0,cur_changeCycle=0,to_view=132
info|2019-10-25 16:58:30.473661|[g:1][CONSENSUS]addRawPrepare,height=5,reqIdx=0,hash=2999833d...
info|2019-10-25 16:58:30.474153|[g:1][CONSENSUS][PBFT]checkTimeout Succ,view=132,toView=133,nodeIdx=2,changeCycle=0,myNode=b32aa730...,timecost=0.345
info|2019-10-25 16:58:30.480832|[g:1][CONSENSUS][PBFT]checkAndChangeView: Reach consensus,org_view=132,org_changeCycle=0,cur_changeCycle=0,to_view=133
info|2019-10-25 16:58:31.485429|[g:1][CONSENSUS]addRawPrepare,height=5,reqIdx=1,hash=01fb0e63...
info|2019-10-25 16:58:31.485738|[g:1][CONSENSUS][PBFT]checkTimeout Succ,view=133,toView=134,nodeIdx=2,changeCycle=0,myNode=b32aa730...,timecost=0.278
info|2019-10-25 16:58:31.489374|[g:1][CONSENSUS][PBFT]checkAndChangeView: Reach consensus,org_view=133,org_changeCycle=0,cur_changeCycle=0,to_view=134
info|2019-10-25 16:58:32.492407|[g:1][CONSENSUS][SEALER]++++++++++++++++ Generating seal on,blkNum=5,tx=0,nodeIdx=2,hash=1507e66c...
info|2019-10-25 16:58:32.498707|[g:1][CONSENSUS][PBFT]checkTimeout Succ,view=134,toView=135,nodeIdx=2,changeCycle=0,myNode=b32aa730...,timecost=0.327
info|2019-10-25 16:58:32.501962|[g:1][CONSENSUS][PBFT]checkAndChangeView: Reach consensus,org_view=134,org_changeCycle=0,cur_changeCycle=0,to_view=135
info|2019-10-25 16:58:33.504516|[g:1][CONSENSUS]addRawPrepare,height=5,reqIdx=3,hash=2ddc9b0d...
info|2019-10-25 16:58:33.504915|[g:1][CONSENSUS][PBFT]checkTimeout Succ,view=135,toView=136,nodeIdx=2,changeCycle=0,myNode=b32aa730...,timecost=0.354
info|2019-10-25 16:58:33.509464|[g:1][CONSENSUS][PBFT]checkAndChangeView: Reach consensus,org_view=135,org_changeCycle=0,cur_changeCycle=0,to_view=136
info|2019-10-25 16:58:34.511624|[g:1][CONSENSUS]addRawPrepare,height=5,reqIdx=0,hash=1d94f4b5...
info|2019-10-25 16:58:34.511978|[g:1][CONSENSUS][PBFT]checkTimeout Succ,view=136,toView=137,nodeIdx=2,changeCycle=0,myNode=b32aa730...,timecost=0.266
info|2019-10-25 16:58:34.517062|[g:1][CONSENSUS][PBFT]checkAndChangeView: Reach consensus,org_view=136,org_changeCycle=0,cur_changeCycle=0,to_view=137
info|2019-10-25 16:58:35.521989|[g:1][CONSENSUS]addRawPrepare,height=5,reqIdx=1,hash=01c6bc81...
info|2019-10-25 16:58:35.522347|[g:1][CONSENSUS][PBFT]checkTimeout Succ,view=137,toView=138,nodeIdx=2,changeCycle=0,myNode=b32aa730...,timecost=0.308
info|2019-10-25 16:58:35.528882|[g:1][CONSENSUS][PBFT]checkAndChangeView: Reach consensus,org_view=137,org_changeCycle=0,cur_changeCycle=0,to_view=138
info|2019-10-25 16:58:36.101605|[P2P][Service] heartBeat,connected count=3
info|2019-10-25 16:58:36.531413|[g:1][CONSENSUS][SEALER]++++++++++++++++ Generating seal on,blkNum=5,tx=0,nodeIdx=2,hash=5ffbcec8...
info|2019-10-25 16:58:36.546305|[g:1][CONSENSUS][PBFT]checkTimeout Succ,view=138,toView=139,nodeIdx=2,changeCycle=0,myNode=b32aa730...,timecost=0.356
info|2019-10-25 16:58:36.547930|[g:1][CONSENSUS][PBFT]checkAndChangeView: Reach consensus,org_view=138,org_changeCycle=0,cur_changeCycle=0,to_view=139
info|2019-10-25 16:58:37.549121|[g:1][CONSENSUS]addRawPrepare,height=5,reqIdx=3,hash=d7d1fd2c...
info|2019-10-25 16:58:37.549599|[g:1][CONSENSUS][PBFT]checkTimeout Succ,view=139,toView=140,nodeIdx=2,changeCycle=0,myNode=b32aa730...,timecost=0.304
info|2019-10-25 16:58:37.551963|[g:1][CONSENSUS][PBFT]checkAndChangeView: Reach consensus,org_view=139,org_changeCycle=0,cur_changeCycle=0,to_view=140
info|2019-10-25 16:58:38.554746|[g:1][CONSENSUS]addRawPrepare,height=5,reqIdx=0,hash=2673b042...
info|2019-10-25 16:58:38.555138|[g:1][CONSENSUS][PBFT]checkTimeout Succ,view=140,toView=141,nodeIdx=2,changeCycle=0,myNode=b32aa730...,timecost=0.264
info|2019-10-25 16:58:38.561346|[g:1][CONSENSUS][PBFT]checkAndChangeView: Reach consensus,org_view=140,org_changeCycle=0,cur_changeCycle=0,to_view=141
info|2019-10-25 16:58:39.564329|[g:1][CONSENSUS]addRawPrepare,height=5,reqIdx=1,hash=7d90f778...
info|2019-10-25 16:58:39.564550|[g:1][CONSENSUS][PBFT]checkTimeout Succ,view=141,toView=142,nodeIdx=2,changeCycle=0,myNode=b32aa730...,timecost=0.198
info|2019-10-25 16:58:39.567300|[g:1][CONSENSUS][PBFT]checkAndChangeView: Reach consensus,org_view=141,org_changeCycle=0,cur_changeCycle=0,to_view=142
info|2019-10-25 16:58:40.567667|[g:1][CONSENSUS][SEALER]++++++++++++++++ Generating seal on,blkNum=5,tx=0,nodeIdx=2,hash=71824e0d...
info|2019-10-25 16:58:40.574019|[g:1][CONSENSUS][PBFT]checkTimeout Succ,view=142,toView=143,nodeIdx=2,changeCycle=0,myNode=b32aa730...,timecost=0.262
info|2019-10-25 16:58:40.575111|[g:1][CONSENSUS][PBFT]checkAndChangeView: Reach consensus,org_view=142,org_changeCycle=0,cur_changeCycle=0,to_view=143
info|2019-10-25 16:58:41.574376|[g:1][CONSENSUS]addRawPrepare,height=5,reqIdx=3,hash=dbd5549c...
info|2019-10-25 16:58:41.574692|[g:1][CONSENSUS][PBFT]checkTimeout Succ,view=143,toView=144,nodeIdx=2,changeCycle=0,myNode=b32aa730...,timecost=0.278
info|2019-10-25 16:58:41.577210|[g:1][CONSENSUS][PBFT]checkAndChangeView: Reach consensus,org_view=143,org_changeCycle=0,cur_changeCycle=0,to_view=144
info|2019-10-25 16:58:42.578937|[g:1][CONSENSUS]addRawPrepare,height=5,reqIdx=0,hash=a881251d...
info|2019-10-25 16:58:42.585780|[g:1][CONSENSUS][PBFT]checkTimeout Succ,view=144,toView=145,nodeIdx=2,changeCycle=0,myNode=b32aa730...,timecost=6.678
info|2019-10-25 16:58:42.587723|[g:1][CONSENSUS][PBFT]checkAndChangeView: Reach consensus,org_view=144,org_changeCycle=0,cur_changeCycle=0,to_view=145
info|2019-10-25 16:58:43.589913|[g:1][CONSENSUS]addRawPrepare,height=5,reqIdx=1,hash=84c56eee...
info|2019-10-25 16:58:43.590182|[g:1][CONSENSUS][PBFT]checkTimeout Succ,view=145,toView=146,nodeIdx=2,changeCycle=0,myNode=b32aa730...,timecost=0.241
info|2019-10-25 16:58:43.594692|[g:1][CONSENSUS][PBFT]checkAndChangeView: Reach consensus,org_view=145,org_changeCycle=0,cur_changeCycle=0,to_view=146
info|2019-10-25 16:58:44.595004|[g:1][CONSENSUS][SEALER]++++++++++++++++ Generating seal on,blkNum=5,tx=0,nodeIdx=2,hash=4763b987...
info|2019-10-25 16:58:44.618586|[g:1][CONSENSUS][PBFT]checkTimeout Succ,view=146,toView=147,nodeIdx=2,changeCycle=0,myNode=b32aa730...,timecost=0.485
info|2019-10-25 16:58:44.620989|[g:1][CONSENSUS][PBFT]checkAndChangeView: Reach consensus,org_view=146,org_changeCycle=0,cur_changeCycle=0,to_view=147
info|2019-10-25 16:58:45.618455|[g:1][CONSENSUS]addRawPrepare,height=5,reqIdx=3,hash=1770ddf2...
info|2019-10-25 16:58:45.618692|[g:1][CONSENSUS][PBFT]checkTimeout Succ,view=147,toView=148,nodeIdx=2,changeCycle=0,myNode=b32aa730...,timecost=0.216
info|2019-10-25 16:58:45.620427|[g:1][CONSENSUS][PBFT]checkAndChangeView: Reach consensus,org_view=147,org_changeCycle=0,cur_changeCycle=0,to_view=148
info|2019-10-25 16:58:46.101685|[P2P][Service] heartBeat,connected count=3
info|2019-10-25 16:58:46.623806|[g:1][CONSENSUS]addRawPrepare,height=5,reqIdx=0,hash=283a9670...
info|2019-10-25 16:58:46.624185|[g:1][CONSENSUS][PBFT]checkTimeout Succ,view=148,toView=149,nodeIdx=2,changeCycle=0,myNode=b32aa730...,timecost=0.286
info|2019-10-25 16:58:46.628702|[g:1][CONSENSUS][PBFT]checkAndChangeView: Reach consensus,org_view=148,org_changeCycle=0,cur_changeCycle=0,to_view=149
info|2019-10-25 16:58:47.634011|[g:1][CONSENSUS]addRawPrepare,height=5,reqIdx=1,hash=9ea7a0c6...
info|2019-10-25 16:58:47.634236|[g:1][CONSENSUS][PBFT]checkTimeout Succ,view=149,toView=150,nodeIdx=2,changeCycle=0,myNode=b32aa730...,timecost=0.198
info|2019-10-25 16:58:47.638470|[g:1][CONSENSUS][PBFT]checkAndChangeView: Reach consensus,org_view=149,org_changeCycle=0,cur_changeCycle=0,to_view=150
info|2019-10-25 16:58:48.640398|[g:1][CONSENSUS][SEALER]++++++++++++++++ Generating seal on,blkNum=5,tx=0,nodeIdx=2,hash=c2df84ee...
info|2019-10-25 16:58:48.649215|[g:1][CONSENSUS][PBFT]checkTimeout Succ,view=150,toView=151,nodeIdx=2,changeCycle=0,myNode=b32aa730...,timecost=0.286
info|2019-10-25 16:58:48.650562|[g:1][CONSENSUS][PBFT]checkAndChangeView: Reach consensus,org_view=150,org_changeCycle=0,cur_changeCycle=0,to_view=151
info|2019-10-25 16:58:49.649253|[g:1][CONSENSUS]addRawPrepare,height=5,reqIdx=3,hash=13e209ca...
info|2019-10-25 16:58:49.649656|[g:1][CONSENSUS][PBFT]checkTimeout Succ,view=151,toView=152,nodeIdx=2,changeCycle=0,myNode=b32aa730...,timecost=0.366
info|2019-10-25 16:58:49.652984|[g:1][CONSENSUS][PBFT]checkAndChangeView: Reach consensus,org_view=151,org_changeCycle=0,cur_changeCycle=0,to_view=152
info|2019-10-25 16:58:50.653905|[g:1][CONSENSUS]addRawPrepare,height=5,reqIdx=0,hash=21308ce8...
info|2019-10-25 16:58:50.654212|[g:1][CONSENSUS][PBFT]checkTimeout Succ,view=152,toView=153,nodeIdx=2,changeCycle=0,myNode=b32aa730...,timecost=0.243
info|2019-10-25 16:58:50.657882|[g:1][CONSENSUS][PBFT]checkAndChangeView: Reach consensus,org_view=152,org_changeCycle=0,cur_changeCycle=0,to_view=153
info|2019-10-25 16:58:51.661783|[g:1][CONSENSUS]addRawPrepare,height=5,reqIdx=1,hash=5e16b6c6...
info|2019-10-25 16:58:51.662083|[g:1][CONSENSUS][PBFT]checkTimeout Succ,view=153,toView=154,nodeIdx=2,changeCycle=0,myNode=b32aa730...,timecost=0.272
info|2019-10-25 16:58:51.666792|[g:1][CONSENSUS][PBFT]checkAndChangeView: Reach consensus,org_view=153,org_changeCycle=0,cur_changeCycle=0,to_view=154
info|2019-10-25 16:58:52.668327|[g:1][CONSENSUS][SEALER]++++++++++++++++ Generating seal on,blkNum=5,tx=0,nodeIdx=2,hash=531b0af7...
info|2019-10-25 16:58:52.675717|[g:1][CONSENSUS][PBFT]checkTimeout Succ,view=154,toView=155,nodeIdx=2,changeCycle=0,myNode=b32aa730...,timecost=0.198
info|2019-10-25 16:58:52.677026|[g:1][CONSENSUS][PBFT]checkAndChangeView: Reach consensus,org_view=154,org_changeCycle=0,cur_changeCycle=0,to_view=155
info|2019-10-25 16:58:53.718269|[g:1][CONSENSUS]addRawPrepare,height=5,reqIdx=3,hash=65e20c20...
info|2019-10-25 16:58:53.718654|[g:1][CONSENSUS][PBFT]checkTimeout Succ,view=155,toView=156,nodeIdx=2,changeCycle=0,myNode=b32aa730...,timecost=0.329
info|2019-10-25 16:58:53.721707|[g:1][CONSENSUS][PBFT]checkAndChangeView: Reach consensus,org_view=155,org_changeCycle=0,cur_changeCycle=0,to_view=156
info|2019-10-25 16:58:54.723782|[g:1][CONSENSUS]addRawPrepare,height=5,reqIdx=0,hash=c6ccc9eb...
info|2019-10-25 16:58:54.724076|[g:1][CONSENSUS][PBFT]checkTimeout Succ,view=156,toView=157,nodeIdx=2,changeCycle=0,myNode=b32aa730...,timecost=0.19
info|2019-10-25 16:58:54.727730|[g:1][CONSENSUS][PBFT]checkAndChangeView: Reach consensus,org_view=156,org_changeCycle=0,cur_changeCycle=0,to_view=157
info|2019-10-25 16:58:55.733319|[g:1][CONSENSUS]addRawPrepare,height=5,reqIdx=1,hash=33abca66...
info|2019-10-25 16:58:55.733583|[g:1][CONSENSUS][PBFT]checkTimeout Succ,view=157,toView=158,nodeIdx=2,changeCycle=0,myNode=b32aa730...,timecost=0.224
info|2019-10-25 16:58:55.736493|[g:1][CONSENSUS][PBFT]checkAndChangeView: Reach consensus,org_view=157,org_changeCycle=0,cur_changeCycle=0,to_view=158
info|2019-10-25 16:58:56.102294|[P2P][Service] heartBeat,connected count=3
info|2019-10-25 16:58:56.736529|[g:1][CONSENSUS][SEALER]++++++++++++++++ Generating seal on,blkNum=5,tx=0,nodeIdx=2,hash=8adb4aa4...
info|2019-10-25 16:58:56.742193|[g:1][CONSENSUS][PBFT]checkTimeout Succ,view=158,toView=159,nodeIdx=2,changeCycle=0,myNode=b32aa730...,timecost=0.216
info|2019-10-25 16:58:56.743999|[g:1][CONSENSUS][PBFT]checkAndChangeView: Reach consensus,org_view=158,org_changeCycle=0,cur_changeCycle=0,to_view=159
info|2019-10-25 16:58:57.743325|[g:1][CONSENSUS]addRawPrepare,height=5,reqIdx=3,hash=0ae57076...
info|2019-10-25 16:58:57.743593|[g:1][CONSENSUS][PBFT]checkTimeout Succ,view=159,toView=160,nodeIdx=2,changeCycle=0,myNode=b32aa730...,timecost=0.238
info|2019-10-25 16:58:57.746223|[g:1][CONSENSUS][PBFT]checkAndChangeView: Reach consensus,org_view=159,org_changeCycle=0,cur_changeCycle=0,to_view=160
info|2019-10-25 16:58:58.750455|[g:1][CONSENSUS]addRawPrepare,height=5,reqIdx=0,hash=d1208ccc...
info|2019-10-25 16:58:58.750958|[g:1][CONSENSUS][PBFT]checkTimeout Succ,view=160,toView=161,nodeIdx=2,changeCycle=0,myNode=b32aa730...,timecost=0.399
info|2019-10-25 16:58:58.763020|[g:1][CONSENSUS][PBFT]checkAndChangeView: Reach consensus,org_view=160,org_changeCycle=0,cur_changeCycle=0,to_view=161
info|2019-10-25 16:58:59.766141|[g:1][CONSENSUS]addRawPrepare,height=5,reqIdx=1,hash=f28614cb...
info|2019-10-25 16:58:59.766343|[g:1][CONSENSUS][PBFT]checkTimeout Succ,view=161,toView=162,nodeIdx=2,changeCycle=0,myNode=b32aa730...,timecost=0.18
info|2019-10-25 16:58:59.768016|[g:1][CONSENSUS][PBFT]checkAndChangeView: Reach consensus,org_view=161,org_changeCycle=0,cur_changeCycle=0,to_view=162
info|2019-10-25 16:59:00.768182|[g:1][CONSENSUS][SEALER]++++++++++++++++ Generating seal on,blkNum=5,tx=0,nodeIdx=2,hash=a27c9474...
info|2019-10-25 16:59:00.775964|[g:1][CONSENSUS][PBFT]checkTimeout Succ,view=162,toView=163,nodeIdx=2,changeCycle=0,myNode=b32aa730...,timecost=0.34
info|2019-10-25 16:59:00.777258|[g:1][CONSENSUS][PBFT]checkAndChangeView: Reach consensus,org_view=162,org_changeCycle=0,cur_changeCycle=0,to_view=163
info|2019-10-25 16:59:01.777732|[g:1][CONSENSUS]addRawPrepare,height=5,reqIdx=3,hash=7130ff4c...
info|2019-10-25 16:59:01.777970|[g:1][CONSENSUS][PBFT]checkTimeout Succ,view=163,toView=164,nodeIdx=2,changeCycle=0,myNode=b32aa730...,timecost=0.212
info|2019-10-25 16:59:01.781152|[g:1][CONSENSUS][PBFT]checkAndChangeView: Reach consensus,org_view=163,org_changeCycle=0,cur_changeCycle=0,to_view=164
info|2019-10-25 16:59:02.784883|[g:1][CONSENSUS]addRawPrepare,height=5,reqIdx=0,hash=9083e1e8...
info|2019-10-25 16:59:02.788576|[g:1][CONSENSUS][PBFT]checkTimeout Succ,view=164,toView=165,nodeIdx=2,changeCycle=0,myNode=b32aa730...,timecost=0.555
info|2019-10-25 16:59:02.789238|[g:1][CONSENSUS][PBFT]checkAndChangeView: Reach consensus,org_view=164,org_changeCycle=0,cur_changeCycle=0,to_view=165
info|2019-10-25 16:59:03.834838|[g:1][CONSENSUS]addRawPrepare,height=5,reqIdx=1,hash=e71bae80...
info|2019-10-25 16:59:03.841191|[g:1][CONSENSUS][PBFT]checkTimeout Succ,view=165,toView=166,nodeIdx=2,changeCycle=0,myNode=b32aa730...,timecost=6.321
info|2019-10-25 16:59:03.841752|[g:1][CONSENSUS][PBFT]checkAndChangeView: Reach consensus,org_view=165,org_changeCycle=0,cur_changeCycle=0,to_view=166
info|2019-10-25 16:59:04.842896|[g:1][CONSENSUS][SEALER]++++++++++++++++ Generating seal on,blkNum=5,tx=0,nodeIdx=2,hash=188a74c6...
info|2019-10-25 16:59:04.855272|[g:1][CONSENSUS][PBFT]checkTimeout Succ,view=166,toView=167,nodeIdx=2,changeCycle=0,myNode=b32aa730...,timecost=0.279
info|2019-10-25 16:59:04.856553|[g:1][CONSENSUS][PBFT]checkAndChangeView: Reach consensus,org_view=166,org_changeCycle=0,cur_changeCycle=0,to_view=167
info|2019-10-25 16:59:05.858548|[g:1][CONSENSUS]addRawPrepare,height=5,reqIdx=3,hash=8ddc2b5e...
info|2019-10-25 16:59:05.858876|[g:1][CONSENSUS][PBFT]checkTimeout Succ,view=167,toView=168,nodeIdx=2,changeCycle=0,myNode=b32aa730...,timecost=0.244
info|2019-10-25 16:59:05.860626|[g:1][CONSENSUS][PBFT]checkAndChangeView: Reach consensus,org_view=167,org_changeCycle=0,cur_changeCycle=0,to_view=168
info|2019-10-25 16:59:06.102375|[P2P][Service] heartBeat,connected count=3
info|2019-10-25 16:59:06.864027|[g:1][CONSENSUS]addRawPrepare,height=5,reqIdx=0,hash=623ced2b...
info|2019-10-25 16:59:06.864476|[g:1][CONSENSUS][PBFT]checkTimeout Succ,view=168,toView=169,nodeIdx=2,changeCycle=0,myNode=b32aa730...,timecost=0.357
info|2019-10-25 16:59:06.869175|[g:1][CONSENSUS][PBFT]checkAndChangeView: Reach consensus,org_view=168,org_changeCycle=0,cur_changeCycle=0,to_view=169
info|2019-10-25 16:59:07.873115|[g:1][CONSENSUS]addRawPrepare,height=5,reqIdx=1,hash=dfa697ce...
info|2019-10-25 16:59:07.873430|[g:1][CONSENSUS][PBFT]checkTimeout Succ,view=169,toView=170,nodeIdx=2,changeCycle=0,myNode=b32aa730...,timecost=0.286
info|2019-10-25 16:59:07.875070|[g:1][CONSENSUS][PBFT]checkAndChangeView: Reach consensus,org_view=169,org_changeCycle=0,cur_changeCycle=0,to_view=170
info|2019-10-25 16:59:08.877333|[g:1][CONSENSUS][SEALER]++++++++++++++++ Generating seal on,blkNum=5,tx=0,nodeIdx=2,hash=dddd8fd0...
info|2019-10-25 16:59:08.883472|[g:1][CONSENSUS][PBFT]checkTimeout Succ,view=170,toView=171,nodeIdx=2,changeCycle=0,myNode=b32aa730...,timecost=0.187
info|2019-10-25 16:59:08.884334|[g:1][CONSENSUS][PBFT]checkAndChangeView: Reach consensus,org_view=170,org_changeCycle=0,cur_changeCycle=0,to_view=171
info|2019-10-25 16:59:09.883013|[g:1][CONSENSUS]addRawPrepare,height=5,reqIdx=3,hash=9a9f36df...
info|2019-10-25 16:59:09.883376|[g:1][CONSENSUS][PBFT]checkTimeout Succ,view=171,toView=172,nodeIdx=2,changeCycle=0,myNode=b32aa730...,timecost=0.326
info|2019-10-25 16:59:09.886329|[g:1][CONSENSUS][PBFT]checkAndChangeView: Reach consensus,org_view=171,org_changeCycle=0,cur_changeCycle=0,to_view=172
info|2019-10-25 16:59:10.888663|[g:1][CONSENSUS]addRawPrepare,height=5,reqIdx=0,hash=1434fa09...
info|2019-10-25 16:59:10.889182|[g:1][CONSENSUS][PBFT]checkTimeout Succ,view=172,toView=173,nodeIdx=2,changeCycle=0,myNode=b32aa730...,timecost=0.411
info|2019-10-25 16:59:10.894787|[g:1][CONSENSUS][PBFT]checkAndChangeView: Reach consensus,org_view=172,org_changeCycle=0,cur_changeCycle=0,to_view=173
info|2019-10-25 16:59:11.902225|[g:1][CONSENSUS]addRawPrepare,height=5,reqIdx=1,hash=96f9b037...
info|2019-10-25 16:59:11.902535|[g:1][CONSENSUS][PBFT]checkTimeout Succ,view=173,toView=174,nodeIdx=2,changeCycle=0,myNode=b32aa730...,timecost=0.28
info|2019-10-25 16:59:11.905330|[g:1][CONSENSUS][PBFT]checkAndChangeView: Reach consensus,org_view=173,org_changeCycle=0,cur_changeCycle=0,to_view=174
info|2019-10-25 16:59:12.905564|[g:1][CONSENSUS][SEALER]++++++++++++++++ Generating seal on,blkNum=5,tx=0,nodeIdx=2,hash=9eb75209...
info|2019-10-25 16:59:12.911729|[g:1][CONSENSUS][PBFT]checkTimeout Succ,view=174,toView=175,nodeIdx=2,changeCycle=0,myNode=b32aa730...,timecost=0.188
info|2019-10-25 16:59:12.912502|[g:1][CONSENSUS][PBFT]checkAndChangeView: Reach consensus,org_view=174,org_changeCycle=0,cur_changeCycle=0,to_view=175
info|2019-10-25 16:59:13.912355|[g:1][CONSENSUS]addRawPrepare,height=5,reqIdx=3,hash=65240c1e...
info|2019-10-25 16:59:13.914125|[g:1][CONSENSUS][PBFT]checkTimeout Succ,view=175,toView=176,nodeIdx=2,changeCycle=0,myNode=b32aa730...,timecost=1.73
info|2019-10-25 16:59:13.916376|[g:1][CONSENSUS][PBFT]checkAndChangeView: Reach consensus,org_view=175,org_changeCycle=0,cur_changeCycle=0,to_view=176
info|2019-10-25 16:59:14.919007|[g:1][CONSENSUS]addRawPrepare,height=5,reqIdx=0,hash=aabf790f...
info|2019-10-25 16:59:14.919337|[g:1][CONSENSUS][PBFT]checkTimeout Succ,view=176,toView=177,nodeIdx=2,changeCycle=0,myNode=b32aa730...,timecost=0.197
info|2019-10-25 16:59:14.924012|[g:1][CONSENSUS][PBFT]checkAndChangeView: Reach consensus,org_view=176,org_changeCycle=0,cur_changeCycle=0,to_view=177
info|2019-10-25 16:59:15.926800|[g:1][CONSENSUS]addRawPrepare,height=5,reqIdx=1,hash=9aef869d...
info|2019-10-25 16:59:15.927676|[g:1][CONSENSUS][PBFT]checkTimeout Succ,view=177,toView=178,nodeIdx=2,changeCycle=0,myNode=b32aa730...,timecost=0.857
info|2019-10-25 16:59:15.927964|[g:1][CONSENSUS][PBFT]checkAndChangeView: Reach consensus,org_view=177,org_changeCycle=0,cur_changeCycle=0,to_view=178
info|2019-10-25 16:59:16.102436|[P2P][Service] heartBeat,connected count=3
info|2019-10-25 16:59:16.933582|[g:1][CONSENSUS][SEALER]++++++++++++++++ Generating seal on,blkNum=5,tx=0,nodeIdx=2,hash=436c521f...
info|2019-10-25 16:59:16.940466|[g:1][CONSENSUS][PBFT]checkTimeout Succ,view=178,toView=179,nodeIdx=2,changeCycle=0,myNode=b32aa730...,timecost=0.247
info|2019-10-25 16:59:16.941598|[g:1][CONSENSUS][PBFT]checkAndChangeView: Reach consensus,org_view=178,org_changeCycle=0,cur_changeCycle=0,to_view=179
info|2019-10-25 16:59:17.945996|[g:1][CONSENSUS]addRawPrepare,height=5,reqIdx=3,hash=a1b09dde...
info|2019-10-25 16:59:17.946329|[g:1][CONSENSUS][PBFT]checkTimeout Succ,view=179,toView=180,nodeIdx=2,changeCycle=0,myNode=b32aa730...,timecost=0.276
info|2019-10-25 16:59:17.946845|[g:1][CONSENSUS][PBFT]checkAndChangeView: Reach consensus,org_view=179,org_changeCycle=0,cur_changeCycle=0,to_view=180
info|2019-10-25 16:59:18.950337|[g:1][CONSENSUS]addRawPrepare,height=5,reqIdx=0,hash=5cb06ea8...
info|2019-10-25 16:59:18.950641|[g:1][CONSENSUS][PBFT]checkTimeout Succ,view=180,toView=181,nodeIdx=2,changeCycle=0,myNode=b32aa730...,timecost=0.196
info|2019-10-25 16:59:18.955006|[g:1][CONSENSUS][PBFT]checkAndChangeView: Reach consensus,org_view=180,org_changeCycle=0,cur_changeCycle=0,to_view=181
info|2019-10-25 16:59:19.958642|[g:1][CONSENSUS]addRawPrepare,height=5,reqIdx=1,hash=5e61fbf7...
info|2019-10-25 16:59:19.959010|[g:1][CONSENSUS][PBFT]checkTimeout Succ,view=181,toView=182,nodeIdx=2,changeCycle=0,myNode=b32aa730...,timecost=0.282
info|2019-10-25 16:59:19.966063|[g:1][CONSENSUS][PBFT]checkAndChangeView: Reach consensus,org_view=181,org_changeCycle=0,cur_changeCycle=0,to_view=182
info|2019-10-25 16:59:20.968734|[g:1][CONSENSUS][SEALER]++++++++++++++++ Generating seal on,blkNum=5,tx=0,nodeIdx=2,hash=b7a2fa8b...
info|2019-10-25 16:59:20.974674|[g:1][CONSENSUS][PBFT]checkTimeout Succ,view=182,toView=183,nodeIdx=2,changeCycle=0,myNode=b32aa730...,timecost=0.194
info|2019-10-25 16:59:20.975567|[g:1][CONSENSUS][PBFT]checkAndChangeView: Reach consensus,org_view=182,org_changeCycle=0,cur_changeCycle=0,to_view=183
info|2019-10-25 16:59:21.977458|[g:1][CONSENSUS]addRawPrepare,height=5,reqIdx=3,hash=6b5f02be...
info|2019-10-25 16:59:21.977740|[g:1][CONSENSUS][PBFT]checkTimeout Succ,view=183,toView=184,nodeIdx=2,changeCycle=0,myNode=b32aa730...,timecost=0.249
info|2019-10-25 16:59:21.980686|[g:1][CONSENSUS][PBFT]checkAndChangeView: Reach consensus,org_view=183,org_changeCycle=0,cur_changeCycle=0,to_view=184
info|2019-10-25 16:59:22.981900|[g:1][CONSENSUS]addRawPrepare,height=5,reqIdx=0,hash=56c1c6fa...
info|2019-10-25 16:59:22.982258|[g:1][CONSENSUS][PBFT]checkTimeout Succ,view=184,toView=185,nodeIdx=2,changeCycle=0,myNode=b32aa730...,timecost=0.272
info|2019-10-25 16:59:22.987348|[g:1][CONSENSUS][PBFT]checkAndChangeView: Reach consensus,org_view=184,org_changeCycle=0,cur_changeCycle=0,to_view=185
info|2019-10-25 16:59:23.992261|[g:1][CONSENSUS]addRawPrepare,height=5,reqIdx=1,hash=3e79c082...
info|2019-10-25 16:59:23.992563|[g:1][CONSENSUS][PBFT]checkTimeout Succ,view=185,toView=186,nodeIdx=2,changeCycle=0,myNode=b32aa730...,timecost=0.25
info|2019-10-25 16:59:23.994314|[g:1][CONSENSUS][PBFT]checkAndChangeView: Reach consensus,org_view=185,org_changeCycle=0,cur_changeCycle=0,to_view=186
info|2019-10-25 16:59:24.994581|[g:1][CONSENSUS][SEALER]++++++++++++++++ Generating seal on,blkNum=5,tx=0,nodeIdx=2,hash=4344d1f7...
info|2019-10-25 16:59:25.003336|[g:1][CONSENSUS][PBFT]checkTimeout Succ,view=186,toView=187,nodeIdx=2,changeCycle=0,myNode=b32aa730...,timecost=0.336
info|2019-10-25 16:59:25.004710|[g:1][CONSENSUS][PBFT]checkAndChangeView: Reach consensus,org_view=186,org_changeCycle=0,cur_changeCycle=0,to_view=187
info|2019-10-25 16:59:26.005293|[g:1][CONSENSUS]addRawPrepare,height=5,reqIdx=3,hash=64313600...
info|2019-10-25 16:59:26.005607|[g:1][CONSENSUS][PBFT]checkTimeout Succ,view=187,toView=188,nodeIdx=2,changeCycle=0,myNode=b32aa730...,timecost=0.283
info|2019-10-25 16:59:26.009079|[g:1][CONSENSUS][PBFT]checkAndChangeView: Reach consensus,org_view=187,org_changeCycle=0,cur_changeCycle=0,to_view=188
info|2019-10-25 16:59:26.102522|[P2P][Service] heartBeat,connected count=3
info|2019-10-25 16:59:27.015673|[g:1][CONSENSUS]addRawPrepare,height=5,reqIdx=0,hash=c87574f4...
info|2019-10-25 16:59:27.016004|[g:1][CONSENSUS][PBFT]checkTimeout Succ,view=188,toView=189,nodeIdx=2,changeCycle=0,myNode=b32aa730...,timecost=0.258
info|2019-10-25 16:59:27.022330|[g:1][CONSENSUS][PBFT]checkAndChangeView: Reach consensus,org_view=188,org_changeCycle=0,cur_changeCycle=0,to_view=189
info|2019-10-25 16:59:28.029150|[g:1][CONSENSUS]addRawPrepare,height=5,reqIdx=1,hash=3ed83095...
info|2019-10-25 16:59:28.029436|[g:1][CONSENSUS][PBFT]checkTimeout Succ,view=189,toView=190,nodeIdx=2,changeCycle=0,myNode=b32aa730...,timecost=0.239
info|2019-10-25 16:59:28.030641|[g:1][CONSENSUS][PBFT]checkAndChangeView: Reach consensus,org_view=189,org_changeCycle=0,cur_changeCycle=0,to_view=190
info|2019-10-25 16:59:29.031312|[g:1][CONSENSUS][SEALER]++++++++++++++++ Generating seal on,blkNum=5,tx=0,nodeIdx=2,hash=9ec4dadd...
info|2019-10-25 16:59:29.038908|[g:1][CONSENSUS][PBFT]checkTimeout Succ,view=190,toView=191,nodeIdx=2,changeCycle=0,myNode=b32aa730...,timecost=0.278
info|2019-10-25 16:59:29.039986|[g:1][CONSENSUS][PBFT]checkAndChangeView: Reach consensus,org_view=190,org_changeCycle=0,cur_changeCycle=0,to_view=191
info|2019-10-25 16:59:30.039710|[g:1][CONSENSUS]addRawPrepare,height=5,reqIdx=3,hash=1bfaf9a0...
info|2019-10-25 16:59:30.039915|[g:1][CONSENSUS][PBFT]checkTimeout Succ,view=191,toView=192,nodeIdx=2,changeCycle=0,myNode=b32aa730...,timecost=0.184
info|2019-10-25 16:59:30.041650|[g:1][CONSENSUS][PBFT]checkAndChangeView: Reach consensus,org_view=191,org_changeCycle=0,cur_changeCycle=0,to_view=192
info|2019-10-25 16:59:31.044130|[g:1][CONSENSUS]addRawPrepare,height=5,reqIdx=0,hash=f913f431...
info|2019-10-25 16:59:31.044468|[g:1][CONSENSUS][PBFT]checkTimeout Succ,view=192,toView=193,nodeIdx=2,changeCycle=0,myNode=b32aa730...,timecost=0.238
info|2019-10-25 16:59:31.049614|[g:1][CONSENSUS][PBFT]checkAndChangeView: Reach consensus,org_view=192,org_changeCycle=0,cur_changeCycle=0,to_view=193
info|2019-10-25 16:59:32.053971|[g:1][CONSENSUS]addRawPrepare,height=5,reqIdx=1,hash=db1aa2fc...
info|2019-10-25 16:59:32.054212|[g:1][CONSENSUS][PBFT]checkTimeout Succ,view=193,toView=194,nodeIdx=2,changeCycle=0,myNode=b32aa730...,timecost=0.222
info|2019-10-25 16:59:32.054489|[g:1][CONSENSUS][PBFT]checkAndChangeView: Reach consensus,org_view=193,org_changeCycle=0,cur_changeCycle=0,to_view=194
info|2019-10-25 16:59:33.054313|[g:1][CONSENSUS][SEALER]++++++++++++++++ Generating seal on,blkNum=5,tx=0,nodeIdx=2,hash=a60caa0a...
info|2019-10-25 16:59:33.060654|[g:1][CONSENSUS][PBFT]checkTimeout Succ,view=194,toView=195,nodeIdx=2,changeCycle=0,myNode=b32aa730...,timecost=0.188
info|2019-10-25 16:59:33.061528|[g:1][CONSENSUS][PBFT]checkAndChangeView: Reach consensus,org_view=194,org_changeCycle=0,cur_changeCycle=0,to_view=195
info|2019-10-25 16:59:34.059946|[g:1][CONSENSUS]addRawPrepare,height=5,reqIdx=3,hash=6a559cba...
info|2019-10-25 16:59:34.060211|[g:1][CONSENSUS][PBFT]checkTimeout Succ,view=195,toView=196,nodeIdx=2,changeCycle=0,myNode=b32aa730...,timecost=0.238
info|2019-10-25 16:59:34.063121|[g:1][CONSENSUS][PBFT]checkAndChangeView: Reach consensus,org_view=195,org_changeCycle=0,cur_changeCycle=0,to_view=196
info|2019-10-25 16:59:35.065547|[g:1][CONSENSUS]addRawPrepare,height=5,reqIdx=0,hash=af0a157e...
info|2019-10-25 16:59:35.065818|[g:1][CONSENSUS][PBFT]checkTimeout Succ,view=196,toView=197,nodeIdx=2,changeCycle=0,myNode=b32aa730...,timecost=0.207
info|2019-10-25 16:59:35.069075|[g:1][CONSENSUS][PBFT]checkAndChangeView: Reach consensus,org_view=196,org_changeCycle=0,cur_changeCycle=0,to_view=197
info|2019-10-25 16:59:36.073682|[g:1][CONSENSUS]addRawPrepare,height=5,reqIdx=1,hash=d01521ff...
info|2019-10-25 16:59:36.073987|[g:1][CONSENSUS][PBFT]checkTimeout Succ,view=197,toView=198,nodeIdx=2,changeCycle=0,myNode=b32aa730...,timecost=0.279
info|2019-10-25 16:59:36.075033|[g:1][CONSENSUS][PBFT]checkAndChangeView: Reach consensus,org_view=197,org_changeCycle=0,cur_changeCycle=0,to_view=198
info|2019-10-25 16:59:36.102594|[P2P][Service] heartBeat,connected count=3
info|2019-10-25 16:59:37.076996|[g:1][CONSENSUS][SEALER]++++++++++++++++ Generating seal on,blkNum=5,tx=0,nodeIdx=2,hash=eb8703ea...
info|2019-10-25 16:59:37.086667|[g:1][CONSENSUS][PBFT]checkTimeout Succ,view=198,toView=199,nodeIdx=2,changeCycle=0,myNode=b32aa730...,timecost=0.445
info|2019-10-25 16:59:37.088221|[g:1][CONSENSUS][PBFT]checkAndChangeView: Reach consensus,org_view=198,org_changeCycle=0,cur_changeCycle=0,to_view=199
info|2019-10-25 16:59:38.088099|[g:1][CONSENSUS]addRawPrepare,height=5,reqIdx=3,hash=fdefb03b...
info|2019-10-25 16:59:38.088483|[g:1][CONSENSUS][PBFT]checkTimeout Succ,view=199,toView=200,nodeIdx=2,changeCycle=0,myNode=b32aa730...,timecost=0.342
info|2019-10-25 16:59:38.092709|[g:1][CONSENSUS][PBFT]checkAndChangeView: Reach consensus,org_view=199,org_changeCycle=0,cur_changeCycle=0,to_view=200
info|2019-10-25 16:59:39.094313|[g:1][CONSENSUS]addRawPrepare,height=5,reqIdx=0,hash=10e8b1f5...
info|2019-10-25 16:59:39.094560|[g:1][CONSENSUS][PBFT]checkTimeout Succ,view=200,toView=201,nodeIdx=2,changeCycle=0,myNode=b32aa730...,timecost=0.18
info|2019-10-25 16:59:39.097978|[g:1][CONSENSUS][PBFT]checkAndChangeView: Reach consensus,org_view=200,org_changeCycle=0,cur_changeCycle=0,to_view=201
info|2019-10-25 16:59:40.101676|[g:1][CONSENSUS]addRawPrepare,height=5,reqIdx=1,hash=a2fbbdf1...
info|2019-10-25 16:59:40.102147|[g:1][CONSENSUS][PBFT]checkTimeout Succ,view=201,toView=202,nodeIdx=2,changeCycle=0,myNode=b32aa730...,timecost=0.428
info|2019-10-25 16:59:40.107955|[g:1][CONSENSUS][PBFT]checkAndChangeView: Reach consensus,org_view=201,org_changeCycle=0,cur_changeCycle=0,to_view=202
info|2019-10-25 16:59:41.110226|[g:1][CONSENSUS][SEALER]++++++++++++++++ Generating seal on,blkNum=5,tx=0,nodeIdx=2,hash=1764e516...
info|2019-10-25 16:59:41.118164|[g:1][CONSENSUS][PBFT]checkTimeout Succ,view=202,toView=203,nodeIdx=2,changeCycle=0,myNode=b32aa730...,timecost=0.291
info|2019-10-25 16:59:41.120169|[g:1][CONSENSUS][PBFT]checkAndChangeView: Reach consensus,org_view=202,org_changeCycle=0,cur_changeCycle=0,to_view=203
info|2019-10-25 16:59:42.117628|[g:1][CONSENSUS]addRawPrepare,height=5,reqIdx=3,hash=33e149a1...
info|2019-10-25 16:59:42.117836|[g:1][CONSENSUS][PBFT]checkTimeout Succ,view=203,toView=204,nodeIdx=2,changeCycle=0,myNode=b32aa730...,timecost=0.185
info|2019-10-25 16:59:42.119992|[g:1][CONSENSUS][PBFT]checkAndChangeView: Reach consensus,org_view=203,org_changeCycle=0,cur_changeCycle=0,to_view=204
info|2019-10-25 16:59:43.122582|[g:1][CONSENSUS]addRawPrepare,height=5,reqIdx=0,hash=f139112c...
info|2019-10-25 16:59:43.122954|[g:1][CONSENSUS][PBFT]checkTimeout Succ,view=204,toView=205,nodeIdx=2,changeCycle=0,myNode=b32aa730...,timecost=0.263
info|2019-10-25 16:59:43.128365|[g:1][CONSENSUS][PBFT]checkAndChangeView: Reach consensus,org_view=204,org_changeCycle=0,cur_changeCycle=0,to_view=205
info|2019-10-25 16:59:44.130704|[g:1][CONSENSUS]addRawPrepare,height=5,reqIdx=1,hash=76f72acd...
info|2019-10-25 16:59:44.131044|[g:1][CONSENSUS][PBFT]checkTimeout Succ,view=205,toView=206,nodeIdx=2,changeCycle=0,myNode=b32aa730...,timecost=0.31
info|2019-10-25 16:59:44.134824|[g:1][CONSENSUS][PBFT]checkAndChangeView: Reach consensus,org_view=205,org_changeCycle=0,cur_changeCycle=0,to_view=206
info|2019-10-25 16:59:45.136002|[g:1][CONSENSUS][SEALER]++++++++++++++++ Generating seal on,blkNum=5,tx=0,nodeIdx=2,hash=3b714f1d...
info|2019-10-25 16:59:45.148529|[g:1][CONSENSUS][PBFT]checkTimeout Succ,view=206,toView=207,nodeIdx=2,changeCycle=0,myNode=b32aa730...,timecost=0.958
info|2019-10-25 16:59:45.150064|[g:1][CONSENSUS][PBFT]checkAndChangeView: Reach consensus,org_view=206,org_changeCycle=0,cur_changeCycle=0,to_view=207
info|2019-10-25 16:59:46.102827|[P2P][Service] heartBeat,connected count=3
info|2019-10-25 16:59:46.146384|[g:1][CONSENSUS]addRawPrepare,height=5,reqIdx=3,hash=b19adf31...
info|2019-10-25 16:59:46.146598|[g:1][CONSENSUS][PBFT]checkTimeout Succ,view=207,toView=208,nodeIdx=2,changeCycle=0,myNode=b32aa730...,timecost=0.189
info|2019-10-25 16:59:46.148409|[g:1][CONSENSUS][PBFT]checkAndChangeView: Reach consensus,org_view=207,org_changeCycle=0,cur_changeCycle=0,to_view=208
info|2019-10-25 16:59:47.150301|[g:1][CONSENSUS]addRawPrepare,height=5,reqIdx=0,hash=69b05a0d...
info|2019-10-25 16:59:47.150790|[g:1][CONSENSUS][PBFT]checkTimeout Succ,view=208,toView=209,nodeIdx=2,changeCycle=0,myNode=b32aa730...,timecost=0.383
info|2019-10-25 16:59:47.157367|[g:1][CONSENSUS][PBFT]checkAndChangeView: Reach consensus,org_view=208,org_changeCycle=0,cur_changeCycle=0,to_view=209
info|2019-10-25 16:59:48.159949|[g:1][CONSENSUS]addRawPrepare,height=5,reqIdx=1,hash=dff84aa4...
info|2019-10-25 16:59:48.160287|[g:1][CONSENSUS][PBFT]checkTimeout Succ,view=209,toView=210,nodeIdx=2,changeCycle=0,myNode=b32aa730...,timecost=0.263
info|2019-10-25 16:59:48.165325|[g:1][CONSENSUS][PBFT]checkAndChangeView: Reach consensus,org_view=209,org_changeCycle=0,cur_changeCycle=0,to_view=210
info|2019-10-25 16:59:49.167969|[g:1][CONSENSUS][SEALER]++++++++++++++++ Generating seal on,blkNum=5,tx=0,nodeIdx=2,hash=7c6d3575...
info|2019-10-25 16:59:49.174910|[g:1][CONSENSUS][PBFT]checkTimeout Succ,view=210,toView=211,nodeIdx=2,changeCycle=0,myNode=b32aa730...,timecost=0.243
info|2019-10-25 16:59:49.175802|[g:1][CONSENSUS][PBFT]checkAndChangeView: Reach consensus,org_view=210,org_changeCycle=0,cur_changeCycle=0,to_view=211
info|2019-10-25 16:59:50.174834|[g:1][CONSENSUS]addRawPrepare,height=5,reqIdx=3,hash=6328c900...
info|2019-10-25 16:59:50.175061|[g:1][CONSENSUS][PBFT]checkTimeout Succ,view=211,toView=212,nodeIdx=2,changeCycle=0,myNode=b32aa730...,timecost=0.205
info|2019-10-25 16:59:50.177213|[g:1][CONSENSUS][PBFT]checkAndChangeView: Reach consensus,org_view=211,org_changeCycle=0,cur_changeCycle=0,to_view=212
info|2019-10-25 16:59:51.180610|[g:1][CONSENSUS]addRawPrepare,height=5,reqIdx=0,hash=927afa5c...
info|2019-10-25 16:59:51.184064|[g:1][CONSENSUS][PBFT]checkTimeout Succ,view=212,toView=213,nodeIdx=2,changeCycle=0,myNode=b32aa730...,timecost=0.31
info|2019-10-25 16:59:51.189587|[g:1][CONSENSUS][PBFT]checkAndChangeView: Reach consensus,org_view=212,org_changeCycle=0,cur_changeCycle=0,to_view=213
info|2019-10-25 16:59:52.192183|[g:1][CONSENSUS]addRawPrepare,height=5,reqIdx=1,hash=2aa58eb3...
info|2019-10-25 16:59:52.192391|[g:1][CONSENSUS][PBFT]checkTimeout Succ,view=213,toView=214,nodeIdx=2,changeCycle=0,myNode=b32aa730...,timecost=0.185
info|2019-10-25 16:59:52.193738|[g:1][CONSENSUS][PBFT]checkAndChangeView: Reach consensus,org_view=213,org_changeCycle=0,cur_changeCycle=0,to_view=214
info|2019-10-25 16:59:53.194059|[g:1][CONSENSUS][SEALER]++++++++++++++++ Generating seal on,blkNum=5,tx=0,nodeIdx=2,hash=17a632d9...
info|2019-10-25 16:59:53.203908|[g:1][CONSENSUS][PBFT]checkTimeout Succ,view=214,toView=215,nodeIdx=2,changeCycle=0,myNode=b32aa730...,timecost=0.191
info|2019-10-25 16:59:53.204716|[g:1][CONSENSUS][PBFT]checkAndChangeView: Reach consensus,org_view=214,org_changeCycle=0,cur_changeCycle=0,to_view=215
info|2019-10-25 16:59:54.205188|[g:1][CONSENSUS]addRawPrepare,height=5,reqIdx=3,hash=77d308da...
info|2019-10-25 16:59:54.205490|[g:1][CONSENSUS][PBFT]checkTimeout Succ,view=215,toView=216,nodeIdx=2,changeCycle=0,myNode=b32aa730...,timecost=0.273
info|2019-10-25 16:59:54.208638|[g:1][CONSENSUS][PBFT]checkAndChangeView: Reach consensus,org_view=215,org_changeCycle=0,cur_changeCycle=0,to_view=216
info|2019-10-25 16:59:55.210812|[g:1][CONSENSUS]addRawPrepare,height=5,reqIdx=0,hash=536021ac...
info|2019-10-25 16:59:55.211093|[g:1][CONSENSUS][PBFT]checkTimeout Succ,view=216,toView=217,nodeIdx=2,changeCycle=0,myNode=b32aa730...,timecost=0.191
info|2019-10-25 16:59:55.215761|[g:1][CONSENSUS][PBFT]checkAndChangeView: Reach consensus,org_view=216,org_changeCycle=0,cur_changeCycle=0,to_view=217
info|2019-10-25 16:59:56.108250|[P2P][Service] heartBeat,connected count=3
info|2019-10-25 16:59:56.215958|[g:1][CONSENSUS]addRawPrepare,height=5,reqIdx=1,hash=87bbb6ef...
info|2019-10-25 16:59:56.216281|[g:1][CONSENSUS][PBFT]checkTimeout Succ,view=217,toView=218,nodeIdx=2,changeCycle=0,myNode=b32aa730...,timecost=0.301
info|2019-10-25 16:59:56.219216|[g:1][CONSENSUS][PBFT]checkAndChangeView: Reach consensus,org_view=217,org_changeCycle=0,cur_changeCycle=0,to_view=218
info|2019-10-25 16:59:57.219302|[g:1][CONSENSUS][SEALER]++++++++++++++++ Generating seal on,blkNum=5,tx=0,nodeIdx=2,hash=f728e30a...
info|2019-10-25 16:59:57.225016|[g:1][CONSENSUS][PBFT]checkTimeout Succ,view=218,toView=219,nodeIdx=2,changeCycle=0,myNode=b32aa730...,timecost=0.224
info|2019-10-25 16:59:57.225871|[g:1][CONSENSUS][PBFT]checkAndChangeView: Reach consensus,org_view=218,org_changeCycle=0,cur_changeCycle=0,to_view=219
info|2019-10-25 16:59:58.226384|[g:1][CONSENSUS]addRawPrepare,height=5,reqIdx=3,hash=c570c811...
info|2019-10-25 16:59:58.226631|[g:1][CONSENSUS][PBFT]checkTimeout Succ,view=219,toView=220,nodeIdx=2,changeCycle=0,myNode=b32aa730...,timecost=0.226
info|2019-10-25 16:59:58.229008|[g:1][CONSENSUS][PBFT]checkAndChangeView: Reach consensus,org_view=219,org_changeCycle=0,cur_changeCycle=0,to_view=220
info|2019-10-25 16:59:59.229755|[g:1][CONSENSUS]addRawPrepare,height=5,reqIdx=0,hash=cdcafc60...
info|2019-10-25 16:59:59.230076|[g:1][CONSENSUS][PBFT]checkTimeout Succ,view=220,toView=221,nodeIdx=2,changeCycle=0,myNode=b32aa730...,timecost=0.253
info|2019-10-25 16:59:59.235199|[g:1][CONSENSUS][PBFT]checkAndChangeView: Reach consensus,org_view=220,org_changeCycle=0,cur_changeCycle=0,to_view=221
