[INFO] [2019-10-25 00:37:58] AbstractApplicationContext.prepareRefresh(583) | Refreshing org.springframework.context.support.ClassPathXmlApplicationContext@11028347: startup date [Fri Oct 25 00:37:58 CST 2019]; root of context hierarchy
[INFO] [2019-10-25 00:37:58] XmlBeanDefinitionReader.loadBeanDefinitions(317) | Loading XML bean definitions from class path resource [applicationContext.xml]
[INFO] [2019-10-25 00:38:00] ChannelConnections.init(366) |  add connected node: 127.0.0.1:20200
[INFO] [2019-10-25 00:38:01] ChannelConnections.reconnect(503) | try connect to: 127.0.0.1:20200
[INFO] [2019-10-25 00:38:01] ConnectionCallback.onConnect(91) |  connect 127.0.0.1:20200 success, ctx: 567480884
[INFO] [2019-10-25 00:38:01] ConnectionCallback.queryNodeVersion(207) |  query node version host: 127.0.0.1:20200, seq: a0a9f1dd98364b0c95d8b78498f4adae, content: {"jsonrpc":"2.0","method":"getClientVersion","params":[],"id":0}
[INFO] [2019-10-25 00:38:02] ConnectionCallback$2.onResponse(258) |  node: Version [buildTime=20190923 13:22:09, buildType=Linux/clang/Release, chainID=1, version=2.1.0, gitBranch=HEAD, gitCommit=cb68124d4fbf3df563a57dfff5f0c6eedc1419cc, supportedVersion=2.1.0], content: {"id":0,"jsonrpc":"2.0","result":{"Build Time":"20190923 13:22:09","Build Type":"Linux/clang/Release","Chain Id":"1","FISCO-BCOS Version":"2.1.0","Git Branch":"HEAD","Git Commit Hash":"cb68124d4fbf3df563a57dfff5f0c6eedc1419cc","Supported Version":"2.1.0"}}

[INFO] [2019-10-25 00:38:02] ConnectionCallback$2.onResponse(267) |  support channel handshake node: Version [buildTime=20190923 13:22:09, buildType=Linux/clang/Release, chainID=1, version=2.1.0, gitBranch=HEAD, gitCommit=cb68124d4fbf3df563a57dfff5f0c6eedc1419cc, supportedVersion=2.1.0], content: {"id":0,"jsonrpc":"2.0","result":{"Build Time":"20190923 13:22:09","Build Type":"Linux/clang/Release","Chain Id":"1","FISCO-BCOS Version":"2.1.0","Git Branch":"HEAD","Git Commit Hash":"cb68124d4fbf3df563a57dfff5f0c6eedc1419cc","Supported Version":"2.1.0"}}

[INFO] [2019-10-25 00:38:02] ConnectionCallback$1.onResponse(167) |  channel protocol handshake success, set socket channel protocol, host: 127.0.0.1:20200, channel protocol: ChannelProtocol [protocol=2, nodeVersion=2.1.0, EnumProtocol=VERSION_2]
[INFO] [2019-10-25 00:38:02] ConnectionCallback.subBlockNotification(338) |  send sub block notification request, seq: ecad8a63536f4244a0179627bd20c732, content: ["_block_notify_1"]
[INFO] [2019-10-25 00:38:02] ConnectionCallback.queryBlockNumber(370) |  query block number host: 127.0.0.1:20200, seq: 2732826bf7d94f8d8990b66068f2617f, content: {"jsonrpc":"2.0","method":"getBlockNumber","params":[1],"id":1}
[INFO] [2019-10-25 00:38:02] ConnectionCallback$4.onResponse(395) |  query blocknumer, host:127.0.0.1:20200, blockNumber: 0 
[INFO] [2019-10-25 00:38:12] EventLogFilterManager$1.run(154) |  event filter manager, filter: 0, callback: 0
[INFO] [2019-10-25 00:38:22] EventLogFilterManager$1.run(154) |  event filter manager, filter: 0, callback: 0
[INFO] [2019-10-25 00:38:32] EventLogFilterManager$1.run(154) |  event filter manager, filter: 0, callback: 0
[INFO] [2019-10-25 00:38:42] EventLogFilterManager$1.run(154) |  event filter manager, filter: 0, callback: 0
[INFO] [2019-10-25 00:38:52] EventLogFilterManager$1.run(154) |  event filter manager, filter: 0, callback: 0
[INFO] [2019-10-25 00:39:02] EventLogFilterManager$1.run(154) |  event filter manager, filter: 0, callback: 0
[INFO] [2019-10-25 00:39:12] EventLogFilterManager$1.run(154) |  event filter manager, filter: 0, callback: 0
[INFO] [2019-10-25 00:39:22] EventLogFilterManager$1.run(154) |  event filter manager, filter: 0, callback: 0
[INFO] [2019-10-25 00:39:32] EventLogFilterManager$1.run(154) |  event filter manager, filter: 0, callback: 0
[INFO] [2019-10-25 00:39:42] EventLogFilterManager$1.run(154) |  event filter manager, filter: 0, callback: 0
[INFO] [2019-10-25 00:39:52] EventLogFilterManager$1.run(154) |  event filter manager, filter: 0, callback: 0
[INFO] [2019-10-25 00:40:02] EventLogFilterManager$1.run(154) |  event filter manager, filter: 0, callback: 0
[INFO] [2019-10-25 00:40:12] EventLogFilterManager$1.run(154) |  event filter manager, filter: 0, callback: 0
[INFO] [2019-10-25 00:40:22] EventLogFilterManager$1.run(154) |  event filter manager, filter: 0, callback: 0
[INFO] [2019-10-25 00:40:32] EventLogFilterManager$1.run(154) |  event filter manager, filter: 0, callback: 0
[INFO] [2019-10-25 00:40:42] EventLogFilterManager$1.run(154) |  event filter manager, filter: 0, callback: 0
[INFO] [2019-10-25 00:40:52] EventLogFilterManager$1.run(154) |  event filter manager, filter: 0, callback: 0
[INFO] [2019-10-25 00:41:02] EventLogFilterManager$1.run(154) |  event filter manager, filter: 0, callback: 0
[INFO] [2019-10-25 00:41:12] EventLogFilterManager$1.run(154) |  event filter manager, filter: 0, callback: 0
[INFO] [2019-10-25 00:41:22] EventLogFilterManager$1.run(154) |  event filter manager, filter: 0, callback: 0
[INFO] [2019-10-25 00:41:32] EventLogFilterManager$1.run(154) |  event filter manager, filter: 0, callback: 0
[INFO] [2019-10-25 00:41:42] EventLogFilterManager$1.run(154) |  event filter manager, filter: 0, callback: 0
[INFO] [2019-10-25 00:41:52] EventLogFilterManager$1.run(154) |  event filter manager, filter: 0, callback: 0
[INFO] [2019-10-25 00:42:02] EventLogFilterManager$1.run(154) |  event filter manager, filter: 0, callback: 0
[INFO] [2019-10-25 00:42:12] EventLogFilterManager$1.run(154) |  event filter manager, filter: 0, callback: 0
[INFO] [2019-10-25 00:42:22] EventLogFilterManager$1.run(154) |  event filter manager, filter: 0, callback: 0
[INFO] [2019-10-25 00:42:32] EventLogFilterManager$1.run(154) |  event filter manager, filter: 0, callback: 0
[INFO] [2019-10-25 00:42:42] EventLogFilterManager$1.run(154) |  event filter manager, filter: 0, callback: 0
[INFO] [2019-10-25 00:42:52] EventLogFilterManager$1.run(154) |  event filter manager, filter: 0, callback: 0
[INFO] [2019-10-25 00:43:02] EventLogFilterManager$1.run(154) |  event filter manager, filter: 0, callback: 0
[INFO] [2019-10-25 00:43:06] Async.run(19) |  default set setExeutor , pool size is 50
[INFO] [2019-10-25 00:43:06] Async.setExeutor(81) |  set setExeutor because executor null, executor is java.util.concurrent.ThreadPoolExecutor@226f885f[Running, pool size = 0, active threads = 0, queued tasks = 0, completed tasks = 0]
[INFO] [2019-10-25 00:43:06] Service.onReceiveBlockNotify(1316) | Receive block notify: {"blockNumber":1,"groupID":1}

[INFO] [2019-10-25 00:43:12] EventLogFilterManager$1.run(154) |  event filter manager, filter: 0, callback: 0
[INFO] [2019-10-25 00:43:22] EventLogFilterManager$1.run(154) |  event filter manager, filter: 0, callback: 0
[INFO] [2019-10-25 00:43:32] EventLogFilterManager$1.run(154) |  event filter manager, filter: 0, callback: 0
[INFO] [2019-10-25 00:43:42] EventLogFilterManager$1.run(154) |  event filter manager, filter: 0, callback: 0
[INFO] [2019-10-25 00:43:52] EventLogFilterManager$1.run(154) |  event filter manager, filter: 0, callback: 0
[INFO] [2019-10-25 00:44:02] EventLogFilterManager$1.run(154) |  event filter manager, filter: 0, callback: 0
[INFO] [2019-10-25 00:44:12] EventLogFilterManager$1.run(154) |  event filter manager, filter: 0, callback: 0
[INFO] [2019-10-25 00:44:22] EventLogFilterManager$1.run(154) |  event filter manager, filter: 0, callback: 0
[INFO] [2019-10-25 00:44:32] EventLogFilterManager$1.run(154) |  event filter manager, filter: 0, callback: 0
[INFO] [2019-10-25 00:44:42] EventLogFilterManager$1.run(154) |  event filter manager, filter: 0, callback: 0
[INFO] [2019-10-25 00:44:52] EventLogFilterManager$1.run(154) |  event filter manager, filter: 0, callback: 0
[INFO] [2019-10-25 00:45:02] EventLogFilterManager$1.run(154) |  event filter manager, filter: 0, callback: 0
[INFO] [2019-10-25 00:45:12] EventLogFilterManager$1.run(154) |  event filter manager, filter: 0, callback: 0
[INFO] [2019-10-25 00:45:22] EventLogFilterManager$1.run(154) |  event filter manager, filter: 0, callback: 0
[INFO] [2019-10-25 00:45:32] EventLogFilterManager$1.run(154) |  event filter manager, filter: 0, callback: 0
[INFO] [2019-10-25 00:45:42] EventLogFilterManager$1.run(154) |  event filter manager, filter: 0, callback: 0
[INFO] [2019-10-25 00:45:52] EventLogFilterManager$1.run(154) |  event filter manager, filter: 0, callback: 0
[INFO] [2019-10-25 00:46:02] EventLogFilterManager$1.run(154) |  event filter manager, filter: 0, callback: 0
[INFO] [2019-10-25 00:46:12] EventLogFilterManager$1.run(154) |  event filter manager, filter: 0, callback: 0
[INFO] [2019-10-25 00:46:22] EventLogFilterManager$1.run(154) |  event filter manager, filter: 0, callback: 0
[INFO] [2019-10-25 00:46:32] EventLogFilterManager$1.run(154) |  event filter manager, filter: 0, callback: 0
[INFO] [2019-10-25 00:46:42] EventLogFilterManager$1.run(154) |  event filter manager, filter: 0, callback: 0
[INFO] [2019-10-25 00:46:52] EventLogFilterManager$1.run(154) |  event filter manager, filter: 0, callback: 0
[INFO] [2019-10-25 00:47:02] EventLogFilterManager$1.run(154) |  event filter manager, filter: 0, callback: 0
[INFO] [2019-10-25 00:47:11] Service.onReceiveBlockNotify(1316) | Receive block notify: {"blockNumber":2,"groupID":1}

[INFO] [2019-10-25 00:47:12] EventLogFilterManager$1.run(154) |  event filter manager, filter: 0, callback: 0
[INFO] [2019-10-25 00:47:22] EventLogFilterManager$1.run(154) |  event filter manager, filter: 0, callback: 0
[INFO] [2019-10-25 00:47:32] EventLogFilterManager$1.run(154) |  event filter manager, filter: 0, callback: 0
[INFO] [2019-10-25 00:47:42] EventLogFilterManager$1.run(154) |  event filter manager, filter: 0, callback: 0
[INFO] [2019-10-25 00:49:14] AbstractApplicationContext.prepareRefresh(583) | Refreshing org.springframework.context.support.ClassPathXmlApplicationContext@11028347: startup date [Fri Oct 25 00:49:14 CST 2019]; root of context hierarchy
[INFO] [2019-10-25 00:49:15] XmlBeanDefinitionReader.loadBeanDefinitions(317) | Loading XML bean definitions from class path resource [applicationContext.xml]
[INFO] [2019-10-25 00:49:17] ChannelConnections.init(366) |  add connected node: 127.0.0.1:20200
[INFO] [2019-10-25 00:49:17] ChannelConnections.reconnect(503) | try connect to: 127.0.0.1:20200
[INFO] [2019-10-25 00:49:18] ConnectionCallback.onConnect(91) |  connect 127.0.0.1:20200 success, ctx: 567480884
[INFO] [2019-10-25 00:49:18] ConnectionCallback.queryNodeVersion(207) |  query node version host: 127.0.0.1:20200, seq: 86369eb54c1b4537bba655ea7db6cc5e, content: {"jsonrpc":"2.0","method":"getClientVersion","params":[],"id":0}
[INFO] [2019-10-25 00:49:18] ConnectionCallback$2.onResponse(258) |  node: Version [buildTime=20190923 13:22:09, buildType=Linux/clang/Release, chainID=1, version=2.1.0, gitBranch=HEAD, gitCommit=cb68124d4fbf3df563a57dfff5f0c6eedc1419cc, supportedVersion=2.1.0], content: {"id":0,"jsonrpc":"2.0","result":{"Build Time":"20190923 13:22:09","Build Type":"Linux/clang/Release","Chain Id":"1","FISCO-BCOS Version":"2.1.0","Git Branch":"HEAD","Git Commit Hash":"cb68124d4fbf3df563a57dfff5f0c6eedc1419cc","Supported Version":"2.1.0"}}

[INFO] [2019-10-25 00:49:18] ConnectionCallback$2.onResponse(267) |  support channel handshake node: Version [buildTime=20190923 13:22:09, buildType=Linux/clang/Release, chainID=1, version=2.1.0, gitBranch=HEAD, gitCommit=cb68124d4fbf3df563a57dfff5f0c6eedc1419cc, supportedVersion=2.1.0], content: {"id":0,"jsonrpc":"2.0","result":{"Build Time":"20190923 13:22:09","Build Type":"Linux/clang/Release","Chain Id":"1","FISCO-BCOS Version":"2.1.0","Git Branch":"HEAD","Git Commit Hash":"cb68124d4fbf3df563a57dfff5f0c6eedc1419cc","Supported Version":"2.1.0"}}

[INFO] [2019-10-25 00:49:18] ConnectionCallback$1.onResponse(167) |  channel protocol handshake success, set socket channel protocol, host: 127.0.0.1:20200, channel protocol: ChannelProtocol [protocol=2, nodeVersion=2.1.0, EnumProtocol=VERSION_2]
[INFO] [2019-10-25 00:49:18] ConnectionCallback.subBlockNotification(338) |  send sub block notification request, seq: 7168d40b4628405b8a7449083f136a7f, content: ["_block_notify_1"]
[INFO] [2019-10-25 00:49:18] ConnectionCallback.queryBlockNumber(370) |  query block number host: 127.0.0.1:20200, seq: bdfe8c3ae401474787cc8ab137b0d250, content: {"jsonrpc":"2.0","method":"getBlockNumber","params":[1],"id":1}
[INFO] [2019-10-25 00:49:18] ConnectionCallback$4.onResponse(395) |  query blocknumer, host:127.0.0.1:20200, blockNumber: 2 
[INFO] [2019-10-25 00:49:28] EventLogFilterManager$1.run(154) |  event filter manager, filter: 0, callback: 0
[INFO] [2019-10-25 00:49:38] EventLogFilterManager$1.run(154) |  event filter manager, filter: 0, callback: 0
[INFO] [2019-10-25 00:49:48] EventLogFilterManager$1.run(154) |  event filter manager, filter: 0, callback: 0
[INFO] [2019-10-25 00:49:58] EventLogFilterManager$1.run(154) |  event filter manager, filter: 0, callback: 0
[INFO] [2019-10-25 00:50:08] EventLogFilterManager$1.run(154) |  event filter manager, filter: 0, callback: 0
[INFO] [2019-10-25 00:50:18] EventLogFilterManager$1.run(154) |  event filter manager, filter: 0, callback: 0
[INFO] [2019-10-25 00:50:28] EventLogFilterManager$1.run(154) |  event filter manager, filter: 0, callback: 0
[INFO] [2019-10-25 00:50:38] EventLogFilterManager$1.run(154) |  event filter manager, filter: 0, callback: 0
[INFO] [2019-10-25 00:50:48] EventLogFilterManager$1.run(154) |  event filter manager, filter: 0, callback: 0
[INFO] [2019-10-25 00:50:58] EventLogFilterManager$1.run(154) |  event filter manager, filter: 0, callback: 0
[INFO] [2019-10-25 00:51:08] EventLogFilterManager$1.run(154) |  event filter manager, filter: 0, callback: 0
[INFO] [2019-10-25 00:51:18] EventLogFilterManager$1.run(154) |  event filter manager, filter: 0, callback: 0
[INFO] [2019-10-25 00:51:28] EventLogFilterManager$1.run(154) |  event filter manager, filter: 0, callback: 0
[INFO] [2019-10-25 00:51:38] EventLogFilterManager$1.run(154) |  event filter manager, filter: 0, callback: 0
[INFO] [2019-10-25 00:51:48] EventLogFilterManager$1.run(154) |  event filter manager, filter: 0, callback: 0
[INFO] [2019-10-25 00:51:58] EventLogFilterManager$1.run(154) |  event filter manager, filter: 0, callback: 0
[INFO] [2019-10-25 00:52:08] EventLogFilterManager$1.run(154) |  event filter manager, filter: 0, callback: 0
[INFO] [2019-10-25 00:52:18] EventLogFilterManager$1.run(154) |  event filter manager, filter: 0, callback: 0
[INFO] [2019-10-25 00:52:28] EventLogFilterManager$1.run(154) |  event filter manager, filter: 0, callback: 0
[INFO] [2019-10-25 00:52:38] EventLogFilterManager$1.run(154) |  event filter manager, filter: 0, callback: 0
[INFO] [2019-10-25 00:52:48] EventLogFilterManager$1.run(154) |  event filter manager, filter: 0, callback: 0
[INFO] [2019-10-25 00:52:58] EventLogFilterManager$1.run(154) |  event filter manager, filter: 0, callback: 0
[INFO] [2019-10-25 00:53:08] EventLogFilterManager$1.run(154) |  event filter manager, filter: 0, callback: 0
[INFO] [2019-10-25 00:53:18] EventLogFilterManager$1.run(154) |  event filter manager, filter: 0, callback: 0
[INFO] [2019-10-25 00:53:28] EventLogFilterManager$1.run(154) |  event filter manager, filter: 0, callback: 0
[INFO] [2019-10-25 00:53:38] EventLogFilterManager$1.run(154) |  event filter manager, filter: 0, callback: 0
[INFO] [2019-10-25 00:53:48] EventLogFilterManager$1.run(154) |  event filter manager, filter: 0, callback: 0
[INFO] [2019-10-25 00:53:58] EventLogFilterManager$1.run(154) |  event filter manager, filter: 0, callback: 0
[INFO] [2019-10-25 00:54:08] EventLogFilterManager$1.run(154) |  event filter manager, filter: 0, callback: 0
[INFO] [2019-10-25 00:54:18] EventLogFilterManager$1.run(154) |  event filter manager, filter: 0, callback: 0
[INFO] [2019-10-25 00:54:28] EventLogFilterManager$1.run(154) |  event filter manager, filter: 0, callback: 0
[INFO] [2019-10-25 00:54:38] EventLogFilterManager$1.run(154) |  event filter manager, filter: 0, callback: 0
[INFO] [2019-10-25 00:54:48] EventLogFilterManager$1.run(154) |  event filter manager, filter: 0, callback: 0
[INFO] [2019-10-25 00:54:58] EventLogFilterManager$1.run(154) |  event filter manager, filter: 0, callback: 0
[INFO] [2019-10-25 00:55:08] EventLogFilterManager$1.run(154) |  event filter manager, filter: 0, callback: 0
[INFO] [2019-10-25 00:55:18] EventLogFilterManager$1.run(154) |  event filter manager, filter: 0, callback: 0
[INFO] [2019-10-25 00:55:28] EventLogFilterManager$1.run(154) |  event filter manager, filter: 0, callback: 0
[INFO] [2019-10-25 00:55:38] EventLogFilterManager$1.run(154) |  event filter manager, filter: 0, callback: 0
[INFO] [2019-10-25 00:55:48] EventLogFilterManager$1.run(154) |  event filter manager, filter: 0, callback: 0
[INFO] [2019-10-25 00:55:58] EventLogFilterManager$1.run(154) |  event filter manager, filter: 0, callback: 0
[INFO] [2019-10-25 00:56:08] EventLogFilterManager$1.run(154) |  event filter manager, filter: 0, callback: 0
[INFO] [2019-10-25 00:56:18] EventLogFilterManager$1.run(154) |  event filter manager, filter: 0, callback: 0
[INFO] [2019-10-25 00:56:28] EventLogFilterManager$1.run(154) |  event filter manager, filter: 0, callback: 0
[INFO] [2019-10-25 00:56:38] EventLogFilterManager$1.run(154) |  event filter manager, filter: 0, callback: 0
[INFO] [2019-10-25 00:56:48] EventLogFilterManager$1.run(154) |  event filter manager, filter: 0, callback: 0
[INFO] [2019-10-25 00:56:58] EventLogFilterManager$1.run(154) |  event filter manager, filter: 0, callback: 0
[INFO] [2019-10-25 00:57:08] EventLogFilterManager$1.run(154) |  event filter manager, filter: 0, callback: 0
[INFO] [2019-10-25 00:57:18] EventLogFilterManager$1.run(154) |  event filter manager, filter: 0, callback: 0
[INFO] [2019-10-25 00:57:28] EventLogFilterManager$1.run(154) |  event filter manager, filter: 0, callback: 0
[INFO] [2019-10-25 00:57:38] EventLogFilterManager$1.run(154) |  event filter manager, filter: 0, callback: 0
[INFO] [2019-10-25 00:57:48] EventLogFilterManager$1.run(154) |  event filter manager, filter: 0, callback: 0
[INFO] [2019-10-25 00:57:58] EventLogFilterManager$1.run(154) |  event filter manager, filter: 0, callback: 0
[INFO] [2019-10-25 00:58:08] EventLogFilterManager$1.run(154) |  event filter manager, filter: 0, callback: 0
[INFO] [2019-10-25 00:58:18] EventLogFilterManager$1.run(154) |  event filter manager, filter: 0, callback: 0
[INFO] [2019-10-25 00:58:28] EventLogFilterManager$1.run(154) |  event filter manager, filter: 0, callback: 0
[INFO] [2019-10-25 00:58:38] EventLogFilterManager$1.run(154) |  event filter manager, filter: 0, callback: 0
[INFO] [2019-10-25 00:58:48] EventLogFilterManager$1.run(154) |  event filter manager, filter: 0, callback: 0
[INFO] [2019-10-25 00:58:58] EventLogFilterManager$1.run(154) |  event filter manager, filter: 0, callback: 0
[INFO] [2019-10-25 00:59:08] EventLogFilterManager$1.run(154) |  event filter manager, filter: 0, callback: 0
[INFO] [2019-10-25 00:59:18] EventLogFilterManager$1.run(154) |  event filter manager, filter: 0, callback: 0
[INFO] [2019-10-25 00:59:28] EventLogFilterManager$1.run(154) |  event filter manager, filter: 0, callback: 0
[INFO] [2019-10-25 00:59:38] EventLogFilterManager$1.run(154) |  event filter manager, filter: 0, callback: 0
[INFO] [2019-10-25 00:59:48] EventLogFilterManager$1.run(154) |  event filter manager, filter: 0, callback: 0
[INFO] [2019-10-25 00:59:58] EventLogFilterManager$1.run(154) |  event filter manager, filter: 0, callback: 0
[INFO] [2019-10-25 01:00:08] EventLogFilterManager$1.run(154) |  event filter manager, filter: 0, callback: 0
[INFO] [2019-10-25 01:00:18] EventLogFilterManager$1.run(154) |  event filter manager, filter: 0, callback: 0
[INFO] [2019-10-25 01:00:28] EventLogFilterManager$1.run(154) |  event filter manager, filter: 0, callback: 0
[INFO] [2019-10-25 01:00:38] EventLogFilterManager$1.run(154) |  event filter manager, filter: 0, callback: 0
[INFO] [2019-10-25 01:00:48] EventLogFilterManager$1.run(154) |  event filter manager, filter: 0, callback: 0
[INFO] [2019-10-25 01:00:58] EventLogFilterManager$1.run(154) |  event filter manager, filter: 0, callback: 0
[INFO] [2019-10-25 01:01:08] EventLogFilterManager$1.run(154) |  event filter manager, filter: 0, callback: 0
[INFO] [2019-10-25 01:01:18] EventLogFilterManager$1.run(154) |  event filter manager, filter: 0, callback: 0
[INFO] [2019-10-25 01:01:28] EventLogFilterManager$1.run(154) |  event filter manager, filter: 0, callback: 0
[INFO] [2019-10-25 01:01:38] EventLogFilterManager$1.run(154) |  event filter manager, filter: 0, callback: 0
[INFO] [2019-10-25 01:02:52] AbstractApplicationContext.prepareRefresh(583) | Refreshing org.springframework.context.support.ClassPathXmlApplicationContext@11028347: startup date [Fri Oct 25 01:02:52 CST 2019]; root of context hierarchy
[INFO] [2019-10-25 01:02:52] XmlBeanDefinitionReader.loadBeanDefinitions(317) | Loading XML bean definitions from class path resource [applicationContext.xml]
[INFO] [2019-10-25 01:02:55] ChannelConnections.init(366) |  add connected node: 127.0.0.1:20200
[INFO] [2019-10-25 01:02:55] ChannelConnections.reconnect(503) | try connect to: 127.0.0.1:20200
[INFO] [2019-10-25 01:02:55] ConnectionCallback.onConnect(91) |  connect 127.0.0.1:20200 success, ctx: 567480884
[INFO] [2019-10-25 01:02:56] ConnectionCallback.queryNodeVersion(207) |  query node version host: 127.0.0.1:20200, seq: c8b381aead714d1199f2e41a6eb2a24f, content: {"jsonrpc":"2.0","method":"getClientVersion","params":[],"id":0}
[INFO] [2019-10-25 01:02:56] ConnectionCallback$2.onResponse(258) |  node: Version [buildTime=20190923 13:22:09, buildType=Linux/clang/Release, chainID=1, version=2.1.0, gitBranch=HEAD, gitCommit=cb68124d4fbf3df563a57dfff5f0c6eedc1419cc, supportedVersion=2.1.0], content: {"id":0,"jsonrpc":"2.0","result":{"Build Time":"20190923 13:22:09","Build Type":"Linux/clang/Release","Chain Id":"1","FISCO-BCOS Version":"2.1.0","Git Branch":"HEAD","Git Commit Hash":"cb68124d4fbf3df563a57dfff5f0c6eedc1419cc","Supported Version":"2.1.0"}}

[INFO] [2019-10-25 01:02:56] ConnectionCallback$2.onResponse(267) |  support channel handshake node: Version [buildTime=20190923 13:22:09, buildType=Linux/clang/Release, chainID=1, version=2.1.0, gitBranch=HEAD, gitCommit=cb68124d4fbf3df563a57dfff5f0c6eedc1419cc, supportedVersion=2.1.0], content: {"id":0,"jsonrpc":"2.0","result":{"Build Time":"20190923 13:22:09","Build Type":"Linux/clang/Release","Chain Id":"1","FISCO-BCOS Version":"2.1.0","Git Branch":"HEAD","Git Commit Hash":"cb68124d4fbf3df563a57dfff5f0c6eedc1419cc","Supported Version":"2.1.0"}}

[INFO] [2019-10-25 01:02:56] ConnectionCallback$1.onResponse(167) |  channel protocol handshake success, set socket channel protocol, host: 127.0.0.1:20200, channel protocol: ChannelProtocol [protocol=2, nodeVersion=2.1.0, EnumProtocol=VERSION_2]
[INFO] [2019-10-25 01:02:56] ConnectionCallback.subBlockNotification(338) |  send sub block notification request, seq: 4b56d38c071d45b1b3998bc4385a76a7, content: ["_block_notify_1"]
[INFO] [2019-10-25 01:02:56] ConnectionCallback.queryBlockNumber(370) |  query block number host: 127.0.0.1:20200, seq: e414c416fea547e3b291c18a94d20494, content: {"jsonrpc":"2.0","method":"getBlockNumber","params":[1],"id":1}
[INFO] [2019-10-25 01:02:56] ConnectionCallback$4.onResponse(395) |  query blocknumer, host:127.0.0.1:20200, blockNumber: 2 
[INFO] [2019-10-25 01:03:06] EventLogFilterManager$1.run(154) |  event filter manager, filter: 0, callback: 0
[INFO] [2019-10-25 01:03:16] EventLogFilterManager$1.run(154) |  event filter manager, filter: 0, callback: 0
[INFO] [2019-10-25 01:03:26] EventLogFilterManager$1.run(154) |  event filter manager, filter: 0, callback: 0
[INFO] [2019-10-25 01:03:36] EventLogFilterManager$1.run(154) |  event filter manager, filter: 0, callback: 0
[INFO] [2019-10-25 01:03:46] EventLogFilterManager$1.run(154) |  event filter manager, filter: 0, callback: 0
[INFO] [2019-10-25 01:03:56] EventLogFilterManager$1.run(154) |  event filter manager, filter: 0, callback: 0
[INFO] [2019-10-25 01:04:06] EventLogFilterManager$1.run(154) |  event filter manager, filter: 0, callback: 0
[INFO] [2019-10-25 01:04:16] EventLogFilterManager$1.run(154) |  event filter manager, filter: 0, callback: 0
[INFO] [2019-10-25 01:04:26] EventLogFilterManager$1.run(154) |  event filter manager, filter: 0, callback: 0
[INFO] [2019-10-25 01:04:36] EventLogFilterManager$1.run(154) |  event filter manager, filter: 0, callback: 0
[INFO] [2019-10-25 01:04:46] EventLogFilterManager$1.run(154) |  event filter manager, filter: 0, callback: 0
[INFO] [2019-10-25 01:04:56] EventLogFilterManager$1.run(154) |  event filter manager, filter: 0, callback: 0
[INFO] [2019-10-25 01:05:06] EventLogFilterManager$1.run(154) |  event filter manager, filter: 0, callback: 0
[INFO] [2019-10-25 01:05:10] Async.run(19) |  default set setExeutor , pool size is 50
[INFO] [2019-10-25 01:05:10] Async.setExeutor(81) |  set setExeutor because executor null, executor is java.util.concurrent.ThreadPoolExecutor@687a762c[Running, pool size = 0, active threads = 0, queued tasks = 0, completed tasks = 0]
[INFO] [2019-10-25 01:05:10] Service.onReceiveBlockNotify(1316) | Receive block notify: {"blockNumber":3,"groupID":1}

[INFO] [2019-10-25 01:05:16] EventLogFilterManager$1.run(154) |  event filter manager, filter: 0, callback: 0
[INFO] [2019-10-25 01:05:26] EventLogFilterManager$1.run(154) |  event filter manager, filter: 0, callback: 0
[INFO] [2019-10-25 01:05:36] EventLogFilterManager$1.run(154) |  event filter manager, filter: 0, callback: 0
[INFO] [2019-10-25 01:05:46] EventLogFilterManager$1.run(154) |  event filter manager, filter: 0, callback: 0
[INFO] [2019-10-25 01:05:56] EventLogFilterManager$1.run(154) |  event filter manager, filter: 0, callback: 0
[INFO] [2019-10-25 01:06:06] EventLogFilterManager$1.run(154) |  event filter manager, filter: 0, callback: 0
[INFO] [2019-10-25 01:06:16] EventLogFilterManager$1.run(154) |  event filter manager, filter: 0, callback: 0
[INFO] [2019-10-25 01:06:26] EventLogFilterManager$1.run(154) |  event filter manager, filter: 0, callback: 0
[INFO] [2019-10-25 01:06:36] EventLogFilterManager$1.run(154) |  event filter manager, filter: 0, callback: 0
[INFO] [2019-10-25 01:06:46] EventLogFilterManager$1.run(154) |  event filter manager, filter: 0, callback: 0
[INFO] [2019-10-25 01:06:56] EventLogFilterManager$1.run(154) |  event filter manager, filter: 0, callback: 0
[INFO] [2019-10-25 01:07:06] EventLogFilterManager$1.run(154) |  event filter manager, filter: 0, callback: 0
[INFO] [2019-10-25 01:07:16] EventLogFilterManager$1.run(154) |  event filter manager, filter: 0, callback: 0
[INFO] [2019-10-25 01:07:26] EventLogFilterManager$1.run(154) |  event filter manager, filter: 0, callback: 0
[INFO] [2019-10-25 01:07:36] EventLogFilterManager$1.run(154) |  event filter manager, filter: 0, callback: 0
[INFO] [2019-10-25 01:07:46] EventLogFilterManager$1.run(154) |  event filter manager, filter: 0, callback: 0
[INFO] [2019-10-25 01:07:56] EventLogFilterManager$1.run(154) |  event filter manager, filter: 0, callback: 0
[INFO] [2019-10-25 01:08:06] EventLogFilterManager$1.run(154) |  event filter manager, filter: 0, callback: 0
[INFO] [2019-10-25 01:08:16] EventLogFilterManager$1.run(154) |  event filter manager, filter: 0, callback: 0
[INFO] [2019-10-25 01:08:26] EventLogFilterManager$1.run(154) |  event filter manager, filter: 0, callback: 0
[INFO] [2019-10-25 01:08:36] EventLogFilterManager$1.run(154) |  event filter manager, filter: 0, callback: 0
[INFO] [2019-10-25 01:08:46] EventLogFilterManager$1.run(154) |  event filter manager, filter: 0, callback: 0
[INFO] [2019-10-25 01:08:56] EventLogFilterManager$1.run(154) |  event filter manager, filter: 0, callback: 0
[INFO] [2019-10-25 01:09:06] EventLogFilterManager$1.run(154) |  event filter manager, filter: 0, callback: 0
[INFO] [2019-10-25 01:09:16] EventLogFilterManager$1.run(154) |  event filter manager, filter: 0, callback: 0
[INFO] [2019-10-25 01:09:26] EventLogFilterManager$1.run(154) |  event filter manager, filter: 0, callback: 0
[INFO] [2019-10-25 01:09:36] EventLogFilterManager$1.run(154) |  event filter manager, filter: 0, callback: 0
[INFO] [2019-10-25 01:09:46] EventLogFilterManager$1.run(154) |  event filter manager, filter: 0, callback: 0
[INFO] [2019-10-25 01:09:47] Service.onReceiveBlockNotify(1316) | Receive block notify: {"blockNumber":4,"groupID":1}

[INFO] [2019-10-25 01:09:56] EventLogFilterManager$1.run(154) |  event filter manager, filter: 0, callback: 0
[INFO] [2019-10-25 01:10:06] EventLogFilterManager$1.run(154) |  event filter manager, filter: 0, callback: 0
[INFO] [2019-10-25 01:10:16] EventLogFilterManager$1.run(154) |  event filter manager, filter: 0, callback: 0
[INFO] [2019-10-25 01:10:26] EventLogFilterManager$1.run(154) |  event filter manager, filter: 0, callback: 0
[INFO] [2019-10-25 01:10:36] EventLogFilterManager$1.run(154) |  event filter manager, filter: 0, callback: 0
[INFO] [2019-10-25 01:10:46] EventLogFilterManager$1.run(154) |  event filter manager, filter: 0, callback: 0
[INFO] [2019-10-25 01:10:56] EventLogFilterManager$1.run(154) |  event filter manager, filter: 0, callback: 0
[INFO] [2019-10-25 01:11:06] EventLogFilterManager$1.run(154) |  event filter manager, filter: 0, callback: 0
[INFO] [2019-10-25 01:11:16] EventLogFilterManager$1.run(154) |  event filter manager, filter: 0, callback: 0
[INFO] [2019-10-25 01:11:26] EventLogFilterManager$1.run(154) |  event filter manager, filter: 0, callback: 0
[INFO] [2019-10-25 01:11:36] EventLogFilterManager$1.run(154) |  event filter manager, filter: 0, callback: 0
[INFO] [2019-10-25 01:11:46] EventLogFilterManager$1.run(154) |  event filter manager, filter: 0, callback: 0
[INFO] [2019-10-25 01:11:56] EventLogFilterManager$1.run(154) |  event filter manager, filter: 0, callback: 0
[INFO] [2019-10-25 01:12:06] EventLogFilterManager$1.run(154) |  event filter manager, filter: 0, callback: 0
[INFO] [2019-10-25 01:12:16] EventLogFilterManager$1.run(154) |  event filter manager, filter: 0, callback: 0
[INFO] [2019-10-25 01:12:26] EventLogFilterManager$1.run(154) |  event filter manager, filter: 0, callback: 0
[INFO] [2019-10-25 01:12:36] EventLogFilterManager$1.run(154) |  event filter manager, filter: 0, callback: 0
[INFO] [2019-10-25 01:13:23] AbstractApplicationContext.prepareRefresh(583) | Refreshing org.springframework.context.support.ClassPathXmlApplicationContext@11028347: startup date [Fri Oct 25 01:13:23 CST 2019]; root of context hierarchy
[INFO] [2019-10-25 01:13:23] XmlBeanDefinitionReader.loadBeanDefinitions(317) | Loading XML bean definitions from class path resource [applicationContext.xml]
[INFO] [2019-10-25 01:13:26] ChannelConnections.init(366) |  add connected node: 127.0.0.1:20200
[INFO] [2019-10-25 01:13:26] ChannelConnections.reconnect(503) | try connect to: 127.0.0.1:20200
[INFO] [2019-10-25 01:13:26] ConnectionCallback.onConnect(91) |  connect 127.0.0.1:20200 success, ctx: 1506204247
[INFO] [2019-10-25 01:13:27] ConnectionCallback.queryNodeVersion(207) |  query node version host: 127.0.0.1:20200, seq: 6f3138ed986140b184a0aaa080bcd6d5, content: {"jsonrpc":"2.0","method":"getClientVersion","params":[],"id":0}
[INFO] [2019-10-25 01:13:27] ConnectionCallback$2.onResponse(258) |  node: Version [buildTime=20190923 13:22:09, buildType=Linux/clang/Release, chainID=1, version=2.1.0, gitBranch=HEAD, gitCommit=cb68124d4fbf3df563a57dfff5f0c6eedc1419cc, supportedVersion=2.1.0], content: {"id":0,"jsonrpc":"2.0","result":{"Build Time":"20190923 13:22:09","Build Type":"Linux/clang/Release","Chain Id":"1","FISCO-BCOS Version":"2.1.0","Git Branch":"HEAD","Git Commit Hash":"cb68124d4fbf3df563a57dfff5f0c6eedc1419cc","Supported Version":"2.1.0"}}

[INFO] [2019-10-25 01:13:27] ConnectionCallback$2.onResponse(267) |  support channel handshake node: Version [buildTime=20190923 13:22:09, buildType=Linux/clang/Release, chainID=1, version=2.1.0, gitBranch=HEAD, gitCommit=cb68124d4fbf3df563a57dfff5f0c6eedc1419cc, supportedVersion=2.1.0], content: {"id":0,"jsonrpc":"2.0","result":{"Build Time":"20190923 13:22:09","Build Type":"Linux/clang/Release","Chain Id":"1","FISCO-BCOS Version":"2.1.0","Git Branch":"HEAD","Git Commit Hash":"cb68124d4fbf3df563a57dfff5f0c6eedc1419cc","Supported Version":"2.1.0"}}

[INFO] [2019-10-25 01:13:27] ConnectionCallback$1.onResponse(167) |  channel protocol handshake success, set socket channel protocol, host: 127.0.0.1:20200, channel protocol: ChannelProtocol [protocol=2, nodeVersion=2.1.0, EnumProtocol=VERSION_2]
[INFO] [2019-10-25 01:13:27] ConnectionCallback.subBlockNotification(338) |  send sub block notification request, seq: 8467de3b22344cc8812f99fc2b2c3f7c, content: ["_block_notify_1"]
[INFO] [2019-10-25 01:13:27] ConnectionCallback.queryBlockNumber(370) |  query block number host: 127.0.0.1:20200, seq: cf8b8ca1da504387875c703160cf6f4e, content: {"jsonrpc":"2.0","method":"getBlockNumber","params":[1],"id":1}
[INFO] [2019-10-25 01:13:27] ConnectionCallback$4.onResponse(395) |  query blocknumer, host:127.0.0.1:20200, blockNumber: 4 
[INFO] [2019-10-25 01:13:37] EventLogFilterManager$1.run(154) |  event filter manager, filter: 0, callback: 0
[INFO] [2019-10-25 01:13:47] EventLogFilterManager$1.run(154) |  event filter manager, filter: 0, callback: 0
[INFO] [2019-10-25 01:13:57] EventLogFilterManager$1.run(154) |  event filter manager, filter: 0, callback: 0
[INFO] [2019-10-25 01:14:07] EventLogFilterManager$1.run(154) |  event filter manager, filter: 0, callback: 0
[INFO] [2019-10-25 01:14:17] EventLogFilterManager$1.run(154) |  event filter manager, filter: 0, callback: 0
[INFO] [2019-10-25 01:14:27] EventLogFilterManager$1.run(154) |  event filter manager, filter: 0, callback: 0
[INFO] [2019-10-25 01:14:37] EventLogFilterManager$1.run(154) |  event filter manager, filter: 0, callback: 0
[INFO] [2019-10-25 01:14:47] EventLogFilterManager$1.run(154) |  event filter manager, filter: 0, callback: 0
[INFO] [2019-10-25 01:14:57] EventLogFilterManager$1.run(154) |  event filter manager, filter: 0, callback: 0
[INFO] [2019-10-25 01:15:07] EventLogFilterManager$1.run(154) |  event filter manager, filter: 0, callback: 0
[INFO] [2019-10-25 01:15:17] EventLogFilterManager$1.run(154) |  event filter manager, filter: 0, callback: 0
[INFO] [2019-10-25 01:15:27] EventLogFilterManager$1.run(154) |  event filter manager, filter: 0, callback: 0
[INFO] [2019-10-25 01:15:37] EventLogFilterManager$1.run(154) |  event filter manager, filter: 0, callback: 0
[INFO] [2019-10-25 01:15:47] EventLogFilterManager$1.run(154) |  event filter manager, filter: 0, callback: 0
[INFO] [2019-10-25 01:15:57] EventLogFilterManager$1.run(154) |  event filter manager, filter: 0, callback: 0
[INFO] [2019-10-25 01:16:07] EventLogFilterManager$1.run(154) |  event filter manager, filter: 0, callback: 0
[INFO] [2019-10-25 01:16:17] EventLogFilterManager$1.run(154) |  event filter manager, filter: 0, callback: 0
[INFO] [2019-10-25 01:16:27] EventLogFilterManager$1.run(154) |  event filter manager, filter: 0, callback: 0
[INFO] [2019-10-25 01:16:37] EventLogFilterManager$1.run(154) |  event filter manager, filter: 0, callback: 0
[INFO] [2019-10-25 01:16:47] EventLogFilterManager$1.run(154) |  event filter manager, filter: 0, callback: 0
[INFO] [2019-10-25 01:16:57] EventLogFilterManager$1.run(154) |  event filter manager, filter: 0, callback: 0
[INFO] [2019-10-25 01:17:07] EventLogFilterManager$1.run(154) |  event filter manager, filter: 0, callback: 0
[INFO] [2019-10-25 01:17:17] EventLogFilterManager$1.run(154) |  event filter manager, filter: 0, callback: 0
[INFO] [2019-10-25 01:17:27] EventLogFilterManager$1.run(154) |  event filter manager, filter: 0, callback: 0
[INFO] [2019-10-25 01:17:37] EventLogFilterManager$1.run(154) |  event filter manager, filter: 0, callback: 0
[INFO] [2019-10-25 01:17:47] EventLogFilterManager$1.run(154) |  event filter manager, filter: 0, callback: 0
[INFO] [2019-10-25 01:17:57] EventLogFilterManager$1.run(154) |  event filter manager, filter: 0, callback: 0
[INFO] [2019-10-25 01:18:07] EventLogFilterManager$1.run(154) |  event filter manager, filter: 0, callback: 0
[INFO] [2019-10-25 01:18:17] EventLogFilterManager$1.run(154) |  event filter manager, filter: 0, callback: 0
[INFO] [2019-10-25 01:18:27] EventLogFilterManager$1.run(154) |  event filter manager, filter: 0, callback: 0
[INFO] [2019-10-25 01:18:37] EventLogFilterManager$1.run(154) |  event filter manager, filter: 0, callback: 0
[INFO] [2019-10-25 01:18:47] EventLogFilterManager$1.run(154) |  event filter manager, filter: 0, callback: 0
[INFO] [2019-10-25 01:18:57] EventLogFilterManager$1.run(154) |  event filter manager, filter: 0, callback: 0
[INFO] [2019-10-25 01:19:07] EventLogFilterManager$1.run(154) |  event filter manager, filter: 0, callback: 0
[INFO] [2019-10-25 01:19:17] EventLogFilterManager$1.run(154) |  event filter manager, filter: 0, callback: 0
[INFO] [2019-10-25 01:19:27] EventLogFilterManager$1.run(154) |  event filter manager, filter: 0, callback: 0
[INFO] [2019-10-25 01:19:37] EventLogFilterManager$1.run(154) |  event filter manager, filter: 0, callback: 0
[INFO] [2019-10-25 01:19:47] EventLogFilterManager$1.run(154) |  event filter manager, filter: 0, callback: 0
[INFO] [2019-10-25 01:19:57] EventLogFilterManager$1.run(154) |  event filter manager, filter: 0, callback: 0
[INFO] [2019-10-25 01:20:07] EventLogFilterManager$1.run(154) |  event filter manager, filter: 0, callback: 0
[INFO] [2019-10-25 01:20:17] EventLogFilterManager$1.run(154) |  event filter manager, filter: 0, callback: 0
[INFO] [2019-10-25 01:20:27] EventLogFilterManager$1.run(154) |  event filter manager, filter: 0, callback: 0
[INFO] [2019-10-25 01:20:37] EventLogFilterManager$1.run(154) |  event filter manager, filter: 0, callback: 0
[INFO] [2019-10-25 01:20:47] EventLogFilterManager$1.run(154) |  event filter manager, filter: 0, callback: 0
[INFO] [2019-10-25 01:20:57] EventLogFilterManager$1.run(154) |  event filter manager, filter: 0, callback: 0
[INFO] [2019-10-25 01:21:07] EventLogFilterManager$1.run(154) |  event filter manager, filter: 0, callback: 0
[INFO] [2019-10-25 01:21:17] EventLogFilterManager$1.run(154) |  event filter manager, filter: 0, callback: 0
[INFO] [2019-10-25 01:21:27] EventLogFilterManager$1.run(154) |  event filter manager, filter: 0, callback: 0
[INFO] [2019-10-25 01:21:37] EventLogFilterManager$1.run(154) |  event filter manager, filter: 0, callback: 0
[INFO] [2019-10-25 01:21:47] EventLogFilterManager$1.run(154) |  event filter manager, filter: 0, callback: 0
[INFO] [2019-10-25 01:21:57] EventLogFilterManager$1.run(154) |  event filter manager, filter: 0, callback: 0
[INFO] [2019-10-25 01:22:07] EventLogFilterManager$1.run(154) |  event filter manager, filter: 0, callback: 0
[INFO] [2019-10-25 01:22:17] EventLogFilterManager$1.run(154) |  event filter manager, filter: 0, callback: 0
[INFO] [2019-10-25 01:22:27] EventLogFilterManager$1.run(154) |  event filter manager, filter: 0, callback: 0
[INFO] [2019-10-25 01:22:37] EventLogFilterManager$1.run(154) |  event filter manager, filter: 0, callback: 0
[INFO] [2019-10-25 01:22:47] EventLogFilterManager$1.run(154) |  event filter manager, filter: 0, callback: 0
[INFO] [2019-10-25 01:22:57] EventLogFilterManager$1.run(154) |  event filter manager, filter: 0, callback: 0
[INFO] [2019-10-25 01:23:07] EventLogFilterManager$1.run(154) |  event filter manager, filter: 0, callback: 0
[INFO] [2019-10-25 01:23:17] EventLogFilterManager$1.run(154) |  event filter manager, filter: 0, callback: 0
[INFO] [2019-10-25 01:23:27] EventLogFilterManager$1.run(154) |  event filter manager, filter: 0, callback: 0
[INFO] [2019-10-25 01:23:37] EventLogFilterManager$1.run(154) |  event filter manager, filter: 0, callback: 0
[INFO] [2019-10-25 01:23:47] EventLogFilterManager$1.run(154) |  event filter manager, filter: 0, callback: 0
[INFO] [2019-10-25 01:23:57] EventLogFilterManager$1.run(154) |  event filter manager, filter: 0, callback: 0
[INFO] [2019-10-25 01:24:07] EventLogFilterManager$1.run(154) |  event filter manager, filter: 0, callback: 0
[INFO] [2019-10-25 01:24:17] EventLogFilterManager$1.run(154) |  event filter manager, filter: 0, callback: 0
[INFO] [2019-10-25 01:24:27] EventLogFilterManager$1.run(154) |  event filter manager, filter: 0, callback: 0
[INFO] [2019-10-25 01:24:37] EventLogFilterManager$1.run(154) |  event filter manager, filter: 0, callback: 0
[INFO] [2019-10-25 01:24:47] EventLogFilterManager$1.run(154) |  event filter manager, filter: 0, callback: 0
[INFO] [2019-10-25 01:24:57] EventLogFilterManager$1.run(154) |  event filter manager, filter: 0, callback: 0
[INFO] [2019-10-25 01:25:07] EventLogFilterManager$1.run(154) |  event filter manager, filter: 0, callback: 0
[INFO] [2019-10-25 01:25:17] EventLogFilterManager$1.run(154) |  event filter manager, filter: 0, callback: 0
[INFO] [2019-10-25 01:25:27] EventLogFilterManager$1.run(154) |  event filter manager, filter: 0, callback: 0
[INFO] [2019-10-25 01:25:37] EventLogFilterManager$1.run(154) |  event filter manager, filter: 0, callback: 0
[INFO] [2019-10-25 01:25:47] EventLogFilterManager$1.run(154) |  event filter manager, filter: 0, callback: 0
[INFO] [2019-10-25 01:25:57] EventLogFilterManager$1.run(154) |  event filter manager, filter: 0, callback: 0
[INFO] [2019-10-25 01:26:07] EventLogFilterManager$1.run(154) |  event filter manager, filter: 0, callback: 0
[INFO] [2019-10-25 01:26:17] EventLogFilterManager$1.run(154) |  event filter manager, filter: 0, callback: 0
[INFO] [2019-10-25 01:26:27] EventLogFilterManager$1.run(154) |  event filter manager, filter: 0, callback: 0
[INFO] [2019-10-25 01:26:37] EventLogFilterManager$1.run(154) |  event filter manager, filter: 0, callback: 0
[INFO] [2019-10-25 01:26:47] EventLogFilterManager$1.run(154) |  event filter manager, filter: 0, callback: 0
[INFO] [2019-10-25 01:26:57] EventLogFilterManager$1.run(154) |  event filter manager, filter: 0, callback: 0
[INFO] [2019-10-25 01:27:07] EventLogFilterManager$1.run(154) |  event filter manager, filter: 0, callback: 0
[INFO] [2019-10-25 01:27:17] EventLogFilterManager$1.run(154) |  event filter manager, filter: 0, callback: 0
[INFO] [2019-10-25 01:27:27] EventLogFilterManager$1.run(154) |  event filter manager, filter: 0, callback: 0
[INFO] [2019-10-25 01:27:37] EventLogFilterManager$1.run(154) |  event filter manager, filter: 0, callback: 0
[INFO] [2019-10-25 01:27:47] EventLogFilterManager$1.run(154) |  event filter manager, filter: 0, callback: 0
[INFO] [2019-10-25 01:27:57] EventLogFilterManager$1.run(154) |  event filter manager, filter: 0, callback: 0
[INFO] [2019-10-25 01:28:07] EventLogFilterManager$1.run(154) |  event filter manager, filter: 0, callback: 0
[INFO] [2019-10-25 01:28:17] EventLogFilterManager$1.run(154) |  event filter manager, filter: 0, callback: 0
[INFO] [2019-10-25 01:28:27] EventLogFilterManager$1.run(154) |  event filter manager, filter: 0, callback: 0
[INFO] [2019-10-25 16:55:08] AbstractApplicationContext.prepareRefresh(583) | Refreshing org.springframework.context.support.ClassPathXmlApplicationContext@11028347: startup date [Fri Oct 25 16:55:08 CST 2019]; root of context hierarchy
[INFO] [2019-10-25 16:55:08] XmlBeanDefinitionReader.loadBeanDefinitions(317) | Loading XML bean definitions from class path resource [applicationContext.xml]
[INFO] [2019-10-25 16:55:11] ChannelConnections.init(366) |  add connected node: 127.0.0.1:20200
[INFO] [2019-10-25 16:55:12] ChannelConnections.reconnect(503) | try connect to: 127.0.0.1:20200
[INFO] [2019-10-25 16:55:14] ChannelConnections.reconnect(503) | try connect to: 127.0.0.1:20200
[INFO] [2019-10-25 16:55:16] ChannelConnections.reconnect(503) | try connect to: 127.0.0.1:20200
[INFO] [2019-10-25 16:55:18] ChannelConnections.reconnect(503) | try connect to: 127.0.0.1:20200
[INFO] [2019-10-25 16:55:20] ChannelConnections.reconnect(503) | try connect to: 127.0.0.1:20200
[INFO] [2019-10-25 16:55:22] ChannelConnections.reconnect(503) | try connect to: 127.0.0.1:20200
[INFO] [2019-10-25 16:55:24] ChannelConnections.reconnect(503) | try connect to: 127.0.0.1:20200
[INFO] [2019-10-25 16:55:26] ChannelConnections.reconnect(503) | try connect to: 127.0.0.1:20200
[INFO] [2019-10-25 16:55:28] ChannelConnections.reconnect(503) | try connect to: 127.0.0.1:20200
[INFO] [2019-10-25 16:55:30] ChannelConnections.reconnect(503) | try connect to: 127.0.0.1:20200
[INFO] [2019-10-25 16:55:32] ChannelConnections.reconnect(503) | try connect to: 127.0.0.1:20200
[INFO] [2019-10-25 16:56:52] AbstractApplicationContext.prepareRefresh(583) | Refreshing org.springframework.context.support.ClassPathXmlApplicationContext@11028347: startup date [Fri Oct 25 16:56:52 CST 2019]; root of context hierarchy
[INFO] [2019-10-25 16:56:52] XmlBeanDefinitionReader.loadBeanDefinitions(317) | Loading XML bean definitions from class path resource [applicationContext.xml]
[INFO] [2019-10-25 16:56:55] ChannelConnections.init(366) |  add connected node: 127.0.0.1:20200
[INFO] [2019-10-25 16:56:55] ChannelConnections.reconnect(503) | try connect to: 127.0.0.1:20200
[INFO] [2019-10-25 16:56:56] ConnectionCallback.onConnect(91) |  connect 127.0.0.1:20200 success, ctx: 1067220056
[INFO] [2019-10-25 16:56:56] ConnectionCallback.queryNodeVersion(207) |  query node version host: 127.0.0.1:20200, seq: c85e4a38679a428fb9e6faf9d5f00666, content: {"jsonrpc":"2.0","method":"getClientVersion","params":[],"id":0}
[INFO] [2019-10-25 16:56:57] ConnectionCallback$2.onResponse(258) |  node: Version [buildTime=20190923 13:22:09, buildType=Linux/clang/Release, chainID=1, version=2.1.0, gitBranch=HEAD, gitCommit=cb68124d4fbf3df563a57dfff5f0c6eedc1419cc, supportedVersion=2.1.0], content: {"id":0,"jsonrpc":"2.0","result":{"Build Time":"20190923 13:22:09","Build Type":"Linux/clang/Release","Chain Id":"1","FISCO-BCOS Version":"2.1.0","Git Branch":"HEAD","Git Commit Hash":"cb68124d4fbf3df563a57dfff5f0c6eedc1419cc","Supported Version":"2.1.0"}}

[INFO] [2019-10-25 16:56:57] ConnectionCallback$2.onResponse(267) |  support channel handshake node: Version [buildTime=20190923 13:22:09, buildType=Linux/clang/Release, chainID=1, version=2.1.0, gitBranch=HEAD, gitCommit=cb68124d4fbf3df563a57dfff5f0c6eedc1419cc, supportedVersion=2.1.0], content: {"id":0,"jsonrpc":"2.0","result":{"Build Time":"20190923 13:22:09","Build Type":"Linux/clang/Release","Chain Id":"1","FISCO-BCOS Version":"2.1.0","Git Branch":"HEAD","Git Commit Hash":"cb68124d4fbf3df563a57dfff5f0c6eedc1419cc","Supported Version":"2.1.0"}}

[INFO] [2019-10-25 16:56:57] ConnectionCallback$1.onResponse(167) |  channel protocol handshake success, set socket channel protocol, host: 127.0.0.1:20200, channel protocol: ChannelProtocol [protocol=2, nodeVersion=2.1.0, EnumProtocol=VERSION_2]
[INFO] [2019-10-25 16:56:57] ConnectionCallback.subBlockNotification(338) |  send sub block notification request, seq: 493023952cee4815874def6bee760214, content: ["_block_notify_1"]
[INFO] [2019-10-25 16:56:57] ConnectionCallback.queryBlockNumber(370) |  query block number host: 127.0.0.1:20200, seq: ad72b10c25a645318b89b5d77c54250b, content: {"jsonrpc":"2.0","method":"getBlockNumber","params":[1],"id":1}
[INFO] [2019-10-25 16:56:57] ConnectionCallback$4.onResponse(395) |  query blocknumer, host:127.0.0.1:20200, blockNumber: 4 
[INFO] [2019-10-25 16:57:07] EventLogFilterManager$1.run(154) |  event filter manager, filter: 0, callback: 0
[INFO] [2019-10-25 16:57:17] EventLogFilterManager$1.run(154) |  event filter manager, filter: 0, callback: 0
[INFO] [2019-10-25 16:57:27] EventLogFilterManager$1.run(154) |  event filter manager, filter: 0, callback: 0
[INFO] [2019-10-25 16:57:37] EventLogFilterManager$1.run(154) |  event filter manager, filter: 0, callback: 0
[INFO] [2019-10-25 16:57:47] EventLogFilterManager$1.run(154) |  event filter manager, filter: 0, callback: 0
[INFO] [2019-10-25 16:57:57] EventLogFilterManager$1.run(154) |  event filter manager, filter: 0, callback: 0
[INFO] [2019-10-25 16:58:07] EventLogFilterManager$1.run(154) |  event filter manager, filter: 0, callback: 0
[INFO] [2019-10-25 16:58:17] EventLogFilterManager$1.run(154) |  event filter manager, filter: 0, callback: 0
[INFO] [2019-10-25 16:58:27] EventLogFilterManager$1.run(154) |  event filter manager, filter: 0, callback: 0
[INFO] [2019-10-25 16:58:37] EventLogFilterManager$1.run(154) |  event filter manager, filter: 0, callback: 0
[INFO] [2019-10-25 16:58:47] EventLogFilterManager$1.run(154) |  event filter manager, filter: 0, callback: 0
[INFO] [2019-10-25 16:58:57] EventLogFilterManager$1.run(154) |  event filter manager, filter: 0, callback: 0
[INFO] [2019-10-25 16:59:07] EventLogFilterManager$1.run(154) |  event filter manager, filter: 0, callback: 0
[INFO] [2019-10-25 16:59:17] EventLogFilterManager$1.run(154) |  event filter manager, filter: 0, callback: 0
[INFO] [2019-10-25 16:59:27] EventLogFilterManager$1.run(154) |  event filter manager, filter: 0, callback: 0
[INFO] [2019-10-25 16:59:37] EventLogFilterManager$1.run(154) |  event filter manager, filter: 0, callback: 0
[INFO] [2019-10-25 16:59:47] EventLogFilterManager$1.run(154) |  event filter manager, filter: 0, callback: 0
[INFO] [2019-10-25 16:59:57] EventLogFilterManager$1.run(154) |  event filter manager, filter: 0, callback: 0
[INFO] [2019-10-25 17:00:07] EventLogFilterManager$1.run(154) |  event filter manager, filter: 0, callback: 0
[INFO] [2019-10-25 17:00:17] EventLogFilterManager$1.run(154) |  event filter manager, filter: 0, callback: 0
[INFO] [2019-10-25 17:00:27] EventLogFilterManager$1.run(154) |  event filter manager, filter: 0, callback: 0
[INFO] [2019-10-25 17:00:37] EventLogFilterManager$1.run(154) |  event filter manager, filter: 0, callback: 0
[INFO] [2019-10-25 17:00:47] EventLogFilterManager$1.run(154) |  event filter manager, filter: 0, callback: 0
[INFO] [2019-10-25 17:00:57] EventLogFilterManager$1.run(154) |  event filter manager, filter: 0, callback: 0
[INFO] [2019-10-25 17:01:07] EventLogFilterManager$1.run(154) |  event filter manager, filter: 0, callback: 0
[INFO] [2019-10-25 17:01:17] EventLogFilterManager$1.run(154) |  event filter manager, filter: 0, callback: 0
[INFO] [2019-10-25 17:01:27] EventLogFilterManager$1.run(154) |  event filter manager, filter: 0, callback: 0
[INFO] [2019-10-25 17:01:37] EventLogFilterManager$1.run(154) |  event filter manager, filter: 0, callback: 0
[INFO] [2019-10-25 17:01:47] EventLogFilterManager$1.run(154) |  event filter manager, filter: 0, callback: 0
[INFO] [2019-10-25 17:01:57] EventLogFilterManager$1.run(154) |  event filter manager, filter: 0, callback: 0
[INFO] [2019-10-25 17:02:07] EventLogFilterManager$1.run(154) |  event filter manager, filter: 0, callback: 0
[INFO] [2019-10-25 17:02:17] EventLogFilterManager$1.run(154) |  event filter manager, filter: 0, callback: 0
[INFO] [2019-10-25 17:02:27] EventLogFilterManager$1.run(154) |  event filter manager, filter: 0, callback: 0
[INFO] [2019-10-25 17:02:37] EventLogFilterManager$1.run(154) |  event filter manager, filter: 0, callback: 0
[INFO] [2019-10-25 17:02:47] EventLogFilterManager$1.run(154) |  event filter manager, filter: 0, callback: 0
[INFO] [2019-10-25 17:02:57] EventLogFilterManager$1.run(154) |  event filter manager, filter: 0, callback: 0
[INFO] [2019-10-25 17:03:07] EventLogFilterManager$1.run(154) |  event filter manager, filter: 0, callback: 0
[INFO] [2019-10-25 17:03:17] EventLogFilterManager$1.run(154) |  event filter manager, filter: 0, callback: 0
[INFO] [2019-10-25 17:03:27] EventLogFilterManager$1.run(154) |  event filter manager, filter: 0, callback: 0
[INFO] [2019-10-25 17:03:37] EventLogFilterManager$1.run(154) |  event filter manager, filter: 0, callback: 0
[INFO] [2019-10-25 17:03:47] EventLogFilterManager$1.run(154) |  event filter manager, filter: 0, callback: 0
[INFO] [2019-10-25 17:03:57] EventLogFilterManager$1.run(154) |  event filter manager, filter: 0, callback: 0
[INFO] [2019-10-25 17:04:07] EventLogFilterManager$1.run(154) |  event filter manager, filter: 0, callback: 0
[INFO] [2019-10-25 17:04:17] EventLogFilterManager$1.run(154) |  event filter manager, filter: 0, callback: 0
[INFO] [2019-10-25 17:04:27] EventLogFilterManager$1.run(154) |  event filter manager, filter: 0, callback: 0
[INFO] [2019-10-25 17:04:37] EventLogFilterManager$1.run(154) |  event filter manager, filter: 0, callback: 0
[INFO] [2019-10-25 17:04:47] EventLogFilterManager$1.run(154) |  event filter manager, filter: 0, callback: 0
[INFO] [2019-10-25 17:04:57] EventLogFilterManager$1.run(154) |  event filter manager, filter: 0, callback: 0
[INFO] [2019-10-25 17:05:07] EventLogFilterManager$1.run(154) |  event filter manager, filter: 0, callback: 0
[INFO] [2019-10-25 17:05:17] EventLogFilterManager$1.run(154) |  event filter manager, filter: 0, callback: 0
[INFO] [2019-10-25 17:05:27] EventLogFilterManager$1.run(154) |  event filter manager, filter: 0, callback: 0
[INFO] [2019-10-25 17:05:31] ChannelConnections.reconnect(503) | try connect to: 127.0.0.1:20200
