info|2019-10-25 16:56:15.825157|[INITIALIZER][initGlobalConfig],enableCompress=true,compatibilityVersion=2.1.0,versionNumber=33619968,chainId=1
info|2019-10-25 16:56:16.246301|[NETWORK][Host]Connecting to node,endpoint=127.0.0.1:30300
info|2019-10-25 16:56:16.246411|[NETWORK][Host]Connecting to node,endpoint=127.0.0.1:30301
info|2019-10-25 16:56:16.246469|[NETWORK][Host]Connecting to node,endpoint=127.0.0.1:30302
info|2019-10-25 16:56:16.246518|[NETWORK][Host]Connecting to node,endpoint=127.0.0.1:30303
info|2019-10-25 16:56:16.246565|[P2P][Service] heartBeat,connected count=0
info|2019-10-25 16:56:16.263404|[NETWORK][Host]P2P StartAccept,Host=0.0.0.0:30303
info|2019-10-25 16:56:16.263820|[NETWORK][ASIO]asyncResolveConnect,endpoint=127.0.0.1:30300
info|2019-10-25 16:56:16.263984|[NETWORK][ASIO]asyncResolveConnect,endpoint=127.0.0.1:30301
info|2019-10-25 16:56:16.264134|[NETWORK][ASIO]asyncResolveConnect,endpoint=127.0.0.1:30302
info|2019-10-25 16:56:16.264182|[NETWORK][ASIO]asyncResolveConnect,endpoint=127.0.0.1:30303
info|2019-10-25 16:56:16.271419|[NETWORK][Host]P2P Recv Connect, From=127.0.0.1:58310
info|2019-10-25 16:56:16.271478|[NETWORK][Host]P2P StartAccept,Host=0.0.0.0:30303
info|2019-10-25 16:56:16.296734|[CHANNEL]ChannelRPCServer started
info|2019-10-25 16:56:16.296764|[INITIALIZER][RPCInitializer]ChannelRPCHttpServer started.
info|2019-10-25 16:56:16.296789|[LedgerInitializer],groupConfigPath=conf/
info|2019-10-25 16:56:16.296916|[INITIALIZER][initSingleLedger] [GroupId]:  1
info|2019-10-25 16:56:16.296942|[g:1][LEDGER]LedgerConstructor,configPath=conf/group.1.genesis,baseDir=data//group1
info|2019-10-25 16:56:16.296961|[g:1][LEDGER][initGenesisConfig]initConsensusConfig/initDBConfig/initTxConfig,configFile=conf/group.1.genesis
info|2019-10-25 16:56:16.297058|[g:1][LEDGER][initConsensusConfig],it.first=6ca4e4357f23c00305438a231da700dcbe1a73f0153100973f897df746d8c1a215b9abd1167614a8cb5f88b7e9d4c3ed8fa9c08b4e72983d5704f052e0f07171
info|2019-10-25 16:56:16.297090|[g:1][LEDGER][initConsensusConfig],it.first=ce7667d22f36b9bc46dab2299a164ede5fc6a3de01a73c3b1807a90cf3c9e84690d252027d83fd4f273a8a633de0cdd72107110583e60cfc86ca72d2540893c2
info|2019-10-25 16:56:16.297118|[g:1][LEDGER][initConsensusConfig],it.first=b32aa73000f5e5a6559141802600f32092eadd9aed3437f6a786a2aee8189c58ccc527068d6c26d96c36208dcaa98d513791c045394ed2da0a3d41a156d19b5f
info|2019-10-25 16:56:16.297146|[g:1][LEDGER][initConsensusConfig],it.first=65ad87829ed327829d55d9a8c98ac955418c90bb5ea732ccddfd9a3f2d56c17d70ea59e799fd4330aac747b3aa9c52f66747f67f399dcb68bc2ed4f20d8832fd
info|2019-10-25 16:56:16.297196|[g:1][LEDGER][initIniConfig]initTxPoolConfig/initSyncConfig/initTxExecuteConfig,configFile=conf/group.1.ini
info|2019-10-25 16:56:16.297321|[g:1][LEDGER][initLedger][DBInitializer]
info|2019-10-25 16:56:16.297346|[g:1][DBINITIALIZER] [initRocksDBStorage]
info|2019-10-25 16:56:16.297398|[g:1][ROCKSDB]open rocksDB handler
info|2019-10-25 16:56:16.307411|[P2P][Service] Connection established,nodeID=6ca4e435...,endpoint=127.0.0.1:30300
info|2019-10-25 16:56:16.307455|[NETWORK][Host]startPeerSession, From=127.0.0.1:30300,nodeID=6ca4e435...
info|2019-10-25 16:56:16.307593|[P2P][Service] Connection established,nodeID=ce7667d2...,endpoint=127.0.0.1:30301
info|2019-10-25 16:56:16.307619|[NETWORK][Host]startPeerSession, From=127.0.0.1:30301,nodeID=ce7667d2...
info|2019-10-25 16:56:16.307750|[P2P][Service] Connection established,nodeID=b32aa730...,endpoint=127.0.0.1:30302
info|2019-10-25 16:56:16.307775|[NETWORK][Host]startPeerSession, From=127.0.0.1:30302,nodeID=b32aa730...
info|2019-10-25 16:56:16.308539|[NETWORK][Host]startPeerSession, From=127.0.0.1:58310,nodeID=65ad8782...
info|2019-10-25 16:56:16.308984|[NETWORK][Host]startPeerSession, From=127.0.0.1:30303,nodeID=65ad8782...
info|2019-10-25 16:56:16.316634|[g:1][g:0][STORAGE][CachedStorage]Init flushStorage thread
info|2019-10-25 16:56:16.316913|[g:1][BLOCKCHAIN][#checkAndBuildGenesisBlock]Already have the 0th block, 0th groupMark is equal to file groupMark.
info|2019-10-25 16:56:16.317478|[g:1][CONSENSUS][PBFT]Register handler for PBFTEngine
info|2019-10-25 16:56:16.317510|[g:1][CONSENSUS][PBFT],minBlockGenerationTime=500
info|2019-10-25 16:56:16.317531|[LedgerInitializer init group succ],groupID=1
info|2019-10-25 16:56:16.333348|[INITIALIZER][RPCInitializer]JsonrpcHttpServer started.
info|2019-10-25 16:56:16.333396|[g:1][LEDGER]startAll...
info|2019-10-25 16:56:16.343317|[g:1][CONSENSUS][PBFT]^^^^^^^^Report,num=4,sealerIdx=1,hash=28ab0f72...,next=5,tx=1,nodeIdx=0
info|2019-10-25 16:56:16.346898|[g:1][CONSENSUS][PBFT][PBFT init env successfully]
info|2019-10-25 16:56:16.346930|[g:1][CONSENSUS][ConsensusEngine][Start ConsensusEngineBase]
info|2019-10-25 16:56:16.347020|[g:1][CONSENSUS][PBFT][Start PBFTEngine...]
info|2019-10-25 16:56:16.347029|[g:1][CONSENSUS][SEALER][Start sealer module]
info|2019-10-25 16:56:16.347390|[g:1][EVENT][EventLogFilterManager]start,m_maxBlockRange=0,m_maxBlockPerLoopFilter=3
info|2019-10-25 16:56:17.347936|[g:1][CONSENSUS][SEALER]++++++++++++++++ Generating seal on,blkNum=5,tx=0,nodeIdx=0,hash=51983633...
info|2019-10-25 16:56:17.354426|[g:1][CONSENSUS][PBFT]checkTimeout Succ,view=0,toView=1,nodeIdx=0,changeCycle=0,myNode=65ad8782...,timecost=0.216
info|2019-10-25 16:56:17.355018|[g:1][CONSENSUS][PBFT]checkAndChangeView: Reach consensus,org_view=0,org_changeCycle=0,cur_changeCycle=0,to_view=1
info|2019-10-25 16:56:18.359755|[g:1][CONSENSUS]addRawPrepare,height=5,reqIdx=1,hash=3d4e4b02...
info|2019-10-25 16:56:18.360076|[g:1][CONSENSUS][PBFT]checkTimeout Succ,view=1,toView=2,nodeIdx=0,changeCycle=0,myNode=65ad8782...,timecost=0.228
info|2019-10-25 16:56:18.364136|[g:1][CONSENSUS][PBFT]checkAndChangeView: Reach consensus,org_view=1,org_changeCycle=0,cur_changeCycle=0,to_view=2
info|2019-10-25 16:56:19.366285|[g:1][CONSENSUS]addRawPrepare,height=5,reqIdx=2,hash=12197bf4...
info|2019-10-25 16:56:19.366612|[g:1][CONSENSUS][PBFT]checkTimeout Succ,view=2,toView=3,nodeIdx=0,changeCycle=0,myNode=65ad8782...,timecost=0.255
info|2019-10-25 16:56:19.370713|[g:1][CONSENSUS][PBFT]checkAndChangeView: Reach consensus,org_view=2,org_changeCycle=0,cur_changeCycle=0,to_view=3
info|2019-10-25 16:56:20.372443|[g:1][CONSENSUS]addRawPrepare,height=5,reqIdx=3,hash=80c10a44...
info|2019-10-25 16:56:20.372785|[g:1][CONSENSUS][PBFT]checkTimeout Succ,view=3,toView=4,nodeIdx=0,changeCycle=0,myNode=65ad8782...,timecost=0.252
info|2019-10-25 16:56:20.381098|[g:1][CONSENSUS][PBFT]checkAndChangeView: Reach consensus,org_view=3,org_changeCycle=0,cur_changeCycle=0,to_view=4
info|2019-10-25 16:56:21.381373|[g:1][CONSENSUS][SEALER]++++++++++++++++ Generating seal on,blkNum=5,tx=0,nodeIdx=0,hash=d7f5c17c...
info|2019-10-25 16:56:21.390408|[g:1][CONSENSUS][PBFT]checkTimeout Succ,view=4,toView=5,nodeIdx=0,changeCycle=0,myNode=65ad8782...,timecost=0.338
info|2019-10-25 16:56:21.391514|[g:1][CONSENSUS][PBFT]checkAndChangeView: Reach consensus,org_view=4,org_changeCycle=0,cur_changeCycle=0,to_view=5
info|2019-10-25 16:56:22.390075|[g:1][CONSENSUS]addRawPrepare,height=5,reqIdx=1,hash=7e4f193c...
info|2019-10-25 16:56:22.390439|[g:1][CONSENSUS][PBFT]checkTimeout Succ,view=5,toView=6,nodeIdx=0,changeCycle=0,myNode=65ad8782...,timecost=0.277
info|2019-10-25 16:56:22.395773|[g:1][CONSENSUS][PBFT]checkAndChangeView: Reach consensus,org_view=5,org_changeCycle=0,cur_changeCycle=0,to_view=6
info|2019-10-25 16:56:23.396776|[g:1][CONSENSUS]addRawPrepare,height=5,reqIdx=2,hash=29991336...
info|2019-10-25 16:56:23.397393|[g:1][CONSENSUS][PBFT]checkTimeout Succ,view=6,toView=7,nodeIdx=0,changeCycle=0,myNode=65ad8782...,timecost=0.475
info|2019-10-25 16:56:23.405876|[g:1][CONSENSUS][PBFT]checkAndChangeView: Reach consensus,org_view=6,org_changeCycle=0,cur_changeCycle=0,to_view=7
info|2019-10-25 16:56:24.407356|[g:1][CONSENSUS]addRawPrepare,height=5,reqIdx=3,hash=4f86e6a3...
info|2019-10-25 16:56:24.407702|[g:1][CONSENSUS][PBFT]checkTimeout Succ,view=7,toView=8,nodeIdx=0,changeCycle=0,myNode=65ad8782...,timecost=0.257
info|2019-10-25 16:56:24.412702|[g:1][CONSENSUS][PBFT]checkAndChangeView: Reach consensus,org_view=7,org_changeCycle=0,cur_changeCycle=0,to_view=8
info|2019-10-25 16:56:25.413851|[g:1][CONSENSUS][SEALER]++++++++++++++++ Generating seal on,blkNum=5,tx=0,nodeIdx=0,hash=0eb67bfc...
info|2019-10-25 16:56:25.429298|[g:1][CONSENSUS][PBFT]checkTimeout Succ,view=8,toView=9,nodeIdx=0,changeCycle=0,myNode=65ad8782...,timecost=0.42
info|2019-10-25 16:56:25.432169|[g:1][CONSENSUS][PBFT]checkAndChangeView: Reach consensus,org_view=8,org_changeCycle=0,cur_changeCycle=0,to_view=9
info|2019-10-25 16:56:26.024861|[NETWORK][Host]P2P Recv Connect, From=127.0.0.1:58316
info|2019-10-25 16:56:26.024978|[NETWORK][Host]P2P StartAccept,Host=0.0.0.0:30303
info|2019-10-25 16:56:26.045923|[NETWORK][Host]startPeerSession, From=127.0.0.1:58316,nodeID=6ca4e435...
info|2019-10-25 16:56:26.087687|[NETWORK][Host]P2P Recv Connect, From=127.0.0.1:58318
info|2019-10-25 16:56:26.087737|[NETWORK][Host]P2P StartAccept,Host=0.0.0.0:30303
info|2019-10-25 16:56:26.095540|[NETWORK][Host]startPeerSession, From=127.0.0.1:58318,nodeID=ce7667d2...
info|2019-10-25 16:56:26.096032|[NETWORK][Host]P2P Recv Connect, From=127.0.0.1:58320
info|2019-10-25 16:56:26.096064|[NETWORK][Host]P2P StartAccept,Host=0.0.0.0:30303
info|2019-10-25 16:56:26.103780|[NETWORK][Host]startPeerSession, From=127.0.0.1:58320,nodeID=b32aa730...
info|2019-10-25 16:56:26.246657|[P2P][Service] heartBeat,connected count=3
info|2019-10-25 16:56:26.431312|[g:1][CONSENSUS]addRawPrepare,height=5,reqIdx=1,hash=3462059f...
info|2019-10-25 16:56:26.431737|[g:1][CONSENSUS][PBFT]checkTimeout Succ,view=9,toView=10,nodeIdx=0,changeCycle=0,myNode=65ad8782...,timecost=0.305
info|2019-10-25 16:56:26.442968|[g:1][CONSENSUS][PBFT]checkAndChangeView: Reach consensus,org_view=9,org_changeCycle=0,cur_changeCycle=0,to_view=10
info|2019-10-25 16:56:27.441377|[g:1][CONSENSUS]addRawPrepare,height=5,reqIdx=2,hash=fea601f6...
info|2019-10-25 16:56:27.441625|[g:1][CONSENSUS][PBFT]checkTimeout Succ,view=10,toView=11,nodeIdx=0,changeCycle=0,myNode=65ad8782...,timecost=0.182
info|2019-10-25 16:56:27.446658|[g:1][CONSENSUS][PBFT]checkAndChangeView: Reach consensus,org_view=10,org_changeCycle=0,cur_changeCycle=0,to_view=11
info|2019-10-25 16:56:28.450452|[g:1][CONSENSUS]addRawPrepare,height=5,reqIdx=3,hash=b30ce4fa...
info|2019-10-25 16:56:28.450919|[g:1][CONSENSUS][PBFT]checkTimeout Succ,view=11,toView=12,nodeIdx=0,changeCycle=0,myNode=65ad8782...,timecost=0.336
info|2019-10-25 16:56:28.460788|[g:1][CONSENSUS][PBFT]checkAndChangeView: Reach consensus,org_view=11,org_changeCycle=0,cur_changeCycle=0,to_view=12
info|2019-10-25 16:56:29.461238|[g:1][CONSENSUS][SEALER]++++++++++++++++ Generating seal on,blkNum=5,tx=0,nodeIdx=0,hash=c232598e...
info|2019-10-25 16:56:29.479726|[g:1][CONSENSUS][PBFT]checkTimeout Succ,view=12,toView=13,nodeIdx=0,changeCycle=0,myNode=65ad8782...,timecost=1.066
info|2019-10-25 16:56:29.484156|[g:1][CONSENSUS][PBFT]checkAndChangeView: Reach consensus,org_view=12,org_changeCycle=0,cur_changeCycle=0,to_view=13
info|2019-10-25 16:56:30.496505|[g:1][CONSENSUS]addRawPrepare,height=5,reqIdx=1,hash=8f8360df...
info|2019-10-25 16:56:30.497066|[g:1][CONSENSUS][PBFT]checkTimeout Succ,view=13,toView=14,nodeIdx=0,changeCycle=0,myNode=65ad8782...,timecost=0.384
info|2019-10-25 16:56:30.503342|[g:1][CONSENSUS][PBFT]checkAndChangeView: Reach consensus,org_view=13,org_changeCycle=0,cur_changeCycle=0,to_view=14
info|2019-10-25 16:56:31.509601|[g:1][CONSENSUS]addRawPrepare,height=5,reqIdx=2,hash=cdc4f716...
info|2019-10-25 16:56:31.515177|[g:1][CONSENSUS][PBFT]checkTimeout Succ,view=14,toView=15,nodeIdx=0,changeCycle=0,myNode=65ad8782...,timecost=4.671
info|2019-10-25 16:56:31.517012|[g:1][CONSENSUS][PBFT]checkAndChangeView: Reach consensus,org_view=14,org_changeCycle=0,cur_changeCycle=0,to_view=15
info|2019-10-25 16:56:32.517272|[g:1][CONSENSUS]addRawPrepare,height=5,reqIdx=3,hash=0791d519...
info|2019-10-25 16:56:32.517663|[g:1][CONSENSUS][PBFT]checkTimeout Succ,view=15,toView=16,nodeIdx=0,changeCycle=0,myNode=65ad8782...,timecost=0.304
info|2019-10-25 16:56:32.523274|[g:1][CONSENSUS][PBFT]checkAndChangeView: Reach consensus,org_view=15,org_changeCycle=0,cur_changeCycle=0,to_view=16
info|2019-10-25 16:56:33.525100|[g:1][CONSENSUS][SEALER]++++++++++++++++ Generating seal on,blkNum=5,tx=0,nodeIdx=0,hash=ccf6ce7a...
info|2019-10-25 16:56:33.533174|[g:1][CONSENSUS][PBFT]checkTimeout Succ,view=16,toView=17,nodeIdx=0,changeCycle=0,myNode=65ad8782...,timecost=0.287
info|2019-10-25 16:56:33.534613|[g:1][CONSENSUS][PBFT]checkAndChangeView: Reach consensus,org_view=16,org_changeCycle=0,cur_changeCycle=0,to_view=17
info|2019-10-25 16:56:34.532586|[g:1][CONSENSUS]addRawPrepare,height=5,reqIdx=1,hash=fdca25e6...
info|2019-10-25 16:56:34.537442|[g:1][CONSENSUS][PBFT]checkTimeout Succ,view=17,toView=18,nodeIdx=0,changeCycle=0,myNode=65ad8782...,timecost=1.677
info|2019-10-25 16:56:34.540747|[g:1][CONSENSUS][PBFT]checkAndChangeView: Reach consensus,org_view=17,org_changeCycle=0,cur_changeCycle=0,to_view=18
info|2019-10-25 16:56:35.537182|[g:1][CONSENSUS]addRawPrepare,height=5,reqIdx=2,hash=11a3b730...
info|2019-10-25 16:56:35.537530|[g:1][CONSENSUS][PBFT]checkTimeout Succ,view=18,toView=19,nodeIdx=0,changeCycle=0,myNode=65ad8782...,timecost=0.264
info|2019-10-25 16:56:35.542955|[g:1][CONSENSUS][PBFT]checkAndChangeView: Reach consensus,org_view=18,org_changeCycle=0,cur_changeCycle=0,to_view=19
info|2019-10-25 16:56:36.246826|[P2P][Service] heartBeat,connected count=3
info|2019-10-25 16:56:36.544050|[g:1][CONSENSUS]addRawPrepare,height=5,reqIdx=3,hash=3f00898c...
info|2019-10-25 16:56:36.544313|[g:1][CONSENSUS][PBFT]checkTimeout Succ,view=19,toView=20,nodeIdx=0,changeCycle=0,myNode=65ad8782...,timecost=0.182
info|2019-10-25 16:56:36.558237|[g:1][CONSENSUS][PBFT]checkAndChangeView: Reach consensus,org_view=19,org_changeCycle=0,cur_changeCycle=0,to_view=20
info|2019-10-25 16:56:37.558879|[g:1][CONSENSUS][SEALER]++++++++++++++++ Generating seal on,blkNum=5,tx=0,nodeIdx=0,hash=aa7abfd9...
info|2019-10-25 16:56:37.567099|[g:1][CONSENSUS][PBFT]checkTimeout Succ,view=20,toView=21,nodeIdx=0,changeCycle=0,myNode=65ad8782...,timecost=0.24
info|2019-10-25 16:56:37.568061|[g:1][CONSENSUS][PBFT]checkAndChangeView: Reach consensus,org_view=20,org_changeCycle=0,cur_changeCycle=0,to_view=21
info|2019-10-25 16:56:38.567087|[g:1][CONSENSUS]addRawPrepare,height=5,reqIdx=1,hash=dfbbbc58...
info|2019-10-25 16:56:38.567683|[g:1][CONSENSUS][PBFT]checkTimeout Succ,view=21,toView=22,nodeIdx=0,changeCycle=0,myNode=65ad8782...,timecost=0.468
info|2019-10-25 16:56:38.575267|[g:1][CONSENSUS][PBFT]checkAndChangeView: Reach consensus,org_view=21,org_changeCycle=0,cur_changeCycle=0,to_view=22
info|2019-10-25 16:56:39.578003|[g:1][CONSENSUS]addRawPrepare,height=5,reqIdx=2,hash=9cc535f3...
info|2019-10-25 16:56:39.578657|[g:1][CONSENSUS][PBFT]checkTimeout Succ,view=22,toView=23,nodeIdx=0,changeCycle=0,myNode=65ad8782...,timecost=0.409
info|2019-10-25 16:56:39.585214|[g:1][CONSENSUS][PBFT]checkAndChangeView: Reach consensus,org_view=22,org_changeCycle=0,cur_changeCycle=0,to_view=23
info|2019-10-25 16:56:40.587172|[g:1][CONSENSUS]addRawPrepare,height=5,reqIdx=3,hash=5616d196...
info|2019-10-25 16:56:40.587468|[g:1][CONSENSUS][PBFT]checkTimeout Succ,view=23,toView=24,nodeIdx=0,changeCycle=0,myNode=65ad8782...,timecost=0.232
info|2019-10-25 16:56:40.597971|[g:1][CONSENSUS][PBFT]checkAndChangeView: Reach consensus,org_view=23,org_changeCycle=0,cur_changeCycle=0,to_view=24
info|2019-10-25 16:56:41.598640|[g:1][CONSENSUS][SEALER]++++++++++++++++ Generating seal on,blkNum=5,tx=0,nodeIdx=0,hash=29f6dd96...
info|2019-10-25 16:56:41.612560|[g:1][CONSENSUS][PBFT]checkTimeout Succ,view=24,toView=25,nodeIdx=0,changeCycle=0,myNode=65ad8782...,timecost=0.29
info|2019-10-25 16:56:41.613650|[g:1][CONSENSUS][PBFT]checkAndChangeView: Reach consensus,org_view=24,org_changeCycle=0,cur_changeCycle=0,to_view=25
info|2019-10-25 16:56:42.609284|[g:1][CONSENSUS]addRawPrepare,height=5,reqIdx=1,hash=4b18625d...
info|2019-10-25 16:56:42.609744|[g:1][CONSENSUS][PBFT]checkTimeout Succ,view=25,toView=26,nodeIdx=0,changeCycle=0,myNode=65ad8782...,timecost=0.356
info|2019-10-25 16:56:42.617403|[g:1][CONSENSUS][PBFT]checkAndChangeView: Reach consensus,org_view=25,org_changeCycle=0,cur_changeCycle=0,to_view=26
info|2019-10-25 16:56:43.618750|[g:1][CONSENSUS]addRawPrepare,height=5,reqIdx=2,hash=a415fb5a...
info|2019-10-25 16:56:43.619041|[g:1][CONSENSUS][PBFT]checkTimeout Succ,view=26,toView=27,nodeIdx=0,changeCycle=0,myNode=65ad8782...,timecost=0.23
info|2019-10-25 16:56:43.622977|[g:1][CONSENSUS][PBFT]checkAndChangeView: Reach consensus,org_view=26,org_changeCycle=0,cur_changeCycle=0,to_view=27
info|2019-10-25 16:56:44.622833|[g:1][CONSENSUS]addRawPrepare,height=5,reqIdx=3,hash=7da75e24...
info|2019-10-25 16:56:44.625147|[g:1][CONSENSUS][PBFT]checkTimeout Succ,view=27,toView=28,nodeIdx=0,changeCycle=0,myNode=65ad8782...,timecost=2.254
info|2019-10-25 16:56:44.627797|[g:1][CONSENSUS][PBFT]checkAndChangeView: Reach consensus,org_view=27,org_changeCycle=0,cur_changeCycle=0,to_view=28
info|2019-10-25 16:56:45.628263|[g:1][CONSENSUS][SEALER]++++++++++++++++ Generating seal on,blkNum=5,tx=0,nodeIdx=0,hash=1793fb71...
info|2019-10-25 16:56:45.640547|[g:1][CONSENSUS][PBFT]checkTimeout Succ,view=28,toView=29,nodeIdx=0,changeCycle=0,myNode=65ad8782...,timecost=0.408
info|2019-10-25 16:56:45.642230|[g:1][CONSENSUS][PBFT]checkAndChangeView: Reach consensus,org_view=28,org_changeCycle=0,cur_changeCycle=0,to_view=29
info|2019-10-25 16:56:46.246928|[P2P][Service] heartBeat,connected count=3
info|2019-10-25 16:56:46.641391|[g:1][CONSENSUS]addRawPrepare,height=5,reqIdx=1,hash=d4186ec8...
info|2019-10-25 16:56:46.641775|[g:1][CONSENSUS][PBFT]checkTimeout Succ,view=29,toView=30,nodeIdx=0,changeCycle=0,myNode=65ad8782...,timecost=0.26
info|2019-10-25 16:56:46.647713|[g:1][CONSENSUS][PBFT]checkAndChangeView: Reach consensus,org_view=29,org_changeCycle=0,cur_changeCycle=0,to_view=30
info|2019-10-25 16:56:47.648288|[g:1][CONSENSUS]addRawPrepare,height=5,reqIdx=2,hash=2277d58d...
info|2019-10-25 16:56:47.648578|[g:1][CONSENSUS][PBFT]checkTimeout Succ,view=30,toView=31,nodeIdx=0,changeCycle=0,myNode=65ad8782...,timecost=0.223
info|2019-10-25 16:56:47.653628|[g:1][CONSENSUS][PBFT]checkAndChangeView: Reach consensus,org_view=30,org_changeCycle=0,cur_changeCycle=0,to_view=31
info|2019-10-25 16:56:48.656137|[g:1][CONSENSUS]addRawPrepare,height=5,reqIdx=3,hash=02a5c6dc...
info|2019-10-25 16:56:48.656558|[g:1][CONSENSUS][PBFT]checkTimeout Succ,view=31,toView=32,nodeIdx=0,changeCycle=0,myNode=65ad8782...,timecost=0.314
info|2019-10-25 16:56:48.662647|[g:1][CONSENSUS][PBFT]checkAndChangeView: Reach consensus,org_view=31,org_changeCycle=0,cur_changeCycle=0,to_view=32
info|2019-10-25 16:56:49.664317|[g:1][CONSENSUS][SEALER]++++++++++++++++ Generating seal on,blkNum=5,tx=0,nodeIdx=0,hash=690a8ba7...
info|2019-10-25 16:56:49.674765|[g:1][CONSENSUS][PBFT]checkTimeout Succ,view=32,toView=33,nodeIdx=0,changeCycle=0,myNode=65ad8782...,timecost=0.19
info|2019-10-25 16:56:49.675606|[g:1][CONSENSUS][PBFT]checkAndChangeView: Reach consensus,org_view=32,org_changeCycle=0,cur_changeCycle=0,to_view=33
info|2019-10-25 16:56:50.674360|[g:1][CONSENSUS]addRawPrepare,height=5,reqIdx=1,hash=d9c6c285...
info|2019-10-25 16:56:50.678242|[g:1][CONSENSUS][PBFT]checkTimeout Succ,view=33,toView=34,nodeIdx=0,changeCycle=0,myNode=65ad8782...,timecost=3.752
info|2019-10-25 16:56:50.679322|[g:1][CONSENSUS][PBFT]checkAndChangeView: Reach consensus,org_view=33,org_changeCycle=0,cur_changeCycle=0,to_view=34
info|2019-10-25 16:56:51.682677|[g:1][CONSENSUS]addRawPrepare,height=5,reqIdx=2,hash=f0e9b71f...
info|2019-10-25 16:56:51.683015|[g:1][CONSENSUS][PBFT]checkTimeout Succ,view=34,toView=35,nodeIdx=0,changeCycle=0,myNode=65ad8782...,timecost=0.254
info|2019-10-25 16:56:51.689321|[g:1][CONSENSUS][PBFT]checkAndChangeView: Reach consensus,org_view=34,org_changeCycle=0,cur_changeCycle=0,to_view=35
info|2019-10-25 16:56:52.690228|[g:1][CONSENSUS]addRawPrepare,height=5,reqIdx=3,hash=e9f9f101...
info|2019-10-25 16:56:52.690477|[g:1][CONSENSUS][PBFT]checkTimeout Succ,view=35,toView=36,nodeIdx=0,changeCycle=0,myNode=65ad8782...,timecost=0.181
info|2019-10-25 16:56:52.695975|[g:1][CONSENSUS][PBFT]checkAndChangeView: Reach consensus,org_view=35,org_changeCycle=0,cur_changeCycle=0,to_view=36
info|2019-10-25 16:56:53.697876|[g:1][CONSENSUS][SEALER]++++++++++++++++ Generating seal on,blkNum=5,tx=0,nodeIdx=0,hash=54e3e4fd...
info|2019-10-25 16:56:53.701086|[g:1][CONSENSUS][PBFT]checkTimeout Succ,view=36,toView=37,nodeIdx=0,changeCycle=0,myNode=65ad8782...,timecost=0.187
info|2019-10-25 16:56:53.701591|[g:1][CONSENSUS][PBFT]checkAndChangeView: Reach consensus,org_view=36,org_changeCycle=0,cur_changeCycle=0,to_view=37
info|2019-10-25 16:56:54.706589|[g:1][CONSENSUS]addRawPrepare,height=5,reqIdx=1,hash=00ddfdfe...
info|2019-10-25 16:56:54.706879|[g:1][CONSENSUS][PBFT]checkTimeout Succ,view=37,toView=38,nodeIdx=0,changeCycle=0,myNode=65ad8782...,timecost=0.184
info|2019-10-25 16:56:54.712022|[g:1][CONSENSUS][PBFT]checkAndChangeView: Reach consensus,org_view=37,org_changeCycle=0,cur_changeCycle=0,to_view=38
info|2019-10-25 16:56:55.716975|[g:1][CONSENSUS]addRawPrepare,height=5,reqIdx=2,hash=0e9c4de3...
info|2019-10-25 16:56:55.717322|[g:1][CONSENSUS][PBFT]checkTimeout Succ,view=38,toView=39,nodeIdx=0,changeCycle=0,myNode=65ad8782...,timecost=0.262
info|2019-10-25 16:56:55.721996|[g:1][CONSENSUS][PBFT]checkAndChangeView: Reach consensus,org_view=38,org_changeCycle=0,cur_changeCycle=0,to_view=39
info|2019-10-25 16:56:56.247094|[P2P][Service] heartBeat,connected count=3
info|2019-10-25 16:56:56.731107|[g:1][CONSENSUS]addRawPrepare,height=5,reqIdx=3,hash=e598c0f2...
info|2019-10-25 16:56:56.731351|[g:1][CONSENSUS][PBFT]checkTimeout Succ,view=39,toView=40,nodeIdx=0,changeCycle=0,myNode=65ad8782...,timecost=0.183
info|2019-10-25 16:56:56.739511|[g:1][CONSENSUS][PBFT]checkAndChangeView: Reach consensus,org_view=39,org_changeCycle=0,cur_changeCycle=0,to_view=40
info|2019-10-25 16:56:57.739911|[g:1][CONSENSUS][SEALER]++++++++++++++++ Generating seal on,blkNum=5,tx=0,nodeIdx=0,hash=65a88ac3...
info|2019-10-25 16:56:57.740555|[g:1][CONSENSUS][PBFT]checkTimeout Succ,view=40,toView=41,nodeIdx=0,changeCycle=0,myNode=65ad8782...,timecost=0.187
info|2019-10-25 16:56:57.744568|[g:1][CONSENSUS][PBFT]checkAndChangeView: Reach consensus,org_view=40,org_changeCycle=0,cur_changeCycle=0,to_view=41
info|2019-10-25 16:56:58.746852|[g:1][CONSENSUS]addRawPrepare,height=5,reqIdx=1,hash=924f945c...
info|2019-10-25 16:56:58.747123|[g:1][CONSENSUS][PBFT]checkTimeout Succ,view=41,toView=42,nodeIdx=0,changeCycle=0,myNode=65ad8782...,timecost=0.199
info|2019-10-25 16:56:58.750409|[g:1][CONSENSUS][PBFT]checkAndChangeView: Reach consensus,org_view=41,org_changeCycle=0,cur_changeCycle=0,to_view=42
info|2019-10-25 16:56:59.752196|[g:1][CONSENSUS]addRawPrepare,height=5,reqIdx=2,hash=3d65f205...
info|2019-10-25 16:56:59.752450|[g:1][CONSENSUS][PBFT]checkTimeout Succ,view=42,toView=43,nodeIdx=0,changeCycle=0,myNode=65ad8782...,timecost=0.19
info|2019-10-25 16:56:59.756207|[g:1][CONSENSUS][PBFT]checkAndChangeView: Reach consensus,org_view=42,org_changeCycle=0,cur_changeCycle=0,to_view=43
info|2019-10-25 16:57:00.756117|[g:1][CONSENSUS]addRawPrepare,height=5,reqIdx=3,hash=238095c1...
info|2019-10-25 16:57:00.756455|[g:1][CONSENSUS][PBFT]checkTimeout Succ,view=43,toView=44,nodeIdx=0,changeCycle=0,myNode=65ad8782...,timecost=0.278
info|2019-10-25 16:57:00.760583|[g:1][CONSENSUS][PBFT]checkAndChangeView: Reach consensus,org_view=43,org_changeCycle=0,cur_changeCycle=0,to_view=44
info|2019-10-25 16:57:01.296020|[NETWORK][Session]Received topic: [1	_block_notify_1] from 6ca4e4357f23c00305438a231da700dcbe1a73f0153100973f897df746d8c1a215b9abd1167614a8cb5f88b7e9d4c3ed8fa9c08b4e72983d5704f052e0f07171
info|2019-10-25 16:57:01.762158|[g:1][CONSENSUS][SEALER]++++++++++++++++ Generating seal on,blkNum=5,tx=0,nodeIdx=0,hash=bd7da2ee...
info|2019-10-25 16:57:01.770098|[g:1][CONSENSUS][PBFT]checkTimeout Succ,view=44,toView=45,nodeIdx=0,changeCycle=0,myNode=65ad8782...,timecost=0.217
info|2019-10-25 16:57:01.771156|[g:1][CONSENSUS][PBFT]checkAndChangeView: Reach consensus,org_view=44,org_changeCycle=0,cur_changeCycle=0,to_view=45
info|2019-10-25 16:57:02.769069|[g:1][CONSENSUS]addRawPrepare,height=5,reqIdx=1,hash=5f6c9ee6...
info|2019-10-25 16:57:02.769374|[g:1][CONSENSUS][PBFT]checkTimeout Succ,view=45,toView=46,nodeIdx=0,changeCycle=0,myNode=65ad8782...,timecost=0.224
info|2019-10-25 16:57:02.774864|[g:1][CONSENSUS][PBFT]checkAndChangeView: Reach consensus,org_view=45,org_changeCycle=0,cur_changeCycle=0,to_view=46
info|2019-10-25 16:57:03.777889|[g:1][CONSENSUS]addRawPrepare,height=5,reqIdx=2,hash=6456bb44...
info|2019-10-25 16:57:03.778363|[g:1][CONSENSUS][PBFT]checkTimeout Succ,view=46,toView=47,nodeIdx=0,changeCycle=0,myNode=65ad8782...,timecost=0.343
info|2019-10-25 16:57:03.783381|[g:1][CONSENSUS][PBFT]checkAndChangeView: Reach consensus,org_view=46,org_changeCycle=0,cur_changeCycle=0,to_view=47
info|2019-10-25 16:57:04.783651|[g:1][CONSENSUS]addRawPrepare,height=5,reqIdx=3,hash=1da3844b...
info|2019-10-25 16:57:04.783931|[g:1][CONSENSUS][PBFT]checkTimeout Succ,view=47,toView=48,nodeIdx=0,changeCycle=0,myNode=65ad8782...,timecost=0.197
info|2019-10-25 16:57:04.787459|[g:1][CONSENSUS][PBFT]checkAndChangeView: Reach consensus,org_view=47,org_changeCycle=0,cur_changeCycle=0,to_view=48
info|2019-10-25 16:57:05.788520|[g:1][CONSENSUS][SEALER]++++++++++++++++ Generating seal on,blkNum=5,tx=0,nodeIdx=0,hash=e08714fb...
info|2019-10-25 16:57:05.806331|[g:1][CONSENSUS][PBFT]checkTimeout Succ,view=48,toView=49,nodeIdx=0,changeCycle=0,myNode=65ad8782...,timecost=0.271
info|2019-10-25 16:57:05.808352|[g:1][CONSENSUS][PBFT]checkAndChangeView: Reach consensus,org_view=48,org_changeCycle=0,cur_changeCycle=0,to_view=49
info|2019-10-25 16:57:06.247158|[P2P][Service] heartBeat,connected count=3
info|2019-10-25 16:57:06.814210|[g:1][CONSENSUS]addRawPrepare,height=5,reqIdx=1,hash=17ba5b3e...
info|2019-10-25 16:57:06.814450|[g:1][CONSENSUS][PBFT]checkTimeout Succ,view=49,toView=50,nodeIdx=0,changeCycle=0,myNode=65ad8782...,timecost=0.176
info|2019-10-25 16:57:06.817087|[g:1][CONSENSUS][PBFT]checkAndChangeView: Reach consensus,org_view=49,org_changeCycle=0,cur_changeCycle=0,to_view=50
info|2019-10-25 16:57:07.820169|[g:1][CONSENSUS]addRawPrepare,height=5,reqIdx=2,hash=a2afa3ad...
info|2019-10-25 16:57:07.823113|[g:1][CONSENSUS][PBFT]checkTimeout Succ,view=50,toView=51,nodeIdx=0,changeCycle=0,myNode=65ad8782...,timecost=2.878
info|2019-10-25 16:57:07.823988|[g:1][CONSENSUS][PBFT]checkAndChangeView: Reach consensus,org_view=50,org_changeCycle=0,cur_changeCycle=0,to_view=51
info|2019-10-25 16:57:08.837365|[g:1][CONSENSUS]addRawPrepare,height=5,reqIdx=3,hash=5a8fc62e...
info|2019-10-25 16:57:08.837603|[g:1][CONSENSUS][PBFT]checkTimeout Succ,view=51,toView=52,nodeIdx=0,changeCycle=0,myNode=65ad8782...,timecost=0.176
info|2019-10-25 16:57:08.840436|[g:1][CONSENSUS][PBFT]checkAndChangeView: Reach consensus,org_view=51,org_changeCycle=0,cur_changeCycle=0,to_view=52
info|2019-10-25 16:57:09.841414|[g:1][CONSENSUS][SEALER]++++++++++++++++ Generating seal on,blkNum=5,tx=0,nodeIdx=0,hash=19adc81f...
info|2019-10-25 16:57:09.848330|[g:1][CONSENSUS][PBFT]checkTimeout Succ,view=52,toView=53,nodeIdx=0,changeCycle=0,myNode=65ad8782...,timecost=0.217
info|2019-10-25 16:57:09.849311|[g:1][CONSENSUS][PBFT]checkAndChangeView: Reach consensus,org_view=52,org_changeCycle=0,cur_changeCycle=0,to_view=53
info|2019-10-25 16:57:10.848853|[g:1][CONSENSUS]addRawPrepare,height=5,reqIdx=1,hash=7860e57b...
info|2019-10-25 16:57:10.849121|[g:1][CONSENSUS][PBFT]checkTimeout Succ,view=53,toView=54,nodeIdx=0,changeCycle=0,myNode=65ad8782...,timecost=0.18
info|2019-10-25 16:57:10.852280|[g:1][CONSENSUS][PBFT]checkAndChangeView: Reach consensus,org_view=53,org_changeCycle=0,cur_changeCycle=0,to_view=54
info|2019-10-25 16:57:11.853527|[g:1][CONSENSUS]addRawPrepare,height=5,reqIdx=2,hash=d722e347...
info|2019-10-25 16:57:11.854072|[g:1][CONSENSUS][PBFT]checkTimeout Succ,view=54,toView=55,nodeIdx=0,changeCycle=0,myNode=65ad8782...,timecost=0.393
info|2019-10-25 16:57:11.859053|[g:1][CONSENSUS][PBFT]checkAndChangeView: Reach consensus,org_view=54,org_changeCycle=0,cur_changeCycle=0,to_view=55
info|2019-10-25 16:57:12.859874|[g:1][CONSENSUS]addRawPrepare,height=5,reqIdx=3,hash=66d8841b...
info|2019-10-25 16:57:12.860204|[g:1][CONSENSUS][PBFT]checkTimeout Succ,view=55,toView=56,nodeIdx=0,changeCycle=0,myNode=65ad8782...,timecost=0.246
info|2019-10-25 16:57:12.863825|[g:1][CONSENSUS][PBFT]checkAndChangeView: Reach consensus,org_view=55,org_changeCycle=0,cur_changeCycle=0,to_view=56
info|2019-10-25 16:57:13.865381|[g:1][CONSENSUS][SEALER]++++++++++++++++ Generating seal on,blkNum=5,tx=0,nodeIdx=0,hash=9fb4dff7...
info|2019-10-25 16:57:13.871925|[g:1][CONSENSUS][PBFT]checkTimeout Succ,view=56,toView=57,nodeIdx=0,changeCycle=0,myNode=65ad8782...,timecost=0.302
info|2019-10-25 16:57:13.873158|[g:1][CONSENSUS][PBFT]checkAndChangeView: Reach consensus,org_view=56,org_changeCycle=0,cur_changeCycle=0,to_view=57
info|2019-10-25 16:57:14.871617|[g:1][CONSENSUS]addRawPrepare,height=5,reqIdx=1,hash=e668d437...
info|2019-10-25 16:57:14.871862|[g:1][CONSENSUS][PBFT]checkTimeout Succ,view=57,toView=58,nodeIdx=0,changeCycle=0,myNode=65ad8782...,timecost=0.179
info|2019-10-25 16:57:14.875842|[g:1][CONSENSUS][PBFT]checkAndChangeView: Reach consensus,org_view=57,org_changeCycle=0,cur_changeCycle=0,to_view=58
info|2019-10-25 16:57:15.877233|[g:1][CONSENSUS]addRawPrepare,height=5,reqIdx=2,hash=032c26f6...
info|2019-10-25 16:57:15.877528|[g:1][CONSENSUS][PBFT]checkTimeout Succ,view=58,toView=59,nodeIdx=0,changeCycle=0,myNode=65ad8782...,timecost=0.225
info|2019-10-25 16:57:15.882702|[g:1][CONSENSUS][PBFT]checkAndChangeView: Reach consensus,org_view=58,org_changeCycle=0,cur_changeCycle=0,to_view=59
info|2019-10-25 16:57:16.247235|[P2P][Service] heartBeat,connected count=3
info|2019-10-25 16:57:16.887133|[g:1][CONSENSUS]addRawPrepare,height=5,reqIdx=3,hash=9f2c1cec...
info|2019-10-25 16:57:16.887389|[g:1][CONSENSUS][PBFT]checkTimeout Succ,view=59,toView=60,nodeIdx=0,changeCycle=0,myNode=65ad8782...,timecost=0.23
info|2019-10-25 16:57:16.890864|[g:1][CONSENSUS][PBFT]checkAndChangeView: Reach consensus,org_view=59,org_changeCycle=0,cur_changeCycle=0,to_view=60
info|2019-10-25 16:57:17.891712|[g:1][CONSENSUS][SEALER]++++++++++++++++ Generating seal on,blkNum=5,tx=0,nodeIdx=0,hash=7b96a43a...
info|2019-10-25 16:57:17.899802|[g:1][CONSENSUS][PBFT]checkTimeout Succ,view=60,toView=61,nodeIdx=0,changeCycle=0,myNode=65ad8782...,timecost=0.271
info|2019-10-25 16:57:17.901047|[g:1][CONSENSUS][PBFT]checkAndChangeView: Reach consensus,org_view=60,org_changeCycle=0,cur_changeCycle=0,to_view=61
info|2019-10-25 16:57:18.901480|[g:1][CONSENSUS]addRawPrepare,height=5,reqIdx=1,hash=7e503e52...
info|2019-10-25 16:57:18.902069|[g:1][CONSENSUS][PBFT]checkTimeout Succ,view=61,toView=62,nodeIdx=0,changeCycle=0,myNode=65ad8782...,timecost=0.447
info|2019-10-25 16:57:18.910849|[g:1][CONSENSUS][PBFT]checkAndChangeView: Reach consensus,org_view=61,org_changeCycle=0,cur_changeCycle=0,to_view=62
info|2019-10-25 16:57:19.913560|[g:1][CONSENSUS]addRawPrepare,height=5,reqIdx=2,hash=29709df3...
info|2019-10-25 16:57:19.913915|[g:1][CONSENSUS][PBFT]checkTimeout Succ,view=62,toView=63,nodeIdx=0,changeCycle=0,myNode=65ad8782...,timecost=0.243
info|2019-10-25 16:57:19.918048|[g:1][CONSENSUS][PBFT]checkAndChangeView: Reach consensus,org_view=62,org_changeCycle=0,cur_changeCycle=0,to_view=63
info|2019-10-25 16:57:20.921174|[g:1][CONSENSUS]addRawPrepare,height=5,reqIdx=3,hash=5e6fae2f...
info|2019-10-25 16:57:20.927975|[g:1][CONSENSUS][PBFT]checkTimeout Succ,view=63,toView=64,nodeIdx=0,changeCycle=0,myNode=65ad8782...,timecost=6.608
info|2019-10-25 16:57:20.931534|[g:1][CONSENSUS][PBFT]checkAndChangeView: Reach consensus,org_view=63,org_changeCycle=0,cur_changeCycle=0,to_view=64
info|2019-10-25 16:57:21.934141|[g:1][CONSENSUS][SEALER]++++++++++++++++ Generating seal on,blkNum=5,tx=0,nodeIdx=0,hash=55ac1867...
info|2019-10-25 16:57:21.945650|[g:1][CONSENSUS][PBFT]checkTimeout Succ,view=64,toView=65,nodeIdx=0,changeCycle=0,myNode=65ad8782...,timecost=0.284
info|2019-10-25 16:57:21.946984|[g:1][CONSENSUS][PBFT]checkAndChangeView: Reach consensus,org_view=64,org_changeCycle=0,cur_changeCycle=0,to_view=65
info|2019-10-25 16:57:22.938239|[g:1][CONSENSUS]addRawPrepare,height=5,reqIdx=1,hash=38436ca0...
info|2019-10-25 16:57:22.938816|[g:1][CONSENSUS][PBFT]checkTimeout Succ,view=65,toView=66,nodeIdx=0,changeCycle=0,myNode=65ad8782...,timecost=0.423
info|2019-10-25 16:57:22.945378|[g:1][CONSENSUS][PBFT]checkAndChangeView: Reach consensus,org_view=65,org_changeCycle=0,cur_changeCycle=0,to_view=66
info|2019-10-25 16:57:23.946857|[g:1][CONSENSUS]addRawPrepare,height=5,reqIdx=2,hash=4ea275ea...
info|2019-10-25 16:57:23.947406|[g:1][CONSENSUS][PBFT]checkTimeout Succ,view=66,toView=67,nodeIdx=0,changeCycle=0,myNode=65ad8782...,timecost=0.383
info|2019-10-25 16:57:23.952860|[g:1][CONSENSUS][PBFT]checkAndChangeView: Reach consensus,org_view=66,org_changeCycle=0,cur_changeCycle=0,to_view=67
info|2019-10-25 16:57:24.953095|[g:1][CONSENSUS]addRawPrepare,height=5,reqIdx=3,hash=2a2d7904...
info|2019-10-25 16:57:24.953335|[g:1][CONSENSUS][PBFT]checkTimeout Succ,view=67,toView=68,nodeIdx=0,changeCycle=0,myNode=65ad8782...,timecost=0.179
info|2019-10-25 16:57:24.959674|[g:1][CONSENSUS][PBFT]checkAndChangeView: Reach consensus,org_view=67,org_changeCycle=0,cur_changeCycle=0,to_view=68
info|2019-10-25 16:57:25.960237|[g:1][CONSENSUS][SEALER]++++++++++++++++ Generating seal on,blkNum=5,tx=0,nodeIdx=0,hash=cc5de200...
info|2019-10-25 16:57:25.965883|[g:1][CONSENSUS][PBFT]checkTimeout Succ,view=68,toView=69,nodeIdx=0,changeCycle=0,myNode=65ad8782...,timecost=0.205
info|2019-10-25 16:57:25.966634|[g:1][CONSENSUS][PBFT]checkAndChangeView: Reach consensus,org_view=68,org_changeCycle=0,cur_changeCycle=0,to_view=69
info|2019-10-25 16:57:26.248137|[P2P][Service] heartBeat,connected count=3
info|2019-10-25 16:57:26.967716|[g:1][CONSENSUS]addRawPrepare,height=5,reqIdx=1,hash=31ae7fa8...
info|2019-10-25 16:57:26.968024|[g:1][CONSENSUS][PBFT]checkTimeout Succ,view=69,toView=70,nodeIdx=0,changeCycle=0,myNode=65ad8782...,timecost=0.24
info|2019-10-25 16:57:26.971883|[g:1][CONSENSUS][PBFT]checkAndChangeView: Reach consensus,org_view=69,org_changeCycle=0,cur_changeCycle=0,to_view=70
info|2019-10-25 16:57:27.974139|[g:1][CONSENSUS]addRawPrepare,height=5,reqIdx=2,hash=8b18dd1a...
info|2019-10-25 16:57:27.974454|[g:1][CONSENSUS][PBFT]checkTimeout Succ,view=70,toView=71,nodeIdx=0,changeCycle=0,myNode=65ad8782...,timecost=0.23
info|2019-10-25 16:57:27.978008|[g:1][CONSENSUS][PBFT]checkAndChangeView: Reach consensus,org_view=70,org_changeCycle=0,cur_changeCycle=0,to_view=71
info|2019-10-25 16:57:28.980970|[g:1][CONSENSUS]addRawPrepare,height=5,reqIdx=3,hash=ef5a56fc...
info|2019-10-25 16:57:28.981388|[g:1][CONSENSUS][PBFT]checkTimeout Succ,view=71,toView=72,nodeIdx=0,changeCycle=0,myNode=65ad8782...,timecost=0.325
info|2019-10-25 16:57:28.986960|[g:1][CONSENSUS][PBFT]checkAndChangeView: Reach consensus,org_view=71,org_changeCycle=0,cur_changeCycle=0,to_view=72
info|2019-10-25 16:57:29.987951|[g:1][CONSENSUS][SEALER]++++++++++++++++ Generating seal on,blkNum=5,tx=0,nodeIdx=0,hash=f33a7562...
info|2019-10-25 16:57:29.994131|[g:1][CONSENSUS][PBFT]checkTimeout Succ,view=72,toView=73,nodeIdx=0,changeCycle=0,myNode=65ad8782...,timecost=0.183
info|2019-10-25 16:57:29.995176|[g:1][CONSENSUS][PBFT]checkAndChangeView: Reach consensus,org_view=72,org_changeCycle=0,cur_changeCycle=0,to_view=73
info|2019-10-25 16:57:30.994433|[g:1][CONSENSUS]addRawPrepare,height=5,reqIdx=1,hash=8708fbfd...
info|2019-10-25 16:57:30.994876|[g:1][CONSENSUS][PBFT]checkTimeout Succ,view=73,toView=74,nodeIdx=0,changeCycle=0,myNode=65ad8782...,timecost=0.34
info|2019-10-25 16:57:31.002169|[g:1][CONSENSUS][PBFT]checkAndChangeView: Reach consensus,org_view=73,org_changeCycle=0,cur_changeCycle=0,to_view=74
info|2019-10-25 16:57:32.003045|[g:1][CONSENSUS]addRawPrepare,height=5,reqIdx=2,hash=33a14ad1...
info|2019-10-25 16:57:32.003326|[g:1][CONSENSUS][PBFT]checkTimeout Succ,view=74,toView=75,nodeIdx=0,changeCycle=0,myNode=65ad8782...,timecost=0.204
info|2019-10-25 16:57:32.007355|[g:1][CONSENSUS][PBFT]checkAndChangeView: Reach consensus,org_view=74,org_changeCycle=0,cur_changeCycle=0,to_view=75
info|2019-10-25 16:57:33.010861|[g:1][CONSENSUS]addRawPrepare,height=5,reqIdx=3,hash=037e51e4...
info|2019-10-25 16:57:33.011124|[g:1][CONSENSUS][PBFT]checkTimeout Succ,view=75,toView=76,nodeIdx=0,changeCycle=0,myNode=65ad8782...,timecost=0.177
info|2019-10-25 16:57:33.014633|[g:1][CONSENSUS][PBFT]checkAndChangeView: Reach consensus,org_view=75,org_changeCycle=0,cur_changeCycle=0,to_view=76
info|2019-10-25 16:57:34.014947|[g:1][CONSENSUS][SEALER]++++++++++++++++ Generating seal on,blkNum=5,tx=0,nodeIdx=0,hash=500c909b...
info|2019-10-25 16:57:34.023417|[g:1][CONSENSUS][PBFT]checkTimeout Succ,view=76,toView=77,nodeIdx=0,changeCycle=0,myNode=65ad8782...,timecost=0.318
info|2019-10-25 16:57:34.025061|[g:1][CONSENSUS][PBFT]checkAndChangeView: Reach consensus,org_view=76,org_changeCycle=0,cur_changeCycle=0,to_view=77
info|2019-10-25 16:57:35.023260|[g:1][CONSENSUS]addRawPrepare,height=5,reqIdx=1,hash=b36d6f8c...
info|2019-10-25 16:57:35.023563|[g:1][CONSENSUS][PBFT]checkTimeout Succ,view=77,toView=78,nodeIdx=0,changeCycle=0,myNode=65ad8782...,timecost=0.202
info|2019-10-25 16:57:35.027296|[g:1][CONSENSUS][PBFT]checkAndChangeView: Reach consensus,org_view=77,org_changeCycle=0,cur_changeCycle=0,to_view=78
info|2019-10-25 16:57:36.028870|[g:1][CONSENSUS]addRawPrepare,height=5,reqIdx=2,hash=8b1eb5ec...
info|2019-10-25 16:57:36.029165|[g:1][CONSENSUS][PBFT]checkTimeout Succ,view=78,toView=79,nodeIdx=0,changeCycle=0,myNode=65ad8782...,timecost=0.184
info|2019-10-25 16:57:36.033135|[g:1][CONSENSUS][PBFT]checkAndChangeView: Reach consensus,org_view=78,org_changeCycle=0,cur_changeCycle=0,to_view=79
info|2019-10-25 16:57:36.248207|[P2P][Service] heartBeat,connected count=3
info|2019-10-25 16:57:37.036828|[g:1][CONSENSUS]addRawPrepare,height=5,reqIdx=3,hash=db2f8dd2...
info|2019-10-25 16:57:37.037339|[g:1][CONSENSUS][PBFT]checkTimeout Succ,view=79,toView=80,nodeIdx=0,changeCycle=0,myNode=65ad8782...,timecost=0.391
info|2019-10-25 16:57:37.047611|[g:1][CONSENSUS][PBFT]checkAndChangeView: Reach consensus,org_view=79,org_changeCycle=0,cur_changeCycle=0,to_view=80
info|2019-10-25 16:57:38.048578|[g:1][CONSENSUS][SEALER]++++++++++++++++ Generating seal on,blkNum=5,tx=0,nodeIdx=0,hash=55586d51...
info|2019-10-25 16:57:38.056320|[g:1][CONSENSUS][PBFT]checkTimeout Succ,view=80,toView=81,nodeIdx=0,changeCycle=0,myNode=65ad8782...,timecost=0.225
info|2019-10-25 16:57:38.057171|[g:1][CONSENSUS][PBFT]checkAndChangeView: Reach consensus,org_view=80,org_changeCycle=0,cur_changeCycle=0,to_view=81
info|2019-10-25 16:57:39.056249|[g:1][CONSENSUS]addRawPrepare,height=5,reqIdx=1,hash=e1bfe3ae...
info|2019-10-25 16:57:39.056698|[g:1][CONSENSUS][PBFT]checkTimeout Succ,view=81,toView=82,nodeIdx=0,changeCycle=0,myNode=65ad8782...,timecost=0.337
info|2019-10-25 16:57:39.062123|[g:1][CONSENSUS][PBFT]checkAndChangeView: Reach consensus,org_view=81,org_changeCycle=0,cur_changeCycle=0,to_view=82
info|2019-10-25 16:57:40.064306|[g:1][CONSENSUS]addRawPrepare,height=5,reqIdx=2,hash=c9a0a655...
info|2019-10-25 16:57:40.064615|[g:1][CONSENSUS][PBFT]checkTimeout Succ,view=82,toView=83,nodeIdx=0,changeCycle=0,myNode=65ad8782...,timecost=0.23
info|2019-10-25 16:57:40.069627|[g:1][CONSENSUS][PBFT]checkAndChangeView: Reach consensus,org_view=82,org_changeCycle=0,cur_changeCycle=0,to_view=83
info|2019-10-25 16:57:41.070031|[g:1][CONSENSUS]addRawPrepare,height=5,reqIdx=3,hash=81f02f03...
info|2019-10-25 16:57:41.070376|[g:1][CONSENSUS][PBFT]checkTimeout Succ,view=83,toView=84,nodeIdx=0,changeCycle=0,myNode=65ad8782...,timecost=0.252
info|2019-10-25 16:57:41.074187|[g:1][CONSENSUS][PBFT]checkAndChangeView: Reach consensus,org_view=83,org_changeCycle=0,cur_changeCycle=0,to_view=84
info|2019-10-25 16:57:42.077758|[g:1][CONSENSUS][SEALER]++++++++++++++++ Generating seal on,blkNum=5,tx=0,nodeIdx=0,hash=51fd121b...
info|2019-10-25 16:57:42.087190|[g:1][CONSENSUS][PBFT]checkTimeout Succ,view=84,toView=85,nodeIdx=0,changeCycle=0,myNode=65ad8782...,timecost=0.409
info|2019-10-25 16:57:42.088605|[g:1][CONSENSUS][PBFT]checkAndChangeView: Reach consensus,org_view=84,org_changeCycle=0,cur_changeCycle=0,to_view=85
info|2019-10-25 16:57:43.085574|[g:1][CONSENSUS]addRawPrepare,height=5,reqIdx=1,hash=1478cee9...
info|2019-10-25 16:57:43.085836|[g:1][CONSENSUS][PBFT]checkTimeout Succ,view=85,toView=86,nodeIdx=0,changeCycle=0,myNode=65ad8782...,timecost=0.18
info|2019-10-25 16:57:43.088770|[g:1][CONSENSUS][PBFT]checkAndChangeView: Reach consensus,org_view=85,org_changeCycle=0,cur_changeCycle=0,to_view=86
info|2019-10-25 16:57:44.090836|[g:1][CONSENSUS]addRawPrepare,height=5,reqIdx=2,hash=eba798c2...
info|2019-10-25 16:57:44.091103|[g:1][CONSENSUS][PBFT]checkTimeout Succ,view=86,toView=87,nodeIdx=0,changeCycle=0,myNode=65ad8782...,timecost=0.177
info|2019-10-25 16:57:44.096063|[g:1][CONSENSUS][PBFT]checkAndChangeView: Reach consensus,org_view=86,org_changeCycle=0,cur_changeCycle=0,to_view=87
info|2019-10-25 16:57:45.097578|[g:1][CONSENSUS]addRawPrepare,height=5,reqIdx=3,hash=2422485f...
info|2019-10-25 16:57:45.097847|[g:1][CONSENSUS][PBFT]checkTimeout Succ,view=87,toView=88,nodeIdx=0,changeCycle=0,myNode=65ad8782...,timecost=0.209
info|2019-10-25 16:57:45.101049|[g:1][CONSENSUS][PBFT]checkAndChangeView: Reach consensus,org_view=87,org_changeCycle=0,cur_changeCycle=0,to_view=88
info|2019-10-25 16:57:46.101418|[g:1][CONSENSUS][SEALER]++++++++++++++++ Generating seal on,blkNum=5,tx=0,nodeIdx=0,hash=26852945...
info|2019-10-25 16:57:46.108465|[g:1][CONSENSUS][PBFT]checkTimeout Succ,view=88,toView=89,nodeIdx=0,changeCycle=0,myNode=65ad8782...,timecost=0.235
info|2019-10-25 16:57:46.109420|[g:1][CONSENSUS][PBFT]checkAndChangeView: Reach consensus,org_view=88,org_changeCycle=0,cur_changeCycle=0,to_view=89
info|2019-10-25 16:57:46.248282|[P2P][Service] heartBeat,connected count=3
info|2019-10-25 16:57:47.107963|[g:1][CONSENSUS]addRawPrepare,height=5,reqIdx=1,hash=018d8ee9...
info|2019-10-25 16:57:47.108341|[g:1][CONSENSUS][PBFT]checkTimeout Succ,view=89,toView=90,nodeIdx=0,changeCycle=0,myNode=65ad8782...,timecost=0.302
info|2019-10-25 16:57:47.113897|[g:1][CONSENSUS][PBFT]checkAndChangeView: Reach consensus,org_view=89,org_changeCycle=0,cur_changeCycle=0,to_view=90
info|2019-10-25 16:57:48.115008|[g:1][CONSENSUS]addRawPrepare,height=5,reqIdx=2,hash=a88262cb...
info|2019-10-25 16:57:48.115368|[g:1][CONSENSUS][PBFT]checkTimeout Succ,view=90,toView=91,nodeIdx=0,changeCycle=0,myNode=65ad8782...,timecost=0.284
info|2019-10-25 16:57:48.120774|[g:1][CONSENSUS][PBFT]checkAndChangeView: Reach consensus,org_view=90,org_changeCycle=0,cur_changeCycle=0,to_view=91
info|2019-10-25 16:57:49.123513|[g:1][CONSENSUS]addRawPrepare,height=5,reqIdx=3,hash=dd7ddea8...
info|2019-10-25 16:57:49.127880|[g:1][CONSENSUS][PBFT]checkTimeout Succ,view=91,toView=92,nodeIdx=0,changeCycle=0,myNode=65ad8782...,timecost=4.273
info|2019-10-25 16:57:49.128404|[g:1][CONSENSUS][PBFT]checkAndChangeView: Reach consensus,org_view=91,org_changeCycle=0,cur_changeCycle=0,to_view=92
info|2019-10-25 16:57:50.128170|[g:1][CONSENSUS][SEALER]++++++++++++++++ Generating seal on,blkNum=5,tx=0,nodeIdx=0,hash=77010cbd...
info|2019-10-25 16:57:50.135155|[g:1][CONSENSUS][PBFT]checkTimeout Succ,view=92,toView=93,nodeIdx=0,changeCycle=0,myNode=65ad8782...,timecost=0.19
info|2019-10-25 16:57:50.136059|[g:1][CONSENSUS][PBFT]checkAndChangeView: Reach consensus,org_view=92,org_changeCycle=0,cur_changeCycle=0,to_view=93
info|2019-10-25 16:57:51.134920|[g:1][CONSENSUS]addRawPrepare,height=5,reqIdx=1,hash=97f77897...
info|2019-10-25 16:57:51.143531|[g:1][CONSENSUS][PBFT]checkTimeout Succ,view=93,toView=94,nodeIdx=0,changeCycle=0,myNode=65ad8782...,timecost=0.697
info|2019-10-25 16:57:51.153834|[g:1][CONSENSUS][PBFT]checkAndChangeView: Reach consensus,org_view=93,org_changeCycle=0,cur_changeCycle=0,to_view=94
info|2019-10-25 16:57:52.153283|[g:1][CONSENSUS]addRawPrepare,height=5,reqIdx=2,hash=97dd6166...
info|2019-10-25 16:57:52.153633|[g:1][CONSENSUS][PBFT]checkTimeout Succ,view=94,toView=95,nodeIdx=0,changeCycle=0,myNode=65ad8782...,timecost=0.276
info|2019-10-25 16:57:52.158187|[g:1][CONSENSUS][PBFT]checkAndChangeView: Reach consensus,org_view=94,org_changeCycle=0,cur_changeCycle=0,to_view=95
info|2019-10-25 16:57:53.159506|[g:1][CONSENSUS]addRawPrepare,height=5,reqIdx=3,hash=9600a125...
info|2019-10-25 16:57:53.159977|[g:1][CONSENSUS][PBFT]checkTimeout Succ,view=95,toView=96,nodeIdx=0,changeCycle=0,myNode=65ad8782...,timecost=0.352
info|2019-10-25 16:57:53.166086|[g:1][CONSENSUS][PBFT]checkAndChangeView: Reach consensus,org_view=95,org_changeCycle=0,cur_changeCycle=0,to_view=96
info|2019-10-25 16:57:54.166719|[g:1][CONSENSUS][SEALER]++++++++++++++++ Generating seal on,blkNum=5,tx=0,nodeIdx=0,hash=c7c7af38...
info|2019-10-25 16:57:54.187669|[g:1][CONSENSUS][PBFT]checkTimeout Succ,view=96,toView=97,nodeIdx=0,changeCycle=0,myNode=65ad8782...,timecost=1.214
info|2019-10-25 16:57:54.191507|[g:1][CONSENSUS][PBFT]checkAndChangeView: Reach consensus,org_view=96,org_changeCycle=0,cur_changeCycle=0,to_view=97
info|2019-10-25 16:57:55.211876|[g:1][CONSENSUS]addRawPrepare,height=5,reqIdx=1,hash=7eff0293...
info|2019-10-25 16:57:55.212137|[g:1][CONSENSUS][PBFT]checkTimeout Succ,view=97,toView=98,nodeIdx=0,changeCycle=0,myNode=65ad8782...,timecost=0.21
info|2019-10-25 16:57:55.212429|[g:1][CONSENSUS][PBFT]checkAndChangeView: Reach consensus,org_view=97,org_changeCycle=0,cur_changeCycle=0,to_view=98
info|2019-10-25 16:57:56.213594|[g:1][CONSENSUS]addRawPrepare,height=5,reqIdx=2,hash=dfcd78ae...
info|2019-10-25 16:57:56.213844|[g:1][CONSENSUS][PBFT]checkTimeout Succ,view=98,toView=99,nodeIdx=0,changeCycle=0,myNode=65ad8782...,timecost=0.179
info|2019-10-25 16:57:56.220330|[g:1][CONSENSUS][PBFT]checkAndChangeView: Reach consensus,org_view=98,org_changeCycle=0,cur_changeCycle=0,to_view=99
info|2019-10-25 16:57:56.248363|[P2P][Service] heartBeat,connected count=3
info|2019-10-25 16:57:57.217789|[g:1][CONSENSUS]addRawPrepare,height=5,reqIdx=3,hash=fc234747...
info|2019-10-25 16:57:57.218372|[g:1][CONSENSUS][PBFT]checkTimeout Succ,view=99,toView=100,nodeIdx=0,changeCycle=0,myNode=65ad8782...,timecost=0.461
info|2019-10-25 16:57:57.226457|[g:1][CONSENSUS][PBFT]checkAndChangeView: Reach consensus,org_view=99,org_changeCycle=0,cur_changeCycle=0,to_view=100
info|2019-10-25 16:57:58.226632|[g:1][CONSENSUS][SEALER]++++++++++++++++ Generating seal on,blkNum=5,tx=0,nodeIdx=0,hash=4f5b2e93...
info|2019-10-25 16:57:58.233895|[g:1][CONSENSUS][PBFT]checkTimeout Succ,view=100,toView=101,nodeIdx=0,changeCycle=0,myNode=65ad8782...,timecost=0.188
info|2019-10-25 16:57:58.234769|[g:1][CONSENSUS][PBFT]checkAndChangeView: Reach consensus,org_view=100,org_changeCycle=0,cur_changeCycle=0,to_view=101
info|2019-10-25 16:57:59.234764|[g:1][CONSENSUS]addRawPrepare,height=5,reqIdx=1,hash=685a9202...
info|2019-10-25 16:57:59.235156|[g:1][CONSENSUS][PBFT]checkTimeout Succ,view=101,toView=102,nodeIdx=0,changeCycle=0,myNode=65ad8782...,timecost=0.31
info|2019-10-25 16:57:59.240322|[g:1][CONSENSUS][PBFT]checkAndChangeView: Reach consensus,org_view=101,org_changeCycle=0,cur_changeCycle=0,to_view=102
info|2019-10-25 16:58:00.241463|[g:1][CONSENSUS]addRawPrepare,height=5,reqIdx=2,hash=b64326fe...
info|2019-10-25 16:58:00.241943|[g:1][CONSENSUS][PBFT]checkTimeout Succ,view=102,toView=103,nodeIdx=0,changeCycle=0,myNode=65ad8782...,timecost=0.343
info|2019-10-25 16:58:00.248625|[g:1][CONSENSUS][PBFT]checkAndChangeView: Reach consensus,org_view=102,org_changeCycle=0,cur_changeCycle=0,to_view=103
info|2019-10-25 16:58:01.248991|[g:1][CONSENSUS]addRawPrepare,height=5,reqIdx=3,hash=2badf209...
info|2019-10-25 16:58:01.249295|[g:1][CONSENSUS][PBFT]checkTimeout Succ,view=103,toView=104,nodeIdx=0,changeCycle=0,myNode=65ad8782...,timecost=0.224
info|2019-10-25 16:58:01.252546|[g:1][CONSENSUS][PBFT]checkAndChangeView: Reach consensus,org_view=103,org_changeCycle=0,cur_changeCycle=0,to_view=104
info|2019-10-25 16:58:02.254560|[g:1][CONSENSUS][SEALER]++++++++++++++++ Generating seal on,blkNum=5,tx=0,nodeIdx=0,hash=e37a6528...
info|2019-10-25 16:58:02.270630|[g:1][CONSENSUS][PBFT]checkTimeout Succ,view=104,toView=105,nodeIdx=0,changeCycle=0,myNode=65ad8782...,timecost=0.189
info|2019-10-25 16:58:02.271570|[g:1][CONSENSUS][PBFT]checkAndChangeView: Reach consensus,org_view=104,org_changeCycle=0,cur_changeCycle=0,to_view=105
info|2019-10-25 16:58:03.270696|[g:1][CONSENSUS]addRawPrepare,height=5,reqIdx=1,hash=bbba6252...
info|2019-10-25 16:58:03.270971|[g:1][CONSENSUS][PBFT]checkTimeout Succ,view=105,toView=106,nodeIdx=0,changeCycle=0,myNode=65ad8782...,timecost=0.2
info|2019-10-25 16:58:03.275884|[g:1][CONSENSUS][PBFT]checkAndChangeView: Reach consensus,org_view=105,org_changeCycle=0,cur_changeCycle=0,to_view=106
info|2019-10-25 16:58:04.276435|[g:1][CONSENSUS]addRawPrepare,height=5,reqIdx=2,hash=20a5bbd3...
info|2019-10-25 16:58:04.276713|[g:1][CONSENSUS][PBFT]checkTimeout Succ,view=106,toView=107,nodeIdx=0,changeCycle=0,myNode=65ad8782...,timecost=0.181
info|2019-10-25 16:58:04.279467|[g:1][CONSENSUS][PBFT]checkAndChangeView: Reach consensus,org_view=106,org_changeCycle=0,cur_changeCycle=0,to_view=107
info|2019-10-25 16:58:05.280449|[g:1][CONSENSUS]addRawPrepare,height=5,reqIdx=3,hash=8831e9f1...
info|2019-10-25 16:58:05.280713|[g:1][CONSENSUS][PBFT]checkTimeout Succ,view=107,toView=108,nodeIdx=0,changeCycle=0,myNode=65ad8782...,timecost=0.204
info|2019-10-25 16:58:05.284409|[g:1][CONSENSUS][PBFT]checkAndChangeView: Reach consensus,org_view=107,org_changeCycle=0,cur_changeCycle=0,to_view=108
info|2019-10-25 16:58:06.248437|[P2P][Service] heartBeat,connected count=3
info|2019-10-25 16:58:06.286782|[g:1][CONSENSUS][SEALER]++++++++++++++++ Generating seal on,blkNum=5,tx=0,nodeIdx=0,hash=f5ea55f8...
info|2019-10-25 16:58:06.294154|[g:1][CONSENSUS][PBFT]checkTimeout Succ,view=108,toView=109,nodeIdx=0,changeCycle=0,myNode=65ad8782...,timecost=0.216
info|2019-10-25 16:58:06.295587|[g:1][CONSENSUS][PBFT]checkAndChangeView: Reach consensus,org_view=108,org_changeCycle=0,cur_changeCycle=0,to_view=109
info|2019-10-25 16:58:07.295771|[g:1][CONSENSUS]addRawPrepare,height=5,reqIdx=1,hash=59251048...
info|2019-10-25 16:58:07.296018|[g:1][CONSENSUS][PBFT]checkTimeout Succ,view=109,toView=110,nodeIdx=0,changeCycle=0,myNode=65ad8782...,timecost=0.179
info|2019-10-25 16:58:07.299989|[g:1][CONSENSUS][PBFT]checkAndChangeView: Reach consensus,org_view=109,org_changeCycle=0,cur_changeCycle=0,to_view=110
info|2019-10-25 16:58:08.302761|[g:1][CONSENSUS]addRawPrepare,height=5,reqIdx=2,hash=a6d1b21e...
info|2019-10-25 16:58:08.303075|[g:1][CONSENSUS][PBFT]checkTimeout Succ,view=110,toView=111,nodeIdx=0,changeCycle=0,myNode=65ad8782...,timecost=0.233
info|2019-10-25 16:58:08.307821|[g:1][CONSENSUS][PBFT]checkAndChangeView: Reach consensus,org_view=110,org_changeCycle=0,cur_changeCycle=0,to_view=111
info|2019-10-25 16:58:09.309712|[g:1][CONSENSUS]addRawPrepare,height=5,reqIdx=3,hash=fca95278...
info|2019-10-25 16:58:09.310051|[g:1][CONSENSUS][PBFT]checkTimeout Succ,view=111,toView=112,nodeIdx=0,changeCycle=0,myNode=65ad8782...,timecost=0.231
info|2019-10-25 16:58:09.313775|[g:1][CONSENSUS][PBFT]checkAndChangeView: Reach consensus,org_view=111,org_changeCycle=0,cur_changeCycle=0,to_view=112
info|2019-10-25 16:58:10.315416|[g:1][CONSENSUS][SEALER]++++++++++++++++ Generating seal on,blkNum=5,tx=0,nodeIdx=0,hash=cb900a4a...
info|2019-10-25 16:58:10.322416|[g:1][CONSENSUS][PBFT]checkTimeout Succ,view=112,toView=113,nodeIdx=0,changeCycle=0,myNode=65ad8782...,timecost=0.287
info|2019-10-25 16:58:10.323573|[g:1][CONSENSUS][PBFT]checkAndChangeView: Reach consensus,org_view=112,org_changeCycle=0,cur_changeCycle=0,to_view=113
info|2019-10-25 16:58:11.334025|[g:1][CONSENSUS]addRawPrepare,height=5,reqIdx=1,hash=695b8193...
info|2019-10-25 16:58:11.334486|[g:1][CONSENSUS][PBFT]checkTimeout Succ,view=113,toView=114,nodeIdx=0,changeCycle=0,myNode=65ad8782...,timecost=0.342
info|2019-10-25 16:58:11.337166|[g:1][CONSENSUS][PBFT]checkAndChangeView: Reach consensus,org_view=113,org_changeCycle=0,cur_changeCycle=0,to_view=114
info|2019-10-25 16:58:12.328615|[g:1][CONSENSUS]addRawPrepare,height=5,reqIdx=2,hash=89514f35...
info|2019-10-25 16:58:12.329106|[g:1][CONSENSUS][PBFT]checkTimeout Succ,view=114,toView=115,nodeIdx=0,changeCycle=0,myNode=65ad8782...,timecost=0.336
info|2019-10-25 16:58:12.336155|[g:1][CONSENSUS][PBFT]checkAndChangeView: Reach consensus,org_view=114,org_changeCycle=0,cur_changeCycle=0,to_view=115
info|2019-10-25 16:58:13.336322|[g:1][CONSENSUS]addRawPrepare,height=5,reqIdx=3,hash=90c772d1...
info|2019-10-25 16:58:13.336734|[g:1][CONSENSUS][PBFT]checkTimeout Succ,view=115,toView=116,nodeIdx=0,changeCycle=0,myNode=65ad8782...,timecost=0.31
info|2019-10-25 16:58:13.343244|[g:1][CONSENSUS][PBFT]checkAndChangeView: Reach consensus,org_view=115,org_changeCycle=0,cur_changeCycle=0,to_view=116
info|2019-10-25 16:58:14.343104|[g:1][CONSENSUS][SEALER]++++++++++++++++ Generating seal on,blkNum=5,tx=0,nodeIdx=0,hash=dcdbaca6...
info|2019-10-25 16:58:14.349304|[g:1][CONSENSUS][PBFT]checkTimeout Succ,view=116,toView=117,nodeIdx=0,changeCycle=0,myNode=65ad8782...,timecost=0.232
info|2019-10-25 16:58:14.350697|[g:1][CONSENSUS][PBFT]checkAndChangeView: Reach consensus,org_view=116,org_changeCycle=0,cur_changeCycle=0,to_view=117
info|2019-10-25 16:58:15.348839|[g:1][CONSENSUS]addRawPrepare,height=5,reqIdx=1,hash=4488bcb8...
info|2019-10-25 16:58:15.349119|[g:1][CONSENSUS][PBFT]checkTimeout Succ,view=117,toView=118,nodeIdx=0,changeCycle=0,myNode=65ad8782...,timecost=0.202
info|2019-10-25 16:58:15.352810|[g:1][CONSENSUS][PBFT]checkAndChangeView: Reach consensus,org_view=117,org_changeCycle=0,cur_changeCycle=0,to_view=118
info|2019-10-25 16:58:16.248575|[P2P][Service] heartBeat,connected count=3
info|2019-10-25 16:58:16.355186|[g:1][CONSENSUS]addRawPrepare,height=5,reqIdx=2,hash=0996611a...
info|2019-10-25 16:58:16.355827|[g:1][CONSENSUS][PBFT]checkTimeout Succ,view=118,toView=119,nodeIdx=0,changeCycle=0,myNode=65ad8782...,timecost=0.53
info|2019-10-25 16:58:16.366764|[g:1][CONSENSUS][PBFT]checkAndChangeView: Reach consensus,org_view=118,org_changeCycle=0,cur_changeCycle=0,to_view=119
info|2019-10-25 16:58:17.368241|[g:1][CONSENSUS]addRawPrepare,height=5,reqIdx=3,hash=20ad7287...
info|2019-10-25 16:58:17.368688|[g:1][CONSENSUS][PBFT]checkTimeout Succ,view=119,toView=120,nodeIdx=0,changeCycle=0,myNode=65ad8782...,timecost=0.332
info|2019-10-25 16:58:17.373489|[g:1][CONSENSUS][PBFT]checkAndChangeView: Reach consensus,org_view=119,org_changeCycle=0,cur_changeCycle=0,to_view=120
info|2019-10-25 16:58:18.374890|[g:1][CONSENSUS][SEALER]++++++++++++++++ Generating seal on,blkNum=5,tx=0,nodeIdx=0,hash=0d9578b8...
info|2019-10-25 16:58:18.381011|[g:1][CONSENSUS][PBFT]checkTimeout Succ,view=120,toView=121,nodeIdx=0,changeCycle=0,myNode=65ad8782...,timecost=0.193
info|2019-10-25 16:58:18.381872|[g:1][CONSENSUS][PBFT]checkAndChangeView: Reach consensus,org_view=120,org_changeCycle=0,cur_changeCycle=0,to_view=121
info|2019-10-25 16:58:19.381644|[g:1][CONSENSUS]addRawPrepare,height=5,reqIdx=1,hash=a1a95909...
info|2019-10-25 16:58:19.382091|[g:1][CONSENSUS][PBFT]checkTimeout Succ,view=121,toView=122,nodeIdx=0,changeCycle=0,myNode=65ad8782...,timecost=0.339
info|2019-10-25 16:58:19.386628|[g:1][CONSENSUS][PBFT]checkAndChangeView: Reach consensus,org_view=121,org_changeCycle=0,cur_changeCycle=0,to_view=122
info|2019-10-25 16:58:20.387457|[g:1][CONSENSUS]addRawPrepare,height=5,reqIdx=2,hash=8220a54c...
info|2019-10-25 16:58:20.387909|[g:1][CONSENSUS][PBFT]checkTimeout Succ,view=122,toView=123,nodeIdx=0,changeCycle=0,myNode=65ad8782...,timecost=0.238
info|2019-10-25 16:58:20.392540|[g:1][CONSENSUS][PBFT]checkAndChangeView: Reach consensus,org_view=122,org_changeCycle=0,cur_changeCycle=0,to_view=123
info|2019-10-25 16:58:21.398948|[g:1][CONSENSUS]addRawPrepare,height=5,reqIdx=3,hash=25943cec...
info|2019-10-25 16:58:21.399210|[g:1][CONSENSUS][PBFT]checkTimeout Succ,view=123,toView=124,nodeIdx=0,changeCycle=0,myNode=65ad8782...,timecost=0.196
info|2019-10-25 16:58:21.402827|[g:1][CONSENSUS][PBFT]checkAndChangeView: Reach consensus,org_view=123,org_changeCycle=0,cur_changeCycle=0,to_view=124
info|2019-10-25 16:58:22.403704|[g:1][CONSENSUS][SEALER]++++++++++++++++ Generating seal on,blkNum=5,tx=0,nodeIdx=0,hash=e64b3343...
info|2019-10-25 16:58:22.410475|[g:1][CONSENSUS][PBFT]checkTimeout Succ,view=124,toView=125,nodeIdx=0,changeCycle=0,myNode=65ad8782...,timecost=0.213
info|2019-10-25 16:58:22.411169|[g:1][CONSENSUS][PBFT]checkAndChangeView: Reach consensus,org_view=124,org_changeCycle=0,cur_changeCycle=0,to_view=125
info|2019-10-25 16:58:23.408106|[g:1][CONSENSUS]addRawPrepare,height=5,reqIdx=1,hash=8d55ae8e...
info|2019-10-25 16:58:23.408415|[g:1][CONSENSUS][PBFT]checkTimeout Succ,view=125,toView=126,nodeIdx=0,changeCycle=0,myNode=65ad8782...,timecost=0.228
info|2019-10-25 16:58:23.413168|[g:1][CONSENSUS][PBFT]checkAndChangeView: Reach consensus,org_view=125,org_changeCycle=0,cur_changeCycle=0,to_view=126
info|2019-10-25 16:58:24.415651|[g:1][CONSENSUS]addRawPrepare,height=5,reqIdx=2,hash=34eb0db2...
info|2019-10-25 16:58:24.415955|[g:1][CONSENSUS][PBFT]checkTimeout Succ,view=126,toView=127,nodeIdx=0,changeCycle=0,myNode=65ad8782...,timecost=0.206
info|2019-10-25 16:58:24.419950|[g:1][CONSENSUS][PBFT]checkAndChangeView: Reach consensus,org_view=126,org_changeCycle=0,cur_changeCycle=0,to_view=127
info|2019-10-25 16:58:25.421466|[g:1][CONSENSUS]addRawPrepare,height=5,reqIdx=3,hash=77c6e95d...
info|2019-10-25 16:58:25.421808|[g:1][CONSENSUS][PBFT]checkTimeout Succ,view=127,toView=128,nodeIdx=0,changeCycle=0,myNode=65ad8782...,timecost=0.265
info|2019-10-25 16:58:25.425600|[g:1][CONSENSUS][PBFT]checkAndChangeView: Reach consensus,org_view=127,org_changeCycle=0,cur_changeCycle=0,to_view=128
info|2019-10-25 16:58:26.250957|[P2P][Service] heartBeat,connected count=3
info|2019-10-25 16:58:26.426161|[g:1][CONSENSUS][SEALER]++++++++++++++++ Generating seal on,blkNum=5,tx=0,nodeIdx=0,hash=31a1705c...
info|2019-10-25 16:58:26.433089|[g:1][CONSENSUS][PBFT]checkTimeout Succ,view=128,toView=129,nodeIdx=0,changeCycle=0,myNode=65ad8782...,timecost=0.196
info|2019-10-25 16:58:26.434082|[g:1][CONSENSUS][PBFT]checkAndChangeView: Reach consensus,org_view=128,org_changeCycle=0,cur_changeCycle=0,to_view=129
info|2019-10-25 16:58:27.435210|[g:1][CONSENSUS]addRawPrepare,height=5,reqIdx=1,hash=a5aa7657...
info|2019-10-25 16:58:27.440793|[g:1][CONSENSUS][PBFT]checkTimeout Succ,view=129,toView=130,nodeIdx=0,changeCycle=0,myNode=65ad8782...,timecost=5.447
info|2019-10-25 16:58:27.442887|[g:1][CONSENSUS][PBFT]checkAndChangeView: Reach consensus,org_view=129,org_changeCycle=0,cur_changeCycle=0,to_view=130
info|2019-10-25 16:58:28.444317|[g:1][CONSENSUS]addRawPrepare,height=5,reqIdx=2,hash=30fd024b...
info|2019-10-25 16:58:28.444675|[g:1][CONSENSUS][PBFT]checkTimeout Succ,view=130,toView=131,nodeIdx=0,changeCycle=0,myNode=65ad8782...,timecost=0.263
info|2019-10-25 16:58:28.451066|[g:1][CONSENSUS][PBFT]checkAndChangeView: Reach consensus,org_view=130,org_changeCycle=0,cur_changeCycle=0,to_view=131
info|2019-10-25 16:58:29.459618|[g:1][CONSENSUS]addRawPrepare,height=5,reqIdx=3,hash=7429a243...
info|2019-10-25 16:58:29.459938|[g:1][CONSENSUS][PBFT]checkTimeout Succ,view=131,toView=132,nodeIdx=0,changeCycle=0,myNode=65ad8782...,timecost=0.227
info|2019-10-25 16:58:29.468170|[g:1][CONSENSUS][PBFT]checkAndChangeView: Reach consensus,org_view=131,org_changeCycle=0,cur_changeCycle=0,to_view=132
info|2019-10-25 16:58:30.472605|[g:1][CONSENSUS][SEALER]++++++++++++++++ Generating seal on,blkNum=5,tx=0,nodeIdx=0,hash=2999833d...
info|2019-10-25 16:58:30.483989|[g:1][CONSENSUS][PBFT]checkTimeout Succ,view=132,toView=133,nodeIdx=0,changeCycle=0,myNode=65ad8782...,timecost=0.323
info|2019-10-25 16:58:30.485497|[g:1][CONSENSUS][PBFT]checkAndChangeView: Reach consensus,org_view=132,org_changeCycle=0,cur_changeCycle=0,to_view=133
info|2019-10-25 16:58:31.483536|[g:1][CONSENSUS]addRawPrepare,height=5,reqIdx=1,hash=01fb0e63...
info|2019-10-25 16:58:31.487274|[g:1][CONSENSUS][PBFT]checkTimeout Succ,view=133,toView=134,nodeIdx=0,changeCycle=0,myNode=65ad8782...,timecost=3.617
info|2019-10-25 16:58:31.489842|[g:1][CONSENSUS][PBFT]checkAndChangeView: Reach consensus,org_view=133,org_changeCycle=0,cur_changeCycle=0,to_view=134
info|2019-10-25 16:58:32.493663|[g:1][CONSENSUS]addRawPrepare,height=5,reqIdx=2,hash=1507e66c...
info|2019-10-25 16:58:32.494117|[g:1][CONSENSUS][PBFT]checkTimeout Succ,view=134,toView=135,nodeIdx=0,changeCycle=0,myNode=65ad8782...,timecost=0.34
info|2019-10-25 16:58:32.499515|[g:1][CONSENSUS][PBFT]checkAndChangeView: Reach consensus,org_view=134,org_changeCycle=0,cur_changeCycle=0,to_view=135
info|2019-10-25 16:58:33.502858|[g:1][CONSENSUS]addRawPrepare,height=5,reqIdx=3,hash=2ddc9b0d...
info|2019-10-25 16:58:33.503322|[g:1][CONSENSUS][PBFT]checkTimeout Succ,view=135,toView=136,nodeIdx=0,changeCycle=0,myNode=65ad8782...,timecost=0.344
info|2019-10-25 16:58:33.510099|[g:1][CONSENSUS][PBFT]checkAndChangeView: Reach consensus,org_view=135,org_changeCycle=0,cur_changeCycle=0,to_view=136
info|2019-10-25 16:58:34.510727|[g:1][CONSENSUS][SEALER]++++++++++++++++ Generating seal on,blkNum=5,tx=0,nodeIdx=0,hash=1d94f4b5...
info|2019-10-25 16:58:34.530467|[g:1][CONSENSUS][PBFT]checkTimeout Succ,view=136,toView=137,nodeIdx=0,changeCycle=0,myNode=65ad8782...,timecost=0.326
info|2019-10-25 16:58:34.532074|[g:1][CONSENSUS][PBFT]checkAndChangeView: Reach consensus,org_view=136,org_changeCycle=0,cur_changeCycle=0,to_view=137
info|2019-10-25 16:58:35.519188|[g:1][CONSENSUS]addRawPrepare,height=5,reqIdx=1,hash=01c6bc81...
info|2019-10-25 16:58:35.519597|[g:1][CONSENSUS][PBFT]checkTimeout Succ,view=137,toView=138,nodeIdx=0,changeCycle=0,myNode=65ad8782...,timecost=0.302
info|2019-10-25 16:58:35.532226|[g:1][CONSENSUS][PBFT]checkAndChangeView: Reach consensus,org_view=137,org_changeCycle=0,cur_changeCycle=0,to_view=138
info|2019-10-25 16:58:36.251032|[P2P][Service] heartBeat,connected count=3
info|2019-10-25 16:58:36.532296|[g:1][CONSENSUS]addRawPrepare,height=5,reqIdx=2,hash=5ffbcec8...
info|2019-10-25 16:58:36.532736|[g:1][CONSENSUS][PBFT]checkTimeout Succ,view=138,toView=139,nodeIdx=0,changeCycle=0,myNode=65ad8782...,timecost=0.357
info|2019-10-25 16:58:36.539948|[g:1][CONSENSUS][PBFT]checkAndChangeView: Reach consensus,org_view=138,org_changeCycle=0,cur_changeCycle=0,to_view=139
info|2019-10-25 16:58:37.545849|[g:1][CONSENSUS]addRawPrepare,height=5,reqIdx=3,hash=d7d1fd2c...
info|2019-10-25 16:58:37.546230|[g:1][CONSENSUS][PBFT]checkTimeout Succ,view=139,toView=140,nodeIdx=0,changeCycle=0,myNode=65ad8782...,timecost=0.27
info|2019-10-25 16:58:37.552823|[g:1][CONSENSUS][PBFT]checkAndChangeView: Reach consensus,org_view=139,org_changeCycle=0,cur_changeCycle=0,to_view=140
info|2019-10-25 16:58:38.553863|[g:1][CONSENSUS][SEALER]++++++++++++++++ Generating seal on,blkNum=5,tx=0,nodeIdx=0,hash=2673b042...
info|2019-10-25 16:58:38.563333|[g:1][CONSENSUS][PBFT]checkTimeout Succ,view=140,toView=141,nodeIdx=0,changeCycle=0,myNode=65ad8782...,timecost=0.322
info|2019-10-25 16:58:38.564625|[g:1][CONSENSUS][PBFT]checkAndChangeView: Reach consensus,org_view=140,org_changeCycle=0,cur_changeCycle=0,to_view=141
info|2019-10-25 16:58:39.562918|[g:1][CONSENSUS]addRawPrepare,height=5,reqIdx=1,hash=7d90f778...
info|2019-10-25 16:58:39.563266|[g:1][CONSENSUS][PBFT]checkTimeout Succ,view=141,toView=142,nodeIdx=0,changeCycle=0,myNode=65ad8782...,timecost=0.231
info|2019-10-25 16:58:39.566632|[g:1][CONSENSUS][PBFT]checkAndChangeView: Reach consensus,org_view=141,org_changeCycle=0,cur_changeCycle=0,to_view=142
info|2019-10-25 16:58:40.568248|[g:1][CONSENSUS]addRawPrepare,height=5,reqIdx=2,hash=71824e0d...
info|2019-10-25 16:58:40.568490|[g:1][CONSENSUS][PBFT]checkTimeout Succ,view=142,toView=143,nodeIdx=0,changeCycle=0,myNode=65ad8782...,timecost=0.177
info|2019-10-25 16:58:40.572636|[g:1][CONSENSUS][PBFT]checkAndChangeView: Reach consensus,org_view=142,org_changeCycle=0,cur_changeCycle=0,to_view=143
info|2019-10-25 16:58:41.572072|[g:1][CONSENSUS]addRawPrepare,height=5,reqIdx=3,hash=dbd5549c...
info|2019-10-25 16:58:41.572364|[g:1][CONSENSUS][PBFT]checkTimeout Succ,view=143,toView=144,nodeIdx=0,changeCycle=0,myNode=65ad8782...,timecost=0.234
info|2019-10-25 16:58:41.576296|[g:1][CONSENSUS][PBFT]checkAndChangeView: Reach consensus,org_view=143,org_changeCycle=0,cur_changeCycle=0,to_view=144
info|2019-10-25 16:58:42.577687|[g:1][CONSENSUS][SEALER]++++++++++++++++ Generating seal on,blkNum=5,tx=0,nodeIdx=0,hash=a881251d...
info|2019-10-25 16:58:42.589556|[g:1][CONSENSUS][PBFT]checkTimeout Succ,view=144,toView=145,nodeIdx=0,changeCycle=0,myNode=65ad8782...,timecost=0.245
info|2019-10-25 16:58:42.590469|[g:1][CONSENSUS][PBFT]checkAndChangeView: Reach consensus,org_view=144,org_changeCycle=0,cur_changeCycle=0,to_view=145
info|2019-10-25 16:58:43.588888|[g:1][CONSENSUS]addRawPrepare,height=5,reqIdx=1,hash=84c56eee...
info|2019-10-25 16:58:43.589201|[g:1][CONSENSUS][PBFT]checkTimeout Succ,view=145,toView=146,nodeIdx=0,changeCycle=0,myNode=65ad8782...,timecost=0.229
info|2019-10-25 16:58:43.593859|[g:1][CONSENSUS][PBFT]checkAndChangeView: Reach consensus,org_view=145,org_changeCycle=0,cur_changeCycle=0,to_view=146
info|2019-10-25 16:58:44.605872|[g:1][CONSENSUS]addRawPrepare,height=5,reqIdx=2,hash=4763b987...
info|2019-10-25 16:58:44.606478|[g:1][CONSENSUS][PBFT]checkTimeout Succ,view=146,toView=147,nodeIdx=0,changeCycle=0,myNode=65ad8782...,timecost=0.456
info|2019-10-25 16:58:44.615529|[g:1][CONSENSUS][PBFT]checkAndChangeView: Reach consensus,org_view=146,org_changeCycle=0,cur_changeCycle=0,to_view=147
info|2019-10-25 16:58:45.617610|[g:1][CONSENSUS]addRawPrepare,height=5,reqIdx=3,hash=1770ddf2...
info|2019-10-25 16:58:45.617903|[g:1][CONSENSUS][PBFT]checkTimeout Succ,view=147,toView=148,nodeIdx=0,changeCycle=0,myNode=65ad8782...,timecost=0.2
info|2019-10-25 16:58:45.622223|[g:1][CONSENSUS][PBFT]checkAndChangeView: Reach consensus,org_view=147,org_changeCycle=0,cur_changeCycle=0,to_view=148
info|2019-10-25 16:58:46.251101|[P2P][Service] heartBeat,connected count=3
info|2019-10-25 16:58:46.623002|[g:1][CONSENSUS][SEALER]++++++++++++++++ Generating seal on,blkNum=5,tx=0,nodeIdx=0,hash=283a9670...
info|2019-10-25 16:58:46.631629|[g:1][CONSENSUS][PBFT]checkTimeout Succ,view=148,toView=149,nodeIdx=0,changeCycle=0,myNode=65ad8782...,timecost=0.303
info|2019-10-25 16:58:46.633102|[g:1][CONSENSUS][PBFT]checkAndChangeView: Reach consensus,org_view=148,org_changeCycle=0,cur_changeCycle=0,to_view=149
info|2019-10-25 16:58:47.632781|[g:1][CONSENSUS]addRawPrepare,height=5,reqIdx=1,hash=9ea7a0c6...
info|2019-10-25 16:58:47.633073|[g:1][CONSENSUS][PBFT]checkTimeout Succ,view=149,toView=150,nodeIdx=0,changeCycle=0,myNode=65ad8782...,timecost=0.217
info|2019-10-25 16:58:47.638128|[g:1][CONSENSUS][PBFT]checkAndChangeView: Reach consensus,org_view=149,org_changeCycle=0,cur_changeCycle=0,to_view=150
info|2019-10-25 16:58:48.641588|[g:1][CONSENSUS]addRawPrepare,height=5,reqIdx=2,hash=c2df84ee...
info|2019-10-25 16:58:48.642097|[g:1][CONSENSUS][PBFT]checkTimeout Succ,view=150,toView=151,nodeIdx=0,changeCycle=0,myNode=65ad8782...,timecost=0.376
info|2019-10-25 16:58:48.647992|[g:1][CONSENSUS][PBFT]checkAndChangeView: Reach consensus,org_view=150,org_changeCycle=0,cur_changeCycle=0,to_view=151
info|2019-10-25 16:58:49.647834|[g:1][CONSENSUS]addRawPrepare,height=5,reqIdx=3,hash=13e209ca...
info|2019-10-25 16:58:49.648213|[g:1][CONSENSUS][PBFT]checkTimeout Succ,view=151,toView=152,nodeIdx=0,changeCycle=0,myNode=65ad8782...,timecost=0.277
info|2019-10-25 16:58:49.651834|[g:1][CONSENSUS][PBFT]checkAndChangeView: Reach consensus,org_view=151,org_changeCycle=0,cur_changeCycle=0,to_view=152
info|2019-10-25 16:58:50.653259|[g:1][CONSENSUS][SEALER]++++++++++++++++ Generating seal on,blkNum=5,tx=0,nodeIdx=0,hash=21308ce8...
info|2019-10-25 16:58:50.659780|[g:1][CONSENSUS][PBFT]checkTimeout Succ,view=152,toView=153,nodeIdx=0,changeCycle=0,myNode=65ad8782...,timecost=0.196
info|2019-10-25 16:58:50.660683|[g:1][CONSENSUS][PBFT]checkAndChangeView: Reach consensus,org_view=152,org_changeCycle=0,cur_changeCycle=0,to_view=153
info|2019-10-25 16:58:51.660298|[g:1][CONSENSUS]addRawPrepare,height=5,reqIdx=1,hash=5e16b6c6...
info|2019-10-25 16:58:51.660704|[g:1][CONSENSUS][PBFT]checkTimeout Succ,view=153,toView=154,nodeIdx=0,changeCycle=0,myNode=65ad8782...,timecost=0.335
info|2019-10-25 16:58:51.666207|[g:1][CONSENSUS][PBFT]checkAndChangeView: Reach consensus,org_view=153,org_changeCycle=0,cur_changeCycle=0,to_view=154
info|2019-10-25 16:58:52.669795|[g:1][CONSENSUS]addRawPrepare,height=5,reqIdx=2,hash=531b0af7...
info|2019-10-25 16:58:52.670101|[g:1][CONSENSUS][PBFT]checkTimeout Succ,view=154,toView=155,nodeIdx=0,changeCycle=0,myNode=65ad8782...,timecost=0.239
info|2019-10-25 16:58:52.676128|[g:1][CONSENSUS][PBFT]checkAndChangeView: Reach consensus,org_view=154,org_changeCycle=0,cur_changeCycle=0,to_view=155
info|2019-10-25 16:58:53.715945|[g:1][CONSENSUS]addRawPrepare,height=5,reqIdx=3,hash=65e20c20...
info|2019-10-25 16:58:53.716427|[g:1][CONSENSUS][PBFT]checkTimeout Succ,view=155,toView=156,nodeIdx=0,changeCycle=0,myNode=65ad8782...,timecost=0.371
info|2019-10-25 16:58:53.722633|[g:1][CONSENSUS][PBFT]checkAndChangeView: Reach consensus,org_view=155,org_changeCycle=0,cur_changeCycle=0,to_view=156
info|2019-10-25 16:58:54.723179|[g:1][CONSENSUS][SEALER]++++++++++++++++ Generating seal on,blkNum=5,tx=0,nodeIdx=0,hash=c6ccc9eb...
info|2019-10-25 16:58:54.730753|[g:1][CONSENSUS][PBFT]checkTimeout Succ,view=156,toView=157,nodeIdx=0,changeCycle=0,myNode=65ad8782...,timecost=0.223
info|2019-10-25 16:58:54.731645|[g:1][CONSENSUS][PBFT]checkAndChangeView: Reach consensus,org_view=156,org_changeCycle=0,cur_changeCycle=0,to_view=157
info|2019-10-25 16:58:55.731683|[g:1][CONSENSUS]addRawPrepare,height=5,reqIdx=1,hash=33abca66...
info|2019-10-25 16:58:55.731936|[g:1][CONSENSUS][PBFT]checkTimeout Succ,view=157,toView=158,nodeIdx=0,changeCycle=0,myNode=65ad8782...,timecost=0.182
info|2019-10-25 16:58:55.735956|[g:1][CONSENSUS][PBFT]checkAndChangeView: Reach consensus,org_view=157,org_changeCycle=0,cur_changeCycle=0,to_view=158
info|2019-10-25 16:58:56.251197|[P2P][Service] heartBeat,connected count=3
info|2019-10-25 16:58:56.737104|[g:1][CONSENSUS]addRawPrepare,height=5,reqIdx=2,hash=8adb4aa4...
info|2019-10-25 16:58:56.737371|[g:1][CONSENSUS][PBFT]checkTimeout Succ,view=158,toView=159,nodeIdx=0,changeCycle=0,myNode=65ad8782...,timecost=0.208
info|2019-10-25 16:58:56.742638|[g:1][CONSENSUS][PBFT]checkAndChangeView: Reach consensus,org_view=158,org_changeCycle=0,cur_changeCycle=0,to_view=159
info|2019-10-25 16:58:57.742201|[g:1][CONSENSUS]addRawPrepare,height=5,reqIdx=3,hash=0ae57076...
info|2019-10-25 16:58:57.742523|[g:1][CONSENSUS][PBFT]checkTimeout Succ,view=159,toView=160,nodeIdx=0,changeCycle=0,myNode=65ad8782...,timecost=0.229
info|2019-10-25 16:58:57.746876|[g:1][CONSENSUS][PBFT]checkAndChangeView: Reach consensus,org_view=159,org_changeCycle=0,cur_changeCycle=0,to_view=160
info|2019-10-25 16:58:58.749368|[g:1][CONSENSUS][SEALER]++++++++++++++++ Generating seal on,blkNum=5,tx=0,nodeIdx=0,hash=d1208ccc...
info|2019-10-25 16:58:58.764657|[g:1][CONSENSUS][PBFT]checkTimeout Succ,view=160,toView=161,nodeIdx=0,changeCycle=0,myNode=65ad8782...,timecost=0.217
info|2019-10-25 16:58:58.765533|[g:1][CONSENSUS][PBFT]checkAndChangeView: Reach consensus,org_view=160,org_changeCycle=0,cur_changeCycle=0,to_view=161
info|2019-10-25 16:58:59.764114|[g:1][CONSENSUS]addRawPrepare,height=5,reqIdx=1,hash=f28614cb...
info|2019-10-25 16:58:59.764389|[g:1][CONSENSUS][PBFT]checkTimeout Succ,view=161,toView=162,nodeIdx=0,changeCycle=0,myNode=65ad8782...,timecost=0.201
info|2019-10-25 16:58:59.768491|[g:1][CONSENSUS][PBFT]checkAndChangeView: Reach consensus,org_view=161,org_changeCycle=0,cur_changeCycle=0,to_view=162
info|2019-10-25 16:59:00.769117|[g:1][CONSENSUS]addRawPrepare,height=5,reqIdx=2,hash=a27c9474...
info|2019-10-25 16:59:00.769541|[g:1][CONSENSUS][PBFT]checkTimeout Succ,view=162,toView=163,nodeIdx=0,changeCycle=0,myNode=65ad8782...,timecost=0.33
info|2019-10-25 16:59:00.774136|[g:1][CONSENSUS][PBFT]checkAndChangeView: Reach consensus,org_view=162,org_changeCycle=0,cur_changeCycle=0,to_view=163
info|2019-10-25 16:59:01.776740|[g:1][CONSENSUS]addRawPrepare,height=5,reqIdx=3,hash=7130ff4c...
info|2019-10-25 16:59:01.777043|[g:1][CONSENSUS][PBFT]checkTimeout Succ,view=163,toView=164,nodeIdx=0,changeCycle=0,myNode=65ad8782...,timecost=0.227
info|2019-10-25 16:59:01.782104|[g:1][CONSENSUS][PBFT]checkAndChangeView: Reach consensus,org_view=163,org_changeCycle=0,cur_changeCycle=0,to_view=164
info|2019-10-25 16:59:02.782982|[g:1][CONSENSUS][SEALER]++++++++++++++++ Generating seal on,blkNum=5,tx=0,nodeIdx=0,hash=9083e1e8...
info|2019-10-25 16:59:02.790006|[g:1][CONSENSUS][PBFT]checkTimeout Succ,view=164,toView=165,nodeIdx=0,changeCycle=0,myNode=65ad8782...,timecost=0.234
info|2019-10-25 16:59:02.790964|[g:1][CONSENSUS][PBFT]checkAndChangeView: Reach consensus,org_view=164,org_changeCycle=0,cur_changeCycle=0,to_view=165
info|2019-10-25 16:59:03.833063|[g:1][CONSENSUS]addRawPrepare,height=5,reqIdx=1,hash=e71bae80...
info|2019-10-25 16:59:03.833479|[g:1][CONSENSUS][PBFT]checkTimeout Succ,view=165,toView=166,nodeIdx=0,changeCycle=0,myNode=65ad8782...,timecost=0.293
info|2019-10-25 16:59:03.842291|[g:1][CONSENSUS][PBFT]checkAndChangeView: Reach consensus,org_view=165,org_changeCycle=0,cur_changeCycle=0,to_view=166
info|2019-10-25 16:59:04.844014|[g:1][CONSENSUS]addRawPrepare,height=5,reqIdx=2,hash=188a74c6...
info|2019-10-25 16:59:04.844479|[g:1][CONSENSUS][PBFT]checkTimeout Succ,view=166,toView=167,nodeIdx=0,changeCycle=0,myNode=65ad8782...,timecost=0.348
info|2019-10-25 16:59:04.853050|[g:1][CONSENSUS][PBFT]checkAndChangeView: Reach consensus,org_view=166,org_changeCycle=0,cur_changeCycle=0,to_view=167
info|2019-10-25 16:59:05.855800|[g:1][CONSENSUS]addRawPrepare,height=5,reqIdx=3,hash=8ddc2b5e...
info|2019-10-25 16:59:05.856189|[g:1][CONSENSUS][PBFT]checkTimeout Succ,view=167,toView=168,nodeIdx=0,changeCycle=0,myNode=65ad8782...,timecost=0.279
info|2019-10-25 16:59:05.861046|[g:1][CONSENSUS][PBFT]checkAndChangeView: Reach consensus,org_view=167,org_changeCycle=0,cur_changeCycle=0,to_view=168
info|2019-10-25 16:59:06.251273|[P2P][Service] heartBeat,connected count=3
info|2019-10-25 16:59:06.863048|[g:1][CONSENSUS][SEALER]++++++++++++++++ Generating seal on,blkNum=5,tx=0,nodeIdx=0,hash=623ced2b...
info|2019-10-25 16:59:06.870812|[g:1][CONSENSUS][PBFT]checkTimeout Succ,view=168,toView=169,nodeIdx=0,changeCycle=0,myNode=65ad8782...,timecost=0.231
info|2019-10-25 16:59:06.871824|[g:1][CONSENSUS][PBFT]checkAndChangeView: Reach consensus,org_view=168,org_changeCycle=0,cur_changeCycle=0,to_view=169
info|2019-10-25 16:59:07.871175|[g:1][CONSENSUS]addRawPrepare,height=5,reqIdx=1,hash=dfa697ce...
info|2019-10-25 16:59:07.871503|[g:1][CONSENSUS][PBFT]checkTimeout Succ,view=169,toView=170,nodeIdx=0,changeCycle=0,myNode=65ad8782...,timecost=0.268
info|2019-10-25 16:59:07.875924|[g:1][CONSENSUS][PBFT]checkAndChangeView: Reach consensus,org_view=169,org_changeCycle=0,cur_changeCycle=0,to_view=170
info|2019-10-25 16:59:08.878126|[g:1][CONSENSUS]addRawPrepare,height=5,reqIdx=2,hash=dddd8fd0...
info|2019-10-25 16:59:08.878420|[g:1][CONSENSUS][PBFT]checkTimeout Succ,view=170,toView=171,nodeIdx=0,changeCycle=0,myNode=65ad8782...,timecost=0.195
info|2019-10-25 16:59:08.882178|[g:1][CONSENSUS][PBFT]checkAndChangeView: Reach consensus,org_view=170,org_changeCycle=0,cur_changeCycle=0,to_view=171
info|2019-10-25 16:59:09.882075|[g:1][CONSENSUS]addRawPrepare,height=5,reqIdx=3,hash=9a9f36df...
info|2019-10-25 16:59:09.882370|[g:1][CONSENSUS][PBFT]checkTimeout Succ,view=171,toView=172,nodeIdx=0,changeCycle=0,myNode=65ad8782...,timecost=0.233
info|2019-10-25 16:59:09.885229|[g:1][CONSENSUS][PBFT]checkAndChangeView: Reach consensus,org_view=171,org_changeCycle=0,cur_changeCycle=0,to_view=172
info|2019-10-25 16:59:10.887398|[g:1][CONSENSUS][SEALER]++++++++++++++++ Generating seal on,blkNum=5,tx=0,nodeIdx=0,hash=1434fa09...
info|2019-10-25 16:59:10.898145|[g:1][CONSENSUS][PBFT]checkTimeout Succ,view=172,toView=173,nodeIdx=0,changeCycle=0,myNode=65ad8782...,timecost=0.373
info|2019-10-25 16:59:10.899740|[g:1][CONSENSUS][PBFT]checkAndChangeView: Reach consensus,org_view=172,org_changeCycle=0,cur_changeCycle=0,to_view=173
info|2019-10-25 16:59:11.899943|[g:1][CONSENSUS]addRawPrepare,height=5,reqIdx=1,hash=96f9b037...
info|2019-10-25 16:59:11.900339|[g:1][CONSENSUS][PBFT]checkTimeout Succ,view=173,toView=174,nodeIdx=0,changeCycle=0,myNode=65ad8782...,timecost=0.27
info|2019-10-25 16:59:11.904936|[g:1][CONSENSUS][PBFT]checkAndChangeView: Reach consensus,org_view=173,org_changeCycle=0,cur_changeCycle=0,to_view=174
info|2019-10-25 16:59:12.906197|[g:1][CONSENSUS]addRawPrepare,height=5,reqIdx=2,hash=9eb75209...
info|2019-10-25 16:59:12.906444|[g:1][CONSENSUS][PBFT]checkTimeout Succ,view=174,toView=175,nodeIdx=0,changeCycle=0,myNode=65ad8782...,timecost=0.18
info|2019-10-25 16:59:12.910462|[g:1][CONSENSUS][PBFT]checkAndChangeView: Reach consensus,org_view=174,org_changeCycle=0,cur_changeCycle=0,to_view=175
info|2019-10-25 16:59:13.911266|[g:1][CONSENSUS]addRawPrepare,height=5,reqIdx=3,hash=65240c1e...
info|2019-10-25 16:59:13.914828|[g:1][CONSENSUS][PBFT]checkTimeout Succ,view=175,toView=176,nodeIdx=0,changeCycle=0,myNode=65ad8782...,timecost=3.464
info|2019-10-25 16:59:13.916926|[g:1][CONSENSUS][PBFT]checkAndChangeView: Reach consensus,org_view=175,org_changeCycle=0,cur_changeCycle=0,to_view=176
info|2019-10-25 16:59:14.918248|[g:1][CONSENSUS][SEALER]++++++++++++++++ Generating seal on,blkNum=5,tx=0,nodeIdx=0,hash=aabf790f...
info|2019-10-25 16:59:14.925500|[g:1][CONSENSUS][PBFT]checkTimeout Succ,view=176,toView=177,nodeIdx=0,changeCycle=0,myNode=65ad8782...,timecost=0.279
info|2019-10-25 16:59:14.926923|[g:1][CONSENSUS][PBFT]checkAndChangeView: Reach consensus,org_view=176,org_changeCycle=0,cur_changeCycle=0,to_view=177
info|2019-10-25 16:59:15.924770|[g:1][CONSENSUS]addRawPrepare,height=5,reqIdx=1,hash=9aef869d...
info|2019-10-25 16:59:15.925049|[g:1][CONSENSUS][PBFT]checkTimeout Succ,view=177,toView=178,nodeIdx=0,changeCycle=0,myNode=65ad8782...,timecost=0.217
info|2019-10-25 16:59:15.928794|[g:1][CONSENSUS][PBFT]checkAndChangeView: Reach consensus,org_view=177,org_changeCycle=0,cur_changeCycle=0,to_view=178
info|2019-10-25 16:59:16.251350|[P2P][Service] heartBeat,connected count=3
info|2019-10-25 16:59:16.934259|[g:1][CONSENSUS]addRawPrepare,height=5,reqIdx=2,hash=436c521f...
info|2019-10-25 16:59:16.934535|[g:1][CONSENSUS][PBFT]checkTimeout Succ,view=178,toView=179,nodeIdx=0,changeCycle=0,myNode=65ad8782...,timecost=0.202
info|2019-10-25 16:59:16.938353|[g:1][CONSENSUS][PBFT]checkAndChangeView: Reach consensus,org_view=178,org_changeCycle=0,cur_changeCycle=0,to_view=179
info|2019-10-25 16:59:17.941346|[g:1][CONSENSUS]addRawPrepare,height=5,reqIdx=3,hash=a1b09dde...
info|2019-10-25 16:59:17.941928|[g:1][CONSENSUS][PBFT]checkTimeout Succ,view=179,toView=180,nodeIdx=0,changeCycle=0,myNode=65ad8782...,timecost=0.487
info|2019-10-25 16:59:17.949186|[g:1][CONSENSUS][PBFT]checkAndChangeView: Reach consensus,org_view=179,org_changeCycle=0,cur_changeCycle=0,to_view=180
info|2019-10-25 16:59:18.949633|[g:1][CONSENSUS][SEALER]++++++++++++++++ Generating seal on,blkNum=5,tx=0,nodeIdx=0,hash=5cb06ea8...
info|2019-10-25 16:59:18.960186|[g:1][CONSENSUS][PBFT]checkTimeout Succ,view=180,toView=181,nodeIdx=0,changeCycle=0,myNode=65ad8782...,timecost=0.2
info|2019-10-25 16:59:18.961370|[g:1][CONSENSUS][PBFT]checkAndChangeView: Reach consensus,org_view=180,org_changeCycle=0,cur_changeCycle=0,to_view=181
info|2019-10-25 16:59:19.960476|[g:1][CONSENSUS]addRawPrepare,height=5,reqIdx=1,hash=5e61fbf7...
info|2019-10-25 16:59:19.966484|[g:1][CONSENSUS][PBFT]checkTimeout Succ,view=181,toView=182,nodeIdx=0,changeCycle=0,myNode=65ad8782...,timecost=5.739
info|2019-10-25 16:59:19.968387|[g:1][CONSENSUS][PBFT]checkAndChangeView: Reach consensus,org_view=181,org_changeCycle=0,cur_changeCycle=0,to_view=182
info|2019-10-25 16:59:20.969348|[g:1][CONSENSUS]addRawPrepare,height=5,reqIdx=2,hash=b7a2fa8b...
info|2019-10-25 16:59:20.969698|[g:1][CONSENSUS][PBFT]checkTimeout Succ,view=182,toView=183,nodeIdx=0,changeCycle=0,myNode=65ad8782...,timecost=0.282
info|2019-10-25 16:59:20.972888|[g:1][CONSENSUS][PBFT]checkAndChangeView: Reach consensus,org_view=182,org_changeCycle=0,cur_changeCycle=0,to_view=183
info|2019-10-25 16:59:21.976196|[g:1][CONSENSUS]addRawPrepare,height=5,reqIdx=3,hash=6b5f02be...
info|2019-10-25 16:59:21.976563|[g:1][CONSENSUS][PBFT]checkTimeout Succ,view=183,toView=184,nodeIdx=0,changeCycle=0,myNode=65ad8782...,timecost=0.28
info|2019-10-25 16:59:21.980388|[g:1][CONSENSUS][PBFT]checkAndChangeView: Reach consensus,org_view=183,org_changeCycle=0,cur_changeCycle=0,to_view=184
info|2019-10-25 16:59:22.981023|[g:1][CONSENSUS][SEALER]++++++++++++++++ Generating seal on,blkNum=5,tx=0,nodeIdx=0,hash=56c1c6fa...
info|2019-10-25 16:59:22.988716|[g:1][CONSENSUS][PBFT]checkTimeout Succ,view=184,toView=185,nodeIdx=0,changeCycle=0,myNode=65ad8782...,timecost=0.222
info|2019-10-25 16:59:22.989576|[g:1][CONSENSUS][PBFT]checkAndChangeView: Reach consensus,org_view=184,org_changeCycle=0,cur_changeCycle=0,to_view=185
info|2019-10-25 16:59:23.988783|[g:1][CONSENSUS]addRawPrepare,height=5,reqIdx=1,hash=3e79c082...
info|2019-10-25 16:59:23.989051|[g:1][CONSENSUS][PBFT]checkTimeout Succ,view=185,toView=186,nodeIdx=0,changeCycle=0,myNode=65ad8782...,timecost=0.2
info|2019-10-25 16:59:23.993135|[g:1][CONSENSUS][PBFT]checkAndChangeView: Reach consensus,org_view=185,org_changeCycle=0,cur_changeCycle=0,to_view=186
info|2019-10-25 16:59:24.995668|[g:1][CONSENSUS]addRawPrepare,height=5,reqIdx=2,hash=4344d1f7...
info|2019-10-25 16:59:24.996065|[g:1][CONSENSUS][PBFT]checkTimeout Succ,view=186,toView=187,nodeIdx=0,changeCycle=0,myNode=65ad8782...,timecost=0.3
info|2019-10-25 16:59:25.001559|[g:1][CONSENSUS][PBFT]checkAndChangeView: Reach consensus,org_view=186,org_changeCycle=0,cur_changeCycle=0,to_view=187
info|2019-10-25 16:59:26.004036|[g:1][CONSENSUS]addRawPrepare,height=5,reqIdx=3,hash=64313600...
info|2019-10-25 16:59:26.004400|[g:1][CONSENSUS][PBFT]checkTimeout Succ,view=187,toView=188,nodeIdx=0,changeCycle=0,myNode=65ad8782...,timecost=0.274
info|2019-10-25 16:59:26.009558|[g:1][CONSENSUS][PBFT]checkAndChangeView: Reach consensus,org_view=187,org_changeCycle=0,cur_changeCycle=0,to_view=188
info|2019-10-25 16:59:26.252205|[P2P][Service] heartBeat,connected count=3
info|2019-10-25 16:59:27.015020|[g:1][CONSENSUS][SEALER]++++++++++++++++ Generating seal on,blkNum=5,tx=0,nodeIdx=0,hash=c87574f4...
info|2019-10-25 16:59:27.026490|[g:1][CONSENSUS][PBFT]checkTimeout Succ,view=188,toView=189,nodeIdx=0,changeCycle=0,myNode=65ad8782...,timecost=0.19
info|2019-10-25 16:59:27.027497|[g:1][CONSENSUS][PBFT]checkAndChangeView: Reach consensus,org_view=188,org_changeCycle=0,cur_changeCycle=0,to_view=189
info|2019-10-25 16:59:28.026511|[g:1][CONSENSUS]addRawPrepare,height=5,reqIdx=1,hash=3ed83095...
info|2019-10-25 16:59:28.026931|[g:1][CONSENSUS][PBFT]checkTimeout Succ,view=189,toView=190,nodeIdx=0,changeCycle=0,myNode=65ad8782...,timecost=0.296
info|2019-10-25 16:59:28.032378|[g:1][CONSENSUS][PBFT]checkAndChangeView: Reach consensus,org_view=189,org_changeCycle=0,cur_changeCycle=0,to_view=190
info|2019-10-25 16:59:29.032209|[g:1][CONSENSUS]addRawPrepare,height=5,reqIdx=2,hash=9ec4dadd...
info|2019-10-25 16:59:29.032518|[g:1][CONSENSUS][PBFT]checkTimeout Succ,view=190,toView=191,nodeIdx=0,changeCycle=0,myNode=65ad8782...,timecost=0.239
info|2019-10-25 16:59:29.036713|[g:1][CONSENSUS][PBFT]checkAndChangeView: Reach consensus,org_view=190,org_changeCycle=0,cur_changeCycle=0,to_view=191
info|2019-10-25 16:59:30.038792|[g:1][CONSENSUS]addRawPrepare,height=5,reqIdx=3,hash=1bfaf9a0...
info|2019-10-25 16:59:30.039082|[g:1][CONSENSUS][PBFT]checkTimeout Succ,view=191,toView=192,nodeIdx=0,changeCycle=0,myNode=65ad8782...,timecost=0.229
info|2019-10-25 16:59:30.042750|[g:1][CONSENSUS][PBFT]checkAndChangeView: Reach consensus,org_view=191,org_changeCycle=0,cur_changeCycle=0,to_view=192
info|2019-10-25 16:59:31.043247|[g:1][CONSENSUS][SEALER]++++++++++++++++ Generating seal on,blkNum=5,tx=0,nodeIdx=0,hash=f913f431...
info|2019-10-25 16:59:31.051198|[g:1][CONSENSUS][PBFT]checkTimeout Succ,view=192,toView=193,nodeIdx=0,changeCycle=0,myNode=65ad8782...,timecost=0.191
info|2019-10-25 16:59:31.052041|[g:1][CONSENSUS][PBFT]checkAndChangeView: Reach consensus,org_view=192,org_changeCycle=0,cur_changeCycle=0,to_view=193
info|2019-10-25 16:59:32.051736|[g:1][CONSENSUS]addRawPrepare,height=5,reqIdx=1,hash=db1aa2fc...
info|2019-10-25 16:59:32.051978|[g:1][CONSENSUS][PBFT]checkTimeout Succ,view=193,toView=194,nodeIdx=0,changeCycle=0,myNode=65ad8782...,timecost=0.178
info|2019-10-25 16:59:32.055295|[g:1][CONSENSUS][PBFT]checkAndChangeView: Reach consensus,org_view=193,org_changeCycle=0,cur_changeCycle=0,to_view=194
info|2019-10-25 16:59:33.054963|[g:1][CONSENSUS]addRawPrepare,height=5,reqIdx=2,hash=a60caa0a...
info|2019-10-25 16:59:33.055270|[g:1][CONSENSUS][PBFT]checkTimeout Succ,view=194,toView=195,nodeIdx=0,changeCycle=0,myNode=65ad8782...,timecost=0.204
info|2019-10-25 16:59:33.059288|[g:1][CONSENSUS][PBFT]checkAndChangeView: Reach consensus,org_view=194,org_changeCycle=0,cur_changeCycle=0,to_view=195
info|2019-10-25 16:59:34.058923|[g:1][CONSENSUS]addRawPrepare,height=5,reqIdx=3,hash=6a559cba...
info|2019-10-25 16:59:34.059235|[g:1][CONSENSUS][PBFT]checkTimeout Succ,view=195,toView=196,nodeIdx=0,changeCycle=0,myNode=65ad8782...,timecost=0.24
info|2019-10-25 16:59:34.063825|[g:1][CONSENSUS][PBFT]checkAndChangeView: Reach consensus,org_view=195,org_changeCycle=0,cur_changeCycle=0,to_view=196
info|2019-10-25 16:59:35.064929|[g:1][CONSENSUS][SEALER]++++++++++++++++ Generating seal on,blkNum=5,tx=0,nodeIdx=0,hash=af0a157e...
info|2019-10-25 16:59:35.070846|[g:1][CONSENSUS][PBFT]checkTimeout Succ,view=196,toView=197,nodeIdx=0,changeCycle=0,myNode=65ad8782...,timecost=0.189
info|2019-10-25 16:59:35.071695|[g:1][CONSENSUS][PBFT]checkAndChangeView: Reach consensus,org_view=196,org_changeCycle=0,cur_changeCycle=0,to_view=197
info|2019-10-25 16:59:36.070760|[g:1][CONSENSUS]addRawPrepare,height=5,reqIdx=1,hash=d01521ff...
info|2019-10-25 16:59:36.071158|[g:1][CONSENSUS][PBFT]checkTimeout Succ,view=197,toView=198,nodeIdx=0,changeCycle=0,myNode=65ad8782...,timecost=0.311
info|2019-10-25 16:59:36.076212|[g:1][CONSENSUS][PBFT]checkAndChangeView: Reach consensus,org_view=197,org_changeCycle=0,cur_changeCycle=0,to_view=198
info|2019-10-25 16:59:36.252304|[P2P][Service] heartBeat,connected count=3
info|2019-10-25 16:59:37.077979|[g:1][CONSENSUS]addRawPrepare,height=5,reqIdx=2,hash=eb8703ea...
info|2019-10-25 16:59:37.078374|[g:1][CONSENSUS][PBFT]checkTimeout Succ,view=198,toView=199,nodeIdx=0,changeCycle=0,myNode=65ad8782...,timecost=0.281
info|2019-10-25 16:59:37.083367|[g:1][CONSENSUS][PBFT]checkAndChangeView: Reach consensus,org_view=198,org_changeCycle=0,cur_changeCycle=0,to_view=199
info|2019-10-25 16:59:38.085215|[g:1][CONSENSUS]addRawPrepare,height=5,reqIdx=3,hash=fdefb03b...
info|2019-10-25 16:59:38.085628|[g:1][CONSENSUS][PBFT]checkTimeout Succ,view=199,toView=200,nodeIdx=0,changeCycle=0,myNode=65ad8782...,timecost=0.314
info|2019-10-25 16:59:38.093833|[g:1][CONSENSUS][PBFT]checkAndChangeView: Reach consensus,org_view=199,org_changeCycle=0,cur_changeCycle=0,to_view=200
info|2019-10-25 16:59:39.093251|[g:1][CONSENSUS][SEALER]++++++++++++++++ Generating seal on,blkNum=5,tx=0,nodeIdx=0,hash=10e8b1f5...
info|2019-10-25 16:59:39.098977|[g:1][CONSENSUS][PBFT]checkTimeout Succ,view=200,toView=201,nodeIdx=0,changeCycle=0,myNode=65ad8782...,timecost=0.255
info|2019-10-25 16:59:39.099551|[g:1][CONSENSUS][PBFT]checkAndChangeView: Reach consensus,org_view=200,org_changeCycle=0,cur_changeCycle=0,to_view=201
info|2019-10-25 16:59:40.099001|[g:1][CONSENSUS]addRawPrepare,height=5,reqIdx=1,hash=a2fbbdf1...
info|2019-10-25 16:59:40.099419|[g:1][CONSENSUS][PBFT]checkTimeout Succ,view=201,toView=202,nodeIdx=0,changeCycle=0,myNode=65ad8782...,timecost=0.311
info|2019-10-25 16:59:40.109525|[g:1][CONSENSUS][PBFT]checkAndChangeView: Reach consensus,org_view=201,org_changeCycle=0,cur_changeCycle=0,to_view=202
info|2019-10-25 16:59:41.110960|[g:1][CONSENSUS]addRawPrepare,height=5,reqIdx=2,hash=1764e516...
info|2019-10-25 16:59:41.111453|[g:1][CONSENSUS][PBFT]checkTimeout Succ,view=202,toView=203,nodeIdx=0,changeCycle=0,myNode=65ad8782...,timecost=0.234
info|2019-10-25 16:59:41.115776|[g:1][CONSENSUS][PBFT]checkAndChangeView: Reach consensus,org_view=202,org_changeCycle=0,cur_changeCycle=0,to_view=203
info|2019-10-25 16:59:42.116763|[g:1][CONSENSUS]addRawPrepare,height=5,reqIdx=3,hash=33e149a1...
info|2019-10-25 16:59:42.117015|[g:1][CONSENSUS][PBFT]checkTimeout Succ,view=203,toView=204,nodeIdx=0,changeCycle=0,myNode=65ad8782...,timecost=0.189
info|2019-10-25 16:59:42.120689|[g:1][CONSENSUS][PBFT]checkAndChangeView: Reach consensus,org_view=203,org_changeCycle=0,cur_changeCycle=0,to_view=204
info|2019-10-25 16:59:43.121630|[g:1][CONSENSUS][SEALER]++++++++++++++++ Generating seal on,blkNum=5,tx=0,nodeIdx=0,hash=f139112c...
info|2019-10-25 16:59:43.130095|[g:1][CONSENSUS][PBFT]checkTimeout Succ,view=204,toView=205,nodeIdx=0,changeCycle=0,myNode=65ad8782...,timecost=0.319
info|2019-10-25 16:59:43.131917|[g:1][CONSENSUS][PBFT]checkAndChangeView: Reach consensus,org_view=204,org_changeCycle=0,cur_changeCycle=0,to_view=205
info|2019-10-25 16:59:44.129444|[g:1][CONSENSUS]addRawPrepare,height=5,reqIdx=1,hash=76f72acd...
info|2019-10-25 16:59:44.129794|[g:1][CONSENSUS][PBFT]checkTimeout Succ,view=205,toView=206,nodeIdx=0,changeCycle=0,myNode=65ad8782...,timecost=0.264
info|2019-10-25 16:59:44.135496|[g:1][CONSENSUS][PBFT]checkAndChangeView: Reach consensus,org_view=205,org_changeCycle=0,cur_changeCycle=0,to_view=206
info|2019-10-25 16:59:45.137028|[g:1][CONSENSUS]addRawPrepare,height=5,reqIdx=2,hash=3b714f1d...
info|2019-10-25 16:59:45.137296|[g:1][CONSENSUS][PBFT]checkTimeout Succ,view=206,toView=207,nodeIdx=0,changeCycle=0,myNode=65ad8782...,timecost=0.205
info|2019-10-25 16:59:45.146093|[g:1][CONSENSUS][PBFT]checkAndChangeView: Reach consensus,org_view=206,org_changeCycle=0,cur_changeCycle=0,to_view=207
info|2019-10-25 16:59:46.145491|[g:1][CONSENSUS]addRawPrepare,height=5,reqIdx=3,hash=b19adf31...
info|2019-10-25 16:59:46.145754|[g:1][CONSENSUS][PBFT]checkTimeout Succ,view=207,toView=208,nodeIdx=0,changeCycle=0,myNode=65ad8782...,timecost=0.181
info|2019-10-25 16:59:46.149136|[g:1][CONSENSUS][PBFT]checkAndChangeView: Reach consensus,org_view=207,org_changeCycle=0,cur_changeCycle=0,to_view=208
info|2019-10-25 16:59:46.252878|[P2P][Service] heartBeat,connected count=3
info|2019-10-25 16:59:47.149221|[g:1][CONSENSUS][SEALER]++++++++++++++++ Generating seal on,blkNum=5,tx=0,nodeIdx=0,hash=69b05a0d...
info|2019-10-25 16:59:47.158448|[g:1][CONSENSUS][PBFT]checkTimeout Succ,view=208,toView=209,nodeIdx=0,changeCycle=0,myNode=65ad8782...,timecost=0.22
info|2019-10-25 16:59:47.159487|[g:1][CONSENSUS][PBFT]checkAndChangeView: Reach consensus,org_view=208,org_changeCycle=0,cur_changeCycle=0,to_view=209
info|2019-10-25 16:59:48.157266|[g:1][CONSENSUS]addRawPrepare,height=5,reqIdx=1,hash=dff84aa4...
info|2019-10-25 16:59:48.157656|[g:1][CONSENSUS][PBFT]checkTimeout Succ,view=209,toView=210,nodeIdx=0,changeCycle=0,myNode=65ad8782...,timecost=0.309
info|2019-10-25 16:59:48.165908|[g:1][CONSENSUS][PBFT]checkAndChangeView: Reach consensus,org_view=209,org_changeCycle=0,cur_changeCycle=0,to_view=210
info|2019-10-25 16:59:49.168836|[g:1][CONSENSUS]addRawPrepare,height=5,reqIdx=2,hash=7c6d3575...
info|2019-10-25 16:59:49.169156|[g:1][CONSENSUS][PBFT]checkTimeout Succ,view=210,toView=211,nodeIdx=0,changeCycle=0,myNode=65ad8782...,timecost=0.246
info|2019-10-25 16:59:49.173520|[g:1][CONSENSUS][PBFT]checkAndChangeView: Reach consensus,org_view=210,org_changeCycle=0,cur_changeCycle=0,to_view=211
info|2019-10-25 16:59:50.173926|[g:1][CONSENSUS]addRawPrepare,height=5,reqIdx=3,hash=6328c900...
info|2019-10-25 16:59:50.174263|[g:1][CONSENSUS][PBFT]checkTimeout Succ,view=211,toView=212,nodeIdx=0,changeCycle=0,myNode=65ad8782...,timecost=0.279
info|2019-10-25 16:59:50.178270|[g:1][CONSENSUS][PBFT]checkAndChangeView: Reach consensus,org_view=211,org_changeCycle=0,cur_changeCycle=0,to_view=212
info|2019-10-25 16:59:51.179579|[g:1][CONSENSUS][SEALER]++++++++++++++++ Generating seal on,blkNum=5,tx=0,nodeIdx=0,hash=927afa5c...
info|2019-10-25 16:59:51.190930|[g:1][CONSENSUS][PBFT]checkTimeout Succ,view=212,toView=213,nodeIdx=0,changeCycle=0,myNode=65ad8782...,timecost=0.196
info|2019-10-25 16:59:51.193045|[g:1][CONSENSUS][PBFT]checkAndChangeView: Reach consensus,org_view=212,org_changeCycle=0,cur_changeCycle=0,to_view=213
info|2019-10-25 16:59:52.189998|[g:1][CONSENSUS]addRawPrepare,height=5,reqIdx=1,hash=2aa58eb3...
info|2019-10-25 16:59:52.190306|[g:1][CONSENSUS][PBFT]checkTimeout Succ,view=213,toView=214,nodeIdx=0,changeCycle=0,myNode=65ad8782...,timecost=0.182
info|2019-10-25 16:59:52.193357|[g:1][CONSENSUS][PBFT]checkAndChangeView: Reach consensus,org_view=213,org_changeCycle=0,cur_changeCycle=0,to_view=214
info|2019-10-25 16:59:53.194637|[g:1][CONSENSUS]addRawPrepare,height=5,reqIdx=2,hash=17a632d9...
info|2019-10-25 16:59:53.194907|[g:1][CONSENSUS][PBFT]checkTimeout Succ,view=214,toView=215,nodeIdx=0,changeCycle=0,myNode=65ad8782...,timecost=0.207
info|2019-10-25 16:59:53.198684|[g:1][CONSENSUS][PBFT]checkAndChangeView: Reach consensus,org_view=214,org_changeCycle=0,cur_changeCycle=0,to_view=215
info|2019-10-25 16:59:54.204011|[g:1][CONSENSUS]addRawPrepare,height=5,reqIdx=3,hash=77d308da...
info|2019-10-25 16:59:54.204360|[g:1][CONSENSUS][PBFT]checkTimeout Succ,view=215,toView=216,nodeIdx=0,changeCycle=0,myNode=65ad8782...,timecost=0.264
info|2019-10-25 16:59:54.209529|[g:1][CONSENSUS][PBFT]checkAndChangeView: Reach consensus,org_view=215,org_changeCycle=0,cur_changeCycle=0,to_view=216
info|2019-10-25 16:59:55.210227|[g:1][CONSENSUS][SEALER]++++++++++++++++ Generating seal on,blkNum=5,tx=0,nodeIdx=0,hash=536021ac...
info|2019-10-25 16:59:55.217353|[g:1][CONSENSUS][PBFT]checkTimeout Succ,view=216,toView=217,nodeIdx=0,changeCycle=0,myNode=65ad8782...,timecost=0.332
info|2019-10-25 16:59:55.218602|[g:1][CONSENSUS][PBFT]checkAndChangeView: Reach consensus,org_view=216,org_changeCycle=0,cur_changeCycle=0,to_view=217
info|2019-10-25 16:59:56.214445|[g:1][CONSENSUS]addRawPrepare,height=5,reqIdx=1,hash=87bbb6ef...
info|2019-10-25 16:59:56.214752|[g:1][CONSENSUS][PBFT]checkTimeout Succ,view=217,toView=218,nodeIdx=0,changeCycle=0,myNode=65ad8782...,timecost=0.222
info|2019-10-25 16:59:56.218905|[g:1][CONSENSUS][PBFT]checkAndChangeView: Reach consensus,org_view=217,org_changeCycle=0,cur_changeCycle=0,to_view=218
info|2019-10-25 16:59:56.252944|[P2P][Service] heartBeat,connected count=3
info|2019-10-25 16:59:57.219945|[g:1][CONSENSUS]addRawPrepare,height=5,reqIdx=2,hash=f728e30a...
info|2019-10-25 16:59:57.220323|[g:1][CONSENSUS][PBFT]checkTimeout Succ,view=218,toView=219,nodeIdx=0,changeCycle=0,myNode=65ad8782...,timecost=0.291
info|2019-10-25 16:59:57.223649|[g:1][CONSENSUS][PBFT]checkAndChangeView: Reach consensus,org_view=218,org_changeCycle=0,cur_changeCycle=0,to_view=219
info|2019-10-25 16:59:58.225507|[g:1][CONSENSUS]addRawPrepare,height=5,reqIdx=3,hash=c570c811...
info|2019-10-25 16:59:58.225802|[g:1][CONSENSUS][PBFT]checkTimeout Succ,view=219,toView=220,nodeIdx=0,changeCycle=0,myNode=65ad8782...,timecost=0.181
info|2019-10-25 16:59:58.229719|[g:1][CONSENSUS][PBFT]checkAndChangeView: Reach consensus,org_view=219,org_changeCycle=0,cur_changeCycle=0,to_view=220
info|2019-10-25 16:59:59.229134|[g:1][CONSENSUS][SEALER]++++++++++++++++ Generating seal on,blkNum=5,tx=0,nodeIdx=0,hash=cdcafc60...
info|2019-10-25 16:59:59.236539|[g:1][CONSENSUS][PBFT]checkTimeout Succ,view=220,toView=221,nodeIdx=0,changeCycle=0,myNode=65ad8782...,timecost=0.358
info|2019-10-25 16:59:59.238168|[g:1][CONSENSUS][PBFT]checkAndChangeView: Reach consensus,org_view=220,org_changeCycle=0,cur_changeCycle=0,to_view=221
